#
# There is insufficient memory for the Java Runtime Environment to continue.
# Native memory allocation (malloc) failed to allocate 32744 bytes for Chunk::new
# Possible reasons:
#   The system is out of physical RAM or swap space
#   The process is running with CompressedOops enabled, and the Java Heap may be blocking the growth of the native heap
# Possible solutions:
#   Reduce memory load on the system
#   Increase physical memory or swap space
#   Check if swap backing store is full
#   Decrease Java heap size (-Xmx/-Xms)
#   Decrease number of Java threads
#   Decrease Java thread stack sizes (-Xss)
#   Set larger code cache with -XX:ReservedCodeCacheSize=
#   JVM is running with Unscaled Compressed Oops mode in which the Java heap is
#     placed in the first 4GB address space. The Java Heap base address is the
#     maximum limit for the native heap growth. Please use -XX:HeapBaseMinAddress
#     to set the Java Heap base and to place the Java Heap above 4GB virtual address.
# This output file may be truncated or incomplete.
#
#  Out of Memory Error (arena.cpp:184), pid=22468, tid=21424
#
# JRE version: OpenJDK Runtime Environment (20.0.2+9) (build 20.0.2+9-78)
# Java VM: OpenJDK 64-Bit Server VM (20.0.2+9-78, mixed mode, sharing, tiered, compressed oops, compressed class ptrs, g1 gc, windows-amd64)
# No core dump will be written. Minidumps are not enabled by default on client versions of Windows
#

---------------  S U M M A R Y ------------

Command Line: -javaagent:C:\Users\Aarya\AppData\Local\JetBrains\IntelliJ IDEA 2023.2.4\lib\idea_rt.jar=61408:C:\Users\Aarya\AppData\Local\JetBrains\IntelliJ IDEA 2023.2.4\bin -Dfile.encoding=UTF-8 -Dsun.stdout.encoding=UTF-8 -Dsun.stderr.encoding=UTF-8 --module-path=C:\Users\Aarya\.m2\repository\org\json\json\20210307\json-20210307.jar;C:\Users\Aarya\.m2\repository\ch\qos\logback\logback-core\1.2.6\logback-core-1.2.6.jar;C:\Users\Aarya\.m2\repository\ch\qos\logback\logback-classic\1.2.6\logback-classic-1.2.6.jar;C:\Users\Aarya\.m2\repository\org\openjfx\javafx-controls\20.0.1\javafx-controls-20.0.1-win.jar;C:\Users\Aarya\Documents\CODING_FX\FinanceFlowApp\target\classes;C:\Users\Aarya\.m2\repository\com\fasterxml\jackson\core\jackson-databind\2.9.9.3\jackson-databind-2.9.9.3.jar;C:\Users\Aarya\.m2\repository\org\openjfx\javafx-graphics\20.0.1\javafx-graphics-20.0.1-win.jar;C:\Users\Aarya\.m2\repository\io\fair-acc\chartfx\11.3.0\chartfx-11.3.0.jar;C:\Users\Aarya\.m2\repository\org\jetbrains\annotations\24.0.1\annotations-24.0.1.jar;C:\Users\Aarya\.m2\repository\com\fasterxml\jackson\core\jackson-core\2.9.9\jackson-core-2.9.9.jar;C:\Users\Aarya\.m2\repository\org\openjfx\javafx-fxml\20.0.1\javafx-fxml-20.0.1-win.jar;C:\Users\Aarya\.m2\repository\com\mysql\mysql-connector-j\8.0.33\mysql-connector-j-8.0.33.jar;C:\Users\Aarya\.m2\repository\org\slf4j\slf4j-api\1.7.32\slf4j-api-1.7.32.jar;C:\Users\Aarya\.m2\repository\io\fair-acc\dataset\11.3.0\dataset-11.3.0.jar;C:\Users\Aarya\.m2\repository\org\openjfx\javafx-base\16\javafx-base-16-win.jar -Djdk.module.main=com.company.financeflowapp com.company.financeflowapp/com.company.financeflowapp.main.Main

Host: Intel(R) Core(TM) i3-10110U CPU @ 2.10GHz, 4 cores, 7G,  Windows 11 , 64 bit Build 22000 (10.0.22000.2538)
Time: Wed Mar 27 16:40:02 2024 GMT Standard Time elapsed time: 5.732786 seconds (0d 0h 0m 5s)

---------------  T H R E A D  ---------------

Current thread (0x000001c946f736c0):  JavaThread "C2 CompilerThread0" daemon [_thread_in_native, id=21424, stack(0x000000a546e00000,0x000000a546f00000)]


Current CompileTask:
C2:   5732 2753       4       java.lang.invoke.MethodType::methodType (69 bytes)

Stack: [0x000000a546e00000,0x000000a546f00000]
Native frames: (J=compiled Java code, j=interpreted, Vv=VM code, C=native code)
V  [jvm.dll+0x6bc25a]
V  [jvm.dll+0x84971a]
V  [jvm.dll+0x84b315]
V  [jvm.dll+0x84ba13]
V  [jvm.dll+0x280e4f]
V  [jvm.dll+0xc2ab1]
V  [jvm.dll+0xc2dd5]
V  [jvm.dll+0x64c6f4]
V  [jvm.dll+0x64d78c]
V  [jvm.dll+0x64bb40]
V  [jvm.dll+0x24b3ae]
V  [jvm.dll+0x24a921]
V  [jvm.dll+0x1ce761]
V  [jvm.dll+0x25a0eb]
V  [jvm.dll+0x2587c0]
V  [jvm.dll+0x3f2dd5]
V  [jvm.dll+0x7f5c76]
V  [jvm.dll+0x6baecb]
C  [ucrtbase.dll+0x26c0c]
C  [KERNEL32.DLL+0x153e0]
C  [ntdll.dll+0x485b]


---------------  P R O C E S S  ---------------

Threads class SMR info:
_java_thread_list=0x000001c991ede890, length=20, elements={
0x000001c928f69210, 0x000001c946f66570, 0x000001c946f69280, 0x000001c946f6a9b0,
0x000001c946f6caa0, 0x000001c946f6e3f0, 0x000001c946f6f290, 0x000001c946f736c0,
0x000001c946f77ce0, 0x000001c98c172ca0, 0x000001c98c678ed0, 0x000001c98c725520,
0x000001c98caa61d0, 0x000001c98cb0ee30, 0x000001c98cbc30f0, 0x000001c98ccee130,
0x000001c99189db50, 0x000001c991924080, 0x000001c991927050, 0x000001c98c29bcc0
}

Java Threads: ( => current thread )
  0x000001c928f69210 JavaThread "main" [_thread_blocked, id=26860, stack(0x000000a546100000,0x000000a546200000)]
  0x000001c946f66570 JavaThread "Reference Handler" daemon [_thread_blocked, id=6516, stack(0x000000a546800000,0x000000a546900000)]
  0x000001c946f69280 JavaThread "Finalizer" daemon [_thread_blocked, id=3928, stack(0x000000a546900000,0x000000a546a00000)]
  0x000001c946f6a9b0 JavaThread "Signal Dispatcher" daemon [_thread_blocked, id=22576, stack(0x000000a546a00000,0x000000a546b00000)]
  0x000001c946f6caa0 JavaThread "Attach Listener" daemon [_thread_blocked, id=2524, stack(0x000000a546b00000,0x000000a546c00000)]
  0x000001c946f6e3f0 JavaThread "Service Thread" daemon [_thread_blocked, id=25008, stack(0x000000a546c00000,0x000000a546d00000)]
  0x000001c946f6f290 JavaThread "Monitor Deflation Thread" daemon [_thread_blocked, id=16840, stack(0x000000a546d00000,0x000000a546e00000)]
=>0x000001c946f736c0 JavaThread "C2 CompilerThread0" daemon [_thread_in_native, id=21424, stack(0x000000a546e00000,0x000000a546f00000)]
  0x000001c946f77ce0 JavaThread "C1 CompilerThread0" daemon [_thread_in_native, id=28680, stack(0x000000a546f00000,0x000000a547000000)]
  0x000001c98c172ca0 JavaThread "Common-Cleaner" daemon [_thread_blocked, id=17168, stack(0x000000a547000000,0x000000a547100000)]
  0x000001c98c678ed0 JavaThread "Monitor Ctrl-Break" daemon [_thread_in_native, id=11924, stack(0x000000a547200000,0x000000a547300000)]
  0x000001c98c725520 JavaThread "Notification Thread" daemon [_thread_blocked, id=21304, stack(0x000000a547300000,0x000000a547400000)]
  0x000001c98caa61d0 JavaThread "QuantumRenderer-0" daemon [_thread_blocked, id=28772, stack(0x000000a547100000,0x000000a547200000)]
  0x000001c98cb0ee30 JavaThread "InvokeLaterDispatcher" daemon [_thread_blocked, id=26980, stack(0x000000a547800000,0x000000a547900000)]
  0x000001c98cbc30f0 JavaThread "JavaFX Application Thread" [_thread_in_vm, id=17824, stack(0x000000a547900000,0x000000a547a00000)]
  0x000001c98ccee130 JavaThread "Thread-1" daemon [_thread_in_native, id=15604, stack(0x000000a547e00000,0x000000a547f00000)]
  0x000001c99189db50 JavaThread "JavaFX-Launcher" [_thread_blocked, id=26628, stack(0x000000a547f00000,0x000000a548000000)]
  0x000001c991924080 JavaThread "Prism Font Disposer" daemon [_thread_blocked, id=26484, stack(0x000000a548000000,0x000000a548100000)]
  0x000001c991927050 JavaThread "Cleaner-0" daemon [_thread_blocked, id=22684, stack(0x000000a548600000,0x000000a548700000)]
  0x000001c98c29bcc0 JavaThread "C2 CompilerThread1" daemon [_thread_in_native, id=2672, stack(0x000000a548700000,0x000000a548800000)]

Other Threads:
  0x000001c946f45c70 VMThread "VM Thread" [stack: 0x000000a546700000,0x000000a546800000] [id=29156]
  0x000001c98c7d2320 WatcherThread "VM Periodic Task Thread" [stack: 0x000000a547400000,0x000000a547500000] [id=19832]
  0x000001c928fc5f40 WorkerThread "GC Thread#0" [stack: 0x000000a546200000,0x000000a546300000] [id=22152]
  0x000001c98c711b20 WorkerThread "GC Thread#1" [stack: 0x000000a547500000,0x000000a547600000] [id=2496]
  0x000001c98c63f180 WorkerThread "GC Thread#2" [stack: 0x000000a547600000,0x000000a547700000] [id=23528]
  0x000001c98c711340 WorkerThread "GC Thread#3" [stack: 0x000000a547700000,0x000000a547800000] [id=4396]
  0x000001c928fd68d0 ConcurrentGCThread "G1 Main Marker" [stack: 0x000000a546300000,0x000000a546400000] [id=19552]
  0x000001c928dcc240 WorkerThread "G1 Conc#0" [stack: 0x000000a546400000,0x000000a546500000] [id=9152]
  0x000001c92902ebf0 ConcurrentGCThread "G1 Refine#0" [stack: 0x000000a546500000,0x000000a546600000] [id=13140]
  0x000001c946e07fc0 ConcurrentGCThread "G1 Service" [stack: 0x000000a546600000,0x000000a546700000] [id=15888]

Threads with active compile tasks:
C2 CompilerThread0     5763 2753       4       java.lang.invoke.MethodType::methodType (69 bytes)
C1 CompilerThread0     5763 2842       3       java.util.stream.ReferencePipeline$StatelessOp::<init> (29 bytes)
C2 CompilerThread1     5763 2829       4       java.lang.invoke.MethodType::makeImpl (109 bytes)

VM state: not at safepoint (normal execution)

VM Mutex/Monitor currently owned by a thread: None

Heap address: 0x0000000082c00000, size: 2004 MB, Compressed Oops mode: 32-bit

CDS archive(s) mapped at: [0x000001c947000000-0x000001c947c60000-0x000001c947c60000), size 12976128, SharedBaseAddress: 0x000001c947000000, ArchiveRelocationMode: 1.
Compressed class space mapped at: 0x000001c948000000-0x000001c988000000, reserved size: 1073741824
Narrow klass base: 0x000001c947000000, Narrow klass shift: 0, Narrow klass range: 0x100000000

GC Precious Log:
 CardTable entry size: 512
 Card Set container configuration: InlinePtr #cards 5 size 8 Array Of Cards #cards 12 size 40 Howl #buckets 4 coarsen threshold 1843 Howl Bitmap #cards 512 size 80 coarsen threshold 460 Card regions per heap region 1 cards per card region 2048
 CPUs: 4 total, 4 available
 Memory: 8015M
 Large Page Support: Disabled
 NUMA Support: Disabled
 Compressed Oops: Enabled (32-bit)
 Heap Region Size: 1M
 Heap Min Capacity: 8M
 Heap Initial Capacity: 126M
 Heap Max Capacity: 2004M
 Pre-touch: Disabled
 Parallel Workers: 4
 Concurrent Workers: 1
 Concurrent Refinement Workers: 4
 Periodic GC: Disabled

Heap:
 garbage-first heap   total 129024K, used 60585K [0x0000000082c00000, 0x0000000100000000)
  region size 1024K, 49 young (50176K), 3 survivors (3072K)
 Metaspace       used 18319K, committed 18624K, reserved 1114112K
  class space    used 2772K, committed 2944K, reserved 1048576K

Heap Regions: E=young(eden), S=young(survivor), O=old, HS=humongous(starts), HC=humongous(continues), CS=collection set, F=free, OA=open archive, CA=closed archive, TAMS=top-at-mark-start, PB=parsable bottom
|   0|0x0000000082c00000, 0x0000000082d00000, 0x0000000082d00000|100%| O|  |TAMS 0x0000000082c00000| PB 0x0000000082c00000| Untracked 
|   1|0x0000000082d00000, 0x0000000082e00000, 0x0000000082e00000|100%| O|  |TAMS 0x0000000082d00000| PB 0x0000000082d00000| Untracked 
|   2|0x0000000082e00000, 0x0000000082e56400, 0x0000000082f00000| 33%| O|  |TAMS 0x0000000082e00000| PB 0x0000000082e00000| Untracked 
|   3|0x0000000082f00000, 0x0000000083000000, 0x0000000083000000|100%|HS|  |TAMS 0x0000000082f00000| PB 0x0000000082f00000| Complete 
|   4|0x0000000083000000, 0x0000000083100000, 0x0000000083100000|100%|HS|  |TAMS 0x0000000083000000| PB 0x0000000083000000| Complete 
|   5|0x0000000083100000, 0x0000000083200000, 0x0000000083200000|100%|HC|  |TAMS 0x0000000083100000| PB 0x0000000083100000| Complete 
|   6|0x0000000083200000, 0x0000000083300000, 0x0000000083300000|100%|HC|  |TAMS 0x0000000083200000| PB 0x0000000083200000| Complete 
|   7|0x0000000083300000, 0x0000000083400000, 0x0000000083400000|100%|HC|  |TAMS 0x0000000083300000| PB 0x0000000083300000| Complete 
|   8|0x0000000083400000, 0x0000000083500000, 0x0000000083500000|100%|HC|  |TAMS 0x0000000083400000| PB 0x0000000083400000| Complete 
|   9|0x0000000083500000, 0x0000000083600000, 0x0000000083600000|100%|HC|  |TAMS 0x0000000083500000| PB 0x0000000083500000| Complete 
|  10|0x0000000083600000, 0x0000000083700000, 0x0000000083700000|100%|HS|  |TAMS 0x0000000083600000| PB 0x0000000083600000| Complete 
|  11|0x0000000083700000, 0x0000000083800000, 0x0000000083800000|100%|HS|  |TAMS 0x0000000083700000| PB 0x0000000083700000| Complete 
|  12|0x0000000083800000, 0x0000000083900000, 0x0000000083900000|100%|HC|  |TAMS 0x0000000083800000| PB 0x0000000083800000| Complete 
|  13|0x0000000083900000, 0x0000000083900000, 0x0000000083a00000|  0%| F|  |TAMS 0x0000000083900000| PB 0x0000000083900000| Untracked 
|  14|0x0000000083a00000, 0x0000000083a00000, 0x0000000083b00000|  0%| F|  |TAMS 0x0000000083a00000| PB 0x0000000083a00000| Untracked 
|  15|0x0000000083b00000, 0x0000000083b00000, 0x0000000083c00000|  0%| F|  |TAMS 0x0000000083b00000| PB 0x0000000083b00000| Untracked 
|  16|0x0000000083c00000, 0x0000000083c00000, 0x0000000083d00000|  0%| F|  |TAMS 0x0000000083c00000| PB 0x0000000083c00000| Untracked 
|  17|0x0000000083d00000, 0x0000000083d00000, 0x0000000083e00000|  0%| F|  |TAMS 0x0000000083d00000| PB 0x0000000083d00000| Untracked 
|  18|0x0000000083e00000, 0x0000000083e00000, 0x0000000083f00000|  0%| F|  |TAMS 0x0000000083e00000| PB 0x0000000083e00000| Untracked 
|  19|0x0000000083f00000, 0x0000000083f00000, 0x0000000084000000|  0%| F|  |TAMS 0x0000000083f00000| PB 0x0000000083f00000| Untracked 
|  20|0x0000000084000000, 0x0000000084000000, 0x0000000084100000|  0%| F|  |TAMS 0x0000000084000000| PB 0x0000000084000000| Untracked 
|  21|0x0000000084100000, 0x0000000084100000, 0x0000000084200000|  0%| F|  |TAMS 0x0000000084100000| PB 0x0000000084100000| Untracked 
|  22|0x0000000084200000, 0x0000000084200000, 0x0000000084300000|  0%| F|  |TAMS 0x0000000084200000| PB 0x0000000084200000| Untracked 
|  23|0x0000000084300000, 0x0000000084300000, 0x0000000084400000|  0%| F|  |TAMS 0x0000000084300000| PB 0x0000000084300000| Untracked 
|  24|0x0000000084400000, 0x0000000084400000, 0x0000000084500000|  0%| F|  |TAMS 0x0000000084400000| PB 0x0000000084400000| Untracked 
|  25|0x0000000084500000, 0x0000000084500000, 0x0000000084600000|  0%| F|  |TAMS 0x0000000084500000| PB 0x0000000084500000| Untracked 
|  26|0x0000000084600000, 0x0000000084600000, 0x0000000084700000|  0%| F|  |TAMS 0x0000000084600000| PB 0x0000000084600000| Untracked 
|  27|0x0000000084700000, 0x0000000084700000, 0x0000000084800000|  0%| F|  |TAMS 0x0000000084700000| PB 0x0000000084700000| Untracked 
|  28|0x0000000084800000, 0x0000000084800000, 0x0000000084900000|  0%| F|  |TAMS 0x0000000084800000| PB 0x0000000084800000| Untracked 
|  29|0x0000000084900000, 0x0000000084900000, 0x0000000084a00000|  0%| F|  |TAMS 0x0000000084900000| PB 0x0000000084900000| Untracked 
|  30|0x0000000084a00000, 0x0000000084a00000, 0x0000000084b00000|  0%| F|  |TAMS 0x0000000084a00000| PB 0x0000000084a00000| Untracked 
|  31|0x0000000084b00000, 0x0000000084b00000, 0x0000000084c00000|  0%| F|  |TAMS 0x0000000084b00000| PB 0x0000000084b00000| Untracked 
|  32|0x0000000084c00000, 0x0000000084c00000, 0x0000000084d00000|  0%| F|  |TAMS 0x0000000084c00000| PB 0x0000000084c00000| Untracked 
|  33|0x0000000084d00000, 0x0000000084d00000, 0x0000000084e00000|  0%| F|  |TAMS 0x0000000084d00000| PB 0x0000000084d00000| Untracked 
|  34|0x0000000084e00000, 0x0000000084e00000, 0x0000000084f00000|  0%| F|  |TAMS 0x0000000084e00000| PB 0x0000000084e00000| Untracked 
|  35|0x0000000084f00000, 0x0000000084f00000, 0x0000000085000000|  0%| F|  |TAMS 0x0000000084f00000| PB 0x0000000084f00000| Untracked 
|  36|0x0000000085000000, 0x0000000085000000, 0x0000000085100000|  0%| F|  |TAMS 0x0000000085000000| PB 0x0000000085000000| Untracked 
|  37|0x0000000085100000, 0x0000000085100000, 0x0000000085200000|  0%| F|  |TAMS 0x0000000085100000| PB 0x0000000085100000| Untracked 
|  38|0x0000000085200000, 0x0000000085200000, 0x0000000085300000|  0%| F|  |TAMS 0x0000000085200000| PB 0x0000000085200000| Untracked 
|  39|0x0000000085300000, 0x0000000085300000, 0x0000000085400000|  0%| F|  |TAMS 0x0000000085300000| PB 0x0000000085300000| Untracked 
|  40|0x0000000085400000, 0x0000000085400000, 0x0000000085500000|  0%| F|  |TAMS 0x0000000085400000| PB 0x0000000085400000| Untracked 
|  41|0x0000000085500000, 0x0000000085500000, 0x0000000085600000|  0%| F|  |TAMS 0x0000000085500000| PB 0x0000000085500000| Untracked 
|  42|0x0000000085600000, 0x0000000085600000, 0x0000000085700000|  0%| F|  |TAMS 0x0000000085600000| PB 0x0000000085600000| Untracked 
|  43|0x0000000085700000, 0x0000000085700000, 0x0000000085800000|  0%| F|  |TAMS 0x0000000085700000| PB 0x0000000085700000| Untracked 
|  44|0x0000000085800000, 0x0000000085800000, 0x0000000085900000|  0%| F|  |TAMS 0x0000000085800000| PB 0x0000000085800000| Untracked 
|  45|0x0000000085900000, 0x0000000085900000, 0x0000000085a00000|  0%| F|  |TAMS 0x0000000085900000| PB 0x0000000085900000| Untracked 
|  46|0x0000000085a00000, 0x0000000085a00000, 0x0000000085b00000|  0%| F|  |TAMS 0x0000000085a00000| PB 0x0000000085a00000| Untracked 
|  47|0x0000000085b00000, 0x0000000085b00000, 0x0000000085c00000|  0%| F|  |TAMS 0x0000000085b00000| PB 0x0000000085b00000| Untracked 
|  48|0x0000000085c00000, 0x0000000085c00000, 0x0000000085d00000|  0%| F|  |TAMS 0x0000000085c00000| PB 0x0000000085c00000| Untracked 
|  49|0x0000000085d00000, 0x0000000085d00000, 0x0000000085e00000|  0%| F|  |TAMS 0x0000000085d00000| PB 0x0000000085d00000| Untracked 
|  50|0x0000000085e00000, 0x0000000085e00000, 0x0000000085f00000|  0%| F|  |TAMS 0x0000000085e00000| PB 0x0000000085e00000| Untracked 
|  51|0x0000000085f00000, 0x0000000085f00000, 0x0000000086000000|  0%| F|  |TAMS 0x0000000085f00000| PB 0x0000000085f00000| Untracked 
|  52|0x0000000086000000, 0x0000000086000000, 0x0000000086100000|  0%| F|  |TAMS 0x0000000086000000| PB 0x0000000086000000| Untracked 
|  53|0x0000000086100000, 0x0000000086100000, 0x0000000086200000|  0%| F|  |TAMS 0x0000000086100000| PB 0x0000000086100000| Untracked 
|  54|0x0000000086200000, 0x0000000086200000, 0x0000000086300000|  0%| F|  |TAMS 0x0000000086200000| PB 0x0000000086200000| Untracked 
|  55|0x0000000086300000, 0x0000000086300000, 0x0000000086400000|  0%| F|  |TAMS 0x0000000086300000| PB 0x0000000086300000| Untracked 
|  56|0x0000000086400000, 0x0000000086400000, 0x0000000086500000|  0%| F|  |TAMS 0x0000000086400000| PB 0x0000000086400000| Untracked 
|  57|0x0000000086500000, 0x0000000086500000, 0x0000000086600000|  0%| F|  |TAMS 0x0000000086500000| PB 0x0000000086500000| Untracked 
|  58|0x0000000086600000, 0x0000000086600000, 0x0000000086700000|  0%| F|  |TAMS 0x0000000086600000| PB 0x0000000086600000| Untracked 
|  59|0x0000000086700000, 0x0000000086700000, 0x0000000086800000|  0%| F|  |TAMS 0x0000000086700000| PB 0x0000000086700000| Untracked 
|  60|0x0000000086800000, 0x0000000086800000, 0x0000000086900000|  0%| F|  |TAMS 0x0000000086800000| PB 0x0000000086800000| Untracked 
|  61|0x0000000086900000, 0x0000000086900000, 0x0000000086a00000|  0%| F|  |TAMS 0x0000000086900000| PB 0x0000000086900000| Untracked 
|  62|0x0000000086a00000, 0x0000000086a00000, 0x0000000086b00000|  0%| F|  |TAMS 0x0000000086a00000| PB 0x0000000086a00000| Untracked 
|  63|0x0000000086b00000, 0x0000000086b00000, 0x0000000086c00000|  0%| F|  |TAMS 0x0000000086b00000| PB 0x0000000086b00000| Untracked 
|  64|0x0000000086c00000, 0x0000000086c00000, 0x0000000086d00000|  0%| F|  |TAMS 0x0000000086c00000| PB 0x0000000086c00000| Untracked 
|  65|0x0000000086d00000, 0x0000000086d00000, 0x0000000086e00000|  0%| F|  |TAMS 0x0000000086d00000| PB 0x0000000086d00000| Untracked 
|  66|0x0000000086e00000, 0x0000000086e00000, 0x0000000086f00000|  0%| F|  |TAMS 0x0000000086e00000| PB 0x0000000086e00000| Untracked 
|  67|0x0000000086f00000, 0x0000000086f00000, 0x0000000087000000|  0%| F|  |TAMS 0x0000000086f00000| PB 0x0000000086f00000| Untracked 
|  68|0x0000000087000000, 0x0000000087000000, 0x0000000087100000|  0%| F|  |TAMS 0x0000000087000000| PB 0x0000000087000000| Untracked 
|  69|0x0000000087100000, 0x0000000087100000, 0x0000000087200000|  0%| F|  |TAMS 0x0000000087100000| PB 0x0000000087100000| Untracked 
|  70|0x0000000087200000, 0x0000000087200000, 0x0000000087300000|  0%| F|  |TAMS 0x0000000087200000| PB 0x0000000087200000| Untracked 
|  71|0x0000000087300000, 0x0000000087300000, 0x0000000087400000|  0%| F|  |TAMS 0x0000000087300000| PB 0x0000000087300000| Untracked 
|  72|0x0000000087400000, 0x0000000087400000, 0x0000000087500000|  0%| F|  |TAMS 0x0000000087400000| PB 0x0000000087400000| Untracked 
|  73|0x0000000087500000, 0x0000000087500000, 0x0000000087600000|  0%| F|  |TAMS 0x0000000087500000| PB 0x0000000087500000| Untracked 
|  74|0x0000000087600000, 0x0000000087600000, 0x0000000087700000|  0%| F|  |TAMS 0x0000000087600000| PB 0x0000000087600000| Untracked 
|  75|0x0000000087700000, 0x0000000087700000, 0x0000000087800000|  0%| F|  |TAMS 0x0000000087700000| PB 0x0000000087700000| Untracked 
|  76|0x0000000087800000, 0x0000000087800000, 0x0000000087900000|  0%| F|  |TAMS 0x0000000087800000| PB 0x0000000087800000| Untracked 
|  77|0x0000000087900000, 0x00000000879339e0, 0x0000000087a00000| 20%| E|  |TAMS 0x0000000087900000| PB 0x0000000087900000| Complete 
|  78|0x0000000087a00000, 0x0000000087b00000, 0x0000000087b00000|100%| E|CS|TAMS 0x0000000087a00000| PB 0x0000000087a00000| Complete 
|  79|0x0000000087b00000, 0x0000000087c00000, 0x0000000087c00000|100%| E|CS|TAMS 0x0000000087b00000| PB 0x0000000087b00000| Complete 
|  80|0x0000000087c00000, 0x0000000087d00000, 0x0000000087d00000|100%| E|  |TAMS 0x0000000087c00000| PB 0x0000000087c00000| Complete 
|  81|0x0000000087d00000, 0x0000000087e00000, 0x0000000087e00000|100%| E|CS|TAMS 0x0000000087d00000| PB 0x0000000087d00000| Complete 
|  82|0x0000000087e00000, 0x0000000087f00000, 0x0000000087f00000|100%| E|CS|TAMS 0x0000000087e00000| PB 0x0000000087e00000| Complete 
|  83|0x0000000087f00000, 0x0000000088000000, 0x0000000088000000|100%| E|CS|TAMS 0x0000000087f00000| PB 0x0000000087f00000| Complete 
|  84|0x0000000088000000, 0x0000000088100000, 0x0000000088100000|100%| E|CS|TAMS 0x0000000088000000| PB 0x0000000088000000| Complete 
|  85|0x0000000088100000, 0x0000000088200000, 0x0000000088200000|100%| E|CS|TAMS 0x0000000088100000| PB 0x0000000088100000| Complete 
|  86|0x0000000088200000, 0x0000000088300000, 0x0000000088300000|100%| E|CS|TAMS 0x0000000088200000| PB 0x0000000088200000| Complete 
|  87|0x0000000088300000, 0x0000000088400000, 0x0000000088400000|100%| E|CS|TAMS 0x0000000088300000| PB 0x0000000088300000| Complete 
|  88|0x0000000088400000, 0x0000000088500000, 0x0000000088500000|100%| E|CS|TAMS 0x0000000088400000| PB 0x0000000088400000| Complete 
|  89|0x0000000088500000, 0x0000000088600000, 0x0000000088600000|100%| E|CS|TAMS 0x0000000088500000| PB 0x0000000088500000| Complete 
|  90|0x0000000088600000, 0x0000000088700000, 0x0000000088700000|100%| E|CS|TAMS 0x0000000088600000| PB 0x0000000088600000| Complete 
|  91|0x0000000088700000, 0x0000000088800000, 0x0000000088800000|100%| E|CS|TAMS 0x0000000088700000| PB 0x0000000088700000| Complete 
|  92|0x0000000088800000, 0x0000000088900000, 0x0000000088900000|100%| E|CS|TAMS 0x0000000088800000| PB 0x0000000088800000| Complete 
|  93|0x0000000088900000, 0x0000000088a00000, 0x0000000088a00000|100%| E|CS|TAMS 0x0000000088900000| PB 0x0000000088900000| Complete 
|  94|0x0000000088a00000, 0x0000000088b00000, 0x0000000088b00000|100%| E|CS|TAMS 0x0000000088a00000| PB 0x0000000088a00000| Complete 
|  95|0x0000000088b00000, 0x0000000088c00000, 0x0000000088c00000|100%| E|CS|TAMS 0x0000000088b00000| PB 0x0000000088b00000| Complete 
|  96|0x0000000088c00000, 0x0000000088d00000, 0x0000000088d00000|100%| E|CS|TAMS 0x0000000088c00000| PB 0x0000000088c00000| Complete 
|  97|0x0000000088d00000, 0x0000000088e00000, 0x0000000088e00000|100%| E|CS|TAMS 0x0000000088d00000| PB 0x0000000088d00000| Complete 
|  98|0x0000000088e00000, 0x0000000088f00000, 0x0000000088f00000|100%| E|CS|TAMS 0x0000000088e00000| PB 0x0000000088e00000| Complete 
|  99|0x0000000088f00000, 0x0000000089000000, 0x0000000089000000|100%| E|CS|TAMS 0x0000000088f00000| PB 0x0000000088f00000| Complete 
| 100|0x0000000089000000, 0x0000000089100000, 0x0000000089100000|100%| E|CS|TAMS 0x0000000089000000| PB 0x0000000089000000| Complete 
| 101|0x0000000089100000, 0x0000000089200000, 0x0000000089200000|100%| E|CS|TAMS 0x0000000089100000| PB 0x0000000089100000| Complete 
| 102|0x0000000089200000, 0x0000000089300000, 0x0000000089300000|100%| E|CS|TAMS 0x0000000089200000| PB 0x0000000089200000| Complete 
| 103|0x0000000089300000, 0x00000000893d4300, 0x0000000089400000| 82%| S|CS|TAMS 0x0000000089300000| PB 0x0000000089300000| Complete 
| 104|0x0000000089400000, 0x0000000089500000, 0x0000000089500000|100%| S|CS|TAMS 0x0000000089400000| PB 0x0000000089400000| Complete 
| 105|0x0000000089500000, 0x0000000089600000, 0x0000000089600000|100%| S|CS|TAMS 0x0000000089500000| PB 0x0000000089500000| Complete 
| 106|0x0000000089600000, 0x0000000089700000, 0x0000000089700000|100%| E|CS|TAMS 0x0000000089600000| PB 0x0000000089600000| Complete 
| 107|0x0000000089700000, 0x0000000089800000, 0x0000000089800000|100%| E|CS|TAMS 0x0000000089700000| PB 0x0000000089700000| Complete 
| 108|0x0000000089800000, 0x0000000089900000, 0x0000000089900000|100%| E|CS|TAMS 0x0000000089800000| PB 0x0000000089800000| Complete 
| 109|0x0000000089900000, 0x0000000089a00000, 0x0000000089a00000|100%| E|CS|TAMS 0x0000000089900000| PB 0x0000000089900000| Complete 
| 110|0x0000000089a00000, 0x0000000089b00000, 0x0000000089b00000|100%| E|CS|TAMS 0x0000000089a00000| PB 0x0000000089a00000| Complete 
| 111|0x0000000089b00000, 0x0000000089c00000, 0x0000000089c00000|100%| E|CS|TAMS 0x0000000089b00000| PB 0x0000000089b00000| Complete 
| 112|0x0000000089c00000, 0x0000000089d00000, 0x0000000089d00000|100%| E|CS|TAMS 0x0000000089c00000| PB 0x0000000089c00000| Complete 
| 113|0x0000000089d00000, 0x0000000089e00000, 0x0000000089e00000|100%| E|CS|TAMS 0x0000000089d00000| PB 0x0000000089d00000| Complete 
| 114|0x0000000089e00000, 0x0000000089f00000, 0x0000000089f00000|100%| E|CS|TAMS 0x0000000089e00000| PB 0x0000000089e00000| Complete 
| 115|0x0000000089f00000, 0x000000008a000000, 0x000000008a000000|100%| E|CS|TAMS 0x0000000089f00000| PB 0x0000000089f00000| Complete 
| 116|0x000000008a000000, 0x000000008a100000, 0x000000008a100000|100%| E|CS|TAMS 0x000000008a000000| PB 0x000000008a000000| Complete 
| 117|0x000000008a100000, 0x000000008a200000, 0x000000008a200000|100%| E|CS|TAMS 0x000000008a100000| PB 0x000000008a100000| Complete 
| 118|0x000000008a200000, 0x000000008a300000, 0x000000008a300000|100%| E|CS|TAMS 0x000000008a200000| PB 0x000000008a200000| Complete 
| 119|0x000000008a300000, 0x000000008a400000, 0x000000008a400000|100%| E|CS|TAMS 0x000000008a300000| PB 0x000000008a300000| Complete 
| 120|0x000000008a400000, 0x000000008a500000, 0x000000008a500000|100%| E|CS|TAMS 0x000000008a400000| PB 0x000000008a400000| Complete 
| 121|0x000000008a500000, 0x000000008a600000, 0x000000008a600000|100%| E|CS|TAMS 0x000000008a500000| PB 0x000000008a500000| Complete 
| 122|0x000000008a600000, 0x000000008a700000, 0x000000008a700000|100%| E|CS|TAMS 0x000000008a600000| PB 0x000000008a600000| Complete 
| 123|0x000000008a700000, 0x000000008a800000, 0x000000008a800000|100%| E|CS|TAMS 0x000000008a700000| PB 0x000000008a700000| Complete 
| 124|0x000000008a800000, 0x000000008a900000, 0x000000008a900000|100%| E|CS|TAMS 0x000000008a800000| PB 0x000000008a800000| Complete 
| 125|0x000000008a900000, 0x000000008aa00000, 0x000000008aa00000|100%| E|CS|TAMS 0x000000008a900000| PB 0x000000008a900000| Complete 

Card table byte_map: [0x000001c942220000,0x000001c942610000] _byte_map_base: 0x000001c941e0a000

Marking Bits: (CMBitMap*) 0x000001c928fc6570
 Bits: [0x000001c942a00000, 0x000001c944950000)

Polling page: 0x000001c929030000

Metaspace:

Usage:
  Non-class:     15.18 MB used.
      Class:      2.71 MB used.
       Both:     17.89 MB used.

Virtual space:
  Non-class space:       64.00 MB reserved,      15.31 MB ( 24%) committed,  1 nodes.
      Class space:        1.00 GB reserved,       2.88 MB ( <1%) committed,  1 nodes.
             Both:        1.06 GB reserved,      18.19 MB (  2%) committed. 

Chunk freelists:
   Non-Class:  3.89 MB
       Class:  1.11 MB
        Both:  5.00 MB

MaxMetaspaceSize: unlimited
CompressedClassSpaceSize: 1.00 GB
Initial GC threshold: 21.00 MB
Current GC threshold: 21.00 MB
CDS: on
MetaspaceReclaimPolicy: balanced
 - commit_granule_bytes: 65536.
 - commit_granule_words: 8192.
 - virtual_space_node_default_size: 8388608.
 - enlarge_chunks_in_place: 1.
 - new_chunks_are_fully_committed: 0.
 - uncommit_free_chunks: 1.
 - use_allocation_guard: 0.


Internal statistics:

num_allocs_failed_limit: 0.
num_arena_births: 298.
num_arena_deaths: 0.
num_vsnodes_births: 2.
num_vsnodes_deaths: 0.
num_space_committed: 291.
num_space_uncommitted: 0.
num_chunks_returned_to_freelist: 0.
num_chunks_taken_from_freelist: 894.
num_chunk_merges: 0.
num_chunk_splits: 635.
num_chunks_enlarged: 492.
num_inconsistent_stats: 0.

CodeHeap 'non-profiled nmethods': size=120000Kb used=1014Kb max_used=1014Kb free=118985Kb
 bounds [0x000001c93a2d0000, 0x000001c93a540000, 0x000001c941800000]
CodeHeap 'profiled nmethods': size=120000Kb used=5118Kb max_used=5118Kb free=114881Kb
 bounds [0x000001c932800000, 0x000001c932d00000, 0x000001c939d30000]
CodeHeap 'non-nmethods': size=5760Kb used=1908Kb max_used=1919Kb free=3851Kb
 bounds [0x000001c939d30000, 0x000001c939fa0000, 0x000001c93a2d0000]
 total_blobs=3695 nmethods=2837 adapters=768
 compilation: enabled
              stopped_count=0, restarted_count=0
 full_count=0

Compilation events (20 events):
Event: 5.708 Thread 0x000001c946f77ce0 nmethod 2832 0x000001c932cfa590 code [0x000001c932cfa740, 0x000001c932cfab20]
Event: 5.709 Thread 0x000001c946f77ce0 2833       3       javafx.beans.property.SimpleBooleanProperty::<init> (24 bytes)
Event: 5.710 Thread 0x000001c946f77ce0 nmethod 2833 0x000001c932cfac10 code [0x000001c932cfadc0, 0x000001c932cfb248]
Event: 5.710 Thread 0x000001c946f77ce0 2834       3       javafx.scene.Node::getNodeOrientation (24 bytes)
Event: 5.710 Thread 0x000001c946f77ce0 nmethod 2834 0x000001c932cfb390 code [0x000001c932cfb540, 0x000001c932cfb868]
Event: 5.710 Thread 0x000001c946f77ce0 2836       3       javafx.scene.Node::getAutomaticOrientation (5 bytes)
Event: 5.710 Thread 0x000001c946f77ce0 nmethod 2836 0x000001c932cfb990 code [0x000001c932cfbb20, 0x000001c932cfbc18]
Event: 5.710 Thread 0x000001c946f77ce0 2835       3       javafx.scene.Node::setScenes (75 bytes)
Event: 5.711 Thread 0x000001c946f77ce0 nmethod 2835 0x000001c932cfbc90 code [0x000001c932cfbee0, 0x000001c932cfcd30]
Event: 5.711 Thread 0x000001c946f77ce0 2837       3       javafx.scene.Node::getOrientationParent (24 bytes)
Event: 5.711 Thread 0x000001c946f77ce0 nmethod 2837 0x000001c932cfd190 code [0x000001c932cfd360, 0x000001c932cfd920]
Event: 5.711 Thread 0x000001c946f77ce0 2838       3       com.sun.javafx.scene.NodeHelper::notifyLayoutBoundsChangedImpl (10 bytes)
Event: 5.711 Thread 0x000001c946f77ce0 nmethod 2838 0x000001c932cfda90 code [0x000001c932cfdc40, 0x000001c932cfde38]
Event: 5.711 Thread 0x000001c946f77ce0 2839       3       javafx.scene.Node$1::doNotifyLayoutBoundsChanged (5 bytes)
Event: 5.711 Thread 0x000001c946f77ce0 nmethod 2839 0x000001c932cfdf90 code [0x000001c932cfe120, 0x000001c932cfe258]
Event: 5.711 Thread 0x000001c946f77ce0 2840       3       javafx.scene.Node::doNotifyLayoutBoundsChanged (47 bytes)
Event: 5.712 Thread 0x000001c946f77ce0 nmethod 2840 0x000001c932cfe310 code [0x000001c932cfe540, 0x000001c932cff290]
Event: 5.729 Thread 0x000001c946f77ce0 2841       3       java.util.stream.ReferencePipeline::<init> (7 bytes)
Event: 5.729 Thread 0x000001c946f77ce0 nmethod 2841 0x000001c932cff590 code [0x000001c932cff720, 0x000001c932cff858]
Event: 5.729 Thread 0x000001c946f77ce0 2842       3       java.util.stream.ReferencePipeline$StatelessOp::<init> (29 bytes)

GC Heap History (4 events):
Event: 0.502 GC heap before
{Heap before GC invocations=0 (full 0):
 garbage-first heap   total 129024K, used 12288K [0x0000000082c00000, 0x0000000100000000)
  region size 1024K, 13 young (13312K), 0 survivors (0K)
 Metaspace       used 1640K, committed 1728K, reserved 1114112K
  class space    used 164K, committed 192K, reserved 1048576K
}
Event: 0.505 GC heap after
{Heap after GC invocations=1 (full 0):
 garbage-first heap   total 129024K, used 2197K [0x0000000082c00000, 0x0000000100000000)
  region size 1024K, 2 young (2048K), 2 survivors (2048K)
 Metaspace       used 1640K, committed 1728K, reserved 1114112K
  class space    used 164K, committed 192K, reserved 1048576K
}
Event: 1.404 GC heap before
{Heap before GC invocations=1 (full 0):
 garbage-first heap   total 129024K, used 20629K [0x0000000082c00000, 0x0000000100000000)
  region size 1024K, 20 young (20480K), 2 survivors (2048K)
 Metaspace       used 7065K, committed 7296K, reserved 1114112K
  class space    used 862K, committed 960K, reserved 1048576K
}
Event: 1.408 GC heap after
{Heap after GC invocations=2 (full 0):
 garbage-first heap   total 129024K, used 5289K [0x0000000082c00000, 0x0000000100000000)
  region size 1024K, 3 young (3072K), 3 survivors (3072K)
 Metaspace       used 7065K, committed 7296K, reserved 1114112K
  class space    used 862K, committed 960K, reserved 1048576K
}

Dll operation events (20 events):
Event: 0.788 Loaded shared library C:\Users\Aarya\.openjfx\cache\16+8\amd64\api-ms-win-crt-multibyte-l1-1-0.dll
Event: 0.795 Loaded shared library C:\Users\Aarya\.openjfx\cache\16+8\amd64\api-ms-win-crt-private-l1-1-0.dll
Event: 0.800 Loaded shared library C:\Users\Aarya\.openjfx\cache\16+8\amd64\api-ms-win-crt-process-l1-1-0.dll
Event: 0.805 Loaded shared library C:\Users\Aarya\.openjfx\cache\16+8\amd64\api-ms-win-crt-runtime-l1-1-0.dll
Event: 0.811 Loaded shared library C:\Users\Aarya\.openjfx\cache\16+8\amd64\api-ms-win-crt-stdio-l1-1-0.dll
Event: 0.816 Loaded shared library C:\Users\Aarya\.openjfx\cache\16+8\amd64\api-ms-win-crt-string-l1-1-0.dll
Event: 0.822 Loaded shared library C:\Users\Aarya\.openjfx\cache\16+8\amd64\api-ms-win-crt-time-l1-1-0.dll
Event: 0.827 Loaded shared library C:\Users\Aarya\.openjfx\cache\16+8\amd64\api-ms-win-crt-utility-l1-1-0.dll
Event: 0.851 Loaded shared library C:\Users\Aarya\.openjfx\cache\16+8\amd64\ucrtbase.dll
Event: 0.857 Loaded shared library C:\Users\Aarya\.openjfx\cache\16+8\amd64\vcruntime140.dll
Event: 0.863 Loaded shared library C:\Users\Aarya\.openjfx\cache\16+8\amd64\vcruntime140_1.dll
Event: 0.877 Loaded shared library C:\Users\Aarya\.openjfx\cache\16+8\amd64\msvcp140.dll
Event: 0.883 Loaded shared library C:\Users\Aarya\.openjfx\cache\16+8\amd64\msvcp140_1.dll
Event: 0.890 Loaded shared library C:\Users\Aarya\.openjfx\cache\16+8\amd64\msvcp140_2.dll
Event: 0.967 Loaded shared library C:\Users\Aarya\.openjfx\cache\16+8\amd64\prism_d3d.dll
Event: 1.024 Loaded shared library C:\Users\Aarya\.openjfx\cache\16+8\amd64\glass.dll
Event: 1.163 Loaded shared library C:\Users\Aarya\.jdks\openjdk-20.0.2\bin\jimage.dll
Event: 1.359 Loaded shared library C:\Users\Aarya\.openjfx\cache\16+8\amd64\javafx_font.dll
Event: 1.727 Loaded shared library C:\Users\Aarya\.openjfx\cache\16+8\amd64\javafx_iio.dll
Event: 5.489 Loaded shared library C:\Users\Aarya\.jdks\openjdk-20.0.2\bin\verify.dll

Deoptimization events (20 events):
Event: 2.148 Thread 0x000001c98cbc30f0 Uncommon trap: trap_request=0xffffff45 fr.pc=0x000001c93a34ca60 relative=0x00000000000001e0
Event: 2.148 Thread 0x000001c98cbc30f0 Uncommon trap: reason=unstable_if action=reinterpret pc=0x000001c93a34ca60 method=java.io.ByteArrayInputStream.read()I @ 8 c2
Event: 2.148 Thread 0x000001c98cbc30f0 DEOPT PACKING pc=0x000001c93a34ca60 sp=0x000000a5479fc4d0
Event: 2.148 Thread 0x000001c98cbc30f0 DEOPT UNPACKING pc=0x000001c939d99d22 sp=0x000000a5479fc478 mode 2
Event: 2.166 Thread 0x000001c98cbc30f0 Uncommon trap: trap_request=0xffffff45 fr.pc=0x000001c93a3651f0 relative=0x0000000000000070
Event: 2.166 Thread 0x000001c98cbc30f0 Uncommon trap: reason=unstable_if action=reinterpret pc=0x000001c93a3651f0 method=java.util.Objects.equals(Ljava/lang/Object;Ljava/lang/Object;)Z @ 6 c2
Event: 2.166 Thread 0x000001c98cbc30f0 DEOPT PACKING pc=0x000001c93a3651f0 sp=0x000000a5479fd3a0
Event: 2.166 Thread 0x000001c98cbc30f0 DEOPT UNPACKING pc=0x000001c939d99d22 sp=0x000000a5479fd340 mode 2
Event: 5.572 Thread 0x000001c98cbc30f0 Uncommon trap: trap_request=0xffffff45 fr.pc=0x000001c93a30e090 relative=0x00000000000003f0
Event: 5.573 Thread 0x000001c98cbc30f0 Uncommon trap: reason=unstable_if action=reinterpret pc=0x000001c93a30e090 method=java.lang.StringLatin1.canEncode(I)Z @ 4 c2
Event: 5.573 Thread 0x000001c98cbc30f0 DEOPT PACKING pc=0x000001c93a30e090 sp=0x000000a5479fc1e0
Event: 5.573 Thread 0x000001c98cbc30f0 DEOPT UNPACKING pc=0x000001c939d99d22 sp=0x000000a5479fc108 mode 2
Event: 5.573 Thread 0x000001c98cbc30f0 Uncommon trap: trap_request=0xffffff45 fr.pc=0x000001c93a30e9fc relative=0x00000000000003dc
Event: 5.573 Thread 0x000001c98cbc30f0 Uncommon trap: reason=unstable_if action=reinterpret pc=0x000001c93a30e9fc method=java.lang.AbstractStringBuilder.isLatin1()Z @ 10 c2
Event: 5.573 Thread 0x000001c98cbc30f0 DEOPT PACKING pc=0x000001c93a30e9fc sp=0x000000a5479fc200
Event: 5.573 Thread 0x000001c98cbc30f0 DEOPT UNPACKING pc=0x000001c939d99d22 sp=0x000000a5479fc180 mode 2
Event: 5.574 Thread 0x000001c98cbc30f0 Uncommon trap: trap_request=0xffffff45 fr.pc=0x000001c93a2dcfd4 relative=0x0000000000000054
Event: 5.574 Thread 0x000001c98cbc30f0 Uncommon trap: reason=unstable_if action=reinterpret pc=0x000001c93a2dcfd4 method=java.lang.CharacterData.of(I)Ljava/lang/CharacterData; @ 4 c2
Event: 5.574 Thread 0x000001c98cbc30f0 DEOPT PACKING pc=0x000001c93a2dcfd4 sp=0x000000a5479fb990
Event: 5.575 Thread 0x000001c98cbc30f0 DEOPT UNPACKING pc=0x000001c939d99d22 sp=0x000000a5479fb930 mode 2

Classes loaded (20 events):
Event: 5.641 Loading class java/util/stream/DoublePipeline
Event: 5.641 Loading class java/util/stream/DoubleStream
Event: 5.642 Loading class java/util/stream/DoubleStream done
Event: 5.642 Loading class java/util/stream/DoublePipeline done
Event: 5.642 Loading class java/util/stream/DoublePipeline$StatelessOp done
Event: 5.642 Loading class java/util/stream/ReferencePipeline$6 done
Event: 5.643 Loading class java/util/stream/Nodes$DoubleFixedNodeBuilder
Event: 5.643 Loading class java/util/stream/Node$Builder$OfDouble
Event: 5.643 Loading class java/util/stream/Sink$OfDouble
Event: 5.643 Loading class java/util/stream/Sink$OfDouble done
Event: 5.643 Loading class java/util/stream/Node$Builder$OfDouble done
Event: 5.643 Loading class java/util/stream/Nodes$DoubleArrayNode
Event: 5.644 Loading class java/util/stream/Nodes$DoubleArrayNode done
Event: 5.644 Loading class java/util/stream/Nodes$DoubleFixedNodeBuilder done
Event: 5.644 Loading class java/util/stream/ReferencePipeline$6$1
Event: 5.644 Loading class java/util/stream/ReferencePipeline$6$1 done
Event: 5.686 Loading class java/util/function/DoubleUnaryOperator
Event: 5.686 Loading class java/util/function/DoubleUnaryOperator done
Event: 5.712 Loading class java/util/LinkedList$ListItr
Event: 5.712 Loading class java/util/LinkedList$ListItr done

Classes unloaded (0 events):
No events

Classes redefined (0 events):
No events

Internal exceptions (20 events):
Event: 2.159 Thread 0x000001c98cbc30f0 Exception <a 'java/lang/NoSuchMethodError'{0x00000000891068f0}: 'int java.lang.invoke.DirectMethodHandle$Holder.invokeSpecial(java.lang.Object, java.lang.Object, java.lang.Object)'> (0x00000000891068f0) 
thrown [s\open\src\hotspot\share\interpreter\linkResolver.cpp, line 773]
Event: 2.179 Thread 0x000001c98cbc30f0 Exception <a 'java/lang/NoSuchMethodError'{0x00000000891550a0}: 'java.lang.Object java.lang.invoke.DirectMethodHandle$Holder.newInvokeSpecial(java.lang.Object, java.lang.Object, int)'> (0x00000000891550a0) 
thrown [s\open\src\hotspot\share\interpreter\linkResolver.cpp, line 773]
Event: 2.294 Thread 0x000001c98caa61d0 Exception <a 'java/lang/NoSuchMethodError'{0x0000000089033cd0}: 'int java.lang.invoke.DirectMethodHandle$Holder.invokeStaticInit(java.lang.Object, java.lang.Object)'> (0x0000000089033cd0) 
thrown [s\open\src\hotspot\share\interpreter\linkResolver.cpp, line 773]
Event: 2.294 Thread 0x000001c98cbc30f0 Exception <a 'java/lang/NoSuchMethodError'{0x0000000089019170}: 'long java.lang.invoke.DirectMethodHandle$Holder.invokeStatic(java.lang.Object, java.lang.Object, java.lang.Object)'> (0x0000000089019170) 
thrown [s\open\src\hotspot\share\interpreter\linkResolver.cpp, line 773]
Event: 2.295 Thread 0x000001c98cbc30f0 Exception <a 'java/lang/NoSuchMethodError'{0x00000000890406d8}: 'long java.lang.invoke.DirectMethodHandle$Holder.invokeStaticInit(java.lang.Object, java.lang.Object, java.lang.Object)'> (0x00000000890406d8) 
thrown [s\open\src\hotspot\share\interpreter\linkResolver.cpp, line 773]
Event: 2.299 Thread 0x000001c98cbc30f0 Exception <a 'java/lang/NoSuchMethodError'{0x0000000089068120}: 'java.lang.Object java.lang.invoke.DirectMethodHandle$Holder.newInvokeSpecial(java.lang.Object, java.lang.Object, long)'> (0x0000000089068120) 
thrown [s\open\src\hotspot\share\interpreter\linkResolver.cpp, line 773]
Event: 2.304 Thread 0x000001c98cbc30f0 Exception <a 'java/lang/NoSuchMethodError'{0x000000008906ba18}: 'java.lang.Object java.lang.invoke.Invokers$Holder.linkToTargetMethod(java.lang.Object, long, java.lang.Object)'> (0x000000008906ba18) 
thrown [s\open\src\hotspot\share\interpreter\linkResolver.cpp, line 773]
Event: 3.934 Thread 0x000001c98cbc30f0 Exception <a 'java/io/IOException'{0x0000000088ca69a8}: Insufficient memory (case 4)> (0x0000000088ca69a8) 
thrown [s\open\src\hotspot\share\prims\jni.cpp, line 538]
Event: 5.519 Thread 0x000001c98cbc30f0 Exception <a 'java/lang/ClassNotFoundException'{0x00000000882f1860}: javax/smartcardio/CardPermission> (0x00000000882f1860) 
thrown [s\open\src\hotspot\share\classfile\systemDictionary.cpp, line 305]
Event: 5.523 Thread 0x000001c98cbc30f0 Exception <a 'java/io/FileNotFoundException'{0x0000000088100940}> (0x0000000088100940) 
thrown [s\open\src\hotspot\share\prims\jni.cpp, line 519]
Event: 5.528 Thread 0x000001c98cbc30f0 Exception <a 'sun/nio/fs/WindowsException'{0x0000000088105818}> (0x0000000088105818) 
thrown [s\open\src\hotspot\share\prims\jni.cpp, line 519]
Event: 5.530 Thread 0x000001c98cbc30f0 Exception <a 'sun/nio/fs/WindowsException'{0x000000008810dd70}> (0x000000008810dd70) 
thrown [s\open\src\hotspot\share\prims\jni.cpp, line 519]
Event: 5.530 Thread 0x000001c98cbc30f0 Exception <a 'sun/nio/fs/WindowsException'{0x000000008810eaa8}> (0x000000008810eaa8) 
thrown [s\open\src\hotspot\share\prims\jni.cpp, line 519]
Event: 5.531 Thread 0x000001c98cbc30f0 Exception <a 'sun/nio/fs/WindowsException'{0x0000000088118b80}> (0x0000000088118b80) 
thrown [s\open\src\hotspot\share\prims\jni.cpp, line 519]
Event: 5.616 Thread 0x000001c98cbc30f0 Exception <a 'java/lang/NoSuchMethodError'{0x0000000087e37840}: 'java.lang.Object java.lang.invoke.DirectMethodHandle$Holder.invokeStatic(java.lang.Object, java.lang.Object, java.lang.Object, java.lang.Object, int, java.lang.Object, java.lang.Object)'> (0x0000000087e37840) 
thrown [s\open\src\hotspot\share\interpreter\linkResolver.cpp, line 773]
Event: 5.617 Thread 0x000001c98cbc30f0 Exception <a 'java/lang/NoSuchMethodError'{0x0000000087e3ffe0}: 'java.lang.Object java.lang.invoke.DirectMethodHandle$Holder.newInvokeSpecial(java.lang.Object, java.lang.Object, java.lang.Object, java.lang.Object, int, java.lang.Object)'> (0x0000000087e3ffe0) 
thrown [s\open\src\hotspot\share\interpreter\linkResolver.cpp, line 773]
Event: 5.617 Thread 0x000001c98cbc30f0 Exception <a 'java/lang/NoSuchMethodError'{0x0000000087e44028}: 'java.lang.Object java.lang.invoke.DirectMethodHandle$Holder.invokeSpecial(java.lang.Object, java.lang.Object, java.lang.Object, java.lang.Object, java.lang.Object, int, java.lang.Object)'> (0x0000000087e44028) 
thrown [s\open\src\hotspot\share\interpreter\linkResolver.cpp, line 773]
Event: 5.628 Thread 0x000001c98cbc30f0 Exception <a 'java/lang/NoSuchMethodError'{0x0000000087d5cd00}: 'void java.lang.invoke.DirectMethodHandle$Holder.invokeSpecial(java.lang.Object, java.lang.Object, int)'> (0x0000000087d5cd00) 
thrown [s\open\src\hotspot\share\interpreter\linkResolver.cpp, line 773]
Event: 5.640 Thread 0x000001c98cbc30f0 Exception <a 'java/lang/NoSuchMethodError'{0x0000000087dcb078}: 'double java.lang.invoke.DirectMethodHandle$Holder.invokeVirtual(java.lang.Object, java.lang.Object)'> (0x0000000087dcb078) 
thrown [s\open\src\hotspot\share\interpreter\linkResolver.cpp, line 773]
Event: 5.669 Thread 0x000001c98cbc30f0 Exception <a 'java/lang/NoSuchMethodError'{0x0000000087ce7f18}: 'void java.lang.invoke.DirectMethodHandle$Holder.invokeStatic(java.lang.Object, java.lang.Object, java.lang.Object, int)'> (0x0000000087ce7f18) 
thrown [s\open\src\hotspot\share\interpreter\linkResolver.cpp, line 773]

VM Operations (20 events):
Event: 4.265 Executing VM operation: Cleanup
Event: 4.265 Executing VM operation: Cleanup done
Event: 5.266 Executing VM operation: Cleanup
Event: 5.266 Executing VM operation: Cleanup done
Event: 5.479 Executing VM operation: HandshakeAllThreads
Event: 5.479 Executing VM operation: HandshakeAllThreads done
Event: 5.575 Executing VM operation: HandshakeAllThreads
Event: 5.575 Executing VM operation: HandshakeAllThreads done
Event: 5.636 Executing VM operation: HandshakeAllThreads
Event: 5.636 Executing VM operation: HandshakeAllThreads done
Event: 5.645 Executing VM operation: HandshakeAllThreads
Event: 5.645 Executing VM operation: HandshakeAllThreads done
Event: 5.673 Executing VM operation: HandshakeAllThreads
Event: 5.673 Executing VM operation: HandshakeAllThreads done
Event: 5.674 Executing VM operation: HandshakeAllThreads
Event: 5.674 Executing VM operation: HandshakeAllThreads done
Event: 5.675 Executing VM operation: HandshakeAllThreads
Event: 5.675 Executing VM operation: HandshakeAllThreads done
Event: 5.689 Executing VM operation: ICBufferFull
Event: 5.690 Executing VM operation: ICBufferFull done

Events (20 events):
Event: 0.071 Thread 0x000001c946f6caa0 Thread added: 0x000001c946f6caa0
Event: 0.071 Thread 0x000001c946f6e3f0 Thread added: 0x000001c946f6e3f0
Event: 0.071 Thread 0x000001c946f6f290 Thread added: 0x000001c946f6f290
Event: 0.071 Thread 0x000001c946f736c0 Thread added: 0x000001c946f736c0
Event: 0.071 Thread 0x000001c946f77ce0 Thread added: 0x000001c946f77ce0
Event: 0.140 Thread 0x000001c98c172ca0 Thread added: 0x000001c98c172ca0
Event: 0.228 Thread 0x000001c98c29c250 Thread added: 0x000001c98c29c250
Event: 0.449 Thread 0x000001c98c678ed0 Thread added: 0x000001c98c678ed0
Event: 0.449 Thread 0x000001c98c725520 Thread added: 0x000001c98c725520
Event: 0.792 Thread 0x000001c98c29c250 Thread exited: 0x000001c98c29c250
Event: 0.951 Thread 0x000001c98caa61d0 Thread added: 0x000001c98caa61d0
Event: 1.028 Thread 0x000001c98cb0ee30 Thread added: 0x000001c98cb0ee30
Event: 1.033 Thread 0x000001c98cbc30f0 Thread added: 0x000001c98cbc30f0
Event: 1.161 Thread 0x000001c98ccee130 Thread added: 0x000001c98ccee130
Event: 1.178 Thread 0x000001c98c29de20 Thread added: 0x000001c98c29de20
Event: 1.224 Thread 0x000001c99189db50 Thread added: 0x000001c99189db50
Event: 1.402 Thread 0x000001c991924080 Thread added: 0x000001c991924080
Event: 1.789 Thread 0x000001c98c29de20 Thread exited: 0x000001c98c29de20
Event: 2.459 Thread 0x000001c991927050 Thread added: 0x000001c991927050
Event: 5.357 Thread 0x000001c98c29bcc0 Thread added: 0x000001c98c29bcc0


Dynamic libraries:
0x00007ff6854a0000 - 0x00007ff6854ae000 	C:\Users\Aarya\.jdks\openjdk-20.0.2\bin\java.exe
0x00007ff91f560000 - 0x00007ff91f769000 	C:\WINDOWS\SYSTEM32\ntdll.dll
0x00007ff91d5e0000 - 0x00007ff91d69d000 	C:\WINDOWS\System32\KERNEL32.DLL
0x00007ff91cab0000 - 0x00007ff91ce34000 	C:\WINDOWS\System32\KERNELBASE.dll
0x00007ff91d290000 - 0x00007ff91d3a1000 	C:\WINDOWS\System32\ucrtbase.dll
0x00007ff90e430000 - 0x00007ff90e447000 	C:\Users\Aarya\.jdks\openjdk-20.0.2\bin\jli.dll
0x00007ff91e9f0000 - 0x00007ff91eb9d000 	C:\WINDOWS\System32\USER32.dll
0x00007ff91cec0000 - 0x00007ff91cee6000 	C:\WINDOWS\System32\win32u.dll
0x00007ff91eee0000 - 0x00007ff91ef0a000 	C:\WINDOWS\System32\GDI32.dll
0x00007ff91cf90000 - 0x00007ff91d0ae000 	C:\WINDOWS\System32\gdi32full.dll
0x00007ff91cef0000 - 0x00007ff91cf8d000 	C:\WINDOWS\System32\msvcp_win.dll
0x00007ff9037f0000 - 0x00007ff903a95000 	C:\WINDOWS\WinSxS\amd64_microsoft.windows.common-controls_6595b64144ccf1df_6.0.22000.120_none_9d947278b86cc467\COMCTL32.dll
0x00007ff91f470000 - 0x00007ff91f513000 	C:\WINDOWS\System32\msvcrt.dll
0x00007ff90e670000 - 0x00007ff90e68b000 	C:\Users\Aarya\.jdks\openjdk-20.0.2\bin\VCRUNTIME140.dll
0x00007ff91ec60000 - 0x00007ff91ec91000 	C:\WINDOWS\System32\IMM32.DLL
0x00007ff913d60000 - 0x00007ff913d6c000 	C:\Users\Aarya\.jdks\openjdk-20.0.2\bin\vcruntime140_1.dll
0x00007ff8e25e0000 - 0x00007ff8e266e000 	C:\Users\Aarya\.jdks\openjdk-20.0.2\bin\msvcp140.dll
0x00007ff8c1ab0000 - 0x00007ff8c2748000 	C:\Users\Aarya\.jdks\openjdk-20.0.2\bin\server\jvm.dll
0x00007ff91ef10000 - 0x00007ff91efbe000 	C:\WINDOWS\System32\ADVAPI32.dll
0x00007ff91ebc0000 - 0x00007ff91ec5e000 	C:\WINDOWS\System32\sechost.dll
0x00007ff91f340000 - 0x00007ff91f461000 	C:\WINDOWS\System32\RPCRT4.dll
0x00007ff8eba40000 - 0x00007ff8eba49000 	C:\WINDOWS\SYSTEM32\WSOCK32.dll
0x00007ff91dc00000 - 0x00007ff91dc6f000 	C:\WINDOWS\System32\WS2_32.dll
0x00007ff9158b0000 - 0x00007ff9158e3000 	C:\WINDOWS\SYSTEM32\WINMM.dll
0x00007ff915d20000 - 0x00007ff915d2a000 	C:\WINDOWS\SYSTEM32\VERSION.dll
0x00007ff91ba20000 - 0x00007ff91ba38000 	C:\WINDOWS\SYSTEM32\kernel.appcore.dll
0x00007ff90e7e0000 - 0x00007ff90e7ea000 	C:\Users\Aarya\.jdks\openjdk-20.0.2\bin\jimage.dll
0x00007ff91a3a0000 - 0x00007ff91a5c1000 	C:\WINDOWS\SYSTEM32\DBGHELP.DLL
0x00007ff8ff040000 - 0x00007ff8ff071000 	C:\WINDOWS\SYSTEM32\dbgcore.DLL
0x00007ff91ce40000 - 0x00007ff91cebf000 	C:\WINDOWS\System32\bcryptPrimitives.dll
0x00007ff918e90000 - 0x00007ff918e9e000 	C:\Users\Aarya\.jdks\openjdk-20.0.2\bin\instrument.dll
0x00007ff9087e0000 - 0x00007ff908806000 	C:\Users\Aarya\.jdks\openjdk-20.0.2\bin\java.dll
0x00007ff8e2390000 - 0x00007ff8e2467000 	C:\Users\Aarya\.jdks\openjdk-20.0.2\bin\jsvml.dll
0x00007ff91e220000 - 0x00007ff91e9e5000 	C:\WINDOWS\System32\SHELL32.dll
0x00007ff91aa80000 - 0x00007ff91b2e2000 	C:\WINDOWS\SYSTEM32\windows.storage.dll
0x00007ff91efc0000 - 0x00007ff91f336000 	C:\WINDOWS\System32\combase.dll
0x00007ff91a910000 - 0x00007ff91aa77000 	C:\WINDOWS\SYSTEM32\wintypes.dll
0x00007ff91dd40000 - 0x00007ff91de2a000 	C:\WINDOWS\System32\SHCORE.dll
0x00007ff91dc70000 - 0x00007ff91dccd000 	C:\WINDOWS\System32\shlwapi.dll
0x00007ff91c920000 - 0x00007ff91c945000 	C:\WINDOWS\SYSTEM32\profapi.dll
0x00007ff909720000 - 0x00007ff909733000 	C:\Users\Aarya\.jdks\openjdk-20.0.2\bin\net.dll
0x00007ff9164c0000 - 0x00007ff9165d4000 	C:\WINDOWS\SYSTEM32\WINHTTP.dll
0x00007ff91bfc0000 - 0x00007ff91c027000 	C:\WINDOWS\system32\mswsock.dll
0x00007ff908770000 - 0x00007ff908786000 	C:\Users\Aarya\.jdks\openjdk-20.0.2\bin\nio.dll
0x00007ff908670000 - 0x00007ff908688000 	C:\Users\Aarya\.jdks\openjdk-20.0.2\bin\zip.dll
0x00007ff917fa0000 - 0x00007ff917fba000 	C:\Users\Aarya\AppData\Local\JetBrains\IntelliJ IDEA 2023.2.4\bin\breakgen64.dll
0x000001c98cd00000 - 0x000001c98cd03000 	C:\Users\Aarya\.openjfx\cache\16+8\amd64\api-ms-win-core-console-l1-1-0.dll
0x000001c98cd10000 - 0x000001c98cd13000 	C:\Users\Aarya\.openjfx\cache\16+8\amd64\api-ms-win-core-console-l1-2-0.dll
0x000001c98cd20000 - 0x000001c98cd23000 	C:\Users\Aarya\.openjfx\cache\16+8\amd64\api-ms-win-core-datetime-l1-1-0.dll
0x000001c98cd30000 - 0x000001c98cd33000 	C:\Users\Aarya\.openjfx\cache\16+8\amd64\api-ms-win-core-debug-l1-1-0.dll
0x000001c98cd40000 - 0x000001c98cd43000 	C:\Users\Aarya\.openjfx\cache\16+8\amd64\api-ms-win-core-errorhandling-l1-1-0.dll
0x000001c98cd50000 - 0x000001c98cd54000 	C:\Users\Aarya\.openjfx\cache\16+8\amd64\api-ms-win-core-file-l1-1-0.dll
0x000001c98cd60000 - 0x000001c98cd63000 	C:\Users\Aarya\.openjfx\cache\16+8\amd64\api-ms-win-core-file-l1-2-0.dll
0x000001c98cd70000 - 0x000001c98cd73000 	C:\Users\Aarya\.openjfx\cache\16+8\amd64\api-ms-win-core-file-l2-1-0.dll
0x000001c98cd80000 - 0x000001c98cd83000 	C:\Users\Aarya\.openjfx\cache\16+8\amd64\api-ms-win-core-handle-l1-1-0.dll
0x000001c98cd90000 - 0x000001c98cd93000 	C:\Users\Aarya\.openjfx\cache\16+8\amd64\api-ms-win-core-heap-l1-1-0.dll
0x000001c98cda0000 - 0x000001c98cda3000 	C:\Users\Aarya\.openjfx\cache\16+8\amd64\api-ms-win-core-interlocked-l1-1-0.dll
0x000001c98cdb0000 - 0x000001c98cdb3000 	C:\Users\Aarya\.openjfx\cache\16+8\amd64\api-ms-win-core-libraryloader-l1-1-0.dll
0x000001c98cdc0000 - 0x000001c98cdc3000 	C:\Users\Aarya\.openjfx\cache\16+8\amd64\api-ms-win-core-localization-l1-2-0.dll
0x000001c98cdd0000 - 0x000001c98cdd3000 	C:\Users\Aarya\.openjfx\cache\16+8\amd64\api-ms-win-core-memory-l1-1-0.dll
0x000001c98cde0000 - 0x000001c98cde3000 	C:\Users\Aarya\.openjfx\cache\16+8\amd64\api-ms-win-core-namedpipe-l1-1-0.dll
0x000001c98cdf0000 - 0x000001c98cdf3000 	C:\Users\Aarya\.openjfx\cache\16+8\amd64\api-ms-win-core-processenvironment-l1-1-0.dll
0x000001c98ce00000 - 0x000001c98ce03000 	C:\Users\Aarya\.openjfx\cache\16+8\amd64\api-ms-win-core-processthreads-l1-1-0.dll
0x000001c98ce10000 - 0x000001c98ce13000 	C:\Users\Aarya\.openjfx\cache\16+8\amd64\api-ms-win-core-processthreads-l1-1-1.dll
0x000001c98ce20000 - 0x000001c98ce23000 	C:\Users\Aarya\.openjfx\cache\16+8\amd64\api-ms-win-core-profile-l1-1-0.dll
0x000001c98ce30000 - 0x000001c98ce33000 	C:\Users\Aarya\.openjfx\cache\16+8\amd64\api-ms-win-core-rtlsupport-l1-1-0.dll
0x000001c98ce40000 - 0x000001c98ce43000 	C:\Users\Aarya\.openjfx\cache\16+8\amd64\api-ms-win-core-string-l1-1-0.dll
0x000001c98ce50000 - 0x000001c98ce53000 	C:\Users\Aarya\.openjfx\cache\16+8\amd64\api-ms-win-core-synch-l1-1-0.dll
0x000001c98ce60000 - 0x000001c98ce63000 	C:\Users\Aarya\.openjfx\cache\16+8\amd64\api-ms-win-core-synch-l1-2-0.dll
0x000001c98ce70000 - 0x000001c98ce73000 	C:\Users\Aarya\.openjfx\cache\16+8\amd64\api-ms-win-core-sysinfo-l1-1-0.dll
0x000001c98ce80000 - 0x000001c98ce83000 	C:\Users\Aarya\.openjfx\cache\16+8\amd64\api-ms-win-core-timezone-l1-1-0.dll
0x000001c98ce90000 - 0x000001c98ce93000 	C:\Users\Aarya\.openjfx\cache\16+8\amd64\api-ms-win-core-util-l1-1-0.dll
0x000001c98cea0000 - 0x000001c98cea3000 	C:\Users\Aarya\.openjfx\cache\16+8\amd64\api-ms-win-crt-conio-l1-1-0.dll
0x000001c98ceb0000 - 0x000001c98ceb4000 	C:\Users\Aarya\.openjfx\cache\16+8\amd64\api-ms-win-crt-convert-l1-1-0.dll
0x000001c98cec0000 - 0x000001c98cec3000 	C:\Users\Aarya\.openjfx\cache\16+8\amd64\api-ms-win-crt-environment-l1-1-0.dll
0x000001c98ced0000 - 0x000001c98ced3000 	C:\Users\Aarya\.openjfx\cache\16+8\amd64\api-ms-win-crt-filesystem-l1-1-0.dll
0x000001c98cee0000 - 0x000001c98cee3000 	C:\Users\Aarya\.openjfx\cache\16+8\amd64\api-ms-win-crt-heap-l1-1-0.dll
0x000001c98cef0000 - 0x000001c98cef3000 	C:\Users\Aarya\.openjfx\cache\16+8\amd64\api-ms-win-crt-locale-l1-1-0.dll
0x000001c98cf00000 - 0x000001c98cf05000 	C:\Users\Aarya\.openjfx\cache\16+8\amd64\api-ms-win-crt-math-l1-1-0.dll
0x000001c98cf10000 - 0x000001c98cf15000 	C:\Users\Aarya\.openjfx\cache\16+8\amd64\api-ms-win-crt-multibyte-l1-1-0.dll
0x000001c98cf20000 - 0x000001c98cf30000 	C:\Users\Aarya\.openjfx\cache\16+8\amd64\api-ms-win-crt-private-l1-1-0.dll
0x000001c98cf30000 - 0x000001c98cf33000 	C:\Users\Aarya\.openjfx\cache\16+8\amd64\api-ms-win-crt-process-l1-1-0.dll
0x000001c98cf40000 - 0x000001c98cf44000 	C:\Users\Aarya\.openjfx\cache\16+8\amd64\api-ms-win-crt-runtime-l1-1-0.dll
0x000001c98cf50000 - 0x000001c98cf54000 	C:\Users\Aarya\.openjfx\cache\16+8\amd64\api-ms-win-crt-stdio-l1-1-0.dll
0x000001c98cf60000 - 0x000001c98cf64000 	C:\Users\Aarya\.openjfx\cache\16+8\amd64\api-ms-win-crt-string-l1-1-0.dll
0x000001c98cf70000 - 0x000001c98cf73000 	C:\Users\Aarya\.openjfx\cache\16+8\amd64\api-ms-win-crt-time-l1-1-0.dll
0x000001c98cf80000 - 0x000001c98cf83000 	C:\Users\Aarya\.openjfx\cache\16+8\amd64\api-ms-win-crt-utility-l1-1-0.dll
0x00007ff8ed7b0000 - 0x00007ff8ed8ac000 	C:\Users\Aarya\.openjfx\cache\16+8\amd64\ucrtbase.dll
0x00007ff915b80000 - 0x00007ff915b9b000 	C:\Users\Aarya\.openjfx\cache\16+8\amd64\vcruntime140.dll
0x00007ff916100000 - 0x00007ff91610c000 	C:\Users\Aarya\.openjfx\cache\16+8\amd64\vcruntime140_1.dll
0x00007ff8e58a0000 - 0x00007ff8e592e000 	C:\Users\Aarya\.openjfx\cache\16+8\amd64\msvcp140.dll
0x00007ff915b50000 - 0x00007ff915b59000 	C:\Users\Aarya\.openjfx\cache\16+8\amd64\msvcp140_1.dll
0x00007ff913bc0000 - 0x00007ff913bf0000 	C:\Users\Aarya\.openjfx\cache\16+8\amd64\msvcp140_2.dll
0x00007ff913840000 - 0x00007ff91386f000 	C:\Users\Aarya\.openjfx\cache\16+8\amd64\prism_d3d.dll
0x00007ff8c9d70000 - 0x00007ff8c9f16000 	C:\WINDOWS\system32\d3d9.dll
0x00007ff919f60000 - 0x00007ff919f8f000 	C:\WINDOWS\SYSTEM32\dwmapi.dll
0x00007ff919d00000 - 0x00007ff919d38000 	C:\WINDOWS\SYSTEM32\dxcore.dll
0x00007ff919c20000 - 0x00007ff919ccc000 	C:\WINDOWS\system32\uxtheme.dll
0x00007ff8c6610000 - 0x00007ff8c67bf000 	C:\WINDOWS\System32\DriverStore\FileRepository\iigd_dch.inf_amd64_4baea396c1a08a8e\igdumdim64.dll
0x00007ff91d440000 - 0x00007ff91d5da000 	C:\WINDOWS\System32\ole32.dll
0x00007ff858b00000 - 0x00007ff85d3a3000 	C:\WINDOWS\System32\DriverStore\FileRepository\iigd_dch.inf_amd64_4baea396c1a08a8e\igd9dxva64.dll
0x00007ff91db20000 - 0x00007ff91dbf6000 	C:\WINDOWS\System32\OLEAUT32.dll
0x00007ff91d6a0000 - 0x00007ff91db12000 	C:\WINDOWS\System32\SETUPAPI.dll
0x00007ff91c6f0000 - 0x00007ff91c73c000 	C:\WINDOWS\SYSTEM32\cfgmgr32.dll
0x00007ff912040000 - 0x00007ff912449000 	C:\WINDOWS\System32\DriverStore\FileRepository\iigd_dch.inf_amd64_4baea396c1a08a8e\igdgmm64.dll
0x00007ff9180a0000 - 0x00007ff9180e4000 	C:\WINDOWS\SYSTEM32\directxdatabasehelper.dll
0x00007ff91ba40000 - 0x00007ff91ba74000 	C:\WINDOWS\SYSTEM32\ntmarta.dll
0x00007ff8feb70000 - 0x00007ff8febb2000 	C:\Users\Aarya\.openjfx\cache\16+8\amd64\glass.dll
0x00007ff91e0a0000 - 0x00007ff91e18c000 	C:\WINDOWS\System32\COMDLG32.dll
0x00007ff91df80000 - 0x00007ff91e09d000 	C:\WINDOWS\System32\MSCTF.dll
0x00007ff8b4cd0000 - 0x00007ff8b4cf7000 	C:\WINDOWS\System32\DriverStore\FileRepository\iigd_dch.inf_amd64_4baea396c1a08a8e\igdinfo64.dll
0x00007ff90e8a0000 - 0x00007ff912034000 	C:\WINDOWS\System32\DriverStore\FileRepository\iigd_dch.inf_amd64_4baea396c1a08a8e\igc64.dll
0x00007ff914010000 - 0x00007ff914024000 	C:\Users\Aarya\.openjfx\cache\16+8\amd64\javafx_font.dll
0x00007ff8e7f60000 - 0x00007ff8e81bf000 	C:\WINDOWS\SYSTEM32\dwrite.dll
0x00007ff90e6b0000 - 0x00007ff90e6dd000 	C:\Users\Aarya\.openjfx\cache\16+8\amd64\javafx_iio.dll
0x00007ff91dec0000 - 0x00007ff91df6f000 	C:\WINDOWS\System32\clbcatq.dll
0x00007ff916130000 - 0x00007ff9162de000 	C:\WINDOWS\SYSTEM32\WindowsCodecs.dll
0x00007ff8e9ca0000 - 0x00007ff8e9cfd000 	C:\WINDOWS\system32\dataexchange.dll
0x00007ff9154b0000 - 0x00007ff915715000 	C:\WINDOWS\system32\twinapi.appcore.dll
0x00007ff9086a0000 - 0x00007ff9086d2000 	C:\Program Files\Common Files\Microsoft Shared\Ink\rtscom.dll
0x00007ff9139a0000 - 0x00007ff913acc000 	C:\WINDOWS\SYSTEM32\textinputframework.dll
0x00007ff919790000 - 0x00007ff9198c1000 	C:\WINDOWS\SYSTEM32\CoreMessaging.dll
0x00007ff917710000 - 0x00007ff917a7d000 	C:\WINDOWS\SYSTEM32\CoreUIComponents.dll
0x00007ff91c210000 - 0x00007ff91c21c000 	C:\WINDOWS\SYSTEM32\CRYPTBASE.DLL
0x00007ff918670000 - 0x00007ff918c28000 	C:\WINDOWS\SYSTEM32\d2d1.dll
0x00007ff916f00000 - 0x00007ff917180000 	C:\WINDOWS\SYSTEM32\d3d11.dll
0x00007ff919d40000 - 0x00007ff919e33000 	C:\WINDOWS\SYSTEM32\dxgi.dll
0x00007ff916760000 - 0x00007ff916e62000 	C:\WINDOWS\SYSTEM32\D3D10Warp.dll

dbghelp: loaded successfully - version: 4.0.5 - missing functions: none
symbol engine: initialized successfully - sym options: 0x614 - pdb path: .;C:\Users\Aarya\.jdks\openjdk-20.0.2\bin;C:\WINDOWS\SYSTEM32;C:\WINDOWS\WinSxS\amd64_microsoft.windows.common-controls_6595b64144ccf1df_6.0.22000.120_none_9d947278b86cc467;C:\Users\Aarya\.jdks\openjdk-20.0.2\bin\server;C:\Users\Aarya\AppData\Local\JetBrains\IntelliJ IDEA 2023.2.4\bin;C:\Users\Aarya\.openjfx\cache\16+8\amd64;C:\WINDOWS\System32\DriverStore\FileRepository\iigd_dch.inf_amd64_4baea396c1a08a8e;C:\Program Files\Common Files\Microsoft Shared\Ink

VM Arguments:
jvm_args: -javaagent:C:\Users\Aarya\AppData\Local\JetBrains\IntelliJ IDEA 2023.2.4\lib\idea_rt.jar=61408:C:\Users\Aarya\AppData\Local\JetBrains\IntelliJ IDEA 2023.2.4\bin -Dfile.encoding=UTF-8 -Dsun.stdout.encoding=UTF-8 -Dsun.stderr.encoding=UTF-8 --module-path=C:\Users\Aarya\.m2\repository\org\json\json\20210307\json-20210307.jar;C:\Users\Aarya\.m2\repository\ch\qos\logback\logback-core\1.2.6\logback-core-1.2.6.jar;C:\Users\Aarya\.m2\repository\ch\qos\logback\logback-classic\1.2.6\logback-classic-1.2.6.jar;C:\Users\Aarya\.m2\repository\org\openjfx\javafx-controls\20.0.1\javafx-controls-20.0.1-win.jar;C:\Users\Aarya\Documents\CODING_FX\FinanceFlowApp\target\classes;C:\Users\Aarya\.m2\repository\com\fasterxml\jackson\core\jackson-databind\2.9.9.3\jackson-databind-2.9.9.3.jar;C:\Users\Aarya\.m2\repository\org\openjfx\javafx-graphics\20.0.1\javafx-graphics-20.0.1-win.jar;C:\Users\Aarya\.m2\repository\io\fair-acc\chartfx\11.3.0\chartfx-11.3.0.jar;C:\Users\Aarya\.m2\repository\org\jetbrains\annotations\24.0.1\annotations-24.0.1.jar;C:\Users\Aarya\.m2\repository\com\fasterxml\jackson\core\jackson-core\2.9.9\jackson-core-2.9.9.jar;C:\Users\Aarya\.m2\repository\org\openjfx\javafx-fxml\20.0.1\javafx-fxml-20.0.1-win.jar;C:\Users\Aarya\.m2\repository\com\mysql\mysql-connector-j\8.0.33\mysql-connector-j-8.0.33.jar;C:\Users\Aarya\.m2\repository\org\slf4j\slf4j-api\1.7.32\slf4j-api-1.7.32.jar;C:\Users\Aarya\.m2\repository\io\fair-acc\dataset\11.3.0\dataset-11.3.0.jar;C:\Users\Aarya\.m2\repository\org\openjfx\javafx-base\16\javafx-base-16-win.jar -Djdk.module.main=com.company.financeflowapp 
java_command: com.company.financeflowapp/com.company.financeflowapp.main.Main
java_class_path (initial): C:\Users\Aarya\.m2\repository\org\openjfx\javafx-controls\20.0.1\javafx-controls-20.0.1.jar;C:\Users\Aarya\.m2\repository\org\openjfx\javafx-graphics\20.0.1\javafx-graphics-20.0.1.jar;C:\Users\Aarya\.m2\repository\com\google\code\gson\gson\2.10.1\gson-2.10.1.jar;C:\Users\Aarya\.m2\repository\org\openjfx\javafx-base\16\javafx-base-16.jar;C:\Users\Aarya\.m2\repository\org\kordamp\ikonli\ikonli-javafx\12.3.1\ikonli-javafx-12.3.1.jar;C:\Users\Aarya\.m2\repository\org\kordamp\ikonli\ikonli-core\12.3.1\ikonli-core-12.3.1.jar;C:\Users\Aarya\.m2\repository\org\kordamp\ikonli\ikonli-fontawesome-pack\12.3.1\ikonli-fontawesome-pack-12.3.1.jar;C:\Users\Aarya\.m2\repository\org\kordamp\ikonli\ikonli-fontawesome5-pack\12.3.1\ikonli-fontawesome5-pack-12.3.1.jar;C:\Users\Aarya\.m2\repository\io\fair-acc\bench\11.3.0\bench-11.3.0.jar;C:\Users\Aarya\.m2\repository\io\fair-acc\math\11.3.0\math-11.3.0.jar;C:\Users\Aarya\.m2\repository\com\github\wendykierp\JTransforms\3.1\JTransforms-3.1.jar;C:\Users\Aarya\.m2\repository\pl\edu\icm\JLargeArrays\1.5\JLargeArrays-1.5.jar;C:\Users\Aarya\.m2\repository\org\apache\commons\commons-math3\3.6.1\commons-math3-3.6.1.jar;C:\Users\Aarya\.m2\repository\org\controlsfx\controlsfx\11.1.2\controlsfx-11.1.2.jar;C:\Users\Aarya\.m2\repository\ar\com\hjg\pngj\2.1.0\pngj-2.1.0.jar;C:\Users\Aarya\.m2\repository\org\hdrhistogram\HdrHistogram\2.1.12\HdrHistogram-2.1.12.jar;C:\Users\Aarya\.m2\repository\org\apache\commons\commons-lang3\3.13.0\commons-lang3-3.13.0.jar;C:\Users\Aarya\.m2\repository\org\openjfx\javafx-fxml\20.0.1\javafx-fxml-20.0.1.jar;C:\Users\Aarya\.m2\repository\com\google\protobuf\protobuf-java\3.21.9\protobuf-java-3.21.9.jar;C:\Users\Aarya\.m2\repository\backport-util-concurrent\backport-util-concurrent\3.1\backport-util-concurrent-3.1.jar;C:\Users\Aarya\.m2\repository\com\fasterxml\jackson\core\jackson-annotations\2.9.0\jackson-annotations-2.9.0.jar
Launcher Type: SUN_STANDARD

[Global flags]
     intx CICompilerCount                          = 3                                         {product} {ergonomic}
     uint ConcGCThreads                            = 1                                         {product} {ergonomic}
     uint G1ConcRefinementThreads                  = 4                                         {product} {ergonomic}
   size_t G1HeapRegionSize                         = 1048576                                   {product} {ergonomic}
    uintx GCDrainStackTargetSize                   = 64                                        {product} {ergonomic}
   size_t InitialHeapSize                          = 132120576                                 {product} {ergonomic}
   size_t MarkStackSize                            = 4194304                                   {product} {ergonomic}
   size_t MaxHeapSize                              = 2101346304                                {product} {ergonomic}
   size_t MaxNewSize                               = 1260388352                                {product} {ergonomic}
   size_t MinHeapDeltaBytes                        = 1048576                                   {product} {ergonomic}
   size_t MinHeapSize                              = 8388608                                   {product} {ergonomic}
    uintx NonNMethodCodeHeapSize                   = 5832780                                {pd product} {ergonomic}
    uintx NonProfiledCodeHeapSize                  = 122912730                              {pd product} {ergonomic}
    uintx ProfiledCodeHeapSize                     = 122912730                              {pd product} {ergonomic}
    uintx ReservedCodeCacheSize                    = 251658240                              {pd product} {ergonomic}
     bool SegmentedCodeCache                       = true                                      {product} {ergonomic}
   size_t SoftMaxHeapSize                          = 2101346304                             {manageable} {ergonomic}
     bool UseCompressedClassPointers               = true                           {product lp64_product} {ergonomic}
     bool UseCompressedOops                        = true                           {product lp64_product} {ergonomic}
     bool UseG1GC                                  = true                                      {product} {ergonomic}
     bool UseLargePagesIndividualAllocation        = false                                  {pd product} {ergonomic}

Logging:
Log output configuration:
 #0: stdout all=warning uptime,level,tags foldmultilines=false
 #1: stderr all=off uptime,level,tags foldmultilines=false

Environment Variables:
PATH=C:\WINDOWS\system32;C:\WINDOWS;C:\WINDOWS\System32\Wbem;C:\WINDOWS\System32\WindowsPowerShell\v1.0\;C:\WINDOWS\System32\OpenSSH\;C:\Program Files (x86)\HP\IdrsOCR_15.2.10.1114\;C:\Program Files\Git\cmd;C:\Program Files\Microsoft SQL Server\Client SDK\ODBC\170\Tools\Binn\;C:\Program Files (x86)\Microsoft SQL Server\150\Tools\Binn\;C:\Program Files\Microsoft SQL Server\150\Tools\Binn\;C:\Program Files\Microsoft SQL Server\150\DTS\Binn\;C:\Users\Aarya\AppData\Local\Microsoft\WindowsApps;;C:\Users\Aarya\AppData\Local\Programs\Microsoft VS Code\bin
USERNAME=Aarya
OS=Windows_NT
PROCESSOR_IDENTIFIER=Intel64 Family 6 Model 142 Stepping 12, GenuineIntel
TMP=C:\Users\Aarya\AppData\Local\Temp
TEMP=C:\Users\Aarya\AppData\Local\Temp




---------------  S Y S T E M  ---------------

OS:
 Windows 11 , 64 bit Build 22000 (10.0.22000.2538)
OS uptime: 5 days 2:22 hours
Hyper-V role detected

CPU: total 4 (initial active 4) (2 cores per cpu, 2 threads per core) family 6 model 142 stepping 12 microcode 0xec, cx8, cmov, fxsr, ht, mmx, 3dnowpref, sse, sse2, sse3, ssse3, sse4.1, sse4.2, popcnt, lzcnt, tsc, tscinvbit, avx, avx2, aes, erms, clmul, bmi1, bmi2, adx, fma, vzeroupper, clflush, clflushopt, hv, rdtscp, f16c

Memory: 4k page, system-wide physical 8015M (710M free)
TotalPageFile size 15910M (AvailPageFile size 2M)
current process WorkingSet (physical memory assigned to process): 232M, peak: 232M
current process commit charge ("private bytes"): 326M, peak: 385M

vm_info: OpenJDK 64-Bit Server VM (20.0.2+9-78) for windows-amd64 JRE (20.0.2+9-78), built on 2023-06-14T10:08:48Z by "mach5one" with MS VC++ 17.1 (VS2022)

END.
