#
# There is insufficient memory for the Java Runtime Environment to continue.
# Native memory allocation (mmap) failed to map 32505856 bytes for G1 virtual space
# Possible reasons:
#   The system is out of physical RAM or swap space
#   The process is running with CompressedOops enabled, and the Java Heap may be blocking the growth of the native heap
# Possible solutions:
#   Reduce memory load on the system
#   Increase physical memory or swap space
#   Check if swap backing store is full
#   Decrease Java heap size (-Xmx/-Xms)
#   Decrease number of Java threads
#   Decrease Java thread stack sizes (-Xss)
#   Set larger code cache with -XX:ReservedCodeCacheSize=
#   JVM is running with Unscaled Compressed Oops mode in which the Java heap is
#     placed in the first 4GB address space. The Java Heap base address is the
#     maximum limit for the native heap growth. Please use -XX:HeapBaseMinAddress
#     to set the Java Heap base and to place the Java Heap above 4GB virtual address.
# This output file may be truncated or incomplete.
#
#  Out of Memory Error (os_windows.cpp:3528), pid=25424, tid=26748
#
# JRE version: OpenJDK Runtime Environment (20.0.2+9) (build 20.0.2+9-78)
# Java VM: OpenJDK 64-Bit Server VM (20.0.2+9-78, mixed mode, sharing, tiered, compressed oops, compressed class ptrs, g1 gc, windows-amd64)
# No core dump will be written. Minidumps are not enabled by default on client versions of Windows
#

---------------  S U M M A R Y ------------

Command Line: -javaagent:C:\Users\Aarya\AppData\Local\JetBrains\IntelliJ IDEA 2023.2.4\lib\idea_rt.jar=61280:C:\Users\Aarya\AppData\Local\JetBrains\IntelliJ IDEA 2023.2.4\bin -Dfile.encoding=UTF-8 -Dsun.stdout.encoding=UTF-8 -Dsun.stderr.encoding=UTF-8 --module-path=C:\Users\Aarya\.m2\repository\org\json\json\20210307\json-20210307.jar;C:\Users\Aarya\.m2\repository\ch\qos\logback\logback-core\1.2.6\logback-core-1.2.6.jar;C:\Users\Aarya\.m2\repository\ch\qos\logback\logback-classic\1.2.6\logback-classic-1.2.6.jar;C:\Users\Aarya\.m2\repository\org\openjfx\javafx-base\16\javafx-base-16-win.jar;C:\Users\Aarya\.m2\repository\org\openjfx\javafx-graphics\20.0.1\javafx-graphics-20.0.1-win.jar;C:\Users\Aarya\.m2\repository\com\fasterxml\jackson\core\jackson-databind\2.9.9.3\jackson-databind-2.9.9.3.jar;C:\Users\Aarya\.m2\repository\org\openjfx\javafx-controls\20.0.1\javafx-controls-20.0.1-win.jar;C:\Users\Aarya\Documents\CODING_FX\FinanceFlowApp\target\classes;C:\Users\Aarya\.m2\repository\org\openjfx\javafx-fxml\20.0.1\javafx-fxml-20.0.1-win.jar;C:\Users\Aarya\.m2\repository\io\fair-acc\chartfx\11.3.0\chartfx-11.3.0.jar;C:\Users\Aarya\.m2\repository\com\fasterxml\jackson\core\jackson-core\2.9.9\jackson-core-2.9.9.jar;C:\Users\Aarya\.m2\repository\com\mysql\mysql-connector-j\8.0.33\mysql-connector-j-8.0.33.jar;C:\Users\Aarya\.m2\repository\org\jetbrains\annotations\24.0.1\annotations-24.0.1.jar;C:\Users\Aarya\.m2\repository\org\slf4j\slf4j-api\1.7.32\slf4j-api-1.7.32.jar;C:\Users\Aarya\.m2\repository\io\fair-acc\dataset\11.3.0\dataset-11.3.0.jar -Djdk.module.main=com.company.financeflowapp com.company.financeflowapp/com.company.financeflowapp.main.Main

Host: Intel(R) Core(TM) i3-10110U CPU @ 2.10GHz, 4 cores, 7G,  Windows 11 , 64 bit Build 22000 (10.0.22000.2538)
Time: Wed Mar 27 16:18:06 2024 GMT Standard Time elapsed time: 12.318005 seconds (0d 0h 0m 12s)

---------------  T H R E A D  ---------------

Current thread (0x00000200707d40c0):  VMThread "VM Thread" [stack: 0x0000008963900000,0x0000008963a00000] [id=26748]

Stack: [0x0000008963900000,0x0000008963a00000]
Native frames: (J=compiled Java code, j=interpreted, Vv=VM code, C=native code)
V  [jvm.dll+0x6bc25a]
V  [jvm.dll+0x84971a]
V  [jvm.dll+0x84b315]
V  [jvm.dll+0x84ba13]
V  [jvm.dll+0x280e4f]
V  [jvm.dll+0x6b8fe9]
V  [jvm.dll+0x6adbca]
V  [jvm.dll+0x35b165]
V  [jvm.dll+0x363386]
V  [jvm.dll+0x3b400e]
V  [jvm.dll+0x3b4295]
V  [jvm.dll+0x32b86a]
V  [jvm.dll+0x32e486]
V  [jvm.dll+0x33854e]
V  [jvm.dll+0x371dd0]
V  [jvm.dll+0x85135e]
V  [jvm.dll+0x852471]
V  [jvm.dll+0x852979]
V  [jvm.dll+0x852bf3]
V  [jvm.dll+0x7f5c76]
V  [jvm.dll+0x6baecb]
C  [ucrtbase.dll+0x26c0c]
C  [KERNEL32.DLL+0x153e0]
C  [ntdll.dll+0x485b]

VM_Operation (0x00000089635ff820): G1PauseRemark, mode: safepoint, requested by thread 0x00000200547c2400


---------------  P R O C E S S  ---------------

Threads class SMR info:
_java_thread_list=0x000002007fb4a4c0, length=22, elements={
0x0000020054756da0, 0x00000200707f2ba0, 0x00000200707f5a50, 0x00000200707f6f90,
0x00000200707f8b40, 0x00000200707f95b0, 0x00000200707fc6a0, 0x00000200707fd6a0,
0x00000200708017d0, 0x00000200707bfcf0, 0x0000020074fca920, 0x000002007513db80,
0x000002007558c200, 0x000002007560b3b0, 0x0000020075678fc0, 0x0000020079e99590,
0x0000020079dff880, 0x0000020075580230, 0x0000020075580780, 0x000002007a4d18f0,
0x0000020075582cb0, 0x0000020075583200
}

Java Threads: ( => current thread )
  0x0000020054756da0 JavaThread "main" [_thread_blocked, id=18244, stack(0x0000008963300000,0x0000008963400000)]
  0x00000200707f2ba0 JavaThread "Reference Handler" daemon [_thread_blocked, id=28180, stack(0x0000008963a00000,0x0000008963b00000)]
  0x00000200707f5a50 JavaThread "Finalizer" daemon [_thread_blocked, id=22184, stack(0x0000008963b00000,0x0000008963c00000)]
  0x00000200707f6f90 JavaThread "Signal Dispatcher" daemon [_thread_blocked, id=4152, stack(0x0000008963c00000,0x0000008963d00000)]
  0x00000200707f8b40 JavaThread "Attach Listener" daemon [_thread_blocked, id=25712, stack(0x0000008963d00000,0x0000008963e00000)]
  0x00000200707f95b0 JavaThread "Service Thread" daemon [_thread_blocked, id=18952, stack(0x0000008963e00000,0x0000008963f00000)]
  0x00000200707fc6a0 JavaThread "Monitor Deflation Thread" daemon [_thread_blocked, id=23208, stack(0x0000008963f00000,0x0000008964000000)]
  0x00000200707fd6a0 JavaThread "C2 CompilerThread0" daemon [_thread_blocked, id=9604, stack(0x0000008964000000,0x0000008964100000)]
  0x00000200708017d0 JavaThread "C1 CompilerThread0" daemon [_thread_blocked, id=24404, stack(0x0000008964100000,0x0000008964200000)]
  0x00000200707bfcf0 JavaThread "Common-Cleaner" daemon [_thread_blocked, id=7968, stack(0x0000008964200000,0x0000008964300000)]
  0x0000020074fca920 JavaThread "Monitor Ctrl-Break" daemon [_thread_in_native, id=27488, stack(0x0000008964400000,0x0000008964500000)]
  0x000002007513db80 JavaThread "Notification Thread" daemon [_thread_blocked, id=15408, stack(0x0000008964500000,0x0000008964600000)]
  0x000002007558c200 JavaThread "QuantumRenderer-0" daemon [_thread_blocked, id=21360, stack(0x0000008964a00000,0x0000008964b00000)]
  0x000002007560b3b0 JavaThread "InvokeLaterDispatcher" daemon [_thread_blocked, id=3700, stack(0x0000008964300000,0x0000008964400000)]
  0x0000020075678fc0 JavaThread "JavaFX Application Thread" [_thread_blocked, id=24448, stack(0x0000008964c00000,0x0000008964d00000)]
  0x0000020079e99590 JavaThread "Thread-1" daemon [_thread_blocked, id=10032, stack(0x0000008965100000,0x0000008965200000)]
  0x0000020079dff880 JavaThread "JavaFX-Launcher" [_thread_blocked, id=26660, stack(0x0000008965200000,0x0000008965300000)]
  0x0000020075580230 JavaThread "Prism Font Disposer" daemon [_thread_blocked, id=14384, stack(0x0000008965300000,0x0000008965400000)]
  0x0000020075580780 JavaThread "Cleaner-0" daemon [_thread_blocked, id=17020, stack(0x0000008965a00000,0x0000008965b00000)]
  0x000002007a4d18f0 JavaThread "C2 CompilerThread1" daemon [_thread_blocked, id=29504, stack(0x0000008964d00000,0x0000008964e00000)]
  0x0000020075582cb0 JavaThread "Thread-3" [_thread_blocked, id=3212, stack(0x0000008965b00000,0x0000008965c00000)]
  0x0000020075583200 JavaThread "pool-2-thread-1" [_thread_blocked, id=2900, stack(0x0000008965c00000,0x0000008965d00000)]

Other Threads:
=>0x00000200707d40c0 VMThread "VM Thread" [stack: 0x0000008963900000,0x0000008963a00000] [id=26748]
  0x0000020074fdb210 WatcherThread "VM Periodic Task Thread" [stack: 0x0000008964600000,0x0000008964700000] [id=12016]
  0x00000200547b1b60 WorkerThread "GC Thread#0" [stack: 0x0000008963400000,0x0000008963500000] [id=11316]
  0x00000200752495c0 WorkerThread "GC Thread#1" [stack: 0x0000008964700000,0x0000008964800000] [id=15464]
  0x0000020074f3bbc0 WorkerThread "GC Thread#2" [stack: 0x0000008964800000,0x0000008964900000] [id=28836]
  0x00000200752ea2a0 WorkerThread "GC Thread#3" [stack: 0x0000008964900000,0x0000008964a00000] [id=2000]
  0x00000200547c2400 ConcurrentGCThread "G1 Main Marker" [stack: 0x0000008963500000,0x0000008963600000] [id=29316]
  0x00000200547c2e30 WorkerThread "G1 Conc#0" [stack: 0x0000008963600000,0x0000008963700000] [id=9232]
  0x000002005481da40 ConcurrentGCThread "G1 Refine#0" [stack: 0x0000008963700000,0x0000008963800000] [id=28208]
  0x000002005481e4e0 ConcurrentGCThread "G1 Service" [stack: 0x0000008963800000,0x0000008963900000] [id=25440]

Threads with active compile tasks:
C2 CompilerThread0    12358 3191 %     4       java.util.Arrays::hashCode @ 16 (44 bytes)
C2 CompilerThread1    12358 3198       4       sun.security.util.DerInputStream::<init> (38 bytes)

VM state: at safepoint (normal execution)

VM Mutex/Monitor currently owned by a thread:  ([mutex/lock_event])
[0x0000020054752180] Threads_lock - owner thread: 0x00000200707d40c0
[0x00000200547531d0] Heap_lock - owner thread: 0x00000200547c2400

Heap address: 0x0000000082c00000, size: 2004 MB, Compressed Oops mode: 32-bit

CDS archive(s) mapped at: [0x0000020000000000-0x0000020000c60000-0x0000020000c60000), size 12976128, SharedBaseAddress: 0x0000020000000000, ArchiveRelocationMode: 1.
Compressed class space mapped at: 0x0000020001000000-0x0000020041000000, reserved size: 1073741824
Narrow klass base: 0x0000020000000000, Narrow klass shift: 0, Narrow klass range: 0x100000000

GC Precious Log:
 CardTable entry size: 512
 Card Set container configuration: InlinePtr #cards 5 size 8 Array Of Cards #cards 12 size 40 Howl #buckets 4 coarsen threshold 1843 Howl Bitmap #cards 512 size 80 coarsen threshold 460 Card regions per heap region 1 cards per card region 2048
 CPUs: 4 total, 4 available
 Memory: 8015M
 Large Page Support: Disabled
 NUMA Support: Disabled
 Compressed Oops: Enabled (32-bit)
 Heap Region Size: 1M
 Heap Min Capacity: 8M
 Heap Initial Capacity: 126M
 Heap Max Capacity: 2004M
 Pre-touch: Disabled
 Parallel Workers: 4
 Concurrent Workers: 1
 Concurrent Refinement Workers: 4
 Periodic GC: Disabled

Heap:
 garbage-first heap   total 129024K, used 95165K [0x0000000082c00000, 0x0000000100000000)
  region size 1024K, 10 young (10240K), 8 survivors (8192K)
 Metaspace       used 21205K, committed 21568K, reserved 1114112K
  class space    used 3075K, committed 3264K, reserved 1048576K

Heap Regions: E=young(eden), S=young(survivor), O=old, HS=humongous(starts), HC=humongous(continues), CS=collection set, F=free, OA=open archive, CA=closed archive, TAMS=top-at-mark-start, PB=parsable bottom
|   0|0x0000000082c00000, 0x0000000082d00000, 0x0000000082d00000|100%| O|  |TAMS 0x0000000082d00000| PB 0x0000000082d00000| Updating 
|   1|0x0000000082d00000, 0x0000000082e00000, 0x0000000082e00000|100%| O|  |TAMS 0x0000000082e00000| PB 0x0000000082e00000| Untracked 
|   2|0x0000000082e00000, 0x0000000082f00000, 0x0000000082f00000|100%| O|  |TAMS 0x0000000082e41e00| PB 0x0000000082e41e00| Untracked 
|   3|0x0000000082f00000, 0x0000000083000000, 0x0000000083000000|100%|HS|  |TAMS 0x0000000083000000| PB 0x0000000082f00000| Complete 
|   4|0x0000000083000000, 0x0000000083100000, 0x0000000083100000|100%|HS|  |TAMS 0x0000000083100000| PB 0x0000000083000000| Complete 
|   5|0x0000000083100000, 0x0000000083200000, 0x0000000083200000|100%|HC|  |TAMS 0x0000000083200000| PB 0x0000000083100000| Complete 
|   6|0x0000000083200000, 0x0000000083300000, 0x0000000083300000|100%|HC|  |TAMS 0x0000000083300000| PB 0x0000000083200000| Complete 
|   7|0x0000000083300000, 0x0000000083400000, 0x0000000083400000|100%|HC|  |TAMS 0x0000000083400000| PB 0x0000000083300000| Complete 
|   8|0x0000000083400000, 0x0000000083500000, 0x0000000083500000|100%|HC|  |TAMS 0x0000000083500000| PB 0x0000000083400000| Complete 
|   9|0x0000000083500000, 0x0000000083600000, 0x0000000083600000|100%|HC|  |TAMS 0x0000000083600000| PB 0x0000000083500000| Complete 
|  10|0x0000000083600000, 0x0000000083700000, 0x0000000083700000|100%| O|  |TAMS 0x0000000083600000| PB 0x0000000083600000| Untracked 
|  11|0x0000000083700000, 0x0000000083800000, 0x0000000083800000|100%|HS|  |TAMS 0x0000000083800000| PB 0x0000000083700000| Complete 
|  12|0x0000000083800000, 0x0000000083900000, 0x0000000083900000|100%|HC|  |TAMS 0x0000000083900000| PB 0x0000000083800000| Complete 
|  13|0x0000000083900000, 0x0000000083a00000, 0x0000000083a00000|100%|HS|  |TAMS 0x0000000083a00000| PB 0x0000000083900000| Complete 
|  14|0x0000000083a00000, 0x0000000083b00000, 0x0000000083b00000|100%|HC|  |TAMS 0x0000000083b00000| PB 0x0000000083a00000| Complete 
|  15|0x0000000083b00000, 0x0000000083c00000, 0x0000000083c00000|100%|HC|  |TAMS 0x0000000083c00000| PB 0x0000000083b00000| Complete 
|  16|0x0000000083c00000, 0x0000000083d00000, 0x0000000083d00000|100%|HC|  |TAMS 0x0000000083d00000| PB 0x0000000083c00000| Complete 
|  17|0x0000000083d00000, 0x0000000083e00000, 0x0000000083e00000|100%|HC|  |TAMS 0x0000000083e00000| PB 0x0000000083d00000| Complete 
|  18|0x0000000083e00000, 0x0000000083f00000, 0x0000000083f00000|100%|HC|  |TAMS 0x0000000083f00000| PB 0x0000000083e00000| Complete 
|  19|0x0000000083f00000, 0x0000000084000000, 0x0000000084000000|100%|HC|  |TAMS 0x0000000084000000| PB 0x0000000083f00000| Complete 
|  20|0x0000000084000000, 0x0000000084100000, 0x0000000084100000|100%|HC|  |TAMS 0x0000000084100000| PB 0x0000000084000000| Complete 
|  21|0x0000000084100000, 0x0000000084200000, 0x0000000084200000|100%|HC|  |TAMS 0x0000000084200000| PB 0x0000000084100000| Complete 
|  22|0x0000000084200000, 0x0000000084300000, 0x0000000084300000|100%|HC|  |TAMS 0x0000000084300000| PB 0x0000000084200000| Complete 
|  23|0x0000000084300000, 0x0000000084400000, 0x0000000084400000|100%|HC|  |TAMS 0x0000000084400000| PB 0x0000000084300000| Complete 
|  24|0x0000000084400000, 0x0000000084500000, 0x0000000084500000|100%|HC|  |TAMS 0x0000000084500000| PB 0x0000000084400000| Complete 
|  25|0x0000000084500000, 0x0000000084600000, 0x0000000084600000|100%|HC|  |TAMS 0x0000000084600000| PB 0x0000000084500000| Complete 
|  26|0x0000000084600000, 0x0000000084700000, 0x0000000084700000|100%|HC|  |TAMS 0x0000000084700000| PB 0x0000000084600000| Complete 
|  27|0x0000000084700000, 0x0000000084800000, 0x0000000084800000|100%|HC|  |TAMS 0x0000000084800000| PB 0x0000000084700000| Complete 
|  28|0x0000000084800000, 0x0000000084900000, 0x0000000084900000|100%|HC|  |TAMS 0x0000000084900000| PB 0x0000000084800000| Complete 
|  29|0x0000000084900000, 0x0000000084a00000, 0x0000000084a00000|100%|HC|  |TAMS 0x0000000084a00000| PB 0x0000000084900000| Complete 
|  30|0x0000000084a00000, 0x0000000084b00000, 0x0000000084b00000|100%|HC|  |TAMS 0x0000000084b00000| PB 0x0000000084a00000| Complete 
|  31|0x0000000084b00000, 0x0000000084c00000, 0x0000000084c00000|100%|HC|  |TAMS 0x0000000084c00000| PB 0x0000000084b00000| Complete 
|  32|0x0000000084c00000, 0x0000000084d00000, 0x0000000084d00000|100%|HC|  |TAMS 0x0000000084d00000| PB 0x0000000084c00000| Complete 
|  33|0x0000000084d00000, 0x0000000084e00000, 0x0000000084e00000|100%|HC|  |TAMS 0x0000000084e00000| PB 0x0000000084d00000| Complete 
|  34|0x0000000084e00000, 0x0000000084f00000, 0x0000000084f00000|100%|HC|  |TAMS 0x0000000084f00000| PB 0x0000000084e00000| Complete 
|  35|0x0000000084f00000, 0x0000000085000000, 0x0000000085000000|100%|HC|  |TAMS 0x0000000085000000| PB 0x0000000084f00000| Complete 
|  36|0x0000000085000000, 0x0000000085100000, 0x0000000085100000|100%|HC|  |TAMS 0x0000000085100000| PB 0x0000000085000000| Complete 
|  37|0x0000000085100000, 0x0000000085200000, 0x0000000085200000|100%|HC|  |TAMS 0x0000000085200000| PB 0x0000000085100000| Complete 
|  38|0x0000000085200000, 0x0000000085300000, 0x0000000085300000|100%|HC|  |TAMS 0x0000000085300000| PB 0x0000000085200000| Complete 
|  39|0x0000000085300000, 0x0000000085400000, 0x0000000085400000|100%|HC|  |TAMS 0x0000000085400000| PB 0x0000000085300000| Complete 
|  40|0x0000000085400000, 0x0000000085500000, 0x0000000085500000|100%|HC|  |TAMS 0x0000000085500000| PB 0x0000000085400000| Complete 
|  41|0x0000000085500000, 0x0000000085600000, 0x0000000085600000|100%|HC|  |TAMS 0x0000000085600000| PB 0x0000000085500000| Complete 
|  42|0x0000000085600000, 0x0000000085700000, 0x0000000085700000|100%|HC|  |TAMS 0x0000000085700000| PB 0x0000000085600000| Complete 
|  43|0x0000000085700000, 0x0000000085800000, 0x0000000085800000|100%|HC|  |TAMS 0x0000000085800000| PB 0x0000000085700000| Complete 
|  44|0x0000000085800000, 0x0000000085900000, 0x0000000085900000|100%|HC|  |TAMS 0x0000000085900000| PB 0x0000000085800000| Complete 
|  45|0x0000000085900000, 0x0000000085a00000, 0x0000000085a00000|100%|HC|  |TAMS 0x0000000085a00000| PB 0x0000000085900000| Complete 
|  46|0x0000000085a00000, 0x0000000085b00000, 0x0000000085b00000|100%|HC|  |TAMS 0x0000000085b00000| PB 0x0000000085a00000| Complete 
|  47|0x0000000085b00000, 0x0000000085c00000, 0x0000000085c00000|100%|HC|  |TAMS 0x0000000085c00000| PB 0x0000000085b00000| Complete 
|  48|0x0000000085c00000, 0x0000000085d00000, 0x0000000085d00000|100%|HC|  |TAMS 0x0000000085d00000| PB 0x0000000085c00000| Complete 
|  49|0x0000000085d00000, 0x0000000085e00000, 0x0000000085e00000|100%|HC|  |TAMS 0x0000000085e00000| PB 0x0000000085d00000| Complete 
|  50|0x0000000085e00000, 0x0000000085f00000, 0x0000000085f00000|100%|HC|  |TAMS 0x0000000085f00000| PB 0x0000000085e00000| Complete 
|  51|0x0000000085f00000, 0x0000000086000000, 0x0000000086000000|100%|HC|  |TAMS 0x0000000086000000| PB 0x0000000085f00000| Complete 
|  52|0x0000000086000000, 0x0000000086100000, 0x0000000086100000|100%|HC|  |TAMS 0x0000000086100000| PB 0x0000000086000000| Complete 
|  53|0x0000000086100000, 0x0000000086200000, 0x0000000086200000|100%|HC|  |TAMS 0x0000000086200000| PB 0x0000000086100000| Complete 
|  54|0x0000000086200000, 0x0000000086300000, 0x0000000086300000|100%|HC|  |TAMS 0x0000000086300000| PB 0x0000000086200000| Complete 
|  55|0x0000000086300000, 0x0000000086400000, 0x0000000086400000|100%|HC|  |TAMS 0x0000000086400000| PB 0x0000000086300000| Complete 
|  56|0x0000000086400000, 0x0000000086500000, 0x0000000086500000|100%|HC|  |TAMS 0x0000000086500000| PB 0x0000000086400000| Complete 
|  57|0x0000000086500000, 0x0000000086600000, 0x0000000086600000|100%|HC|  |TAMS 0x0000000086600000| PB 0x0000000086500000| Complete 
|  58|0x0000000086600000, 0x0000000086700000, 0x0000000086700000|100%|HC|  |TAMS 0x0000000086700000| PB 0x0000000086600000| Complete 
|  59|0x0000000086700000, 0x0000000086800000, 0x0000000086800000|100%|HC|  |TAMS 0x0000000086800000| PB 0x0000000086700000| Complete 
|  60|0x0000000086800000, 0x0000000086900000, 0x0000000086900000|100%|HC|  |TAMS 0x0000000086900000| PB 0x0000000086800000| Complete 
|  61|0x0000000086900000, 0x0000000086a00000, 0x0000000086a00000|100%|HC|  |TAMS 0x0000000086a00000| PB 0x0000000086900000| Complete 
|  62|0x0000000086a00000, 0x0000000086b00000, 0x0000000086b00000|100%|HC|  |TAMS 0x0000000086b00000| PB 0x0000000086a00000| Complete 
|  63|0x0000000086b00000, 0x0000000086c00000, 0x0000000086c00000|100%|HC|  |TAMS 0x0000000086c00000| PB 0x0000000086b00000| Complete 
|  64|0x0000000086c00000, 0x0000000086d00000, 0x0000000086d00000|100%|HC|  |TAMS 0x0000000086d00000| PB 0x0000000086c00000| Complete 
|  65|0x0000000086d00000, 0x0000000086e00000, 0x0000000086e00000|100%|HC|  |TAMS 0x0000000086e00000| PB 0x0000000086d00000| Complete 
|  66|0x0000000086e00000, 0x0000000086f00000, 0x0000000086f00000|100%|HC|  |TAMS 0x0000000086f00000| PB 0x0000000086e00000| Complete 
|  67|0x0000000086f00000, 0x0000000087000000, 0x0000000087000000|100%|HC|  |TAMS 0x0000000087000000| PB 0x0000000086f00000| Complete 
|  68|0x0000000087000000, 0x0000000087100000, 0x0000000087100000|100%|HC|  |TAMS 0x0000000087100000| PB 0x0000000087000000| Complete 
|  69|0x0000000087100000, 0x0000000087200000, 0x0000000087200000|100%|HC|  |TAMS 0x0000000087200000| PB 0x0000000087100000| Complete 
|  70|0x0000000087200000, 0x0000000087300000, 0x0000000087300000|100%|HC|  |TAMS 0x0000000087300000| PB 0x0000000087200000| Complete 
|  71|0x0000000087300000, 0x0000000087400000, 0x0000000087400000|100%|HC|  |TAMS 0x0000000087400000| PB 0x0000000087300000| Complete 
|  72|0x0000000087400000, 0x0000000087500000, 0x0000000087500000|100%|HC|  |TAMS 0x0000000087500000| PB 0x0000000087400000| Complete 
|  73|0x0000000087500000, 0x0000000087600000, 0x0000000087600000|100%|HC|  |TAMS 0x0000000087600000| PB 0x0000000087500000| Complete 
|  74|0x0000000087600000, 0x0000000087700000, 0x0000000087700000|100%|HC|  |TAMS 0x0000000087700000| PB 0x0000000087600000| Complete 
|  75|0x0000000087700000, 0x0000000087800000, 0x0000000087800000|100%|HC|  |TAMS 0x0000000087800000| PB 0x0000000087700000| Complete 
|  76|0x0000000087800000, 0x0000000087900000, 0x0000000087900000|100%|HC|  |TAMS 0x0000000087900000| PB 0x0000000087800000| Complete 
|  77|0x0000000087900000, 0x0000000087a00000, 0x0000000087a00000|100%|HC|  |TAMS 0x0000000087a00000| PB 0x0000000087900000| Complete 
|  78|0x0000000087a00000, 0x0000000087b00000, 0x0000000087b00000|100%|HC|  |TAMS 0x0000000087b00000| PB 0x0000000087a00000| Complete 
|  79|0x0000000087b00000, 0x0000000087c00000, 0x0000000087c00000|100%|HC|  |TAMS 0x0000000087c00000| PB 0x0000000087b00000| Complete 
|  80|0x0000000087c00000, 0x0000000087d00000, 0x0000000087d00000|100%|HC|  |TAMS 0x0000000087d00000| PB 0x0000000087c00000| Complete 
|  81|0x0000000087d00000, 0x0000000087e00000, 0x0000000087e00000|100%|HC|  |TAMS 0x0000000087e00000| PB 0x0000000087d00000| Complete 
|  82|0x0000000087e00000, 0x0000000087f00000, 0x0000000087f00000|100%|HC|  |TAMS 0x0000000087f00000| PB 0x0000000087e00000| Complete 
|  83|0x0000000087f00000, 0x0000000087fef600, 0x0000000088000000| 93%| O|  |TAMS 0x0000000087f00000| PB 0x0000000087f00000| Untracked 
|  84|0x0000000088000000, 0x0000000088100000, 0x0000000088100000|100%| S|CS|TAMS 0x0000000088000000| PB 0x0000000088000000| Complete 
|  85|0x0000000088100000, 0x0000000088200000, 0x0000000088200000|100%| S|CS|TAMS 0x0000000088100000| PB 0x0000000088100000| Complete 
|  86|0x0000000088200000, 0x0000000088300000, 0x0000000088300000|100%| S|CS|TAMS 0x0000000088200000| PB 0x0000000088200000| Complete 
|  87|0x0000000088300000, 0x0000000088400000, 0x0000000088400000|100%| S|CS|TAMS 0x0000000088300000| PB 0x0000000088300000| Complete 
|  88|0x0000000088400000, 0x0000000088500000, 0x0000000088500000|100%| S|CS|TAMS 0x0000000088400000| PB 0x0000000088400000| Complete 
|  89|0x0000000088500000, 0x0000000088600000, 0x0000000088600000|100%| S|CS|TAMS 0x0000000088500000| PB 0x0000000088500000| Complete 
|  90|0x0000000088600000, 0x0000000088600000, 0x0000000088700000|  0%| F|  |TAMS 0x0000000088600000| PB 0x0000000088600000| Untracked 
|  91|0x0000000088700000, 0x0000000088700000, 0x0000000088800000|  0%| F|  |TAMS 0x0000000088700000| PB 0x0000000088700000| Untracked 
|  92|0x0000000088800000, 0x0000000088800000, 0x0000000088900000|  0%| F|  |TAMS 0x0000000088800000| PB 0x0000000088800000| Untracked 
|  93|0x0000000088900000, 0x0000000088900000, 0x0000000088a00000|  0%| F|  |TAMS 0x0000000088900000| PB 0x0000000088900000| Untracked 
|  94|0x0000000088a00000, 0x0000000088a00000, 0x0000000088b00000|  0%| F|  |TAMS 0x0000000088a00000| PB 0x0000000088a00000| Untracked 
|  95|0x0000000088b00000, 0x0000000088b00000, 0x0000000088c00000|  0%| F|  |TAMS 0x0000000088b00000| PB 0x0000000088b00000| Untracked 
|  96|0x0000000088c00000, 0x0000000088d00000, 0x0000000088d00000|100%| S|CS|TAMS 0x0000000088c00000| PB 0x0000000088c00000| Complete 
|  97|0x0000000088d00000, 0x0000000088e00000, 0x0000000088e00000|100%| S|CS|TAMS 0x0000000088d00000| PB 0x0000000088d00000| Complete 
|  98|0x0000000088e00000, 0x0000000088e00000, 0x0000000088f00000|  0%| F|  |TAMS 0x0000000088e00000| PB 0x0000000088e00000| Untracked 
|  99|0x0000000088f00000, 0x0000000088f00000, 0x0000000089000000|  0%| F|  |TAMS 0x0000000088f00000| PB 0x0000000088f00000| Untracked 
| 100|0x0000000089000000, 0x0000000089000000, 0x0000000089100000|  0%| F|  |TAMS 0x0000000089000000| PB 0x0000000089000000| Untracked 
| 101|0x0000000089100000, 0x0000000089100000, 0x0000000089200000|  0%| F|  |TAMS 0x0000000089100000| PB 0x0000000089100000| Untracked 
| 102|0x0000000089200000, 0x0000000089200000, 0x0000000089300000|  0%| F|  |TAMS 0x0000000089200000| PB 0x0000000089200000| Untracked 
| 103|0x0000000089300000, 0x0000000089300000, 0x0000000089400000|  0%| F|  |TAMS 0x0000000089300000| PB 0x0000000089300000| Untracked 
| 104|0x0000000089400000, 0x0000000089400000, 0x0000000089500000|  0%| F|  |TAMS 0x0000000089400000| PB 0x0000000089400000| Untracked 
| 105|0x0000000089500000, 0x0000000089500000, 0x0000000089600000|  0%| F|  |TAMS 0x0000000089500000| PB 0x0000000089500000| Untracked 
| 106|0x0000000089600000, 0x0000000089600000, 0x0000000089700000|  0%| F|  |TAMS 0x0000000089600000| PB 0x0000000089600000| Untracked 
| 107|0x0000000089700000, 0x0000000089700000, 0x0000000089800000|  0%| F|  |TAMS 0x0000000089700000| PB 0x0000000089700000| Untracked 
| 108|0x0000000089800000, 0x0000000089800000, 0x0000000089900000|  0%| F|  |TAMS 0x0000000089800000| PB 0x0000000089800000| Untracked 
| 109|0x0000000089900000, 0x0000000089900000, 0x0000000089a00000|  0%| F|  |TAMS 0x0000000089900000| PB 0x0000000089900000| Untracked 
| 110|0x0000000089a00000, 0x0000000089a00000, 0x0000000089b00000|  0%| F|  |TAMS 0x0000000089a00000| PB 0x0000000089a00000| Untracked 
| 111|0x0000000089b00000, 0x0000000089b00000, 0x0000000089c00000|  0%| F|  |TAMS 0x0000000089b00000| PB 0x0000000089b00000| Untracked 
| 112|0x0000000089c00000, 0x0000000089c00000, 0x0000000089d00000|  0%| F|  |TAMS 0x0000000089c00000| PB 0x0000000089c00000| Untracked 
| 113|0x0000000089d00000, 0x0000000089d00000, 0x0000000089e00000|  0%| F|  |TAMS 0x0000000089d00000| PB 0x0000000089d00000| Untracked 
| 114|0x0000000089e00000, 0x0000000089e00000, 0x0000000089f00000|  0%| F|  |TAMS 0x0000000089e00000| PB 0x0000000089e00000| Untracked 
| 115|0x0000000089f00000, 0x0000000089f00000, 0x000000008a000000|  0%| F|  |TAMS 0x0000000089f00000| PB 0x0000000089f00000| Untracked 
| 116|0x000000008a000000, 0x000000008a000000, 0x000000008a100000|  0%| F|  |TAMS 0x000000008a000000| PB 0x000000008a000000| Untracked 
| 117|0x000000008a100000, 0x000000008a100000, 0x000000008a200000|  0%| F|  |TAMS 0x000000008a100000| PB 0x000000008a100000| Untracked 
| 118|0x000000008a200000, 0x000000008a200000, 0x000000008a300000|  0%| F|  |TAMS 0x000000008a200000| PB 0x000000008a200000| Untracked 
| 119|0x000000008a300000, 0x000000008a300000, 0x000000008a400000|  0%| F|  |TAMS 0x000000008a300000| PB 0x000000008a300000| Untracked 
| 120|0x000000008a400000, 0x000000008a400000, 0x000000008a500000|  0%| F|  |TAMS 0x000000008a400000| PB 0x000000008a400000| Untracked 
| 121|0x000000008a500000, 0x000000008a500000, 0x000000008a600000|  0%| F|  |TAMS 0x000000008a500000| PB 0x000000008a500000| Untracked 
| 122|0x000000008a600000, 0x000000008a600000, 0x000000008a700000|  0%| F|  |TAMS 0x000000008a600000| PB 0x000000008a600000| Untracked 
| 123|0x000000008a700000, 0x000000008a700000, 0x000000008a800000|  0%| F|  |TAMS 0x000000008a700000| PB 0x000000008a700000| Untracked 
| 124|0x000000008a800000, 0x000000008a8938a8, 0x000000008a900000| 57%| E|  |TAMS 0x000000008a800000| PB 0x000000008a800000| Complete 
| 125|0x000000008a900000, 0x000000008aa00000, 0x000000008aa00000|100%| E|CS|TAMS 0x000000008a900000| PB 0x000000008a900000| Complete 

Card table byte_map: [0x000002006bc10000,0x000002006c000000] _byte_map_base: 0x000002006b7fa000

Marking Bits: (CMBitMap*) 0x00000200547b20a0
 Bits: [0x000002006c3f0000, 0x000002006e340000)

Polling page: 0x0000020053f20000

Metaspace:

Usage:
  Non-class:     17.71 MB used.
      Class:      3.00 MB used.
       Both:     20.71 MB used.

Virtual space:
  Non-class space:       64.00 MB reserved,      17.88 MB ( 28%) committed,  1 nodes.
      Class space:        1.00 GB reserved,       3.19 MB ( <1%) committed,  1 nodes.
             Both:        1.06 GB reserved,      21.06 MB (  2%) committed. 

Chunk freelists:
   Non-Class:  2.09 MB
       Class:  736.00 KB
        Both:  2.81 MB

MaxMetaspaceSize: unlimited
CompressedClassSpaceSize: 1.00 GB
Initial GC threshold: 21.00 MB
Current GC threshold: 21.31 MB
CDS: on
MetaspaceReclaimPolicy: balanced
 - commit_granule_bytes: 65536.
 - commit_granule_words: 8192.
 - virtual_space_node_default_size: 8388608.
 - enlarge_chunks_in_place: 1.
 - new_chunks_are_fully_committed: 0.
 - uncommit_free_chunks: 1.
 - use_allocation_guard: 0.


Internal statistics:

num_allocs_failed_limit: 3.
num_arena_births: 338.
num_arena_deaths: 0.
num_vsnodes_births: 2.
num_vsnodes_deaths: 0.
num_space_committed: 337.
num_space_uncommitted: 0.
num_chunks_returned_to_freelist: 3.
num_chunks_taken_from_freelist: 979.
num_chunk_merges: 0.
num_chunk_splits: 690.
num_chunks_enlarged: 525.
num_inconsistent_stats: 0.

CodeHeap 'non-profiled nmethods': size=120000Kb used=1200Kb max_used=1200Kb free=118799Kb
 bounds [0x00000200642f0000, 0x0000020064560000, 0x000002006b820000]
CodeHeap 'profiled nmethods': size=120000Kb used=6052Kb max_used=6052Kb free=113947Kb
 bounds [0x000002005c820000, 0x000002005ce10000, 0x0000020063d50000]
CodeHeap 'non-nmethods': size=5760Kb used=1945Kb max_used=1981Kb free=3814Kb
 bounds [0x0000020063d50000, 0x0000020063fc0000, 0x00000200642f0000]
 total_blobs=4084 nmethods=3194 adapters=799
 compilation: enabled
              stopped_count=0, restarted_count=0
 full_count=0

Compilation events (20 events):
Event: 12.310 Thread 0x00000200708017d0 3190       3       java.lang.invoke.DirectMethodHandle$Holder::invokeSpecial (15 bytes)
Event: 12.310 Thread 0x00000200708017d0 nmethod 3190 0x000002005ce06f10 code [0x000002005ce070c0, 0x000002005ce075e8]
Event: 12.310 Thread 0x00000200708017d0 3189       1       sun.util.calendar.CalendarDate::setTimeOfDay (6 bytes)
Event: 12.310 Thread 0x00000200708017d0 nmethod 3189 0x000002006441b990 code [0x000002006441bb00, 0x000002006441bbc8]
Event: 12.310 Thread 0x00000200707fd6a0 3191 %     4       java.util.Arrays::hashCode @ 16 (44 bytes)
Event: 12.311 Thread 0x00000200708017d0 3192       1       sun.security.util.KnownOIDs::stdName (5 bytes)
Event: 12.311 Thread 0x00000200708017d0 nmethod 3192 0x000002006441bc90 code [0x000002006441be00, 0x000002006441bec8]
Event: 12.311 Thread 0x00000200708017d0 3193       3       sun.security.util.DerValue::isContextSpecific (26 bytes)
Event: 12.311 Thread 0x00000200708017d0 nmethod 3193 0x000002005ce07710 code [0x000002005ce078a0, 0x000002005ce07b50]
Event: 12.311 Thread 0x00000200708017d0 3194       3       java.lang.reflect.Executable::<init> (5 bytes)
Event: 12.311 Thread 0x00000200708017d0 nmethod 3194 0x000002005ce07c10 code [0x000002005ce07da0, 0x000002005ce07f68]
Event: 12.311 Thread 0x00000200708017d0 3195       3       sun.security.util.DerInputStream::getSequence (11 bytes)
Event: 12.311 Thread 0x00000200708017d0 nmethod 3195 0x000002005ce08090 code [0x000002005ce08240, 0x000002005ce083e8]
Event: 12.311 Thread 0x00000200708017d0 3196       3       java.math.BigInteger::stripLeadingZeroBytes (141 bytes)
Event: 12.311 Thread 0x00000200708017d0 nmethod 3196 0x000002005ce08510 code [0x000002005ce086e0, 0x000002005ce08c50]
Event: 12.312 Thread 0x00000200708017d0 3197       3       java.lang.invoke.DelegatingMethodHandle::whichKind (44 bytes)
Event: 12.312 Thread 0x00000200708017d0 nmethod 3197 0x000002005ce08f10 code [0x000002005ce090a0, 0x000002005ce09280]
Event: 12.312 Thread 0x000002007a4d18f0 3198       4       sun.security.util.DerInputStream::<init> (38 bytes)
Event: 12.312 Thread 0x00000200708017d0 3199       1       sun.security.x509.Extension::getExtensionId (5 bytes)
Event: 12.312 Thread 0x00000200708017d0 nmethod 3199 0x000002006441bf90 code [0x000002006441c100, 0x000002006441c1c8]

GC Heap History (8 events):
Event: 0.476 GC heap before
{Heap before GC invocations=0 (full 0):
 garbage-first heap   total 129024K, used 12288K [0x0000000082c00000, 0x0000000100000000)
  region size 1024K, 13 young (13312K), 0 survivors (0K)
 Metaspace       used 1637K, committed 1728K, reserved 1114112K
  class space    used 164K, committed 192K, reserved 1048576K
}
Event: 0.480 GC heap after
{Heap after GC invocations=1 (full 0):
 garbage-first heap   total 129024K, used 2159K [0x0000000082c00000, 0x0000000100000000)
  region size 1024K, 2 young (2048K), 2 survivors (2048K)
 Metaspace       used 1637K, committed 1728K, reserved 1114112K
  class space    used 164K, committed 192K, reserved 1048576K
}
Event: 1.252 GC heap before
{Heap before GC invocations=1 (full 0):
 garbage-first heap   total 129024K, used 19567K [0x0000000082c00000, 0x0000000100000000)
  region size 1024K, 20 young (20480K), 2 survivors (2048K)
 Metaspace       used 7027K, committed 7296K, reserved 1114112K
  class space    used 857K, committed 960K, reserved 1048576K
}
Event: 1.257 GC heap after
{Heap after GC invocations=2 (full 0):
 garbage-first heap   total 129024K, used 5324K [0x0000000082c00000, 0x0000000100000000)
  region size 1024K, 3 young (3072K), 3 survivors (3072K)
 Metaspace       used 7027K, committed 7296K, reserved 1114112K
  class space    used 857K, committed 960K, reserved 1048576K
}
Event: 3.917 GC heap before
{Heap before GC invocations=2 (full 0):
 garbage-first heap   total 129024K, used 41164K [0x0000000082c00000, 0x0000000100000000)
  region size 1024K, 30 young (30720K), 3 survivors (3072K)
 Metaspace       used 14010K, committed 14272K, reserved 1114112K
  class space    used 2048K, committed 2176K, reserved 1048576K
}
Event: 3.923 GC heap after
{Heap after GC invocations=3 (full 0):
 garbage-first heap   total 129024K, used 17561K [0x0000000082c00000, 0x0000000100000000)
  region size 1024K, 6 young (6144K), 6 survivors (6144K)
 Metaspace       used 14010K, committed 14272K, reserved 1114112K
  class space    used 2048K, committed 2176K, reserved 1048576K
}
Event: 12.288 GC heap before
{Heap before GC invocations=3 (full 0):
 garbage-first heap   total 129024K, used 116889K [0x0000000082c00000, 0x0000000100000000)
  region size 1024K, 34 young (34816K), 6 survivors (6144K)
 Metaspace       used 21184K, committed 21504K, reserved 1114112K
  class space    used 3073K, committed 3200K, reserved 1048576K
}
Event: 12.300 GC heap after
{Heap after GC invocations=4 (full 0):
 garbage-first heap   total 129024K, used 94141K [0x0000000082c00000, 0x0000000100000000)
  region size 1024K, 8 young (8192K), 8 survivors (8192K)
 Metaspace       used 21184K, committed 21504K, reserved 1114112K
  class space    used 3073K, committed 3200K, reserved 1048576K
}

Dll operation events (20 events):
Event: 0.738 Loaded shared library C:\Users\Aarya\.openjfx\cache\16+8\amd64\api-ms-win-crt-private-l1-1-0.dll
Event: 0.743 Loaded shared library C:\Users\Aarya\.openjfx\cache\16+8\amd64\api-ms-win-crt-process-l1-1-0.dll
Event: 0.748 Loaded shared library C:\Users\Aarya\.openjfx\cache\16+8\amd64\api-ms-win-crt-runtime-l1-1-0.dll
Event: 0.752 Loaded shared library C:\Users\Aarya\.openjfx\cache\16+8\amd64\api-ms-win-crt-stdio-l1-1-0.dll
Event: 0.757 Loaded shared library C:\Users\Aarya\.openjfx\cache\16+8\amd64\api-ms-win-crt-string-l1-1-0.dll
Event: 0.761 Loaded shared library C:\Users\Aarya\.openjfx\cache\16+8\amd64\api-ms-win-crt-time-l1-1-0.dll
Event: 0.767 Loaded shared library C:\Users\Aarya\.openjfx\cache\16+8\amd64\api-ms-win-crt-utility-l1-1-0.dll
Event: 0.788 Loaded shared library C:\Users\Aarya\.openjfx\cache\16+8\amd64\ucrtbase.dll
Event: 0.794 Loaded shared library C:\Users\Aarya\.openjfx\cache\16+8\amd64\vcruntime140.dll
Event: 0.799 Loaded shared library C:\Users\Aarya\.openjfx\cache\16+8\amd64\vcruntime140_1.dll
Event: 0.811 Loaded shared library C:\Users\Aarya\.openjfx\cache\16+8\amd64\msvcp140.dll
Event: 0.816 Loaded shared library C:\Users\Aarya\.openjfx\cache\16+8\amd64\msvcp140_1.dll
Event: 0.824 Loaded shared library C:\Users\Aarya\.openjfx\cache\16+8\amd64\msvcp140_2.dll
Event: 0.886 Loaded shared library C:\Users\Aarya\.openjfx\cache\16+8\amd64\prism_d3d.dll
Event: 0.937 Loaded shared library C:\Users\Aarya\.openjfx\cache\16+8\amd64\glass.dll
Event: 0.978 Loaded shared library C:\Users\Aarya\.jdks\openjdk-20.0.2\bin\jimage.dll
Event: 1.220 Loaded shared library C:\Users\Aarya\.openjfx\cache\16+8\amd64\javafx_font.dll
Event: 1.530 Loaded shared library C:\Users\Aarya\.openjfx\cache\16+8\amd64\javafx_iio.dll
Event: 11.778 Loaded shared library C:\Users\Aarya\.jdks\openjdk-20.0.2\bin\verify.dll
Event: 12.047 Loaded shared library C:\Users\Aarya\.jdks\openjdk-20.0.2\bin\sunmscapi.dll

Deoptimization events (20 events):
Event: 12.079 Thread 0x0000020075582cb0 Uncommon trap: trap_request=0xffffffc6 fr.pc=0x00000200643dd634 relative=0x00000000000007d4
Event: 12.079 Thread 0x0000020075582cb0 Uncommon trap: reason=bimorphic_or_optimized_type_check action=maybe_recompile pc=0x00000200643dd634 method=java.util.regex.Pattern$Start.match(Ljava/util/regex/Matcher;ILjava/lang/CharSequence;)Z @ 44 c2
Event: 12.079 Thread 0x0000020075582cb0 DEOPT PACKING pc=0x00000200643dd634 sp=0x0000008965bfcbf0
Event: 12.079 Thread 0x0000020075582cb0 DEOPT UNPACKING pc=0x0000020063db9d22 sp=0x0000008965bfcb30 mode 2
Event: 12.102 Thread 0x0000020075678fc0 Uncommon trap: trap_request=0xffffffde fr.pc=0x000002006437a174 relative=0x0000000000001d74
Event: 12.102 Thread 0x0000020075678fc0 Uncommon trap: reason=class_check action=maybe_recompile pc=0x000002006437a174 method=java.util.zip.InflaterInputStream.read([BII)I @ 78 c2
Event: 12.102 Thread 0x0000020075678fc0 DEOPT PACKING pc=0x000002006437a174 sp=0x0000008964cfce00
Event: 12.102 Thread 0x0000020075678fc0 DEOPT UNPACKING pc=0x0000020063db9d22 sp=0x0000008964cfce60 mode 2
Event: 12.102 Thread 0x0000020075678fc0 Uncommon trap: trap_request=0xffffffde fr.pc=0x000002006437a174 relative=0x0000000000001d74
Event: 12.102 Thread 0x0000020075678fc0 Uncommon trap: reason=class_check action=maybe_recompile pc=0x000002006437a174 method=java.util.zip.InflaterInputStream.read([BII)I @ 78 c2
Event: 12.102 Thread 0x0000020075678fc0 DEOPT PACKING pc=0x000002006437a174 sp=0x0000008964cfcbd0
Event: 12.102 Thread 0x0000020075678fc0 DEOPT UNPACKING pc=0x0000020063db9d22 sp=0x0000008964cfcc10 mode 2
Event: 12.102 Thread 0x0000020075678fc0 Uncommon trap: trap_request=0xffffffde fr.pc=0x000002006437a174 relative=0x0000000000001d74
Event: 12.102 Thread 0x0000020075678fc0 Uncommon trap: reason=class_check action=maybe_recompile pc=0x000002006437a174 method=java.util.zip.InflaterInputStream.read([BII)I @ 78 c2
Event: 12.102 Thread 0x0000020075678fc0 DEOPT PACKING pc=0x000002006437a174 sp=0x0000008964cfcbd0
Event: 12.102 Thread 0x0000020075678fc0 DEOPT UNPACKING pc=0x0000020063db9d22 sp=0x0000008964cfcc10 mode 2
Event: 12.102 Thread 0x0000020075678fc0 Uncommon trap: trap_request=0xffffffde fr.pc=0x000002006437a174 relative=0x0000000000001d74
Event: 12.102 Thread 0x0000020075678fc0 Uncommon trap: reason=class_check action=maybe_recompile pc=0x000002006437a174 method=java.util.zip.InflaterInputStream.read([BII)I @ 78 c2
Event: 12.102 Thread 0x0000020075678fc0 DEOPT PACKING pc=0x000002006437a174 sp=0x0000008964cfcbd0
Event: 12.102 Thread 0x0000020075678fc0 DEOPT UNPACKING pc=0x0000020063db9d22 sp=0x0000008964cfcc10 mode 2

Classes loaded (20 events):
Event: 12.285 Loading class sun/security/x509/DistributionPoint
Event: 12.286 Loading class sun/security/x509/DistributionPoint done
Event: 12.286 Loading class sun/security/x509/URIName
Event: 12.286 Loading class sun/security/x509/URIName done
Event: 12.286 Loading class sun/security/x509/DNSName
Event: 12.286 Loading class sun/security/x509/DNSName done
Event: 12.287 Loading class sun/security/x509/NetscapeCertTypeExtension
Event: 12.287 Loading class sun/security/x509/NetscapeCertTypeExtension done
Event: 12.287 Loading class sun/security/x509/NetscapeCertTypeExtension$MapEntry
Event: 12.287 Loading class sun/security/x509/NetscapeCertTypeExtension$MapEntry done
Event: 12.287 Loading class sun/security/x509/SubjectAlternativeNameExtension
Event: 12.287 Loading class sun/security/x509/SubjectAlternativeNameExtension done
Event: 12.287 Loading class sun/security/x509/RFC822Name
Event: 12.287 Loading class sun/security/x509/RFC822Name done
Event: 12.288 Loading class sun/security/x509/IssuerAlternativeNameExtension
Event: 12.300 Loading class sun/security/x509/IssuerAlternativeNameExtension done
Event: 12.311 Loading class sun/security/x509/PrivateKeyUsageExtension
Event: 12.311 Loading class sun/security/x509/PrivateKeyUsageExtension done
Event: 12.311 Loading class java/security/cert/CertificateException
Event: 12.312 Loading class java/security/cert/CertificateException done

Classes unloaded (0 events):
No events

Classes redefined (0 events):
No events

Internal exceptions (20 events):
Event: 1.940 Thread 0x0000020075678fc0 Exception <a 'java/lang/NoSuchMethodError'{0x00000000891a7658}: 'java.lang.Object java.lang.invoke.DirectMethodHandle$Holder.newInvokeSpecial(java.lang.Object, java.lang.Object, int)'> (0x00000000891a7658) 
thrown [s\open\src\hotspot\share\interpreter\linkResolver.cpp, line 773]
Event: 2.026 Thread 0x000002007558c200 Exception <a 'java/lang/NoSuchMethodError'{0x0000000089053278}: 'int java.lang.invoke.DirectMethodHandle$Holder.invokeStaticInit(java.lang.Object, java.lang.Object)'> (0x0000000089053278) 
thrown [s\open\src\hotspot\share\interpreter\linkResolver.cpp, line 773]
Event: 2.053 Thread 0x0000020075678fc0 Exception <a 'java/lang/NoSuchMethodError'{0x000000008909f7b8}: 'long java.lang.invoke.DirectMethodHandle$Holder.invokeStatic(java.lang.Object, java.lang.Object, java.lang.Object)'> (0x000000008909f7b8) 
thrown [s\open\src\hotspot\share\interpreter\linkResolver.cpp, line 773]
Event: 2.053 Thread 0x0000020075678fc0 Exception <a 'java/lang/NoSuchMethodError'{0x00000000890a2b88}: 'long java.lang.invoke.DirectMethodHandle$Holder.invokeStaticInit(java.lang.Object, java.lang.Object, java.lang.Object)'> (0x00000000890a2b88) 
thrown [s\open\src\hotspot\share\interpreter\linkResolver.cpp, line 773]
Event: 2.057 Thread 0x0000020075678fc0 Exception <a 'java/lang/NoSuchMethodError'{0x00000000890f0450}: 'java.lang.Object java.lang.invoke.DirectMethodHandle$Holder.newInvokeSpecial(java.lang.Object, java.lang.Object, long)'> (0x00000000890f0450) 
thrown [s\open\src\hotspot\share\interpreter\linkResolver.cpp, line 773]
Event: 2.058 Thread 0x0000020075678fc0 Exception <a 'java/lang/NoSuchMethodError'{0x00000000890f3d48}: 'java.lang.Object java.lang.invoke.Invokers$Holder.linkToTargetMethod(java.lang.Object, long, java.lang.Object)'> (0x00000000890f3d48) 
thrown [s\open\src\hotspot\share\interpreter\linkResolver.cpp, line 773]
Event: 11.814 Thread 0x0000020075678fc0 Exception <a 'java/lang/ClassNotFoundException'{0x0000000089efe300}: javax/smartcardio/CardPermission> (0x0000000089efe300) 
thrown [s\open\src\hotspot\share\classfile\systemDictionary.cpp, line 305]
Event: 11.818 Thread 0x0000020075678fc0 Exception <a 'java/io/FileNotFoundException'{0x0000000089d0cba0}> (0x0000000089d0cba0) 
thrown [s\open\src\hotspot\share\prims\jni.cpp, line 519]
Event: 11.824 Thread 0x0000020075678fc0 Exception <a 'sun/nio/fs/WindowsException'{0x0000000089d11a78}> (0x0000000089d11a78) 
thrown [s\open\src\hotspot\share\prims\jni.cpp, line 519]
Event: 11.826 Thread 0x0000020075678fc0 Exception <a 'sun/nio/fs/WindowsException'{0x0000000089d19fd0}> (0x0000000089d19fd0) 
thrown [s\open\src\hotspot\share\prims\jni.cpp, line 519]
Event: 11.827 Thread 0x0000020075678fc0 Exception <a 'sun/nio/fs/WindowsException'{0x0000000089d1ad08}> (0x0000000089d1ad08) 
thrown [s\open\src\hotspot\share\prims\jni.cpp, line 519]
Event: 11.828 Thread 0x0000020075678fc0 Exception <a 'sun/nio/fs/WindowsException'{0x0000000089d24de0}> (0x0000000089d24de0) 
thrown [s\open\src\hotspot\share\prims\jni.cpp, line 519]
Event: 11.906 Thread 0x0000020075678fc0 Exception <a 'java/lang/NoSuchMethodError'{0x0000000089a3fcb0}: 'java.lang.Object java.lang.invoke.DirectMethodHandle$Holder.invokeStatic(java.lang.Object, java.lang.Object, java.lang.Object, java.lang.Object, int, java.lang.Object, java.lang.Object)'> (0x0000000089a3fcb0) 
thrown [s\open\src\hotspot\share\interpreter\linkResolver.cpp, line 773]
Event: 11.907 Thread 0x0000020075678fc0 Exception <a 'java/lang/NoSuchMethodError'{0x0000000089a48450}: 'java.lang.Object java.lang.invoke.DirectMethodHandle$Holder.newInvokeSpecial(java.lang.Object, java.lang.Object, java.lang.Object, java.lang.Object, int, java.lang.Object)'> (0x0000000089a48450) 
thrown [s\open\src\hotspot\share\interpreter\linkResolver.cpp, line 773]
Event: 11.907 Thread 0x0000020075678fc0 Exception <a 'java/lang/NoSuchMethodError'{0x0000000089a4c498}: 'java.lang.Object java.lang.invoke.DirectMethodHandle$Holder.invokeSpecial(java.lang.Object, java.lang.Object, java.lang.Object, java.lang.Object, java.lang.Object, int, java.lang.Object)'> (0x0000000089a4c498) 
thrown [s\open\src\hotspot\share\interpreter\linkResolver.cpp, line 773]
Event: 11.916 Thread 0x0000020075678fc0 Exception <a 'java/lang/NoSuchMethodError'{0x00000000899656c8}: 'void java.lang.invoke.DirectMethodHandle$Holder.invokeSpecial(java.lang.Object, java.lang.Object, int)'> (0x00000000899656c8) 
thrown [s\open\src\hotspot\share\interpreter\linkResolver.cpp, line 773]
Event: 11.928 Thread 0x0000020075678fc0 Exception <a 'java/lang/NoSuchMethodError'{0x00000000899d7a10}: 'double java.lang.invoke.DirectMethodHandle$Holder.invokeVirtual(java.lang.Object, java.lang.Object)'> (0x00000000899d7a10) 
thrown [s\open\src\hotspot\share\interpreter\linkResolver.cpp, line 773]
Event: 11.951 Thread 0x0000020075678fc0 Exception <a 'java/lang/NoSuchMethodError'{0x00000000898f3518}: 'void java.lang.invoke.DirectMethodHandle$Holder.invokeStatic(java.lang.Object, java.lang.Object, java.lang.Object, int)'> (0x00000000898f3518) 
thrown [s\open\src\hotspot\share\interpreter\linkResolver.cpp, line 773]
Event: 12.034 Thread 0x0000020075582cb0 Exception <a 'sun/nio/fs/WindowsException'{0x00000000894d0f70}> (0x00000000894d0f70) 
thrown [s\open\src\hotspot\share\prims\jni.cpp, line 519]
Event: 12.097 Thread 0x0000020075582cb0 Exception <a 'sun/nio/fs/WindowsException'{0x00000000892a2f30}> (0x00000000892a2f30) 
thrown [s\open\src\hotspot\share\prims\jni.cpp, line 519]

VM Operations (20 events):
Event: 11.955 Executing VM operation: HandshakeAllThreads done
Event: 11.956 Executing VM operation: HandshakeAllThreads
Event: 11.956 Executing VM operation: HandshakeAllThreads done
Event: 12.019 Executing VM operation: HandshakeAllThreads
Event: 12.019 Executing VM operation: HandshakeAllThreads done
Event: 12.036 Executing VM operation: HandshakeAllThreads
Event: 12.036 Executing VM operation: HandshakeAllThreads done
Event: 12.053 Executing VM operation: HandshakeAllThreads
Event: 12.053 Executing VM operation: HandshakeAllThreads done
Event: 12.101 Executing VM operation: HandshakeAllThreads
Event: 12.101 Executing VM operation: HandshakeAllThreads done
Event: 12.127 Executing VM operation: ICBufferFull
Event: 12.128 Executing VM operation: ICBufferFull done
Event: 12.200 Executing VM operation: HandshakeAllThreads
Event: 12.200 Executing VM operation: HandshakeAllThreads done
Event: 12.247 Executing VM operation: HandshakeAllThreads
Event: 12.247 Executing VM operation: HandshakeAllThreads done
Event: 12.288 Executing VM operation: CollectForMetadataAllocation
Event: 12.300 Executing VM operation: CollectForMetadataAllocation done
Event: 12.312 Executing VM operation: G1PauseRemark

Events (20 events):
Event: 0.073 Thread 0x00000200708017d0 Thread added: 0x00000200708017d0
Event: 0.127 Thread 0x00000200707bfcf0 Thread added: 0x00000200707bfcf0
Event: 0.216 Thread 0x0000020074d7cd40 Thread added: 0x0000020074d7cd40
Event: 0.434 Thread 0x0000020074fca920 Thread added: 0x0000020074fca920
Event: 0.434 Thread 0x000002007513db80 Thread added: 0x000002007513db80
Event: 0.872 Thread 0x000002007558c200 Thread added: 0x000002007558c200
Event: 0.937 Thread 0x0000020074d7cd40 Thread exited: 0x0000020074d7cd40
Event: 0.939 Thread 0x000002007560b3b0 Thread added: 0x000002007560b3b0
Event: 0.945 Thread 0x0000020075678fc0 Thread added: 0x0000020075678fc0
Event: 0.987 Thread 0x000002007571eb40 Thread added: 0x000002007571eb40
Event: 1.079 Thread 0x0000020079e99590 Thread added: 0x0000020079e99590
Event: 1.113 Thread 0x0000020079dff880 Thread added: 0x0000020079dff880
Event: 1.258 Thread 0x0000020075580230 Thread added: 0x0000020075580230
Event: 1.707 Thread 0x000002007571eb40 Thread exited: 0x000002007571eb40
Event: 1.915 Thread 0x0000020079f9a8f0 Thread added: 0x0000020079f9a8f0
Event: 2.180 Thread 0x0000020075580780 Thread added: 0x0000020075580780
Event: 2.229 Thread 0x0000020079f9a8f0 Thread exited: 0x0000020079f9a8f0
Event: 11.650 Thread 0x000002007a4d18f0 Thread added: 0x000002007a4d18f0
Event: 12.019 Thread 0x0000020075582cb0 Thread added: 0x0000020075582cb0
Event: 12.020 Thread 0x0000020075583200 Thread added: 0x0000020075583200


Dynamic libraries:
0x00007ff6854a0000 - 0x00007ff6854ae000 	C:\Users\Aarya\.jdks\openjdk-20.0.2\bin\java.exe
0x00007ff91f560000 - 0x00007ff91f769000 	C:\WINDOWS\SYSTEM32\ntdll.dll
0x00007ff91d5e0000 - 0x00007ff91d69d000 	C:\WINDOWS\System32\KERNEL32.DLL
0x00007ff91cab0000 - 0x00007ff91ce34000 	C:\WINDOWS\System32\KERNELBASE.dll
0x00007ff91d290000 - 0x00007ff91d3a1000 	C:\WINDOWS\System32\ucrtbase.dll
0x00007ff90e430000 - 0x00007ff90e447000 	C:\Users\Aarya\.jdks\openjdk-20.0.2\bin\jli.dll
0x00007ff91e9f0000 - 0x00007ff91eb9d000 	C:\WINDOWS\System32\USER32.dll
0x00007ff90e670000 - 0x00007ff90e68b000 	C:\Users\Aarya\.jdks\openjdk-20.0.2\bin\VCRUNTIME140.dll
0x00007ff91cec0000 - 0x00007ff91cee6000 	C:\WINDOWS\System32\win32u.dll
0x00007ff91eee0000 - 0x00007ff91ef0a000 	C:\WINDOWS\System32\GDI32.dll
0x00007ff91cf90000 - 0x00007ff91d0ae000 	C:\WINDOWS\System32\gdi32full.dll
0x00007ff91cef0000 - 0x00007ff91cf8d000 	C:\WINDOWS\System32\msvcp_win.dll
0x00007ff9037f0000 - 0x00007ff903a95000 	C:\WINDOWS\WinSxS\amd64_microsoft.windows.common-controls_6595b64144ccf1df_6.0.22000.120_none_9d947278b86cc467\COMCTL32.dll
0x00007ff91f470000 - 0x00007ff91f513000 	C:\WINDOWS\System32\msvcrt.dll
0x00007ff91ec60000 - 0x00007ff91ec91000 	C:\WINDOWS\System32\IMM32.DLL
0x00007ff913d60000 - 0x00007ff913d6c000 	C:\Users\Aarya\.jdks\openjdk-20.0.2\bin\vcruntime140_1.dll
0x00007ff8e25e0000 - 0x00007ff8e266e000 	C:\Users\Aarya\.jdks\openjdk-20.0.2\bin\msvcp140.dll
0x00007ff8c1ab0000 - 0x00007ff8c2748000 	C:\Users\Aarya\.jdks\openjdk-20.0.2\bin\server\jvm.dll
0x00007ff91ef10000 - 0x00007ff91efbe000 	C:\WINDOWS\System32\ADVAPI32.dll
0x00007ff91ebc0000 - 0x00007ff91ec5e000 	C:\WINDOWS\System32\sechost.dll
0x00007ff91f340000 - 0x00007ff91f461000 	C:\WINDOWS\System32\RPCRT4.dll
0x00007ff8eba40000 - 0x00007ff8eba49000 	C:\WINDOWS\SYSTEM32\WSOCK32.dll
0x00007ff91dc00000 - 0x00007ff91dc6f000 	C:\WINDOWS\System32\WS2_32.dll
0x00007ff9158b0000 - 0x00007ff9158e3000 	C:\WINDOWS\SYSTEM32\WINMM.dll
0x00007ff915d20000 - 0x00007ff915d2a000 	C:\WINDOWS\SYSTEM32\VERSION.dll
0x00007ff91ba20000 - 0x00007ff91ba38000 	C:\WINDOWS\SYSTEM32\kernel.appcore.dll
0x00007ff90e7e0000 - 0x00007ff90e7ea000 	C:\Users\Aarya\.jdks\openjdk-20.0.2\bin\jimage.dll
0x00007ff91a3a0000 - 0x00007ff91a5c1000 	C:\WINDOWS\SYSTEM32\DBGHELP.DLL
0x00007ff8ff040000 - 0x00007ff8ff071000 	C:\WINDOWS\SYSTEM32\dbgcore.DLL
0x00007ff91ce40000 - 0x00007ff91cebf000 	C:\WINDOWS\System32\bcryptPrimitives.dll
0x00007ff918e90000 - 0x00007ff918e9e000 	C:\Users\Aarya\.jdks\openjdk-20.0.2\bin\instrument.dll
0x00007ff9087e0000 - 0x00007ff908806000 	C:\Users\Aarya\.jdks\openjdk-20.0.2\bin\java.dll
0x00007ff8e2390000 - 0x00007ff8e2467000 	C:\Users\Aarya\.jdks\openjdk-20.0.2\bin\jsvml.dll
0x00007ff91e220000 - 0x00007ff91e9e5000 	C:\WINDOWS\System32\SHELL32.dll
0x00007ff91aa80000 - 0x00007ff91b2e2000 	C:\WINDOWS\SYSTEM32\windows.storage.dll
0x00007ff91efc0000 - 0x00007ff91f336000 	C:\WINDOWS\System32\combase.dll
0x00007ff91a910000 - 0x00007ff91aa77000 	C:\WINDOWS\SYSTEM32\wintypes.dll
0x00007ff91dd40000 - 0x00007ff91de2a000 	C:\WINDOWS\System32\SHCORE.dll
0x00007ff91dc70000 - 0x00007ff91dccd000 	C:\WINDOWS\System32\shlwapi.dll
0x00007ff91c920000 - 0x00007ff91c945000 	C:\WINDOWS\SYSTEM32\profapi.dll
0x00007ff909720000 - 0x00007ff909733000 	C:\Users\Aarya\.jdks\openjdk-20.0.2\bin\net.dll
0x00007ff9164c0000 - 0x00007ff9165d4000 	C:\WINDOWS\SYSTEM32\WINHTTP.dll
0x00007ff91bfc0000 - 0x00007ff91c027000 	C:\WINDOWS\system32\mswsock.dll
0x00007ff908770000 - 0x00007ff908786000 	C:\Users\Aarya\.jdks\openjdk-20.0.2\bin\nio.dll
0x00007ff908670000 - 0x00007ff908688000 	C:\Users\Aarya\.jdks\openjdk-20.0.2\bin\zip.dll
0x00007ff917fa0000 - 0x00007ff917fba000 	C:\Users\Aarya\AppData\Local\JetBrains\IntelliJ IDEA 2023.2.4\bin\breakgen64.dll
0x0000020054700000 - 0x0000020054703000 	C:\Users\Aarya\.openjfx\cache\16+8\amd64\api-ms-win-core-console-l1-1-0.dll
0x0000020054710000 - 0x0000020054713000 	C:\Users\Aarya\.openjfx\cache\16+8\amd64\api-ms-win-core-console-l1-2-0.dll
0x0000020070970000 - 0x0000020070973000 	C:\Users\Aarya\.openjfx\cache\16+8\amd64\api-ms-win-core-datetime-l1-1-0.dll
0x0000020070980000 - 0x0000020070983000 	C:\Users\Aarya\.openjfx\cache\16+8\amd64\api-ms-win-core-debug-l1-1-0.dll
0x0000020070990000 - 0x0000020070993000 	C:\Users\Aarya\.openjfx\cache\16+8\amd64\api-ms-win-core-errorhandling-l1-1-0.dll
0x00000200709a0000 - 0x00000200709a4000 	C:\Users\Aarya\.openjfx\cache\16+8\amd64\api-ms-win-core-file-l1-1-0.dll
0x00000200709b0000 - 0x00000200709b3000 	C:\Users\Aarya\.openjfx\cache\16+8\amd64\api-ms-win-core-file-l1-2-0.dll
0x00000200709c0000 - 0x00000200709c3000 	C:\Users\Aarya\.openjfx\cache\16+8\amd64\api-ms-win-core-file-l2-1-0.dll
0x00000200709d0000 - 0x00000200709d3000 	C:\Users\Aarya\.openjfx\cache\16+8\amd64\api-ms-win-core-handle-l1-1-0.dll
0x00000200709e0000 - 0x00000200709e3000 	C:\Users\Aarya\.openjfx\cache\16+8\amd64\api-ms-win-core-heap-l1-1-0.dll
0x00000200709f0000 - 0x00000200709f3000 	C:\Users\Aarya\.openjfx\cache\16+8\amd64\api-ms-win-core-interlocked-l1-1-0.dll
0x0000020070a00000 - 0x0000020070a03000 	C:\Users\Aarya\.openjfx\cache\16+8\amd64\api-ms-win-core-libraryloader-l1-1-0.dll
0x0000020070a10000 - 0x0000020070a13000 	C:\Users\Aarya\.openjfx\cache\16+8\amd64\api-ms-win-core-localization-l1-2-0.dll
0x0000020070a20000 - 0x0000020070a23000 	C:\Users\Aarya\.openjfx\cache\16+8\amd64\api-ms-win-core-memory-l1-1-0.dll
0x0000020070a30000 - 0x0000020070a33000 	C:\Users\Aarya\.openjfx\cache\16+8\amd64\api-ms-win-core-namedpipe-l1-1-0.dll
0x0000020070a40000 - 0x0000020070a43000 	C:\Users\Aarya\.openjfx\cache\16+8\amd64\api-ms-win-core-processenvironment-l1-1-0.dll
0x0000020070a50000 - 0x0000020070a53000 	C:\Users\Aarya\.openjfx\cache\16+8\amd64\api-ms-win-core-processthreads-l1-1-0.dll
0x0000020070a60000 - 0x0000020070a63000 	C:\Users\Aarya\.openjfx\cache\16+8\amd64\api-ms-win-core-processthreads-l1-1-1.dll
0x0000020070a70000 - 0x0000020070a73000 	C:\Users\Aarya\.openjfx\cache\16+8\amd64\api-ms-win-core-profile-l1-1-0.dll
0x0000020070a80000 - 0x0000020070a83000 	C:\Users\Aarya\.openjfx\cache\16+8\amd64\api-ms-win-core-rtlsupport-l1-1-0.dll
0x0000020070a90000 - 0x0000020070a93000 	C:\Users\Aarya\.openjfx\cache\16+8\amd64\api-ms-win-core-string-l1-1-0.dll
0x0000020070aa0000 - 0x0000020070aa3000 	C:\Users\Aarya\.openjfx\cache\16+8\amd64\api-ms-win-core-synch-l1-1-0.dll
0x0000020070ab0000 - 0x0000020070ab3000 	C:\Users\Aarya\.openjfx\cache\16+8\amd64\api-ms-win-core-synch-l1-2-0.dll
0x0000020070ac0000 - 0x0000020070ac3000 	C:\Users\Aarya\.openjfx\cache\16+8\amd64\api-ms-win-core-sysinfo-l1-1-0.dll
0x0000020070ad0000 - 0x0000020070ad3000 	C:\Users\Aarya\.openjfx\cache\16+8\amd64\api-ms-win-core-timezone-l1-1-0.dll
0x0000020070ae0000 - 0x0000020070ae3000 	C:\Users\Aarya\.openjfx\cache\16+8\amd64\api-ms-win-core-util-l1-1-0.dll
0x0000020070af0000 - 0x0000020070af3000 	C:\Users\Aarya\.openjfx\cache\16+8\amd64\api-ms-win-crt-conio-l1-1-0.dll
0x0000020070b00000 - 0x0000020070b04000 	C:\Users\Aarya\.openjfx\cache\16+8\amd64\api-ms-win-crt-convert-l1-1-0.dll
0x0000020070b10000 - 0x0000020070b13000 	C:\Users\Aarya\.openjfx\cache\16+8\amd64\api-ms-win-crt-environment-l1-1-0.dll
0x0000020070b20000 - 0x0000020070b23000 	C:\Users\Aarya\.openjfx\cache\16+8\amd64\api-ms-win-crt-filesystem-l1-1-0.dll
0x0000020070b30000 - 0x0000020070b33000 	C:\Users\Aarya\.openjfx\cache\16+8\amd64\api-ms-win-crt-heap-l1-1-0.dll
0x0000020070b40000 - 0x0000020070b43000 	C:\Users\Aarya\.openjfx\cache\16+8\amd64\api-ms-win-crt-locale-l1-1-0.dll
0x0000020070b50000 - 0x0000020070b55000 	C:\Users\Aarya\.openjfx\cache\16+8\amd64\api-ms-win-crt-math-l1-1-0.dll
0x0000020070b60000 - 0x0000020070b65000 	C:\Users\Aarya\.openjfx\cache\16+8\amd64\api-ms-win-crt-multibyte-l1-1-0.dll
0x0000020070b70000 - 0x0000020070b80000 	C:\Users\Aarya\.openjfx\cache\16+8\amd64\api-ms-win-crt-private-l1-1-0.dll
0x0000020070b80000 - 0x0000020070b83000 	C:\Users\Aarya\.openjfx\cache\16+8\amd64\api-ms-win-crt-process-l1-1-0.dll
0x0000020070b90000 - 0x0000020070b94000 	C:\Users\Aarya\.openjfx\cache\16+8\amd64\api-ms-win-crt-runtime-l1-1-0.dll
0x0000020070ba0000 - 0x0000020070ba4000 	C:\Users\Aarya\.openjfx\cache\16+8\amd64\api-ms-win-crt-stdio-l1-1-0.dll
0x0000020070bb0000 - 0x0000020070bb4000 	C:\Users\Aarya\.openjfx\cache\16+8\amd64\api-ms-win-crt-string-l1-1-0.dll
0x0000020070bc0000 - 0x0000020070bc3000 	C:\Users\Aarya\.openjfx\cache\16+8\amd64\api-ms-win-crt-time-l1-1-0.dll
0x0000020070bd0000 - 0x0000020070bd3000 	C:\Users\Aarya\.openjfx\cache\16+8\amd64\api-ms-win-crt-utility-l1-1-0.dll
0x00007ff8e5640000 - 0x00007ff8e573c000 	C:\Users\Aarya\.openjfx\cache\16+8\amd64\ucrtbase.dll
0x00007ff915b80000 - 0x00007ff915b9b000 	C:\Users\Aarya\.openjfx\cache\16+8\amd64\vcruntime140.dll
0x00007ff916100000 - 0x00007ff91610c000 	C:\Users\Aarya\.openjfx\cache\16+8\amd64\vcruntime140_1.dll
0x00007ff8fbf40000 - 0x00007ff8fbfce000 	C:\Users\Aarya\.openjfx\cache\16+8\amd64\msvcp140.dll
0x00007ff915b50000 - 0x00007ff915b59000 	C:\Users\Aarya\.openjfx\cache\16+8\amd64\msvcp140_1.dll
0x00007ff913eb0000 - 0x00007ff913ee0000 	C:\Users\Aarya\.openjfx\cache\16+8\amd64\msvcp140_2.dll
0x00007ff913bc0000 - 0x00007ff913bef000 	C:\Users\Aarya\.openjfx\cache\16+8\amd64\prism_d3d.dll
0x00007ff8c9d70000 - 0x00007ff8c9f16000 	C:\WINDOWS\system32\d3d9.dll
0x00007ff919f60000 - 0x00007ff919f8f000 	C:\WINDOWS\SYSTEM32\dwmapi.dll
0x00007ff919d00000 - 0x00007ff919d38000 	C:\WINDOWS\SYSTEM32\dxcore.dll
0x00007ff919c20000 - 0x00007ff919ccc000 	C:\WINDOWS\system32\uxtheme.dll
0x00007ff8c6610000 - 0x00007ff8c67bf000 	C:\WINDOWS\System32\DriverStore\FileRepository\iigd_dch.inf_amd64_4baea396c1a08a8e\igdumdim64.dll
0x00007ff91d440000 - 0x00007ff91d5da000 	C:\WINDOWS\System32\ole32.dll
0x00007ff858b00000 - 0x00007ff85d3a3000 	C:\WINDOWS\System32\DriverStore\FileRepository\iigd_dch.inf_amd64_4baea396c1a08a8e\igd9dxva64.dll
0x00007ff91db20000 - 0x00007ff91dbf6000 	C:\WINDOWS\System32\OLEAUT32.dll
0x00007ff91d6a0000 - 0x00007ff91db12000 	C:\WINDOWS\System32\SETUPAPI.dll
0x00007ff91c6f0000 - 0x00007ff91c73c000 	C:\WINDOWS\SYSTEM32\cfgmgr32.dll
0x00007ff912040000 - 0x00007ff912449000 	C:\WINDOWS\System32\DriverStore\FileRepository\iigd_dch.inf_amd64_4baea396c1a08a8e\igdgmm64.dll
0x00007ff9180a0000 - 0x00007ff9180e4000 	C:\WINDOWS\SYSTEM32\directxdatabasehelper.dll
0x00007ff91ba40000 - 0x00007ff91ba74000 	C:\WINDOWS\SYSTEM32\ntmarta.dll
0x00007ff8feb70000 - 0x00007ff8febb2000 	C:\Users\Aarya\.openjfx\cache\16+8\amd64\glass.dll
0x00007ff91e0a0000 - 0x00007ff91e18c000 	C:\WINDOWS\System32\COMDLG32.dll
0x00007ff91df80000 - 0x00007ff91e09d000 	C:\WINDOWS\System32\MSCTF.dll
0x00007ff8b4cd0000 - 0x00007ff8b4cf7000 	C:\WINDOWS\System32\DriverStore\FileRepository\iigd_dch.inf_amd64_4baea396c1a08a8e\igdinfo64.dll
0x00007ff90e8a0000 - 0x00007ff912034000 	C:\WINDOWS\System32\DriverStore\FileRepository\iigd_dch.inf_amd64_4baea396c1a08a8e\igc64.dll
0x00007ff914010000 - 0x00007ff914024000 	C:\Users\Aarya\.openjfx\cache\16+8\amd64\javafx_font.dll
0x00007ff8e7f60000 - 0x00007ff8e81bf000 	C:\WINDOWS\SYSTEM32\dwrite.dll
0x00007ff913840000 - 0x00007ff91386d000 	C:\Users\Aarya\.openjfx\cache\16+8\amd64\javafx_iio.dll
0x00007ff91dec0000 - 0x00007ff91df6f000 	C:\WINDOWS\System32\clbcatq.dll
0x00007ff916130000 - 0x00007ff9162de000 	C:\WINDOWS\SYSTEM32\WindowsCodecs.dll
0x00007ff8e9ca0000 - 0x00007ff8e9cfd000 	C:\WINDOWS\system32\dataexchange.dll
0x00007ff9154b0000 - 0x00007ff915715000 	C:\WINDOWS\system32\twinapi.appcore.dll
0x00007ff907e60000 - 0x00007ff907e92000 	C:\Program Files\Common Files\Microsoft Shared\Ink\rtscom.dll
0x00007ff9139a0000 - 0x00007ff913acc000 	C:\WINDOWS\SYSTEM32\textinputframework.dll
0x00007ff919790000 - 0x00007ff9198c1000 	C:\WINDOWS\SYSTEM32\CoreMessaging.dll
0x00007ff917710000 - 0x00007ff917a7d000 	C:\WINDOWS\SYSTEM32\CoreUIComponents.dll
0x00007ff91c210000 - 0x00007ff91c21c000 	C:\WINDOWS\SYSTEM32\CRYPTBASE.DLL
0x00007ff918670000 - 0x00007ff918c28000 	C:\WINDOWS\SYSTEM32\d2d1.dll
0x00007ff916f00000 - 0x00007ff917180000 	C:\WINDOWS\SYSTEM32\d3d11.dll
0x00007ff919d40000 - 0x00007ff919e33000 	C:\WINDOWS\SYSTEM32\dxgi.dll
0x00007ff916760000 - 0x00007ff916e62000 	C:\WINDOWS\SYSTEM32\D3D10Warp.dll

dbghelp: loaded successfully - version: 4.0.5 - missing functions: none
symbol engine: initialized successfully - sym options: 0x614 - pdb path: .;C:\Users\Aarya\.jdks\openjdk-20.0.2\bin;C:\WINDOWS\SYSTEM32;C:\WINDOWS\WinSxS\amd64_microsoft.windows.common-controls_6595b64144ccf1df_6.0.22000.120_none_9d947278b86cc467;C:\Users\Aarya\.jdks\openjdk-20.0.2\bin\server;C:\Users\Aarya\AppData\Local\JetBrains\IntelliJ IDEA 2023.2.4\bin;C:\Users\Aarya\.openjfx\cache\16+8\amd64;C:\WINDOWS\System32\DriverStore\FileRepository\iigd_dch.inf_amd64_4baea396c1a08a8e;C:\Program Files\Common Files\Microsoft Shared\Ink

VM Arguments:
jvm_args: -javaagent:C:\Users\Aarya\AppData\Local\JetBrains\IntelliJ IDEA 2023.2.4\lib\idea_rt.jar=61280:C:\Users\Aarya\AppData\Local\JetBrains\IntelliJ IDEA 2023.2.4\bin -Dfile.encoding=UTF-8 -Dsun.stdout.encoding=UTF-8 -Dsun.stderr.encoding=UTF-8 --module-path=C:\Users\Aarya\.m2\repository\org\json\json\20210307\json-20210307.jar;C:\Users\Aarya\.m2\repository\ch\qos\logback\logback-core\1.2.6\logback-core-1.2.6.jar;C:\Users\Aarya\.m2\repository\ch\qos\logback\logback-classic\1.2.6\logback-classic-1.2.6.jar;C:\Users\Aarya\.m2\repository\org\openjfx\javafx-base\16\javafx-base-16-win.jar;C:\Users\Aarya\.m2\repository\org\openjfx\javafx-graphics\20.0.1\javafx-graphics-20.0.1-win.jar;C:\Users\Aarya\.m2\repository\com\fasterxml\jackson\core\jackson-databind\2.9.9.3\jackson-databind-2.9.9.3.jar;C:\Users\Aarya\.m2\repository\org\openjfx\javafx-controls\20.0.1\javafx-controls-20.0.1-win.jar;C:\Users\Aarya\Documents\CODING_FX\FinanceFlowApp\target\classes;C:\Users\Aarya\.m2\repository\org\openjfx\javafx-fxml\20.0.1\javafx-fxml-20.0.1-win.jar;C:\Users\Aarya\.m2\repository\io\fair-acc\chartfx\11.3.0\chartfx-11.3.0.jar;C:\Users\Aarya\.m2\repository\com\fasterxml\jackson\core\jackson-core\2.9.9\jackson-core-2.9.9.jar;C:\Users\Aarya\.m2\repository\com\mysql\mysql-connector-j\8.0.33\mysql-connector-j-8.0.33.jar;C:\Users\Aarya\.m2\repository\org\jetbrains\annotations\24.0.1\annotations-24.0.1.jar;C:\Users\Aarya\.m2\repository\org\slf4j\slf4j-api\1.7.32\slf4j-api-1.7.32.jar;C:\Users\Aarya\.m2\repository\io\fair-acc\dataset\11.3.0\dataset-11.3.0.jar -Djdk.module.main=com.company.financeflowapp 
java_command: com.company.financeflowapp/com.company.financeflowapp.main.Main
java_class_path (initial): C:\Users\Aarya\.m2\repository\org\openjfx\javafx-controls\20.0.1\javafx-controls-20.0.1.jar;C:\Users\Aarya\.m2\repository\org\openjfx\javafx-graphics\20.0.1\javafx-graphics-20.0.1.jar;C:\Users\Aarya\.m2\repository\com\google\code\gson\gson\2.10.1\gson-2.10.1.jar;C:\Users\Aarya\.m2\repository\org\openjfx\javafx-base\16\javafx-base-16.jar;C:\Users\Aarya\.m2\repository\org\kordamp\ikonli\ikonli-javafx\12.3.1\ikonli-javafx-12.3.1.jar;C:\Users\Aarya\.m2\repository\org\kordamp\ikonli\ikonli-core\12.3.1\ikonli-core-12.3.1.jar;C:\Users\Aarya\.m2\repository\org\kordamp\ikonli\ikonli-fontawesome-pack\12.3.1\ikonli-fontawesome-pack-12.3.1.jar;C:\Users\Aarya\.m2\repository\org\kordamp\ikonli\ikonli-fontawesome5-pack\12.3.1\ikonli-fontawesome5-pack-12.3.1.jar;C:\Users\Aarya\.m2\repository\io\fair-acc\bench\11.3.0\bench-11.3.0.jar;C:\Users\Aarya\.m2\repository\io\fair-acc\math\11.3.0\math-11.3.0.jar;C:\Users\Aarya\.m2\repository\com\github\wendykierp\JTransforms\3.1\JTransforms-3.1.jar;C:\Users\Aarya\.m2\repository\pl\edu\icm\JLargeArrays\1.5\JLargeArrays-1.5.jar;C:\Users\Aarya\.m2\repository\org\apache\commons\commons-math3\3.6.1\commons-math3-3.6.1.jar;C:\Users\Aarya\.m2\repository\org\controlsfx\controlsfx\11.1.2\controlsfx-11.1.2.jar;C:\Users\Aarya\.m2\repository\ar\com\hjg\pngj\2.1.0\pngj-2.1.0.jar;C:\Users\Aarya\.m2\repository\org\hdrhistogram\HdrHistogram\2.1.12\HdrHistogram-2.1.12.jar;C:\Users\Aarya\.m2\repository\org\apache\commons\commons-lang3\3.13.0\commons-lang3-3.13.0.jar;C:\Users\Aarya\.m2\repository\org\openjfx\javafx-fxml\20.0.1\javafx-fxml-20.0.1.jar;C:\Users\Aarya\.m2\repository\com\google\protobuf\protobuf-java\3.21.9\protobuf-java-3.21.9.jar;C:\Users\Aarya\.m2\repository\backport-util-concurrent\backport-util-concurrent\3.1\backport-util-concurrent-3.1.jar;C:\Users\Aarya\.m2\repository\com\fasterxml\jackson\core\jackson-annotations\2.9.0\jackson-annotations-2.9.0.jar
Launcher Type: SUN_STANDARD

[Global flags]
     intx CICompilerCount                          = 3                                         {product} {ergonomic}
     uint ConcGCThreads                            = 1                                         {product} {ergonomic}
     uint G1ConcRefinementThreads                  = 4                                         {product} {ergonomic}
   size_t G1HeapRegionSize                         = 1048576                                   {product} {ergonomic}
    uintx GCDrainStackTargetSize                   = 64                                        {product} {ergonomic}
   size_t InitialHeapSize                          = 132120576                                 {product} {ergonomic}
   size_t MarkStackSize                            = 4194304                                   {product} {ergonomic}
   size_t MaxHeapSize                              = 2101346304                                {product} {ergonomic}
   size_t MaxNewSize                               = 1260388352                                {product} {ergonomic}
   size_t MinHeapDeltaBytes                        = 1048576                                   {product} {ergonomic}
   size_t MinHeapSize                              = 8388608                                   {product} {ergonomic}
    uintx NonNMethodCodeHeapSize                   = 5832780                                {pd product} {ergonomic}
    uintx NonProfiledCodeHeapSize                  = 122912730                              {pd product} {ergonomic}
    uintx ProfiledCodeHeapSize                     = 122912730                              {pd product} {ergonomic}
    uintx ReservedCodeCacheSize                    = 251658240                              {pd product} {ergonomic}
     bool SegmentedCodeCache                       = true                                      {product} {ergonomic}
   size_t SoftMaxHeapSize                          = 2101346304                             {manageable} {ergonomic}
     bool UseCompressedClassPointers               = true                           {product lp64_product} {ergonomic}
     bool UseCompressedOops                        = true                           {product lp64_product} {ergonomic}
     bool UseG1GC                                  = true                                      {product} {ergonomic}
     bool UseLargePagesIndividualAllocation        = false                                  {pd product} {ergonomic}

Logging:
Log output configuration:
 #0: stdout all=warning uptime,level,tags foldmultilines=false
 #1: stderr all=off uptime,level,tags foldmultilines=false

Environment Variables:
PATH=C:\WINDOWS\system32;C:\WINDOWS;C:\WINDOWS\System32\Wbem;C:\WINDOWS\System32\WindowsPowerShell\v1.0\;C:\WINDOWS\System32\OpenSSH\;C:\Program Files (x86)\HP\IdrsOCR_15.2.10.1114\;C:\Program Files\Git\cmd;C:\Program Files\Microsoft SQL Server\Client SDK\ODBC\170\Tools\Binn\;C:\Program Files (x86)\Microsoft SQL Server\150\Tools\Binn\;C:\Program Files\Microsoft SQL Server\150\Tools\Binn\;C:\Program Files\Microsoft SQL Server\150\DTS\Binn\;C:\Users\Aarya\AppData\Local\Microsoft\WindowsApps;;C:\Users\Aarya\AppData\Local\Programs\Microsoft VS Code\bin
USERNAME=Aarya
OS=Windows_NT
PROCESSOR_IDENTIFIER=Intel64 Family 6 Model 142 Stepping 12, GenuineIntel
TMP=C:\Users\Aarya\AppData\Local\Temp
TEMP=C:\Users\Aarya\AppData\Local\Temp




---------------  S Y S T E M  ---------------

OS:
 Windows 11 , 64 bit Build 22000 (10.0.22000.2538)
OS uptime: 5 days 2:00 hours
Hyper-V role detected

CPU: total 4 (initial active 4) (2 cores per cpu, 2 threads per core) family 6 model 142 stepping 12 microcode 0xec, cx8, cmov, fxsr, ht, mmx, 3dnowpref, sse, sse2, sse3, ssse3, sse4.1, sse4.2, popcnt, lzcnt, tsc, tscinvbit, avx, avx2, aes, erms, clmul, bmi1, bmi2, adx, fma, vzeroupper, clflush, clflushopt, hv, rdtscp, f16c

Memory: 4k page, system-wide physical 8015M (789M free)
TotalPageFile size 15910M (AvailPageFile size 10M)
current process WorkingSet (physical memory assigned to process): 566M, peak: 566M
current process commit charge ("private bytes"): 595M, peak: 626M

vm_info: OpenJDK 64-Bit Server VM (20.0.2+9-78) for windows-amd64 JRE (20.0.2+9-78), built on 2023-06-14T10:08:48Z by "mach5one" with MS VC++ 17.1 (VS2022)

END.
