#
# There is insufficient memory for the Java Runtime Environment to continue.
# Native memory allocation (malloc) failed to allocate 237296 bytes for Chunk::new
# Possible reasons:
#   The system is out of physical RAM or swap space
#   The process is running with CompressedOops enabled, and the Java Heap may be blocking the growth of the native heap
# Possible solutions:
#   Reduce memory load on the system
#   Increase physical memory or swap space
#   Check if swap backing store is full
#   Decrease Java heap size (-Xmx/-Xms)
#   Decrease number of Java threads
#   Decrease Java thread stack sizes (-Xss)
#   Set larger code cache with -XX:ReservedCodeCacheSize=
#   JVM is running with Unscaled Compressed Oops mode in which the Java heap is
#     placed in the first 4GB address space. The Java Heap base address is the
#     maximum limit for the native heap growth. Please use -XX:HeapBaseMinAddress
#     to set the Java Heap base and to place the Java Heap above 4GB virtual address.
# This output file may be truncated or incomplete.
#
#  Out of Memory Error (arena.cpp:184), pid=25564, tid=10504
#
# JRE version: OpenJDK Runtime Environment (20.0.2+9) (build 20.0.2+9-78)
# Java VM: OpenJDK 64-Bit Server VM (20.0.2+9-78, mixed mode, sharing, tiered, compressed oops, compressed class ptrs, g1 gc, windows-amd64)
# No core dump will be written. Minidumps are not enabled by default on client versions of Windows
#

---------------  S U M M A R Y ------------

Command Line: -javaagent:C:\Users\Aarya\AppData\Local\JetBrains\IntelliJ IDEA 2023.2.4\lib\idea_rt.jar=57960:C:\Users\Aarya\AppData\Local\JetBrains\IntelliJ IDEA 2023.2.4\bin -Dfile.encoding=UTF-8 -Dsun.stdout.encoding=UTF-8 -Dsun.stderr.encoding=UTF-8 --module-path=C:\Users\Aarya\Documents\CODING_FX\FinanceFlowApp\target\classes;C:\Users\Aarya\.m2\repository\io\fair-acc\chartfx\11.3.0\chartfx-11.3.0.jar;C:\Users\Aarya\.m2\repository\org\openjfx\javafx-fxml\20.0.1\javafx-fxml-20.0.1-win.jar;C:\Users\Aarya\.m2\repository\com\mysql\mysql-connector-j\8.0.33\mysql-connector-j-8.0.33.jar;C:\Users\Aarya\.m2\repository\org\openjfx\javafx-base\16\javafx-base-16-win.jar;C:\Users\Aarya\.m2\repository\com\fasterxml\jackson\core\jackson-core\2.9.9\jackson-core-2.9.9.jar;C:\Users\Aarya\.m2\repository\org\openjfx\javafx-graphics\20.0.1\javafx-graphics-20.0.1-win.jar;C:\Users\Aarya\.m2\repository\com\fasterxml\jackson\core\jackson-databind\2.9.9.3\jackson-databind-2.9.9.3.jar;C:\Users\Aarya\.m2\repository\org\openjfx\javafx-controls\20.0.1\javafx-controls-20.0.1-win.jar;C:\Users\Aarya\.m2\repository\org\json\json\20210307\json-20210307.jar;C:\Users\Aarya\.m2\repository\io\fair-acc\dataset\11.3.0\dataset-11.3.0.jar;C:\Users\Aarya\.m2\repository\org\slf4j\slf4j-api\1.7.32\slf4j-api-1.7.32.jar;C:\Users\Aarya\.m2\repository\org\jetbrains\annotations\24.0.1\annotations-24.0.1.jar;C:\Users\Aarya\.m2\repository\ch\qos\logback\logback-classic\1.2.6\logback-classic-1.2.6.jar;C:\Users\Aarya\.m2\repository\ch\qos\logback\logback-core\1.2.6\logback-core-1.2.6.jar -Djdk.module.main=com.company.financeflowapp com.company.financeflowapp/com.company.financeflowapp.main.Main

Host: Intel(R) Core(TM) i3-10110U CPU @ 2.10GHz, 4 cores, 7G,  Windows 11 , 64 bit Build 22000 (10.0.22000.2538)
Time: Wed Mar 27 09:49:40 2024 GMT Standard Time elapsed time: 1.476874 seconds (0d 0h 0m 1s)

---------------  T H R E A D  ---------------

Current thread (0x000002666fd283c0):  JavaThread "C2 CompilerThread0" daemon [_thread_in_native, id=10504, stack(0x000000fb34600000,0x000000fb34700000)]


Current CompileTask:
C2:   1476 1189   !   4       java.util.concurrent.ConcurrentHashMap::putVal (432 bytes)

Stack: [0x000000fb34600000,0x000000fb34700000]
Native frames: (J=compiled Java code, j=interpreted, Vv=VM code, C=native code)
V  [jvm.dll+0x6bc25a]
V  [jvm.dll+0x84971a]
V  [jvm.dll+0x84b315]
V  [jvm.dll+0x84ba13]
V  [jvm.dll+0x280e4f]
V  [jvm.dll+0xc2ab1]
V  [jvm.dll+0xc2dd5]
V  [jvm.dll+0x3bb612]
V  [jvm.dll+0x385b75]
V  [jvm.dll+0x384fea]
V  [jvm.dll+0x24b529]
V  [jvm.dll+0x24a921]
V  [jvm.dll+0x1ce761]
V  [jvm.dll+0x25a0eb]
V  [jvm.dll+0x2587c0]
V  [jvm.dll+0x3f2dd5]
V  [jvm.dll+0x7f5c76]
V  [jvm.dll+0x6baecb]
C  [ucrtbase.dll+0x26c0c]
C  [KERNEL32.DLL+0x153e0]
C  [ntdll.dll+0x485b]


---------------  P R O C E S S  ---------------

Threads class SMR info:
_java_thread_list=0x0000026674b63a80, length=17, elements={
0x0000026651d27310, 0x000002666fd12f10, 0x000002666fd15dc0, 0x000002666fd1a0a0,
0x000002666fd1c020, 0x000002666fd1f130, 0x000002666fd1ebe0, 0x000002666fd283c0,
0x000002666fd2a5d0, 0x000002666fd20120, 0x000002666fd1e140, 0x000002666fd1f680,
0x000002666fd1fbd0, 0x000002666fd1e690, 0x000002666fd20670, 0x000002666fd1dbf0,
0x000002666fd1d150
}

Java Threads: ( => current thread )
  0x0000026651d27310 JavaThread "main" [_thread_blocked, id=29556, stack(0x000000fb33900000,0x000000fb33a00000)]
  0x000002666fd12f10 JavaThread "Reference Handler" daemon [_thread_blocked, id=27288, stack(0x000000fb34000000,0x000000fb34100000)]
  0x000002666fd15dc0 JavaThread "Finalizer" daemon [_thread_blocked, id=9600, stack(0x000000fb34100000,0x000000fb34200000)]
  0x000002666fd1a0a0 JavaThread "Signal Dispatcher" daemon [_thread_blocked, id=20056, stack(0x000000fb34200000,0x000000fb34300000)]
  0x000002666fd1c020 JavaThread "Attach Listener" daemon [_thread_blocked, id=27028, stack(0x000000fb34300000,0x000000fb34400000)]
  0x000002666fd1f130 JavaThread "Service Thread" daemon [_thread_blocked, id=3100, stack(0x000000fb34400000,0x000000fb34500000)]
  0x000002666fd1ebe0 JavaThread "Monitor Deflation Thread" daemon [_thread_blocked, id=8972, stack(0x000000fb34500000,0x000000fb34600000)]
=>0x000002666fd283c0 JavaThread "C2 CompilerThread0" daemon [_thread_in_native, id=10504, stack(0x000000fb34600000,0x000000fb34700000)]
  0x000002666fd2a5d0 JavaThread "C1 CompilerThread0" daemon [_thread_blocked, id=22200, stack(0x000000fb34700000,0x000000fb34800000)]
  0x000002666fd20120 JavaThread "Common-Cleaner" daemon [_thread_blocked, id=27268, stack(0x000000fb34800000,0x000000fb34900000)]
  0x000002666fd1e140 JavaThread "Monitor Ctrl-Break" daemon [_thread_in_native, id=8304, stack(0x000000fb34a00000,0x000000fb34b00000)]
  0x000002666fd1f680 JavaThread "Notification Thread" daemon [_thread_blocked, id=10832, stack(0x000000fb34b00000,0x000000fb34c00000)]
  0x000002666fd1fbd0 JavaThread "QuantumRenderer-0" daemon [_thread_blocked, id=25880, stack(0x000000fb35000000,0x000000fb35100000)]
  0x000002666fd1e690 JavaThread "InvokeLaterDispatcher" daemon [_thread_blocked, id=26844, stack(0x000000fb34900000,0x000000fb34a00000)]
  0x000002666fd20670 JavaThread "JavaFX Application Thread" [_thread_in_vm, id=9204, stack(0x000000fb35100000,0x000000fb35200000)]
  0x000002666fd1dbf0 JavaThread "Thread-1" daemon [_thread_in_native, id=6516, stack(0x000000fb35200000,0x000000fb35300000)]
  0x000002666fd1d150 JavaThread "JavaFX-Launcher" [_thread_blocked, id=22460, stack(0x000000fb35300000,0x000000fb35400000)]

Other Threads:
  0x000002666fcf4590 VMThread "VM Thread" [stack: 0x000000fb33f00000,0x000000fb34000000] [id=3880]
  0x00000266746d7b10 WatcherThread "VM Periodic Task Thread" [stack: 0x000000fb34c00000,0x000000fb34d00000] [id=19132]
  0x0000026651d820d0 WorkerThread "GC Thread#0" [stack: 0x000000fb33a00000,0x000000fb33b00000] [id=16388]
  0x00000266745691d0 WorkerThread "GC Thread#1" [stack: 0x000000fb34d00000,0x000000fb34e00000] [id=28928]
  0x00000266740c2ae0 WorkerThread "GC Thread#2" [stack: 0x000000fb34e00000,0x000000fb34f00000] [id=24528]
  0x00000266745977b0 WorkerThread "GC Thread#3" [stack: 0x000000fb34f00000,0x000000fb35000000] [id=28820]
  0x0000026651d92970 ConcurrentGCThread "G1 Main Marker" [stack: 0x000000fb33b00000,0x000000fb33c00000] [id=27156]
  0x0000026651d93540 WorkerThread "G1 Conc#0" [stack: 0x000000fb33c00000,0x000000fb33d00000] [id=14844]
  0x0000026651dee8f0 ConcurrentGCThread "G1 Refine#0" [stack: 0x000000fb33d00000,0x000000fb33e00000] [id=26828]
  0x000002666fbb5660 ConcurrentGCThread "G1 Service" [stack: 0x000000fb33e00000,0x000000fb33f00000] [id=11784]

Threads with active compile tasks:
C2 CompilerThread0     1506 1189   !   4       java.util.concurrent.ConcurrentHashMap::putVal (432 bytes)

VM state: not at safepoint (normal execution)

VM Mutex/Monitor currently owned by a thread: None

Heap address: 0x0000000082c00000, size: 2004 MB, Compressed Oops mode: 32-bit

CDS archive(s) mapped at: [0x0000026600000000-0x0000026600c60000-0x0000026600c60000), size 12976128, SharedBaseAddress: 0x0000026600000000, ArchiveRelocationMode: 1.
Compressed class space mapped at: 0x0000026601000000-0x0000026641000000, reserved size: 1073741824
Narrow klass base: 0x0000026600000000, Narrow klass shift: 0, Narrow klass range: 0x100000000

GC Precious Log:
 CardTable entry size: 512
 Card Set container configuration: InlinePtr #cards 5 size 8 Array Of Cards #cards 12 size 40 Howl #buckets 4 coarsen threshold 1843 Howl Bitmap #cards 512 size 80 coarsen threshold 460 Card regions per heap region 1 cards per card region 2048
 CPUs: 4 total, 4 available
 Memory: 8015M
 Large Page Support: Disabled
 NUMA Support: Disabled
 Compressed Oops: Enabled (32-bit)
 Heap Region Size: 1M
 Heap Min Capacity: 8M
 Heap Initial Capacity: 126M
 Heap Max Capacity: 2004M
 Pre-touch: Disabled
 Parallel Workers: 4
 Concurrent Workers: 1
 Concurrent Refinement Workers: 4
 Periodic GC: Disabled

Heap:
 garbage-first heap   total 129024K, used 15483K [0x0000000082c00000, 0x0000000100000000)
  region size 1024K, 17 young (17408K), 2 survivors (2048K)
 Metaspace       used 6144K, committed 6336K, reserved 1114112K
  class space    used 721K, committed 832K, reserved 1048576K

Heap Regions: E=young(eden), S=young(survivor), O=old, HS=humongous(starts), HC=humongous(continues), CS=collection set, F=free, OA=open archive, CA=closed archive, TAMS=top-at-mark-start, PB=parsable bottom
|   0|0x0000000082c00000, 0x0000000082c1ec00, 0x0000000082d00000| 12%| O|  |TAMS 0x0000000082c00000| PB 0x0000000082c00000| Untracked 
|   1|0x0000000082d00000, 0x0000000082d00000, 0x0000000082e00000|  0%| F|  |TAMS 0x0000000082d00000| PB 0x0000000082d00000| Untracked 
|   2|0x0000000082e00000, 0x0000000082e00000, 0x0000000082f00000|  0%| F|  |TAMS 0x0000000082e00000| PB 0x0000000082e00000| Untracked 
|   3|0x0000000082f00000, 0x0000000082f00000, 0x0000000083000000|  0%| F|  |TAMS 0x0000000082f00000| PB 0x0000000082f00000| Untracked 
|   4|0x0000000083000000, 0x0000000083000000, 0x0000000083100000|  0%| F|  |TAMS 0x0000000083000000| PB 0x0000000083000000| Untracked 
|   5|0x0000000083100000, 0x0000000083100000, 0x0000000083200000|  0%| F|  |TAMS 0x0000000083100000| PB 0x0000000083100000| Untracked 
|   6|0x0000000083200000, 0x0000000083200000, 0x0000000083300000|  0%| F|  |TAMS 0x0000000083200000| PB 0x0000000083200000| Untracked 
|   7|0x0000000083300000, 0x0000000083300000, 0x0000000083400000|  0%| F|  |TAMS 0x0000000083300000| PB 0x0000000083300000| Untracked 
|   8|0x0000000083400000, 0x0000000083400000, 0x0000000083500000|  0%| F|  |TAMS 0x0000000083400000| PB 0x0000000083400000| Untracked 
|   9|0x0000000083500000, 0x0000000083500000, 0x0000000083600000|  0%| F|  |TAMS 0x0000000083500000| PB 0x0000000083500000| Untracked 
|  10|0x0000000083600000, 0x0000000083600000, 0x0000000083700000|  0%| F|  |TAMS 0x0000000083600000| PB 0x0000000083600000| Untracked 
|  11|0x0000000083700000, 0x0000000083700000, 0x0000000083800000|  0%| F|  |TAMS 0x0000000083700000| PB 0x0000000083700000| Untracked 
|  12|0x0000000083800000, 0x0000000083800000, 0x0000000083900000|  0%| F|  |TAMS 0x0000000083800000| PB 0x0000000083800000| Untracked 
|  13|0x0000000083900000, 0x0000000083900000, 0x0000000083a00000|  0%| F|  |TAMS 0x0000000083900000| PB 0x0000000083900000| Untracked 
|  14|0x0000000083a00000, 0x0000000083a00000, 0x0000000083b00000|  0%| F|  |TAMS 0x0000000083a00000| PB 0x0000000083a00000| Untracked 
|  15|0x0000000083b00000, 0x0000000083b00000, 0x0000000083c00000|  0%| F|  |TAMS 0x0000000083b00000| PB 0x0000000083b00000| Untracked 
|  16|0x0000000083c00000, 0x0000000083c00000, 0x0000000083d00000|  0%| F|  |TAMS 0x0000000083c00000| PB 0x0000000083c00000| Untracked 
|  17|0x0000000083d00000, 0x0000000083d00000, 0x0000000083e00000|  0%| F|  |TAMS 0x0000000083d00000| PB 0x0000000083d00000| Untracked 
|  18|0x0000000083e00000, 0x0000000083e00000, 0x0000000083f00000|  0%| F|  |TAMS 0x0000000083e00000| PB 0x0000000083e00000| Untracked 
|  19|0x0000000083f00000, 0x0000000083f00000, 0x0000000084000000|  0%| F|  |TAMS 0x0000000083f00000| PB 0x0000000083f00000| Untracked 
|  20|0x0000000084000000, 0x0000000084000000, 0x0000000084100000|  0%| F|  |TAMS 0x0000000084000000| PB 0x0000000084000000| Untracked 
|  21|0x0000000084100000, 0x0000000084100000, 0x0000000084200000|  0%| F|  |TAMS 0x0000000084100000| PB 0x0000000084100000| Untracked 
|  22|0x0000000084200000, 0x0000000084200000, 0x0000000084300000|  0%| F|  |TAMS 0x0000000084200000| PB 0x0000000084200000| Untracked 
|  23|0x0000000084300000, 0x0000000084300000, 0x0000000084400000|  0%| F|  |TAMS 0x0000000084300000| PB 0x0000000084300000| Untracked 
|  24|0x0000000084400000, 0x0000000084400000, 0x0000000084500000|  0%| F|  |TAMS 0x0000000084400000| PB 0x0000000084400000| Untracked 
|  25|0x0000000084500000, 0x0000000084500000, 0x0000000084600000|  0%| F|  |TAMS 0x0000000084500000| PB 0x0000000084500000| Untracked 
|  26|0x0000000084600000, 0x0000000084600000, 0x0000000084700000|  0%| F|  |TAMS 0x0000000084600000| PB 0x0000000084600000| Untracked 
|  27|0x0000000084700000, 0x0000000084700000, 0x0000000084800000|  0%| F|  |TAMS 0x0000000084700000| PB 0x0000000084700000| Untracked 
|  28|0x0000000084800000, 0x0000000084800000, 0x0000000084900000|  0%| F|  |TAMS 0x0000000084800000| PB 0x0000000084800000| Untracked 
|  29|0x0000000084900000, 0x0000000084900000, 0x0000000084a00000|  0%| F|  |TAMS 0x0000000084900000| PB 0x0000000084900000| Untracked 
|  30|0x0000000084a00000, 0x0000000084a00000, 0x0000000084b00000|  0%| F|  |TAMS 0x0000000084a00000| PB 0x0000000084a00000| Untracked 
|  31|0x0000000084b00000, 0x0000000084b00000, 0x0000000084c00000|  0%| F|  |TAMS 0x0000000084b00000| PB 0x0000000084b00000| Untracked 
|  32|0x0000000084c00000, 0x0000000084c00000, 0x0000000084d00000|  0%| F|  |TAMS 0x0000000084c00000| PB 0x0000000084c00000| Untracked 
|  33|0x0000000084d00000, 0x0000000084d00000, 0x0000000084e00000|  0%| F|  |TAMS 0x0000000084d00000| PB 0x0000000084d00000| Untracked 
|  34|0x0000000084e00000, 0x0000000084e00000, 0x0000000084f00000|  0%| F|  |TAMS 0x0000000084e00000| PB 0x0000000084e00000| Untracked 
|  35|0x0000000084f00000, 0x0000000084f00000, 0x0000000085000000|  0%| F|  |TAMS 0x0000000084f00000| PB 0x0000000084f00000| Untracked 
|  36|0x0000000085000000, 0x0000000085000000, 0x0000000085100000|  0%| F|  |TAMS 0x0000000085000000| PB 0x0000000085000000| Untracked 
|  37|0x0000000085100000, 0x0000000085100000, 0x0000000085200000|  0%| F|  |TAMS 0x0000000085100000| PB 0x0000000085100000| Untracked 
|  38|0x0000000085200000, 0x0000000085200000, 0x0000000085300000|  0%| F|  |TAMS 0x0000000085200000| PB 0x0000000085200000| Untracked 
|  39|0x0000000085300000, 0x0000000085300000, 0x0000000085400000|  0%| F|  |TAMS 0x0000000085300000| PB 0x0000000085300000| Untracked 
|  40|0x0000000085400000, 0x0000000085400000, 0x0000000085500000|  0%| F|  |TAMS 0x0000000085400000| PB 0x0000000085400000| Untracked 
|  41|0x0000000085500000, 0x0000000085500000, 0x0000000085600000|  0%| F|  |TAMS 0x0000000085500000| PB 0x0000000085500000| Untracked 
|  42|0x0000000085600000, 0x0000000085600000, 0x0000000085700000|  0%| F|  |TAMS 0x0000000085600000| PB 0x0000000085600000| Untracked 
|  43|0x0000000085700000, 0x0000000085700000, 0x0000000085800000|  0%| F|  |TAMS 0x0000000085700000| PB 0x0000000085700000| Untracked 
|  44|0x0000000085800000, 0x0000000085800000, 0x0000000085900000|  0%| F|  |TAMS 0x0000000085800000| PB 0x0000000085800000| Untracked 
|  45|0x0000000085900000, 0x0000000085900000, 0x0000000085a00000|  0%| F|  |TAMS 0x0000000085900000| PB 0x0000000085900000| Untracked 
|  46|0x0000000085a00000, 0x0000000085a00000, 0x0000000085b00000|  0%| F|  |TAMS 0x0000000085a00000| PB 0x0000000085a00000| Untracked 
|  47|0x0000000085b00000, 0x0000000085b00000, 0x0000000085c00000|  0%| F|  |TAMS 0x0000000085b00000| PB 0x0000000085b00000| Untracked 
|  48|0x0000000085c00000, 0x0000000085c00000, 0x0000000085d00000|  0%| F|  |TAMS 0x0000000085c00000| PB 0x0000000085c00000| Untracked 
|  49|0x0000000085d00000, 0x0000000085d00000, 0x0000000085e00000|  0%| F|  |TAMS 0x0000000085d00000| PB 0x0000000085d00000| Untracked 
|  50|0x0000000085e00000, 0x0000000085e00000, 0x0000000085f00000|  0%| F|  |TAMS 0x0000000085e00000| PB 0x0000000085e00000| Untracked 
|  51|0x0000000085f00000, 0x0000000085f00000, 0x0000000086000000|  0%| F|  |TAMS 0x0000000085f00000| PB 0x0000000085f00000| Untracked 
|  52|0x0000000086000000, 0x0000000086000000, 0x0000000086100000|  0%| F|  |TAMS 0x0000000086000000| PB 0x0000000086000000| Untracked 
|  53|0x0000000086100000, 0x0000000086100000, 0x0000000086200000|  0%| F|  |TAMS 0x0000000086100000| PB 0x0000000086100000| Untracked 
|  54|0x0000000086200000, 0x0000000086200000, 0x0000000086300000|  0%| F|  |TAMS 0x0000000086200000| PB 0x0000000086200000| Untracked 
|  55|0x0000000086300000, 0x0000000086300000, 0x0000000086400000|  0%| F|  |TAMS 0x0000000086300000| PB 0x0000000086300000| Untracked 
|  56|0x0000000086400000, 0x0000000086400000, 0x0000000086500000|  0%| F|  |TAMS 0x0000000086400000| PB 0x0000000086400000| Untracked 
|  57|0x0000000086500000, 0x0000000086500000, 0x0000000086600000|  0%| F|  |TAMS 0x0000000086500000| PB 0x0000000086500000| Untracked 
|  58|0x0000000086600000, 0x0000000086600000, 0x0000000086700000|  0%| F|  |TAMS 0x0000000086600000| PB 0x0000000086600000| Untracked 
|  59|0x0000000086700000, 0x0000000086700000, 0x0000000086800000|  0%| F|  |TAMS 0x0000000086700000| PB 0x0000000086700000| Untracked 
|  60|0x0000000086800000, 0x0000000086800000, 0x0000000086900000|  0%| F|  |TAMS 0x0000000086800000| PB 0x0000000086800000| Untracked 
|  61|0x0000000086900000, 0x0000000086900000, 0x0000000086a00000|  0%| F|  |TAMS 0x0000000086900000| PB 0x0000000086900000| Untracked 
|  62|0x0000000086a00000, 0x0000000086a00000, 0x0000000086b00000|  0%| F|  |TAMS 0x0000000086a00000| PB 0x0000000086a00000| Untracked 
|  63|0x0000000086b00000, 0x0000000086b00000, 0x0000000086c00000|  0%| F|  |TAMS 0x0000000086b00000| PB 0x0000000086b00000| Untracked 
|  64|0x0000000086c00000, 0x0000000086c00000, 0x0000000086d00000|  0%| F|  |TAMS 0x0000000086c00000| PB 0x0000000086c00000| Untracked 
|  65|0x0000000086d00000, 0x0000000086d00000, 0x0000000086e00000|  0%| F|  |TAMS 0x0000000086d00000| PB 0x0000000086d00000| Untracked 
|  66|0x0000000086e00000, 0x0000000086e00000, 0x0000000086f00000|  0%| F|  |TAMS 0x0000000086e00000| PB 0x0000000086e00000| Untracked 
|  67|0x0000000086f00000, 0x0000000086f00000, 0x0000000087000000|  0%| F|  |TAMS 0x0000000086f00000| PB 0x0000000086f00000| Untracked 
|  68|0x0000000087000000, 0x0000000087000000, 0x0000000087100000|  0%| F|  |TAMS 0x0000000087000000| PB 0x0000000087000000| Untracked 
|  69|0x0000000087100000, 0x0000000087100000, 0x0000000087200000|  0%| F|  |TAMS 0x0000000087100000| PB 0x0000000087100000| Untracked 
|  70|0x0000000087200000, 0x0000000087200000, 0x0000000087300000|  0%| F|  |TAMS 0x0000000087200000| PB 0x0000000087200000| Untracked 
|  71|0x0000000087300000, 0x0000000087300000, 0x0000000087400000|  0%| F|  |TAMS 0x0000000087300000| PB 0x0000000087300000| Untracked 
|  72|0x0000000087400000, 0x0000000087400000, 0x0000000087500000|  0%| F|  |TAMS 0x0000000087400000| PB 0x0000000087400000| Untracked 
|  73|0x0000000087500000, 0x0000000087500000, 0x0000000087600000|  0%| F|  |TAMS 0x0000000087500000| PB 0x0000000087500000| Untracked 
|  74|0x0000000087600000, 0x0000000087600000, 0x0000000087700000|  0%| F|  |TAMS 0x0000000087600000| PB 0x0000000087600000| Untracked 
|  75|0x0000000087700000, 0x0000000087700000, 0x0000000087800000|  0%| F|  |TAMS 0x0000000087700000| PB 0x0000000087700000| Untracked 
|  76|0x0000000087800000, 0x0000000087800000, 0x0000000087900000|  0%| F|  |TAMS 0x0000000087800000| PB 0x0000000087800000| Untracked 
|  77|0x0000000087900000, 0x0000000087900000, 0x0000000087a00000|  0%| F|  |TAMS 0x0000000087900000| PB 0x0000000087900000| Untracked 
|  78|0x0000000087a00000, 0x0000000087a00000, 0x0000000087b00000|  0%| F|  |TAMS 0x0000000087a00000| PB 0x0000000087a00000| Untracked 
|  79|0x0000000087b00000, 0x0000000087b00000, 0x0000000087c00000|  0%| F|  |TAMS 0x0000000087b00000| PB 0x0000000087b00000| Untracked 
|  80|0x0000000087c00000, 0x0000000087c00000, 0x0000000087d00000|  0%| F|  |TAMS 0x0000000087c00000| PB 0x0000000087c00000| Untracked 
|  81|0x0000000087d00000, 0x0000000087d00000, 0x0000000087e00000|  0%| F|  |TAMS 0x0000000087d00000| PB 0x0000000087d00000| Untracked 
|  82|0x0000000087e00000, 0x0000000087e00000, 0x0000000087f00000|  0%| F|  |TAMS 0x0000000087e00000| PB 0x0000000087e00000| Untracked 
|  83|0x0000000087f00000, 0x0000000087f00000, 0x0000000088000000|  0%| F|  |TAMS 0x0000000087f00000| PB 0x0000000087f00000| Untracked 
|  84|0x0000000088000000, 0x0000000088000000, 0x0000000088100000|  0%| F|  |TAMS 0x0000000088000000| PB 0x0000000088000000| Untracked 
|  85|0x0000000088100000, 0x0000000088100000, 0x0000000088200000|  0%| F|  |TAMS 0x0000000088100000| PB 0x0000000088100000| Untracked 
|  86|0x0000000088200000, 0x0000000088200000, 0x0000000088300000|  0%| F|  |TAMS 0x0000000088200000| PB 0x0000000088200000| Untracked 
|  87|0x0000000088300000, 0x0000000088300000, 0x0000000088400000|  0%| F|  |TAMS 0x0000000088300000| PB 0x0000000088300000| Untracked 
|  88|0x0000000088400000, 0x0000000088400000, 0x0000000088500000|  0%| F|  |TAMS 0x0000000088400000| PB 0x0000000088400000| Untracked 
|  89|0x0000000088500000, 0x0000000088500000, 0x0000000088600000|  0%| F|  |TAMS 0x0000000088500000| PB 0x0000000088500000| Untracked 
|  90|0x0000000088600000, 0x0000000088600000, 0x0000000088700000|  0%| F|  |TAMS 0x0000000088600000| PB 0x0000000088600000| Untracked 
|  91|0x0000000088700000, 0x0000000088700000, 0x0000000088800000|  0%| F|  |TAMS 0x0000000088700000| PB 0x0000000088700000| Untracked 
|  92|0x0000000088800000, 0x0000000088800000, 0x0000000088900000|  0%| F|  |TAMS 0x0000000088800000| PB 0x0000000088800000| Untracked 
|  93|0x0000000088900000, 0x0000000088900000, 0x0000000088a00000|  0%| F|  |TAMS 0x0000000088900000| PB 0x0000000088900000| Untracked 
|  94|0x0000000088a00000, 0x0000000088a00000, 0x0000000088b00000|  0%| F|  |TAMS 0x0000000088a00000| PB 0x0000000088a00000| Untracked 
|  95|0x0000000088b00000, 0x0000000088b00000, 0x0000000088c00000|  0%| F|  |TAMS 0x0000000088b00000| PB 0x0000000088b00000| Untracked 
|  96|0x0000000088c00000, 0x0000000088c00000, 0x0000000088d00000|  0%| F|  |TAMS 0x0000000088c00000| PB 0x0000000088c00000| Untracked 
|  97|0x0000000088d00000, 0x0000000088d00000, 0x0000000088e00000|  0%| F|  |TAMS 0x0000000088d00000| PB 0x0000000088d00000| Untracked 
|  98|0x0000000088e00000, 0x0000000088e00000, 0x0000000088f00000|  0%| F|  |TAMS 0x0000000088e00000| PB 0x0000000088e00000| Untracked 
|  99|0x0000000088f00000, 0x0000000088f00000, 0x0000000089000000|  0%| F|  |TAMS 0x0000000088f00000| PB 0x0000000088f00000| Untracked 
| 100|0x0000000089000000, 0x0000000089000000, 0x0000000089100000|  0%| F|  |TAMS 0x0000000089000000| PB 0x0000000089000000| Untracked 
| 101|0x0000000089100000, 0x0000000089100000, 0x0000000089200000|  0%| F|  |TAMS 0x0000000089100000| PB 0x0000000089100000| Untracked 
| 102|0x0000000089200000, 0x0000000089200000, 0x0000000089300000|  0%| F|  |TAMS 0x0000000089200000| PB 0x0000000089200000| Untracked 
| 103|0x0000000089300000, 0x0000000089300000, 0x0000000089400000|  0%| F|  |TAMS 0x0000000089300000| PB 0x0000000089300000| Untracked 
| 104|0x0000000089400000, 0x0000000089400000, 0x0000000089500000|  0%| F|  |TAMS 0x0000000089400000| PB 0x0000000089400000| Untracked 
| 105|0x0000000089500000, 0x0000000089500000, 0x0000000089600000|  0%| F|  |TAMS 0x0000000089500000| PB 0x0000000089500000| Untracked 
| 106|0x0000000089600000, 0x0000000089600000, 0x0000000089700000|  0%| F|  |TAMS 0x0000000089600000| PB 0x0000000089600000| Untracked 
| 107|0x0000000089700000, 0x0000000089700000, 0x0000000089800000|  0%| F|  |TAMS 0x0000000089700000| PB 0x0000000089700000| Untracked 
| 108|0x0000000089800000, 0x0000000089800000, 0x0000000089900000|  0%| F|  |TAMS 0x0000000089800000| PB 0x0000000089800000| Untracked 
| 109|0x0000000089900000, 0x00000000899db3e8, 0x0000000089a00000| 85%| E|  |TAMS 0x0000000089900000| PB 0x0000000089900000| Complete 
| 110|0x0000000089a00000, 0x0000000089b00000, 0x0000000089b00000|100%| E|CS|TAMS 0x0000000089a00000| PB 0x0000000089a00000| Complete 
| 111|0x0000000089b00000, 0x0000000089c00000, 0x0000000089c00000|100%| S|CS|TAMS 0x0000000089b00000| PB 0x0000000089b00000| Complete 
| 112|0x0000000089c00000, 0x0000000089d00000, 0x0000000089d00000|100%| S|CS|TAMS 0x0000000089c00000| PB 0x0000000089c00000| Complete 
| 113|0x0000000089d00000, 0x0000000089e00000, 0x0000000089e00000|100%| E|  |TAMS 0x0000000089d00000| PB 0x0000000089d00000| Complete 
| 114|0x0000000089e00000, 0x0000000089f00000, 0x0000000089f00000|100%| E|CS|TAMS 0x0000000089e00000| PB 0x0000000089e00000| Complete 
| 115|0x0000000089f00000, 0x000000008a000000, 0x000000008a000000|100%| E|CS|TAMS 0x0000000089f00000| PB 0x0000000089f00000| Complete 
| 116|0x000000008a000000, 0x000000008a100000, 0x000000008a100000|100%| E|CS|TAMS 0x000000008a000000| PB 0x000000008a000000| Complete 
| 117|0x000000008a100000, 0x000000008a200000, 0x000000008a200000|100%| E|CS|TAMS 0x000000008a100000| PB 0x000000008a100000| Complete 
| 118|0x000000008a200000, 0x000000008a300000, 0x000000008a300000|100%| E|CS|TAMS 0x000000008a200000| PB 0x000000008a200000| Complete 
| 119|0x000000008a300000, 0x000000008a400000, 0x000000008a400000|100%| E|CS|TAMS 0x000000008a300000| PB 0x000000008a300000| Complete 
| 120|0x000000008a400000, 0x000000008a500000, 0x000000008a500000|100%| E|CS|TAMS 0x000000008a400000| PB 0x000000008a400000| Complete 
| 121|0x000000008a500000, 0x000000008a600000, 0x000000008a600000|100%| E|CS|TAMS 0x000000008a500000| PB 0x000000008a500000| Complete 
| 122|0x000000008a600000, 0x000000008a700000, 0x000000008a700000|100%| E|CS|TAMS 0x000000008a600000| PB 0x000000008a600000| Complete 
| 123|0x000000008a700000, 0x000000008a800000, 0x000000008a800000|100%| E|CS|TAMS 0x000000008a700000| PB 0x000000008a700000| Complete 
| 124|0x000000008a800000, 0x000000008a900000, 0x000000008a900000|100%| E|CS|TAMS 0x000000008a800000| PB 0x000000008a800000| Complete 
| 125|0x000000008a900000, 0x000000008aa00000, 0x000000008aa00000|100%| E|CS|TAMS 0x000000008a900000| PB 0x000000008a900000| Complete 

Card table byte_map: [0x000002666afd0000,0x000002666b3c0000] _byte_map_base: 0x000002666abba000

Marking Bits: (CMBitMap*) 0x0000026651d82610
 Bits: [0x000002666b7b0000, 0x000002666d700000)

Polling page: 0x0000026651bc0000

Metaspace:

Usage:
  Non-class:      5.34 MB used.
      Class:    740.05 KB used.
       Both:      6.06 MB used.

Virtual space:
  Non-class space:       64.00 MB reserved,       5.44 MB (  8%) committed,  1 nodes.
      Class space:        1.00 GB reserved,     832.00 KB ( <1%) committed,  1 nodes.
             Both:        1.06 GB reserved,       6.25 MB ( <1%) committed. 

Chunk freelists:
   Non-Class:  1.27 MB
       Class:  3.00 MB
        Both:  4.27 MB

MaxMetaspaceSize: unlimited
CompressedClassSpaceSize: 1.00 GB
Initial GC threshold: 21.00 MB
Current GC threshold: 21.00 MB
CDS: on
MetaspaceReclaimPolicy: balanced
 - commit_granule_bytes: 65536.
 - commit_granule_words: 8192.
 - virtual_space_node_default_size: 8388608.
 - enlarge_chunks_in_place: 1.
 - new_chunks_are_fully_committed: 0.
 - uncommit_free_chunks: 1.
 - use_allocation_guard: 0.


Internal statistics:

num_allocs_failed_limit: 0.
num_arena_births: 154.
num_arena_deaths: 0.
num_vsnodes_births: 2.
num_vsnodes_deaths: 0.
num_space_committed: 100.
num_space_uncommitted: 0.
num_chunks_returned_to_freelist: 0.
num_chunks_taken_from_freelist: 309.
num_chunk_merges: 0.
num_chunk_splits: 205.
num_chunks_enlarged: 140.
num_inconsistent_stats: 0.

CodeHeap 'non-profiled nmethods': size=120000Kb used=422Kb max_used=422Kb free=119577Kb
 bounds [0x0000026663090000, 0x0000026663300000, 0x000002666a5c0000]
CodeHeap 'profiled nmethods': size=120000Kb used=1895Kb max_used=1895Kb free=118104Kb
 bounds [0x000002665b5c0000, 0x000002665b830000, 0x0000026662af0000]
CodeHeap 'non-nmethods': size=5760Kb used=1507Kb max_used=1507Kb free=4252Kb
 bounds [0x0000026662af0000, 0x0000026662d60000, 0x0000026663090000]
 total_blobs=1741 nmethods=1205 adapters=447
 compilation: enabled
              stopped_count=0, restarted_count=0
 full_count=0

Compilation events (20 events):
Event: 1.429 Thread 0x000002666fd2a5d0 nmethod 1180 0x000002665b782390 code [0x000002665b782540, 0x000002665b7827a8]
Event: 1.429 Thread 0x000002666fd2a5d0 1181   !   3       java.lang.module.ModuleReader::read (75 bytes)
Event: 1.429 Thread 0x000002666fd2a5d0 nmethod 1181 0x000002665b782890 code [0x000002665b782b20, 0x000002665b783820]
Event: 1.429 Thread 0x000002666fd2a5d0 1182       3       java.io.InputStream::readAllBytes (7 bytes)
Event: 1.430 Thread 0x000002666fd2a5d0 nmethod 1182 0x000002665b783d10 code [0x000002665b783ea0, 0x000002665b784070]
Event: 1.433 Thread 0x000002666fd2a5d0 1183   !   3       java.util.zip.ZipFile$CleanableResource::releaseInflater (53 bytes)
Event: 1.433 Thread 0x000002666fd2a5d0 nmethod 1183 0x000002665b784110 code [0x000002665b7842e0, 0x000002665b784710]
Event: 1.433 Thread 0x000002666fd2a5d0 1184       3       java.util.concurrent.locks.AbstractQueuedSynchronizer::acquireShared (20 bytes)
Event: 1.433 Thread 0x000002666fd2a5d0 nmethod 1184 0x000002665b784910 code [0x000002665b784ac0, 0x000002665b784d30]
Event: 1.433 Thread 0x000002666fd2a5d0 1185       3       java.util.concurrent.locks.ReentrantReadWriteLock$ReadLock::unlock (10 bytes)
Event: 1.434 Thread 0x000002666fd2a5d0 nmethod 1185 0x000002665b784e10 code [0x000002665b784fc0, 0x000002665b785290]
Event: 1.434 Thread 0x000002666fd2a5d0 1186       3       java.util.concurrent.locks.ReentrantReadWriteLock$Sync::tryReleaseShared (146 bytes)
Event: 1.434 Thread 0x000002666fd2a5d0 nmethod 1186 0x000002665b785390 code [0x000002665b7855e0, 0x000002665b786248]
Event: 1.436 Thread 0x000002666fd2a5d0 1187   !   3       jdk.internal.loader.BuiltinClassLoader::defineClass (162 bytes)
Event: 1.439 Thread 0x000002666fd2a5d0 nmethod 1187 0x000002665b786710 code [0x000002665b786bc0, 0x000002665b789300]
Event: 1.444 Thread 0x000002666fd2a5d0 1188       3       java.lang.ClassLoader::compareCerts (197 bytes)
Event: 1.445 Thread 0x000002666fd2a5d0 nmethod 1188 0x000002665b78a590 code [0x000002665b78a7a0, 0x000002665b78b050]
Event: 1.465 Thread 0x000002666fd283c0 1189   !   4       java.util.concurrent.ConcurrentHashMap::putVal (432 bytes)
Event: 1.467 Thread 0x000002666fd2a5d0 1190       3       java.net.URLStreamHandler::toExternalForm (156 bytes)
Event: 1.468 Thread 0x000002666fd2a5d0 nmethod 1190 0x000002665b78b310 code [0x000002665b78b6c0, 0x000002665b78cbc8]

GC Heap History (2 events):
Event: 0.710 GC heap before
{Heap before GC invocations=0 (full 0):
 garbage-first heap   total 129024K, used 12288K [0x0000000082c00000, 0x0000000100000000)
  region size 1024K, 13 young (13312K), 0 survivors (0K)
 Metaspace       used 1641K, committed 1728K, reserved 1114112K
  class space    used 164K, committed 192K, reserved 1048576K
}
Event: 0.721 GC heap after
{Heap after GC invocations=1 (full 0):
 garbage-first heap   total 129024K, used 2171K [0x0000000082c00000, 0x0000000100000000)
  region size 1024K, 2 young (2048K), 2 survivors (2048K)
 Metaspace       used 1641K, committed 1728K, reserved 1114112K
  class space    used 164K, committed 192K, reserved 1048576K
}

Dll operation events (20 events):
Event: 0.955 Loaded shared library C:\Users\Aarya\.openjfx\cache\16+8\amd64\api-ms-win-crt-heap-l1-1-0.dll
Event: 0.960 Loaded shared library C:\Users\Aarya\.openjfx\cache\16+8\amd64\api-ms-win-crt-locale-l1-1-0.dll
Event: 0.965 Loaded shared library C:\Users\Aarya\.openjfx\cache\16+8\amd64\api-ms-win-crt-math-l1-1-0.dll
Event: 0.971 Loaded shared library C:\Users\Aarya\.openjfx\cache\16+8\amd64\api-ms-win-crt-multibyte-l1-1-0.dll
Event: 0.976 Loaded shared library C:\Users\Aarya\.openjfx\cache\16+8\amd64\api-ms-win-crt-private-l1-1-0.dll
Event: 0.981 Loaded shared library C:\Users\Aarya\.openjfx\cache\16+8\amd64\api-ms-win-crt-process-l1-1-0.dll
Event: 0.986 Loaded shared library C:\Users\Aarya\.openjfx\cache\16+8\amd64\api-ms-win-crt-runtime-l1-1-0.dll
Event: 0.993 Loaded shared library C:\Users\Aarya\.openjfx\cache\16+8\amd64\api-ms-win-crt-stdio-l1-1-0.dll
Event: 1.000 Loaded shared library C:\Users\Aarya\.openjfx\cache\16+8\amd64\api-ms-win-crt-string-l1-1-0.dll
Event: 1.012 Loaded shared library C:\Users\Aarya\.jdks\openjdk-20.0.2\bin\jimage.dll
Event: 1.013 Loaded shared library C:\Users\Aarya\.openjfx\cache\16+8\amd64\api-ms-win-crt-time-l1-1-0.dll
Event: 1.047 Loaded shared library C:\Users\Aarya\.openjfx\cache\16+8\amd64\api-ms-win-crt-utility-l1-1-0.dll
Event: 1.075 Loaded shared library C:\Users\Aarya\.openjfx\cache\16+8\amd64\ucrtbase.dll
Event: 1.081 Loaded shared library C:\Users\Aarya\.openjfx\cache\16+8\amd64\vcruntime140.dll
Event: 1.087 Loaded shared library C:\Users\Aarya\.openjfx\cache\16+8\amd64\vcruntime140_1.dll
Event: 1.103 Loaded shared library C:\Users\Aarya\.openjfx\cache\16+8\amd64\msvcp140.dll
Event: 1.108 Loaded shared library C:\Users\Aarya\.openjfx\cache\16+8\amd64\msvcp140_1.dll
Event: 1.115 Loaded shared library C:\Users\Aarya\.openjfx\cache\16+8\amd64\msvcp140_2.dll
Event: 1.203 Loaded shared library C:\Users\Aarya\.openjfx\cache\16+8\amd64\prism_d3d.dll
Event: 1.294 Loaded shared library C:\Users\Aarya\.openjfx\cache\16+8\amd64\glass.dll

Deoptimization events (20 events):
Event: 1.281 Thread 0x0000026651d27310 Uncommon trap: trap_request=0xffffffc6 fr.pc=0x00000266630c7674 relative=0x0000000000000dd4
Event: 1.281 Thread 0x0000026651d27310 Uncommon trap: reason=bimorphic_or_optimized_type_check action=maybe_recompile pc=0x00000266630c7674 method=java.util.HashMap.putVal(ILjava/lang/Object;Ljava/lang/Object;ZZ)Ljava/lang/Object; @ 56 c2
Event: 1.281 Thread 0x0000026651d27310 DEOPT PACKING pc=0x00000266630c7674 sp=0x000000fb339fd280
Event: 1.281 Thread 0x0000026651d27310 DEOPT UNPACKING pc=0x0000026662b59d22 sp=0x000000fb339fd218 mode 2
Event: 1.281 Thread 0x0000026651d27310 Uncommon trap: trap_request=0xffffffc6 fr.pc=0x00000266630c7674 relative=0x0000000000000dd4
Event: 1.281 Thread 0x0000026651d27310 Uncommon trap: reason=bimorphic_or_optimized_type_check action=maybe_recompile pc=0x00000266630c7674 method=java.util.HashMap.putVal(ILjava/lang/Object;Ljava/lang/Object;ZZ)Ljava/lang/Object; @ 56 c2
Event: 1.281 Thread 0x0000026651d27310 DEOPT PACKING pc=0x00000266630c7674 sp=0x000000fb339fd280
Event: 1.281 Thread 0x0000026651d27310 DEOPT UNPACKING pc=0x0000026662b59d22 sp=0x000000fb339fd218 mode 2
Event: 1.281 Thread 0x0000026651d27310 Uncommon trap: trap_request=0xffffffc6 fr.pc=0x00000266630c7674 relative=0x0000000000000dd4
Event: 1.281 Thread 0x0000026651d27310 Uncommon trap: reason=bimorphic_or_optimized_type_check action=maybe_recompile pc=0x00000266630c7674 method=java.util.HashMap.putVal(ILjava/lang/Object;Ljava/lang/Object;ZZ)Ljava/lang/Object; @ 56 c2
Event: 1.281 Thread 0x0000026651d27310 DEOPT PACKING pc=0x00000266630c7674 sp=0x000000fb339fd280
Event: 1.281 Thread 0x0000026651d27310 DEOPT UNPACKING pc=0x0000026662b59d22 sp=0x000000fb339fd218 mode 2
Event: 1.312 Thread 0x000002666fd20670 Uncommon trap: trap_request=0xffffff45 fr.pc=0x00000266630df62c relative=0x000000000000026c
Event: 1.313 Thread 0x000002666fd20670 Uncommon trap: reason=unstable_if action=reinterpret pc=0x00000266630df62c method=java.lang.invoke.VarHandle.checkAccessModeThenIsDirect(Ljava/lang/invoke/VarHandle$AccessDescriptor;)Z @ 4 c2
Event: 1.313 Thread 0x000002666fd20670 DEOPT PACKING pc=0x00000266630df62c sp=0x000000fb351feae0
Event: 1.313 Thread 0x000002666fd20670 DEOPT UNPACKING pc=0x0000026662b59d22 sp=0x000000fb351fea38 mode 2
Event: 1.390 Thread 0x000002666fd20670 Uncommon trap: trap_request=0xffffff45 fr.pc=0x00000266630de808 relative=0x0000000000000088
Event: 1.390 Thread 0x000002666fd20670 Uncommon trap: reason=unstable_if action=reinterpret pc=0x00000266630de808 method=jdk.internal.misc.Unsafe.convEndian(ZI)I @ 4 c2
Event: 1.390 Thread 0x000002666fd20670 DEOPT PACKING pc=0x00000266630de808 sp=0x000000fb351fd7e0
Event: 1.390 Thread 0x000002666fd20670 DEOPT UNPACKING pc=0x0000026662b59d22 sp=0x000000fb351fd710 mode 2

Classes loaded (20 events):
Event: 1.378 Loading class java/util/LinkedHashMap$LinkedValueIterator
Event: 1.378 Loading class java/util/LinkedHashMap$LinkedValueIterator done
Event: 1.382 Loading class java/lang/reflect/Proxy$ProxyBuilder$ProxyClassContext
Event: 1.382 Loading class java/lang/reflect/Proxy$ProxyBuilder$ProxyClassContext done
Event: 1.383 Loading class java/lang/reflect/ProxyGenerator
Event: 1.383 Loading class java/lang/reflect/ProxyGenerator done
Event: 1.383 Loading class java/lang/reflect/ProxyGenerator$ProxyMethod
Event: 1.383 Loading class java/lang/reflect/ProxyGenerator$ProxyMethod done
Event: 1.385 Loading class java/lang/reflect/ProxyGenerator$PrimitiveTypeInfo
Event: 1.385 Loading class java/lang/reflect/ProxyGenerator$PrimitiveTypeInfo done
Event: 1.385 Loading class jdk/internal/org/objectweb/asm/Edge
Event: 1.386 Loading class jdk/internal/org/objectweb/asm/Edge done
Event: 1.388 Loading class java/lang/reflect/Proxy$ProxyBuilder$1
Event: 1.388 Loading class java/lang/reflect/Proxy$ProxyBuilder$1 done
Event: 1.390 Loading class java/lang/annotation/Target
Event: 1.390 Loading class java/lang/annotation/Target done
Event: 1.424 Loading class java/lang/StackTraceElement$HashedModules
Event: 1.424 Loading class java/lang/StackTraceElement$HashedModules done
Event: 1.444 Loading class java/util/EventObject
Event: 1.444 Loading class java/util/EventObject done

Classes unloaded (0 events):
No events

Classes redefined (0 events):
No events

Internal exceptions (20 events):
Event: 0.350 Thread 0x0000026651d27310 Exception <a 'java/lang/NoSuchMethodError'{0x000000008a69ce08}: 'void java.lang.invoke.DirectMethodHandle$Holder.invokeSpecial(java.lang.Object, java.lang.Object, java.lang.Object)'> (0x000000008a69ce08) 
thrown [s\open\src\hotspot\share\interpreter\linkResolver.cpp, line 773]
Event: 0.469 Thread 0x0000026651d27310 Exception <a 'java/lang/NoSuchMethodError'{0x000000008a1b8900}: 'java.lang.Object java.lang.invoke.DirectMethodHandle$Holder.invokeVirtual(java.lang.Object, java.lang.Object, java.lang.Object)'> (0x000000008a1b8900) 
thrown [s\open\src\hotspot\share\interpreter\linkResolver.cpp, line 773]
Event: 0.491 Thread 0x0000026651d27310 Exception <a 'java/lang/NoSuchMethodError'{0x000000008a0874d8}: 'void java.lang.invoke.DirectMethodHandle$Holder.invokeSpecial(java.lang.Object, java.lang.Object, java.lang.Object, java.lang.Object, java.lang.Object)'> (0x000000008a0874d8) 
thrown [s\open\src\hotspot\share\interpreter\linkResolver.cpp, line 773]
Event: 0.499 Thread 0x0000026651d27310 Exception <a 'java/lang/NoSuchMethodError'{0x000000008a09c420}: 'java.lang.Object java.lang.invoke.DirectMethodHandle$Holder.invokeInterface(java.lang.Object, java.lang.Object)'> (0x000000008a09c420) 
thrown [s\open\src\hotspot\share\interpreter\linkResolver.cpp, line 773]
Event: 0.499 Thread 0x0000026651d27310 Exception <a 'java/lang/IncompatibleClassChangeError'{0x000000008a09f688}: Found class java.lang.Object, but interface was expected> (0x000000008a09f688) 
thrown [s\open\src\hotspot\share\interpreter\linkResolver.cpp, line 840]
Event: 0.500 Thread 0x0000026651d27310 Exception <a 'java/lang/NoSuchMethodError'{0x000000008a0a24b8}: 'void java.lang.invoke.DirectMethodHandle$Holder.invokeStatic(java.lang.Object, java.lang.Object, java.lang.Object, java.lang.Object)'> (0x000000008a0a24b8) 
thrown [s\open\src\hotspot\share\interpreter\linkResolver.cpp, line 773]
Event: 0.628 Thread 0x0000026651d27310 Exception <a 'java/lang/NoSuchMethodError'{0x0000000089e42370}: 'void java.lang.invoke.DirectMethodHandle$Holder.invokeStatic(java.lang.Object, java.lang.Object, java.lang.Object)'> (0x0000000089e42370) 
thrown [s\open\src\hotspot\share\interpreter\linkResolver.cpp, line 773]
Event: 0.640 Thread 0x0000026651d27310 Exception <a 'java/lang/NoSuchMethodError'{0x0000000089e57f98}: 'java.lang.Object java.lang.invoke.Invokers$Holder.invokeExact_MT(java.lang.Object, java.lang.Object, java.lang.Object, java.lang.Object, java.lang.Object)'> (0x0000000089e57f98) 
thrown [s\open\src\hotspot\share\interpreter\linkResolver.cpp, line 773]
Event: 0.669 Thread 0x000002666fd1e140 Exception <a 'java/lang/ClassNotFoundException'{0x0000000089d04228}: jdk/net/ExtendedSocketOptions> (0x0000000089d04228) 
thrown [s\open\src\hotspot\share\classfile\systemDictionary.cpp, line 305]
Event: 0.670 Thread 0x000002666fd1e140 Exception <a 'java/lang/NoSuchMethodError'{0x0000000089d05a48}: 'void java.lang.invoke.DirectMethodHandle$Holder.invokeStatic(java.lang.Object, java.lang.Object)'> (0x0000000089d05a48) 
thrown [s\open\src\hotspot\share\interpreter\linkResolver.cpp, line 773]
Event: 0.675 Thread 0x0000026651d27310 Exception <a 'java/lang/NoSuchMethodError'{0x0000000089eff448}: 'java.lang.Object java.lang.invoke.Invokers$Holder.invokeExact_MT(java.lang.Object, java.lang.Object, java.lang.Object, java.lang.Object, java.lang.Object, java.lang.Object)'> (0x0000000089eff448) 
thrown [s\open\src\hotspot\share\interpreter\linkResolver.cpp, line 773]
Event: 1.040 Thread 0x000002666fd1c020 Exception <a 'sun/nio/fs/WindowsException'{0x000000008a5d4208}> (0x000000008a5d4208) 
thrown [s\open\src\hotspot\share\prims\jni.cpp, line 519]
Event: 1.252 Thread 0x0000026651d27310 Exception <a 'java/lang/NoSuchMethodError'{0x000000008a2eb7f0}: 'int java.lang.invoke.DirectMethodHandle$Holder.invokeStaticInit(java.lang.Object, java.lang.Object, java.lang.Object)'> (0x000000008a2eb7f0) 
thrown [s\open\src\hotspot\share\interpreter\linkResolver.cpp, line 773]
Event: 1.302 Thread 0x0000026651d27310 Exception <a 'java/lang/NoSuchMethodError'{0x000000008a1a40a8}: 'java.lang.Object java.lang.invoke.DirectMethodHandle$Holder.newInvokeSpecial(java.lang.Object, java.lang.Object, int, java.lang.Object)'> (0x000000008a1a40a8) 
thrown [s\open\src\hotspot\share\interpreter\linkResolver.cpp, line 773]
Event: 1.303 Thread 0x0000026651d27310 Exception <a 'java/lang/NoSuchMethodError'{0x000000008a1a8200}: 'java.lang.Object java.lang.invoke.DirectMethodHandle$Holder.invokeSpecial(java.lang.Object, java.lang.Object, java.lang.Object, int, java.lang.Object)'> (0x000000008a1a8200) 
thrown [s\open\src\hotspot\share\interpreter\linkResolver.cpp, line 773]
Event: 1.360 Thread 0x000002666fd20670 Exception <a 'java/lang/NoSuchMethodError'{0x000000008a0a8238}: 'void java.lang.invoke.DirectMethodHandle$Holder.invokeStaticInit(java.lang.Object)'> (0x000000008a0a8238) 
thrown [s\open\src\hotspot\share\interpreter\linkResolver.cpp, line 773]
Event: 1.366 Thread 0x0000026651d27310 Exception <a 'java/lang/NoSuchMethodError'{0x000000008a1d22c8}: 'java.lang.Object java.lang.invoke.DirectMethodHandle$Holder.newInvokeSpecial(java.lang.Object, java.lang.Object, java.lang.Object, java.lang.Object, java.lang.Object, java.lang.Object)'> (0x000000008a1d22c8) 
thrown [s\open\src\hotspot\share\interpreter\linkResolver.cpp, line 773]
Event: 1.425 Thread 0x0000026651d27310 Exception <a 'java/lang/NoSuchMethodError'{0x0000000089e6e768}: 'java.lang.Object java.lang.invoke.DirectMethodHandle$Holder.newInvokeSpecial(java.lang.Object, java.lang.Object, java.lang.Object, java.lang.Object, java.lang.Object)'> (0x0000000089e6e768) 
thrown [s\open\src\hotspot\share\interpreter\linkResolver.cpp, line 773]
Event: 1.471 Thread 0x000002666fd20670 Exception <a 'java/lang/NoSuchMethodError'{0x0000000089a9df30}: 'java.lang.Object java.lang.invoke.DirectMethodHandle$Holder.invokeStaticInit(java.lang.Object, java.lang.Object, java.lang.Object, java.lang.Object)'> (0x0000000089a9df30) 
thrown [s\open\src\hotspot\share\interpreter\linkResolver.cpp, line 773]
Event: 1.473 Thread 0x000002666fd20670 Exception <a 'java/lang/NullPointerException'{0x0000000089aaa018}> (0x0000000089aaa018) 
thrown [s\open\src\hotspot\share\interpreter\linkResolver.cpp, line 1373]

VM Operations (12 events):
Event: 0.294 Executing VM operation: HandshakeAllThreads
Event: 0.294 Executing VM operation: HandshakeAllThreads done
Event: 0.465 Executing VM operation: HandshakeAllThreads
Event: 0.465 Executing VM operation: HandshakeAllThreads done
Event: 0.496 Executing VM operation: HandshakeAllThreads
Event: 0.496 Executing VM operation: HandshakeAllThreads done
Event: 0.664 Executing VM operation: HandshakeAllThreads
Event: 0.664 Executing VM operation: HandshakeAllThreads done
Event: 0.710 Executing VM operation: G1CollectForAllocation
Event: 0.721 Executing VM operation: G1CollectForAllocation done
Event: 1.280 Executing VM operation: HandshakeAllThreads
Event: 1.281 Executing VM operation: HandshakeAllThreads done

Events (19 events):
Event: 0.071 Thread 0x0000026651d27310 Thread added: 0x0000026651d27310
Event: 0.106 Thread 0x000002666fd12f10 Thread added: 0x000002666fd12f10
Event: 0.106 Thread 0x000002666fd15dc0 Thread added: 0x000002666fd15dc0
Event: 0.107 Thread 0x000002666fd1a0a0 Thread added: 0x000002666fd1a0a0
Event: 0.107 Thread 0x000002666fd1c020 Thread added: 0x000002666fd1c020
Event: 0.107 Thread 0x000002666fd1f130 Thread added: 0x000002666fd1f130
Event: 0.107 Thread 0x000002666fd1ebe0 Thread added: 0x000002666fd1ebe0
Event: 0.107 Thread 0x000002666fd283c0 Thread added: 0x000002666fd283c0
Event: 0.107 Thread 0x000002666fd2a5d0 Thread added: 0x000002666fd2a5d0
Event: 0.203 Thread 0x000002666fd20120 Thread added: 0x000002666fd20120
Event: 0.344 Thread 0x000002667410ad00 Thread added: 0x000002667410ad00
Event: 0.648 Thread 0x000002666fd1e140 Thread added: 0x000002666fd1e140
Event: 0.649 Thread 0x000002666fd1f680 Thread added: 0x000002666fd1f680
Event: 1.186 Thread 0x000002666fd1fbd0 Thread added: 0x000002666fd1fbd0
Event: 1.270 Thread 0x000002667410ad00 Thread exited: 0x000002667410ad00
Event: 1.298 Thread 0x000002666fd1e690 Thread added: 0x000002666fd1e690
Event: 1.306 Thread 0x000002666fd20670 Thread added: 0x000002666fd20670
Event: 1.385 Thread 0x000002666fd1dbf0 Thread added: 0x000002666fd1dbf0
Event: 1.426 Thread 0x000002666fd1d150 Thread added: 0x000002666fd1d150


Dynamic libraries:
0x00007ff7b4270000 - 0x00007ff7b427e000 	C:\Users\Aarya\.jdks\openjdk-20.0.2\bin\java.exe
0x00007ff91f560000 - 0x00007ff91f769000 	C:\WINDOWS\SYSTEM32\ntdll.dll
0x00007ff91d5e0000 - 0x00007ff91d69d000 	C:\WINDOWS\System32\KERNEL32.DLL
0x00007ff91cab0000 - 0x00007ff91ce34000 	C:\WINDOWS\System32\KERNELBASE.dll
0x00007ff91d290000 - 0x00007ff91d3a1000 	C:\WINDOWS\System32\ucrtbase.dll
0x00007ff914040000 - 0x00007ff914057000 	C:\Users\Aarya\.jdks\openjdk-20.0.2\bin\jli.dll
0x00007ff915b80000 - 0x00007ff915b9b000 	C:\Users\Aarya\.jdks\openjdk-20.0.2\bin\VCRUNTIME140.dll
0x00007ff91e9f0000 - 0x00007ff91eb9d000 	C:\WINDOWS\System32\USER32.dll
0x00007ff91cec0000 - 0x00007ff91cee6000 	C:\WINDOWS\System32\win32u.dll
0x00007ff91eee0000 - 0x00007ff91ef0a000 	C:\WINDOWS\System32\GDI32.dll
0x00007ff91cf90000 - 0x00007ff91d0ae000 	C:\WINDOWS\System32\gdi32full.dll
0x00007ff9037f0000 - 0x00007ff903a95000 	C:\WINDOWS\WinSxS\amd64_microsoft.windows.common-controls_6595b64144ccf1df_6.0.22000.120_none_9d947278b86cc467\COMCTL32.dll
0x00007ff91cef0000 - 0x00007ff91cf8d000 	C:\WINDOWS\System32\msvcp_win.dll
0x00007ff91f470000 - 0x00007ff91f513000 	C:\WINDOWS\System32\msvcrt.dll
0x00007ff91ec60000 - 0x00007ff91ec91000 	C:\WINDOWS\System32\IMM32.DLL
0x00007ff9163e0000 - 0x00007ff9163ec000 	C:\Users\Aarya\.jdks\openjdk-20.0.2\bin\vcruntime140_1.dll
0x00007ff8eaeb0000 - 0x00007ff8eaf3e000 	C:\Users\Aarya\.jdks\openjdk-20.0.2\bin\msvcp140.dll
0x00007ff8c1ab0000 - 0x00007ff8c2748000 	C:\Users\Aarya\.jdks\openjdk-20.0.2\bin\server\jvm.dll
0x00007ff91ef10000 - 0x00007ff91efbe000 	C:\WINDOWS\System32\ADVAPI32.dll
0x00007ff91ebc0000 - 0x00007ff91ec5e000 	C:\WINDOWS\System32\sechost.dll
0x00007ff91f340000 - 0x00007ff91f461000 	C:\WINDOWS\System32\RPCRT4.dll
0x00007ff8eba40000 - 0x00007ff8eba49000 	C:\WINDOWS\SYSTEM32\WSOCK32.dll
0x00007ff91dc00000 - 0x00007ff91dc6f000 	C:\WINDOWS\System32\WS2_32.dll
0x00007ff9158b0000 - 0x00007ff9158e3000 	C:\WINDOWS\SYSTEM32\WINMM.dll
0x00007ff915d20000 - 0x00007ff915d2a000 	C:\WINDOWS\SYSTEM32\VERSION.dll
0x00007ff91ba20000 - 0x00007ff91ba38000 	C:\WINDOWS\SYSTEM32\kernel.appcore.dll
0x00007ff915b60000 - 0x00007ff915b6a000 	C:\Users\Aarya\.jdks\openjdk-20.0.2\bin\jimage.dll
0x00007ff91a3a0000 - 0x00007ff91a5c1000 	C:\WINDOWS\SYSTEM32\DBGHELP.DLL
0x00007ff8ff040000 - 0x00007ff8ff071000 	C:\WINDOWS\SYSTEM32\dbgcore.DLL
0x00007ff91ce40000 - 0x00007ff91cebf000 	C:\WINDOWS\System32\bcryptPrimitives.dll
0x00007ff914010000 - 0x00007ff91401e000 	C:\Users\Aarya\.jdks\openjdk-20.0.2\bin\instrument.dll
0x00007ff90e6c0000 - 0x00007ff90e6e6000 	C:\Users\Aarya\.jdks\openjdk-20.0.2\bin\java.dll
0x00007ff8e8850000 - 0x00007ff8e8927000 	C:\Users\Aarya\.jdks\openjdk-20.0.2\bin\jsvml.dll
0x00007ff91e220000 - 0x00007ff91e9e5000 	C:\WINDOWS\System32\SHELL32.dll
0x00007ff91aa80000 - 0x00007ff91b2e2000 	C:\WINDOWS\SYSTEM32\windows.storage.dll
0x00007ff91efc0000 - 0x00007ff91f336000 	C:\WINDOWS\System32\combase.dll
0x00007ff91a910000 - 0x00007ff91aa77000 	C:\WINDOWS\SYSTEM32\wintypes.dll
0x00007ff91dd40000 - 0x00007ff91de2a000 	C:\WINDOWS\System32\SHCORE.dll
0x00007ff91dc70000 - 0x00007ff91dccd000 	C:\WINDOWS\System32\shlwapi.dll
0x00007ff91c920000 - 0x00007ff91c945000 	C:\WINDOWS\SYSTEM32\profapi.dll
0x00007ff913d40000 - 0x00007ff913d53000 	C:\Users\Aarya\.jdks\openjdk-20.0.2\bin\net.dll
0x00007ff9164c0000 - 0x00007ff9165d4000 	C:\WINDOWS\SYSTEM32\WINHTTP.dll
0x00007ff91bfc0000 - 0x00007ff91c027000 	C:\WINDOWS\system32\mswsock.dll
0x00007ff9138b0000 - 0x00007ff9138c6000 	C:\Users\Aarya\.jdks\openjdk-20.0.2\bin\nio.dll
0x00007ff90e430000 - 0x00007ff90e448000 	C:\Users\Aarya\.jdks\openjdk-20.0.2\bin\zip.dll
0x00007ff9087e0000 - 0x00007ff9087fa000 	C:\Users\Aarya\AppData\Local\JetBrains\IntelliJ IDEA 2023.2.4\bin\breakgen64.dll
0x000002666fe90000 - 0x000002666fe93000 	C:\Users\Aarya\.openjfx\cache\16+8\amd64\api-ms-win-core-console-l1-1-0.dll
0x000002666fea0000 - 0x000002666fea3000 	C:\Users\Aarya\.openjfx\cache\16+8\amd64\api-ms-win-core-console-l1-2-0.dll
0x000002666feb0000 - 0x000002666feb3000 	C:\Users\Aarya\.openjfx\cache\16+8\amd64\api-ms-win-core-datetime-l1-1-0.dll
0x000002666fec0000 - 0x000002666fec3000 	C:\Users\Aarya\.openjfx\cache\16+8\amd64\api-ms-win-core-debug-l1-1-0.dll
0x000002666fed0000 - 0x000002666fed3000 	C:\Users\Aarya\.openjfx\cache\16+8\amd64\api-ms-win-core-errorhandling-l1-1-0.dll
0x000002666fee0000 - 0x000002666fee4000 	C:\Users\Aarya\.openjfx\cache\16+8\amd64\api-ms-win-core-file-l1-1-0.dll
0x000002666fef0000 - 0x000002666fef3000 	C:\Users\Aarya\.openjfx\cache\16+8\amd64\api-ms-win-core-file-l1-2-0.dll
0x000002666ff00000 - 0x000002666ff03000 	C:\Users\Aarya\.openjfx\cache\16+8\amd64\api-ms-win-core-file-l2-1-0.dll
0x000002666ff10000 - 0x000002666ff13000 	C:\Users\Aarya\.openjfx\cache\16+8\amd64\api-ms-win-core-handle-l1-1-0.dll
0x000002666ff20000 - 0x000002666ff23000 	C:\Users\Aarya\.openjfx\cache\16+8\amd64\api-ms-win-core-heap-l1-1-0.dll
0x000002666ff30000 - 0x000002666ff33000 	C:\Users\Aarya\.openjfx\cache\16+8\amd64\api-ms-win-core-interlocked-l1-1-0.dll
0x000002666ff40000 - 0x000002666ff43000 	C:\Users\Aarya\.openjfx\cache\16+8\amd64\api-ms-win-core-libraryloader-l1-1-0.dll
0x000002666ff50000 - 0x000002666ff53000 	C:\Users\Aarya\.openjfx\cache\16+8\amd64\api-ms-win-core-localization-l1-2-0.dll
0x000002666ff60000 - 0x000002666ff63000 	C:\Users\Aarya\.openjfx\cache\16+8\amd64\api-ms-win-core-memory-l1-1-0.dll
0x000002666ff70000 - 0x000002666ff73000 	C:\Users\Aarya\.openjfx\cache\16+8\amd64\api-ms-win-core-namedpipe-l1-1-0.dll
0x000002666ff80000 - 0x000002666ff83000 	C:\Users\Aarya\.openjfx\cache\16+8\amd64\api-ms-win-core-processenvironment-l1-1-0.dll
0x000002666ff90000 - 0x000002666ff93000 	C:\Users\Aarya\.openjfx\cache\16+8\amd64\api-ms-win-core-processthreads-l1-1-0.dll
0x000002666ffa0000 - 0x000002666ffa3000 	C:\Users\Aarya\.openjfx\cache\16+8\amd64\api-ms-win-core-processthreads-l1-1-1.dll
0x000002666ffb0000 - 0x000002666ffb3000 	C:\Users\Aarya\.openjfx\cache\16+8\amd64\api-ms-win-core-profile-l1-1-0.dll
0x000002666ffc0000 - 0x000002666ffc3000 	C:\Users\Aarya\.openjfx\cache\16+8\amd64\api-ms-win-core-rtlsupport-l1-1-0.dll
0x000002666ffd0000 - 0x000002666ffd3000 	C:\Users\Aarya\.openjfx\cache\16+8\amd64\api-ms-win-core-string-l1-1-0.dll
0x000002666ffe0000 - 0x000002666ffe3000 	C:\Users\Aarya\.openjfx\cache\16+8\amd64\api-ms-win-core-synch-l1-1-0.dll
0x000002666fff0000 - 0x000002666fff3000 	C:\Users\Aarya\.openjfx\cache\16+8\amd64\api-ms-win-core-synch-l1-2-0.dll
0x0000026674c00000 - 0x0000026674c03000 	C:\Users\Aarya\.openjfx\cache\16+8\amd64\api-ms-win-core-sysinfo-l1-1-0.dll
0x0000026674c10000 - 0x0000026674c13000 	C:\Users\Aarya\.openjfx\cache\16+8\amd64\api-ms-win-core-timezone-l1-1-0.dll
0x0000026674c20000 - 0x0000026674c23000 	C:\Users\Aarya\.openjfx\cache\16+8\amd64\api-ms-win-core-util-l1-1-0.dll
0x0000026674c30000 - 0x0000026674c33000 	C:\Users\Aarya\.openjfx\cache\16+8\amd64\api-ms-win-crt-conio-l1-1-0.dll
0x0000026674c40000 - 0x0000026674c44000 	C:\Users\Aarya\.openjfx\cache\16+8\amd64\api-ms-win-crt-convert-l1-1-0.dll
0x0000026674c50000 - 0x0000026674c53000 	C:\Users\Aarya\.openjfx\cache\16+8\amd64\api-ms-win-crt-environment-l1-1-0.dll
0x0000026674c60000 - 0x0000026674c63000 	C:\Users\Aarya\.openjfx\cache\16+8\amd64\api-ms-win-crt-filesystem-l1-1-0.dll
0x0000026674c70000 - 0x0000026674c73000 	C:\Users\Aarya\.openjfx\cache\16+8\amd64\api-ms-win-crt-heap-l1-1-0.dll
0x0000026674c80000 - 0x0000026674c83000 	C:\Users\Aarya\.openjfx\cache\16+8\amd64\api-ms-win-crt-locale-l1-1-0.dll
0x0000026674c90000 - 0x0000026674c95000 	C:\Users\Aarya\.openjfx\cache\16+8\amd64\api-ms-win-crt-math-l1-1-0.dll
0x0000026674ca0000 - 0x0000026674ca5000 	C:\Users\Aarya\.openjfx\cache\16+8\amd64\api-ms-win-crt-multibyte-l1-1-0.dll
0x0000026674cb0000 - 0x0000026674cc0000 	C:\Users\Aarya\.openjfx\cache\16+8\amd64\api-ms-win-crt-private-l1-1-0.dll
0x0000026674cc0000 - 0x0000026674cc3000 	C:\Users\Aarya\.openjfx\cache\16+8\amd64\api-ms-win-crt-process-l1-1-0.dll
0x0000026674cf0000 - 0x0000026674cf4000 	C:\Users\Aarya\.openjfx\cache\16+8\amd64\api-ms-win-crt-runtime-l1-1-0.dll
0x0000026674d00000 - 0x0000026674d04000 	C:\Users\Aarya\.openjfx\cache\16+8\amd64\api-ms-win-crt-stdio-l1-1-0.dll
0x0000026674cd0000 - 0x0000026674cd4000 	C:\Users\Aarya\.openjfx\cache\16+8\amd64\api-ms-win-crt-string-l1-1-0.dll
0x0000026674ce0000 - 0x0000026674ce3000 	C:\Users\Aarya\.openjfx\cache\16+8\amd64\api-ms-win-crt-time-l1-1-0.dll
0x0000026674d10000 - 0x0000026674d13000 	C:\Users\Aarya\.openjfx\cache\16+8\amd64\api-ms-win-crt-utility-l1-1-0.dll
0x00007ff8d1cc0000 - 0x00007ff8d1dbc000 	C:\Users\Aarya\.openjfx\cache\16+8\amd64\ucrtbase.dll
0x00007ff908790000 - 0x00007ff9087ab000 	C:\Users\Aarya\.openjfx\cache\16+8\amd64\vcruntime140.dll
0x00007ff913d00000 - 0x00007ff913d0c000 	C:\Users\Aarya\.openjfx\cache\16+8\amd64\vcruntime140_1.dll
0x00007ff8d55f0000 - 0x00007ff8d567e000 	C:\Users\Aarya\.openjfx\cache\16+8\amd64\msvcp140.dll
0x00007ff908820000 - 0x00007ff908829000 	C:\Users\Aarya\.openjfx\cache\16+8\amd64\msvcp140_1.dll
0x00007ff907e60000 - 0x00007ff907e90000 	C:\Users\Aarya\.openjfx\cache\16+8\amd64\msvcp140_2.dll
0x00007ff8ff890000 - 0x00007ff8ff8bf000 	C:\Users\Aarya\.openjfx\cache\16+8\amd64\prism_d3d.dll
0x00007ff8bea00000 - 0x00007ff8beba6000 	C:\WINDOWS\system32\d3d9.dll
0x00007ff919f60000 - 0x00007ff919f8f000 	C:\WINDOWS\SYSTEM32\dwmapi.dll
0x00007ff919d00000 - 0x00007ff919d38000 	C:\WINDOWS\SYSTEM32\dxcore.dll
0x00007ff919c20000 - 0x00007ff919ccc000 	C:\WINDOWS\system32\uxtheme.dll
0x00007ff8b9220000 - 0x00007ff8b93cf000 	C:\WINDOWS\System32\DriverStore\FileRepository\iigd_dch.inf_amd64_4baea396c1a08a8e\igdumdim64.dll
0x00007ff91d440000 - 0x00007ff91d5da000 	C:\WINDOWS\System32\ole32.dll
0x00007ff858b00000 - 0x00007ff85d3a3000 	C:\WINDOWS\System32\DriverStore\FileRepository\iigd_dch.inf_amd64_4baea396c1a08a8e\igd9dxva64.dll
0x00007ff91db20000 - 0x00007ff91dbf6000 	C:\WINDOWS\System32\OLEAUT32.dll
0x00007ff91d6a0000 - 0x00007ff91db12000 	C:\WINDOWS\System32\SETUPAPI.dll
0x00007ff91c6f0000 - 0x00007ff91c73c000 	C:\WINDOWS\SYSTEM32\cfgmgr32.dll
0x00007ff912040000 - 0x00007ff912449000 	C:\WINDOWS\System32\DriverStore\FileRepository\iigd_dch.inf_amd64_4baea396c1a08a8e\igdgmm64.dll
0x00007ff9180a0000 - 0x00007ff9180e4000 	C:\WINDOWS\SYSTEM32\directxdatabasehelper.dll
0x00007ff91ba40000 - 0x00007ff91ba74000 	C:\WINDOWS\SYSTEM32\ntmarta.dll
0x00007ff8e8d00000 - 0x00007ff8e8d42000 	C:\Users\Aarya\.openjfx\cache\16+8\amd64\glass.dll
0x00007ff91e0a0000 - 0x00007ff91e18c000 	C:\WINDOWS\System32\COMDLG32.dll
0x00007ff91df80000 - 0x00007ff91e09d000 	C:\WINDOWS\System32\MSCTF.dll
0x00007ff8b4cd0000 - 0x00007ff8b4cf7000 	C:\WINDOWS\System32\DriverStore\FileRepository\iigd_dch.inf_amd64_4baea396c1a08a8e\igdinfo64.dll

dbghelp: loaded successfully - version: 4.0.5 - missing functions: none
symbol engine: initialized successfully - sym options: 0x614 - pdb path: .;C:\Users\Aarya\.jdks\openjdk-20.0.2\bin;C:\WINDOWS\SYSTEM32;C:\WINDOWS\WinSxS\amd64_microsoft.windows.common-controls_6595b64144ccf1df_6.0.22000.120_none_9d947278b86cc467;C:\Users\Aarya\.jdks\openjdk-20.0.2\bin\server;C:\Users\Aarya\AppData\Local\JetBrains\IntelliJ IDEA 2023.2.4\bin;C:\Users\Aarya\.openjfx\cache\16+8\amd64;C:\WINDOWS\System32\DriverStore\FileRepository\iigd_dch.inf_amd64_4baea396c1a08a8e

VM Arguments:
jvm_args: -javaagent:C:\Users\Aarya\AppData\Local\JetBrains\IntelliJ IDEA 2023.2.4\lib\idea_rt.jar=57960:C:\Users\Aarya\AppData\Local\JetBrains\IntelliJ IDEA 2023.2.4\bin -Dfile.encoding=UTF-8 -Dsun.stdout.encoding=UTF-8 -Dsun.stderr.encoding=UTF-8 --module-path=C:\Users\Aarya\Documents\CODING_FX\FinanceFlowApp\target\classes;C:\Users\Aarya\.m2\repository\io\fair-acc\chartfx\11.3.0\chartfx-11.3.0.jar;C:\Users\Aarya\.m2\repository\org\openjfx\javafx-fxml\20.0.1\javafx-fxml-20.0.1-win.jar;C:\Users\Aarya\.m2\repository\com\mysql\mysql-connector-j\8.0.33\mysql-connector-j-8.0.33.jar;C:\Users\Aarya\.m2\repository\org\openjfx\javafx-base\16\javafx-base-16-win.jar;C:\Users\Aarya\.m2\repository\com\fasterxml\jackson\core\jackson-core\2.9.9\jackson-core-2.9.9.jar;C:\Users\Aarya\.m2\repository\org\openjfx\javafx-graphics\20.0.1\javafx-graphics-20.0.1-win.jar;C:\Users\Aarya\.m2\repository\com\fasterxml\jackson\core\jackson-databind\2.9.9.3\jackson-databind-2.9.9.3.jar;C:\Users\Aarya\.m2\repository\org\openjfx\javafx-controls\20.0.1\javafx-controls-20.0.1-win.jar;C:\Users\Aarya\.m2\repository\org\json\json\20210307\json-20210307.jar;C:\Users\Aarya\.m2\repository\io\fair-acc\dataset\11.3.0\dataset-11.3.0.jar;C:\Users\Aarya\.m2\repository\org\slf4j\slf4j-api\1.7.32\slf4j-api-1.7.32.jar;C:\Users\Aarya\.m2\repository\org\jetbrains\annotations\24.0.1\annotations-24.0.1.jar;C:\Users\Aarya\.m2\repository\ch\qos\logback\logback-classic\1.2.6\logback-classic-1.2.6.jar;C:\Users\Aarya\.m2\repository\ch\qos\logback\logback-core\1.2.6\logback-core-1.2.6.jar -Djdk.module.main=com.company.financeflowapp 
java_command: com.company.financeflowapp/com.company.financeflowapp.main.Main
java_class_path (initial): C:\Users\Aarya\.m2\repository\org\openjfx\javafx-controls\20.0.1\javafx-controls-20.0.1.jar;C:\Users\Aarya\.m2\repository\org\openjfx\javafx-graphics\20.0.1\javafx-graphics-20.0.1.jar;C:\Users\Aarya\.m2\repository\com\google\code\gson\gson\2.10.1\gson-2.10.1.jar;C:\Users\Aarya\.m2\repository\org\openjfx\javafx-base\16\javafx-base-16.jar;C:\Users\Aarya\.m2\repository\org\kordamp\ikonli\ikonli-javafx\12.3.1\ikonli-javafx-12.3.1.jar;C:\Users\Aarya\.m2\repository\org\kordamp\ikonli\ikonli-core\12.3.1\ikonli-core-12.3.1.jar;C:\Users\Aarya\.m2\repository\org\kordamp\ikonli\ikonli-fontawesome-pack\12.3.1\ikonli-fontawesome-pack-12.3.1.jar;C:\Users\Aarya\.m2\repository\org\kordamp\ikonli\ikonli-fontawesome5-pack\12.3.1\ikonli-fontawesome5-pack-12.3.1.jar;C:\Users\Aarya\.m2\repository\io\fair-acc\bench\11.3.0\bench-11.3.0.jar;C:\Users\Aarya\.m2\repository\io\fair-acc\math\11.3.0\math-11.3.0.jar;C:\Users\Aarya\.m2\repository\com\github\wendykierp\JTransforms\3.1\JTransforms-3.1.jar;C:\Users\Aarya\.m2\repository\pl\edu\icm\JLargeArrays\1.5\JLargeArrays-1.5.jar;C:\Users\Aarya\.m2\repository\org\apache\commons\commons-math3\3.6.1\commons-math3-3.6.1.jar;C:\Users\Aarya\.m2\repository\org\controlsfx\controlsfx\11.1.2\controlsfx-11.1.2.jar;C:\Users\Aarya\.m2\repository\ar\com\hjg\pngj\2.1.0\pngj-2.1.0.jar;C:\Users\Aarya\.m2\repository\org\hdrhistogram\HdrHistogram\2.1.12\HdrHistogram-2.1.12.jar;C:\Users\Aarya\.m2\repository\org\apache\commons\commons-lang3\3.13.0\commons-lang3-3.13.0.jar;C:\Users\Aarya\.m2\repository\org\openjfx\javafx-fxml\20.0.1\javafx-fxml-20.0.1.jar;C:\Users\Aarya\.m2\repository\com\google\protobuf\protobuf-java\3.21.9\protobuf-java-3.21.9.jar;C:\Users\Aarya\.m2\repository\backport-util-concurrent\backport-util-concurrent\3.1\backport-util-concurrent-3.1.jar;C:\Users\Aarya\.m2\repository\com\fasterxml\jackson\core\jackson-annotations\2.9.0\jackson-annotations-2.9.0.jar
Launcher Type: SUN_STANDARD

[Global flags]
     intx CICompilerCount                          = 3                                         {product} {ergonomic}
     uint ConcGCThreads                            = 1                                         {product} {ergonomic}
     uint G1ConcRefinementThreads                  = 4                                         {product} {ergonomic}
   size_t G1HeapRegionSize                         = 1048576                                   {product} {ergonomic}
    uintx GCDrainStackTargetSize                   = 64                                        {product} {ergonomic}
   size_t InitialHeapSize                          = 132120576                                 {product} {ergonomic}
   size_t MarkStackSize                            = 4194304                                   {product} {ergonomic}
   size_t MaxHeapSize                              = 2101346304                                {product} {ergonomic}
   size_t MaxNewSize                               = 1260388352                                {product} {ergonomic}
   size_t MinHeapDeltaBytes                        = 1048576                                   {product} {ergonomic}
   size_t MinHeapSize                              = 8388608                                   {product} {ergonomic}
    uintx NonNMethodCodeHeapSize                   = 5832780                                {pd product} {ergonomic}
    uintx NonProfiledCodeHeapSize                  = 122912730                              {pd product} {ergonomic}
    uintx ProfiledCodeHeapSize                     = 122912730                              {pd product} {ergonomic}
    uintx ReservedCodeCacheSize                    = 251658240                              {pd product} {ergonomic}
     bool SegmentedCodeCache                       = true                                      {product} {ergonomic}
   size_t SoftMaxHeapSize                          = 2101346304                             {manageable} {ergonomic}
     bool UseCompressedClassPointers               = true                           {product lp64_product} {ergonomic}
     bool UseCompressedOops                        = true                           {product lp64_product} {ergonomic}
     bool UseG1GC                                  = true                                      {product} {ergonomic}
     bool UseLargePagesIndividualAllocation        = false                                  {pd product} {ergonomic}

Logging:
Log output configuration:
 #0: stdout all=warning uptime,level,tags foldmultilines=false
 #1: stderr all=off uptime,level,tags foldmultilines=false

Environment Variables:
PATH=C:\WINDOWS\system32;C:\WINDOWS;C:\WINDOWS\System32\Wbem;C:\WINDOWS\System32\WindowsPowerShell\v1.0\;C:\WINDOWS\System32\OpenSSH\;C:\Program Files (x86)\HP\IdrsOCR_15.2.10.1114\;C:\Program Files\Git\cmd;C:\Program Files\Microsoft SQL Server\Client SDK\ODBC\170\Tools\Binn\;C:\Program Files (x86)\Microsoft SQL Server\150\Tools\Binn\;C:\Program Files\Microsoft SQL Server\150\Tools\Binn\;C:\Program Files\Microsoft SQL Server\150\DTS\Binn\;C:\Users\Aarya\AppData\Local\Microsoft\WindowsApps;;C:\Users\Aarya\AppData\Local\Programs\Microsoft VS Code\bin
USERNAME=Aarya
OS=Windows_NT
PROCESSOR_IDENTIFIER=Intel64 Family 6 Model 142 Stepping 12, GenuineIntel
TMP=C:\Users\Aarya\AppData\Local\Temp
TEMP=C:\Users\Aarya\AppData\Local\Temp




---------------  S Y S T E M  ---------------

OS:
 Windows 11 , 64 bit Build 22000 (10.0.22000.2538)
OS uptime: 4 days 19:32 hours
Hyper-V role detected

CPU: total 4 (initial active 4) (2 cores per cpu, 2 threads per core) family 6 model 142 stepping 12 microcode 0xec, cx8, cmov, fxsr, ht, mmx, 3dnowpref, sse, sse2, sse3, ssse3, sse4.1, sse4.2, popcnt, lzcnt, tsc, tscinvbit, avx, avx2, aes, erms, clmul, bmi1, bmi2, adx, fma, vzeroupper, clflush, clflushopt, hv, rdtscp, f16c

Memory: 4k page, system-wide physical 8015M (985M free)
TotalPageFile size 15911M (AvailPageFile size 2M)
current process WorkingSet (physical memory assigned to process): 79M, peak: 79M
current process commit charge ("private bytes"): 226M, peak: 226M

vm_info: OpenJDK 64-Bit Server VM (20.0.2+9-78) for windows-amd64 JRE (20.0.2+9-78), built on 2023-06-14T10:08:48Z by "mach5one" with MS VC++ 17.1 (VS2022)

END.
