#
# There is insufficient memory for the Java Runtime Environment to continue.
# Native memory allocation (malloc) failed to allocate 196656 bytes for Chunk::new
# Possible reasons:
#   The system is out of physical RAM or swap space
#   The process is running with CompressedOops enabled, and the Java Heap may be blocking the growth of the native heap
# Possible solutions:
#   Reduce memory load on the system
#   Increase physical memory or swap space
#   Check if swap backing store is full
#   Decrease Java heap size (-Xmx/-Xms)
#   Decrease number of Java threads
#   Decrease Java thread stack sizes (-Xss)
#   Set larger code cache with -XX:ReservedCodeCacheSize=
#   JVM is running with Unscaled Compressed Oops mode in which the Java heap is
#     placed in the first 4GB address space. The Java Heap base address is the
#     maximum limit for the native heap growth. Please use -XX:HeapBaseMinAddress
#     to set the Java Heap base and to place the Java Heap above 4GB virtual address.
# This output file may be truncated or incomplete.
#
#  Out of Memory Error (arena.cpp:184), pid=13460, tid=8780
#
# JRE version: OpenJDK Runtime Environment (20.0.2+9) (build 20.0.2+9-78)
# Java VM: OpenJDK 64-Bit Server VM (20.0.2+9-78, mixed mode, sharing, tiered, compressed oops, compressed class ptrs, g1 gc, windows-amd64)
# No core dump will be written. Minidumps are not enabled by default on client versions of Windows
#

---------------  S U M M A R Y ------------

Command Line: -javaagent:C:\Users\Aarya\AppData\Local\JetBrains\IntelliJ IDEA 2023.2.4\lib\idea_rt.jar=64639:C:\Users\Aarya\AppData\Local\JetBrains\IntelliJ IDEA 2023.2.4\bin -Dfile.encoding=UTF-8 -Dsun.stdout.encoding=UTF-8 -Dsun.stderr.encoding=UTF-8 --module-path=C:\Users\Aarya\.m2\repository\ch\qos\logback\logback-classic\1.2.6\logback-classic-1.2.6.jar;C:\Users\Aarya\.m2\repository\org\openjfx\javafx-controls\20.0.1\javafx-controls-20.0.1-win.jar;C:\Users\Aarya\.m2\repository\ch\qos\logback\logback-core\1.2.6\logback-core-1.2.6.jar;C:\Users\Aarya\.m2\repository\io\fair-acc\dataset\11.3.0\dataset-11.3.0.jar;C:\Users\Aarya\.m2\repository\org\openjfx\javafx-base\16\javafx-base-16-win.jar;C:\Users\Aarya\Documents\CODING_FX\FinanceFlowApp\target\classes;C:\Users\Aarya\.m2\repository\com\mysql\mysql-connector-j\8.0.33\mysql-connector-j-8.0.33.jar;C:\Users\Aarya\.m2\repository\org\jetbrains\annotations\24.0.1\annotations-24.0.1.jar;C:\Users\Aarya\.m2\repository\org\json\json\20210307\json-20210307.jar;C:\Users\Aarya\.m2\repository\org\slf4j\slf4j-api\1.7.32\slf4j-api-1.7.32.jar;C:\Users\Aarya\.m2\repository\org\openjfx\javafx-graphics\20.0.1\javafx-graphics-20.0.1-win.jar;C:\Users\Aarya\.m2\repository\com\fasterxml\jackson\core\jackson-databind\2.9.9.3\jackson-databind-2.9.9.3.jar;C:\Users\Aarya\.m2\repository\com\fasterxml\jackson\core\jackson-core\2.9.9\jackson-core-2.9.9.jar;C:\Users\Aarya\.m2\repository\org\openjfx\javafx-fxml\20.0.1\javafx-fxml-20.0.1-win.jar;C:\Users\Aarya\.m2\repository\io\fair-acc\chartfx\11.3.0\chartfx-11.3.0.jar -Djdk.module.main=com.company.financeflowapp com.company.financeflowapp/com.company.financeflowapp.main.Main

Host: Intel(R) Core(TM) i3-10110U CPU @ 2.10GHz, 4 cores, 7G,  Windows 11 , 64 bit Build 22000 (10.0.22000.2538)
Time: Wed Mar 27 23:16:20 2024 GMT Standard Time elapsed time: 8.889208 seconds (0d 0h 0m 8s)

---------------  T H R E A D  ---------------

Current thread (0x000001b21c0dff30):  JavaThread "C2 CompilerThread0" daemon [_thread_in_native, id=8780, stack(0x000000016b800000,0x000000016b900000)]


Current CompileTask:
C2:   8889 3441       4       sun.security.ec.point.ProjectivePoint$Mutable::conditionalSet (53 bytes)

Stack: [0x000000016b800000,0x000000016b900000]
Native frames: (J=compiled Java code, j=interpreted, Vv=VM code, C=native code)
V  [jvm.dll+0x6bc25a]
V  [jvm.dll+0x84971a]
V  [jvm.dll+0x84b315]
V  [jvm.dll+0x84ba13]
V  [jvm.dll+0x280e4f]
V  [jvm.dll+0xc2ab1]
V  [jvm.dll+0xc2dd5]
V  [jvm.dll+0x2f611f]
V  [jvm.dll+0x5e3b0b]
V  [jvm.dll+0x254684]
V  [jvm.dll+0x254a4f]
V  [jvm.dll+0x24d23d]
V  [jvm.dll+0x24a819]
V  [jvm.dll+0x1ce761]
V  [jvm.dll+0x25a0eb]
V  [jvm.dll+0x2587c0]
V  [jvm.dll+0x3f2dd5]
V  [jvm.dll+0x7f5c76]
V  [jvm.dll+0x6baecb]
C  [ucrtbase.dll+0x26c0c]
C  [KERNEL32.DLL+0x153e0]
C  [ntdll.dll+0x485b]


---------------  P R O C E S S  ---------------

Threads class SMR info:
_java_thread_list=0x000001b26500e030, length=21, elements={
0x000001b200037280, 0x000001b21c0d4ba0, 0x000001b21c0d5b40, 0x000001b21c0d7470,
0x000001b21c0db070, 0x000001b21c0dbc10, 0x000001b21c0df9e0, 0x000001b21c0dff30,
0x000001b21c0e9b10, 0x000001b26145ae50, 0x000001b261c836b0, 0x000001b261cc56b0,
0x000001b261edfc40, 0x000001b261f72020, 0x000001b261fcedd0, 0x000001b26451d050,
0x000001b26453d350, 0x000001b2645ebb30, 0x000001b2645ee5b0, 0x000001b2649b6d60,
0x000001b2645ed5c0
}

Java Threads: ( => current thread )
  0x000001b200037280 JavaThread "main" [_thread_blocked, id=3972, stack(0x000000016ab00000,0x000000016ac00000)]
  0x000001b21c0d4ba0 JavaThread "Reference Handler" daemon [_thread_blocked, id=18632, stack(0x000000016b200000,0x000000016b300000)]
  0x000001b21c0d5b40 JavaThread "Finalizer" daemon [_thread_blocked, id=24240, stack(0x000000016b300000,0x000000016b400000)]
  0x000001b21c0d7470 JavaThread "Signal Dispatcher" daemon [_thread_blocked, id=7620, stack(0x000000016b400000,0x000000016b500000)]
  0x000001b21c0db070 JavaThread "Attach Listener" daemon [_thread_blocked, id=11068, stack(0x000000016b500000,0x000000016b600000)]
  0x000001b21c0dbc10 JavaThread "Service Thread" daemon [_thread_blocked, id=28960, stack(0x000000016b600000,0x000000016b700000)]
  0x000001b21c0df9e0 JavaThread "Monitor Deflation Thread" daemon [_thread_blocked, id=8844, stack(0x000000016b700000,0x000000016b800000)]
=>0x000001b21c0dff30 JavaThread "C2 CompilerThread0" daemon [_thread_in_native, id=8780, stack(0x000000016b800000,0x000000016b900000)]
  0x000001b21c0e9b10 JavaThread "C1 CompilerThread0" daemon [_thread_blocked, id=13012, stack(0x000000016b900000,0x000000016ba00000)]
  0x000001b26145ae50 JavaThread "Common-Cleaner" daemon [_thread_blocked, id=19732, stack(0x000000016ba00000,0x000000016bb00000)]
  0x000001b261c836b0 JavaThread "Monitor Ctrl-Break" daemon [_thread_in_native, id=19848, stack(0x000000016bc00000,0x000000016bd00000)]
  0x000001b261cc56b0 JavaThread "Notification Thread" daemon [_thread_blocked, id=28064, stack(0x000000016bd00000,0x000000016be00000)]
  0x000001b261edfc40 JavaThread "QuantumRenderer-0" daemon [_thread_blocked, id=13592, stack(0x000000016bb00000,0x000000016bc00000)]
  0x000001b261f72020 JavaThread "InvokeLaterDispatcher" daemon [_thread_blocked, id=8736, stack(0x000000016c200000,0x000000016c300000)]
  0x000001b261fcedd0 JavaThread "JavaFX Application Thread" [_thread_in_native, id=3312, stack(0x000000016c300000,0x000000016c400000)]
  0x000001b26451d050 JavaThread "Thread-1" daemon [_thread_in_native, id=30440, stack(0x000000016c800000,0x000000016c900000)]
  0x000001b26453d350 JavaThread "JavaFX-Launcher" [_thread_blocked, id=18480, stack(0x000000016c900000,0x000000016ca00000)]
  0x000001b2645ebb30 JavaThread "Prism Font Disposer" daemon [_thread_blocked, id=29460, stack(0x000000016ca00000,0x000000016cb00000)]
  0x000001b2645ee5b0 JavaThread "Cleaner-0" daemon [_thread_blocked, id=14108, stack(0x000000016d000000,0x000000016d100000)]
  0x000001b2649b6d60 JavaThread "C2 CompilerThread1" daemon [_thread_in_native, id=28500, stack(0x000000016d100000,0x000000016d200000)]
  0x000001b2645ed5c0 JavaThread "Thread-3" [_thread_in_native, id=28616, stack(0x000000016d200000,0x000000016d300000)]

Other Threads:
  0x000001b21c0b51b0 VMThread "VM Thread" [stack: 0x000000016b100000,0x000000016b200000] [id=2816]
  0x000001b26174d860 WatcherThread "VM Periodic Task Thread" [stack: 0x000000016be00000,0x000000016bf00000] [id=28880]
  0x000001b200092040 WorkerThread "GC Thread#0" [stack: 0x000000016ac00000,0x000000016ad00000] [id=784]
  0x000001b261651c90 WorkerThread "GC Thread#1" [stack: 0x000000016bf00000,0x000000016c000000] [id=17116]
  0x000001b261cce790 WorkerThread "GC Thread#2" [stack: 0x000000016c000000,0x000000016c100000] [id=13288]
  0x000001b261ccea60 WorkerThread "GC Thread#3" [stack: 0x000000016c100000,0x000000016c200000] [id=19232]
  0x000001b2000a2a80 ConcurrentGCThread "G1 Main Marker" [stack: 0x000000016ad00000,0x000000016ae00000] [id=1996]
  0x000001b2000a3c50 WorkerThread "G1 Conc#0" [stack: 0x000000016ae00000,0x000000016af00000] [id=4500]
  0x000001b2000fe940 ConcurrentGCThread "G1 Refine#0" [stack: 0x000000016af00000,0x000000016b000000] [id=16936]
  0x000001b21bf76620 ConcurrentGCThread "G1 Service" [stack: 0x000000016b000000,0x000000016b100000] [id=7756]

Threads with active compile tasks:
C2 CompilerThread0     8937 3441       4       sun.security.ec.point.ProjectivePoint$Mutable::conditionalSet (53 bytes)
C2 CompilerThread1     8938 3450       4       sun.security.ec.ECOperations::setDouble (463 bytes)

VM state: not at safepoint (normal execution)

VM Mutex/Monitor currently owned by a thread: None

Heap address: 0x0000000082c00000, size: 2004 MB, Compressed Oops mode: 32-bit

CDS archive(s) mapped at: [0x000001b21c400000-0x000001b21d060000-0x000001b21d060000), size 12976128, SharedBaseAddress: 0x000001b21c400000, ArchiveRelocationMode: 1.
Compressed class space mapped at: 0x000001b21d400000-0x000001b25d400000, reserved size: 1073741824
Narrow klass base: 0x000001b21c400000, Narrow klass shift: 0, Narrow klass range: 0x100000000

GC Precious Log:
 CardTable entry size: 512
 Card Set container configuration: InlinePtr #cards 5 size 8 Array Of Cards #cards 12 size 40 Howl #buckets 4 coarsen threshold 1843 Howl Bitmap #cards 512 size 80 coarsen threshold 460 Card regions per heap region 1 cards per card region 2048
 CPUs: 4 total, 4 available
 Memory: 8015M
 Large Page Support: Disabled
 NUMA Support: Disabled
 Compressed Oops: Enabled (32-bit)
 Heap Region Size: 1M
 Heap Min Capacity: 8M
 Heap Initial Capacity: 126M
 Heap Max Capacity: 2004M
 Pre-touch: Disabled
 Parallel Workers: 4
 Concurrent Workers: 1
 Concurrent Refinement Workers: 4
 Periodic GC: Disabled

Heap:
 garbage-first heap   total 160768K, used 98906K [0x0000000082c00000, 0x0000000100000000)
  region size 1024K, 15 young (15360K), 8 survivors (8192K)
 Metaspace       used 24024K, committed 24320K, reserved 1114112K
  class space    used 3392K, committed 3520K, reserved 1048576K

Heap Regions: E=young(eden), S=young(survivor), O=old, HS=humongous(starts), HC=humongous(continues), CS=collection set, F=free, OA=open archive, CA=closed archive, TAMS=top-at-mark-start, PB=parsable bottom
|   0|0x0000000082c00000, 0x0000000082d00000, 0x0000000082d00000|100%| O|  |TAMS 0x0000000082c00000| PB 0x0000000082c00000| Untracked 
|   1|0x0000000082d00000, 0x0000000082e00000, 0x0000000082e00000|100%| O|  |TAMS 0x0000000082d00000| PB 0x0000000082d00000| Untracked 
|   2|0x0000000082e00000, 0x0000000082f00000, 0x0000000082f00000|100%| O|  |TAMS 0x0000000082e00000| PB 0x0000000082e00000| Untracked 
|   3|0x0000000082f00000, 0x0000000083000000, 0x0000000083000000|100%|HS|  |TAMS 0x0000000082f00000| PB 0x0000000082f00000| Complete 
|   4|0x0000000083000000, 0x0000000083100000, 0x0000000083100000|100%|HS|  |TAMS 0x0000000083000000| PB 0x0000000083000000| Complete 
|   5|0x0000000083100000, 0x0000000083200000, 0x0000000083200000|100%|HC|  |TAMS 0x0000000083100000| PB 0x0000000083100000| Complete 
|   6|0x0000000083200000, 0x0000000083300000, 0x0000000083300000|100%|HC|  |TAMS 0x0000000083200000| PB 0x0000000083200000| Complete 
|   7|0x0000000083300000, 0x0000000083400000, 0x0000000083400000|100%|HC|  |TAMS 0x0000000083300000| PB 0x0000000083300000| Complete 
|   8|0x0000000083400000, 0x0000000083500000, 0x0000000083500000|100%|HC|  |TAMS 0x0000000083400000| PB 0x0000000083400000| Complete 
|   9|0x0000000083500000, 0x0000000083600000, 0x0000000083600000|100%|HC|  |TAMS 0x0000000083500000| PB 0x0000000083500000| Complete 
|  10|0x0000000083600000, 0x0000000083700000, 0x0000000083700000|100%| O|  |TAMS 0x0000000083600000| PB 0x0000000083600000| Untracked 
|  11|0x0000000083700000, 0x0000000083800000, 0x0000000083800000|100%|HS|  |TAMS 0x0000000083700000| PB 0x0000000083700000| Complete 
|  12|0x0000000083800000, 0x0000000083900000, 0x0000000083900000|100%|HC|  |TAMS 0x0000000083800000| PB 0x0000000083800000| Complete 
|  13|0x0000000083900000, 0x0000000083a00000, 0x0000000083a00000|100%|HS|  |TAMS 0x0000000083900000| PB 0x0000000083900000| Complete 
|  14|0x0000000083a00000, 0x0000000083b00000, 0x0000000083b00000|100%|HC|  |TAMS 0x0000000083a00000| PB 0x0000000083a00000| Complete 
|  15|0x0000000083b00000, 0x0000000083c00000, 0x0000000083c00000|100%|HC|  |TAMS 0x0000000083b00000| PB 0x0000000083b00000| Complete 
|  16|0x0000000083c00000, 0x0000000083d00000, 0x0000000083d00000|100%|HC|  |TAMS 0x0000000083c00000| PB 0x0000000083c00000| Complete 
|  17|0x0000000083d00000, 0x0000000083e00000, 0x0000000083e00000|100%|HC|  |TAMS 0x0000000083d00000| PB 0x0000000083d00000| Complete 
|  18|0x0000000083e00000, 0x0000000083f00000, 0x0000000083f00000|100%|HC|  |TAMS 0x0000000083e00000| PB 0x0000000083e00000| Complete 
|  19|0x0000000083f00000, 0x0000000084000000, 0x0000000084000000|100%|HC|  |TAMS 0x0000000083f00000| PB 0x0000000083f00000| Complete 
|  20|0x0000000084000000, 0x0000000084100000, 0x0000000084100000|100%|HC|  |TAMS 0x0000000084000000| PB 0x0000000084000000| Complete 
|  21|0x0000000084100000, 0x0000000084200000, 0x0000000084200000|100%|HC|  |TAMS 0x0000000084100000| PB 0x0000000084100000| Complete 
|  22|0x0000000084200000, 0x0000000084300000, 0x0000000084300000|100%|HC|  |TAMS 0x0000000084200000| PB 0x0000000084200000| Complete 
|  23|0x0000000084300000, 0x0000000084400000, 0x0000000084400000|100%|HC|  |TAMS 0x0000000084300000| PB 0x0000000084300000| Complete 
|  24|0x0000000084400000, 0x0000000084500000, 0x0000000084500000|100%|HC|  |TAMS 0x0000000084400000| PB 0x0000000084400000| Complete 
|  25|0x0000000084500000, 0x0000000084600000, 0x0000000084600000|100%|HC|  |TAMS 0x0000000084500000| PB 0x0000000084500000| Complete 
|  26|0x0000000084600000, 0x0000000084700000, 0x0000000084700000|100%|HC|  |TAMS 0x0000000084600000| PB 0x0000000084600000| Complete 
|  27|0x0000000084700000, 0x0000000084800000, 0x0000000084800000|100%|HC|  |TAMS 0x0000000084700000| PB 0x0000000084700000| Complete 
|  28|0x0000000084800000, 0x0000000084900000, 0x0000000084900000|100%|HC|  |TAMS 0x0000000084800000| PB 0x0000000084800000| Complete 
|  29|0x0000000084900000, 0x0000000084a00000, 0x0000000084a00000|100%|HC|  |TAMS 0x0000000084900000| PB 0x0000000084900000| Complete 
|  30|0x0000000084a00000, 0x0000000084b00000, 0x0000000084b00000|100%|HC|  |TAMS 0x0000000084a00000| PB 0x0000000084a00000| Complete 
|  31|0x0000000084b00000, 0x0000000084c00000, 0x0000000084c00000|100%|HC|  |TAMS 0x0000000084b00000| PB 0x0000000084b00000| Complete 
|  32|0x0000000084c00000, 0x0000000084d00000, 0x0000000084d00000|100%|HC|  |TAMS 0x0000000084c00000| PB 0x0000000084c00000| Complete 
|  33|0x0000000084d00000, 0x0000000084e00000, 0x0000000084e00000|100%|HC|  |TAMS 0x0000000084d00000| PB 0x0000000084d00000| Complete 
|  34|0x0000000084e00000, 0x0000000084f00000, 0x0000000084f00000|100%|HC|  |TAMS 0x0000000084e00000| PB 0x0000000084e00000| Complete 
|  35|0x0000000084f00000, 0x0000000085000000, 0x0000000085000000|100%|HC|  |TAMS 0x0000000084f00000| PB 0x0000000084f00000| Complete 
|  36|0x0000000085000000, 0x0000000085100000, 0x0000000085100000|100%|HC|  |TAMS 0x0000000085000000| PB 0x0000000085000000| Complete 
|  37|0x0000000085100000, 0x0000000085200000, 0x0000000085200000|100%|HC|  |TAMS 0x0000000085100000| PB 0x0000000085100000| Complete 
|  38|0x0000000085200000, 0x0000000085300000, 0x0000000085300000|100%|HC|  |TAMS 0x0000000085200000| PB 0x0000000085200000| Complete 
|  39|0x0000000085300000, 0x0000000085400000, 0x0000000085400000|100%|HC|  |TAMS 0x0000000085300000| PB 0x0000000085300000| Complete 
|  40|0x0000000085400000, 0x0000000085500000, 0x0000000085500000|100%|HC|  |TAMS 0x0000000085400000| PB 0x0000000085400000| Complete 
|  41|0x0000000085500000, 0x0000000085600000, 0x0000000085600000|100%|HC|  |TAMS 0x0000000085500000| PB 0x0000000085500000| Complete 
|  42|0x0000000085600000, 0x0000000085700000, 0x0000000085700000|100%|HC|  |TAMS 0x0000000085600000| PB 0x0000000085600000| Complete 
|  43|0x0000000085700000, 0x0000000085800000, 0x0000000085800000|100%|HC|  |TAMS 0x0000000085700000| PB 0x0000000085700000| Complete 
|  44|0x0000000085800000, 0x0000000085900000, 0x0000000085900000|100%|HC|  |TAMS 0x0000000085800000| PB 0x0000000085800000| Complete 
|  45|0x0000000085900000, 0x0000000085a00000, 0x0000000085a00000|100%|HC|  |TAMS 0x0000000085900000| PB 0x0000000085900000| Complete 
|  46|0x0000000085a00000, 0x0000000085b00000, 0x0000000085b00000|100%|HC|  |TAMS 0x0000000085a00000| PB 0x0000000085a00000| Complete 
|  47|0x0000000085b00000, 0x0000000085c00000, 0x0000000085c00000|100%|HC|  |TAMS 0x0000000085b00000| PB 0x0000000085b00000| Complete 
|  48|0x0000000085c00000, 0x0000000085d00000, 0x0000000085d00000|100%|HC|  |TAMS 0x0000000085c00000| PB 0x0000000085c00000| Complete 
|  49|0x0000000085d00000, 0x0000000085e00000, 0x0000000085e00000|100%|HC|  |TAMS 0x0000000085d00000| PB 0x0000000085d00000| Complete 
|  50|0x0000000085e00000, 0x0000000085f00000, 0x0000000085f00000|100%|HC|  |TAMS 0x0000000085e00000| PB 0x0000000085e00000| Complete 
|  51|0x0000000085f00000, 0x0000000086000000, 0x0000000086000000|100%|HC|  |TAMS 0x0000000085f00000| PB 0x0000000085f00000| Complete 
|  52|0x0000000086000000, 0x0000000086100000, 0x0000000086100000|100%|HC|  |TAMS 0x0000000086000000| PB 0x0000000086000000| Complete 
|  53|0x0000000086100000, 0x0000000086200000, 0x0000000086200000|100%|HC|  |TAMS 0x0000000086100000| PB 0x0000000086100000| Complete 
|  54|0x0000000086200000, 0x0000000086300000, 0x0000000086300000|100%|HC|  |TAMS 0x0000000086200000| PB 0x0000000086200000| Complete 
|  55|0x0000000086300000, 0x0000000086400000, 0x0000000086400000|100%|HC|  |TAMS 0x0000000086300000| PB 0x0000000086300000| Complete 
|  56|0x0000000086400000, 0x0000000086500000, 0x0000000086500000|100%|HC|  |TAMS 0x0000000086400000| PB 0x0000000086400000| Complete 
|  57|0x0000000086500000, 0x0000000086600000, 0x0000000086600000|100%|HC|  |TAMS 0x0000000086500000| PB 0x0000000086500000| Complete 
|  58|0x0000000086600000, 0x0000000086700000, 0x0000000086700000|100%|HC|  |TAMS 0x0000000086600000| PB 0x0000000086600000| Complete 
|  59|0x0000000086700000, 0x0000000086800000, 0x0000000086800000|100%|HC|  |TAMS 0x0000000086700000| PB 0x0000000086700000| Complete 
|  60|0x0000000086800000, 0x0000000086900000, 0x0000000086900000|100%|HC|  |TAMS 0x0000000086800000| PB 0x0000000086800000| Complete 
|  61|0x0000000086900000, 0x0000000086a00000, 0x0000000086a00000|100%|HC|  |TAMS 0x0000000086900000| PB 0x0000000086900000| Complete 
|  62|0x0000000086a00000, 0x0000000086b00000, 0x0000000086b00000|100%|HC|  |TAMS 0x0000000086a00000| PB 0x0000000086a00000| Complete 
|  63|0x0000000086b00000, 0x0000000086c00000, 0x0000000086c00000|100%|HC|  |TAMS 0x0000000086b00000| PB 0x0000000086b00000| Complete 
|  64|0x0000000086c00000, 0x0000000086d00000, 0x0000000086d00000|100%|HC|  |TAMS 0x0000000086c00000| PB 0x0000000086c00000| Complete 
|  65|0x0000000086d00000, 0x0000000086e00000, 0x0000000086e00000|100%|HC|  |TAMS 0x0000000086d00000| PB 0x0000000086d00000| Complete 
|  66|0x0000000086e00000, 0x0000000086f00000, 0x0000000086f00000|100%|HC|  |TAMS 0x0000000086e00000| PB 0x0000000086e00000| Complete 
|  67|0x0000000086f00000, 0x0000000087000000, 0x0000000087000000|100%|HC|  |TAMS 0x0000000086f00000| PB 0x0000000086f00000| Complete 
|  68|0x0000000087000000, 0x0000000087100000, 0x0000000087100000|100%|HC|  |TAMS 0x0000000087000000| PB 0x0000000087000000| Complete 
|  69|0x0000000087100000, 0x0000000087200000, 0x0000000087200000|100%|HC|  |TAMS 0x0000000087100000| PB 0x0000000087100000| Complete 
|  70|0x0000000087200000, 0x0000000087300000, 0x0000000087300000|100%|HC|  |TAMS 0x0000000087200000| PB 0x0000000087200000| Complete 
|  71|0x0000000087300000, 0x0000000087400000, 0x0000000087400000|100%|HC|  |TAMS 0x0000000087300000| PB 0x0000000087300000| Complete 
|  72|0x0000000087400000, 0x0000000087500000, 0x0000000087500000|100%|HC|  |TAMS 0x0000000087400000| PB 0x0000000087400000| Complete 
|  73|0x0000000087500000, 0x0000000087600000, 0x0000000087600000|100%|HC|  |TAMS 0x0000000087500000| PB 0x0000000087500000| Complete 
|  74|0x0000000087600000, 0x0000000087700000, 0x0000000087700000|100%|HC|  |TAMS 0x0000000087600000| PB 0x0000000087600000| Complete 
|  75|0x0000000087700000, 0x0000000087800000, 0x0000000087800000|100%|HC|  |TAMS 0x0000000087700000| PB 0x0000000087700000| Complete 
|  76|0x0000000087800000, 0x0000000087900000, 0x0000000087900000|100%|HC|  |TAMS 0x0000000087800000| PB 0x0000000087800000| Complete 
|  77|0x0000000087900000, 0x0000000087a00000, 0x0000000087a00000|100%|HC|  |TAMS 0x0000000087900000| PB 0x0000000087900000| Complete 
|  78|0x0000000087a00000, 0x0000000087b00000, 0x0000000087b00000|100%|HC|  |TAMS 0x0000000087a00000| PB 0x0000000087a00000| Complete 
|  79|0x0000000087b00000, 0x0000000087c00000, 0x0000000087c00000|100%|HC|  |TAMS 0x0000000087b00000| PB 0x0000000087b00000| Complete 
|  80|0x0000000087c00000, 0x0000000087d00000, 0x0000000087d00000|100%|HC|  |TAMS 0x0000000087c00000| PB 0x0000000087c00000| Complete 
|  81|0x0000000087d00000, 0x0000000087e00000, 0x0000000087e00000|100%|HC|  |TAMS 0x0000000087d00000| PB 0x0000000087d00000| Complete 
|  82|0x0000000087e00000, 0x0000000087f00000, 0x0000000087f00000|100%|HC|  |TAMS 0x0000000087e00000| PB 0x0000000087e00000| Complete 
|  83|0x0000000087f00000, 0x0000000087fc3c00, 0x0000000088000000| 76%| O|  |TAMS 0x0000000087f00000| PB 0x0000000087f00000| Untracked 
|  84|0x0000000088000000, 0x0000000088100000, 0x0000000088100000|100%| S|CS|TAMS 0x0000000088000000| PB 0x0000000088000000| Complete 
|  85|0x0000000088100000, 0x0000000088200000, 0x0000000088200000|100%| S|CS|TAMS 0x0000000088100000| PB 0x0000000088100000| Complete 
|  86|0x0000000088200000, 0x0000000088300000, 0x0000000088300000|100%| S|CS|TAMS 0x0000000088200000| PB 0x0000000088200000| Complete 
|  87|0x0000000088300000, 0x0000000088400000, 0x0000000088400000|100%| S|CS|TAMS 0x0000000088300000| PB 0x0000000088300000| Complete 
|  88|0x0000000088400000, 0x0000000088500000, 0x0000000088500000|100%| S|CS|TAMS 0x0000000088400000| PB 0x0000000088400000| Complete 
|  89|0x0000000088500000, 0x0000000088600000, 0x0000000088600000|100%| S|CS|TAMS 0x0000000088500000| PB 0x0000000088500000| Complete 
|  90|0x0000000088600000, 0x0000000088600000, 0x0000000088700000|  0%| F|  |TAMS 0x0000000088600000| PB 0x0000000088600000| Untracked 
|  91|0x0000000088700000, 0x0000000088700000, 0x0000000088800000|  0%| F|  |TAMS 0x0000000088700000| PB 0x0000000088700000| Untracked 
|  92|0x0000000088800000, 0x0000000088800000, 0x0000000088900000|  0%| F|  |TAMS 0x0000000088800000| PB 0x0000000088800000| Untracked 
|  93|0x0000000088900000, 0x0000000088900000, 0x0000000088a00000|  0%| F|  |TAMS 0x0000000088900000| PB 0x0000000088900000| Untracked 
|  94|0x0000000088a00000, 0x0000000088a00000, 0x0000000088b00000|  0%| F|  |TAMS 0x0000000088a00000| PB 0x0000000088a00000| Untracked 
|  95|0x0000000088b00000, 0x0000000088b00000, 0x0000000088c00000|  0%| F|  |TAMS 0x0000000088b00000| PB 0x0000000088b00000| Untracked 
|  96|0x0000000088c00000, 0x0000000088d00000, 0x0000000088d00000|100%| S|CS|TAMS 0x0000000088c00000| PB 0x0000000088c00000| Complete 
|  97|0x0000000088d00000, 0x0000000088d00000, 0x0000000088e00000|  0%| F|  |TAMS 0x0000000088d00000| PB 0x0000000088d00000| Untracked 
|  98|0x0000000088e00000, 0x0000000088e00000, 0x0000000088f00000|  0%| F|  |TAMS 0x0000000088e00000| PB 0x0000000088e00000| Untracked 
|  99|0x0000000088f00000, 0x0000000088f00000, 0x0000000089000000|  0%| F|  |TAMS 0x0000000088f00000| PB 0x0000000088f00000| Untracked 
| 100|0x0000000089000000, 0x0000000089000000, 0x0000000089100000|  0%| F|  |TAMS 0x0000000089000000| PB 0x0000000089000000| Untracked 
| 101|0x0000000089100000, 0x0000000089100000, 0x0000000089200000|  0%| F|  |TAMS 0x0000000089100000| PB 0x0000000089100000| Untracked 
| 102|0x0000000089200000, 0x0000000089200000, 0x0000000089300000|  0%| F|  |TAMS 0x0000000089200000| PB 0x0000000089200000| Untracked 
| 103|0x0000000089300000, 0x0000000089300000, 0x0000000089400000|  0%| F|  |TAMS 0x0000000089300000| PB 0x0000000089300000| Untracked 
| 104|0x0000000089400000, 0x0000000089400000, 0x0000000089500000|  0%| F|  |TAMS 0x0000000089400000| PB 0x0000000089400000| Untracked 
| 105|0x0000000089500000, 0x0000000089500000, 0x0000000089600000|  0%| F|  |TAMS 0x0000000089500000| PB 0x0000000089500000| Untracked 
| 106|0x0000000089600000, 0x0000000089600000, 0x0000000089700000|  0%| F|  |TAMS 0x0000000089600000| PB 0x0000000089600000| Untracked 
| 107|0x0000000089700000, 0x0000000089700000, 0x0000000089800000|  0%| F|  |TAMS 0x0000000089700000| PB 0x0000000089700000| Untracked 
| 108|0x0000000089800000, 0x0000000089800000, 0x0000000089900000|  0%| F|  |TAMS 0x0000000089800000| PB 0x0000000089800000| Untracked 
| 109|0x0000000089900000, 0x0000000089900000, 0x0000000089a00000|  0%| F|  |TAMS 0x0000000089900000| PB 0x0000000089900000| Untracked 
| 110|0x0000000089a00000, 0x0000000089a00000, 0x0000000089b00000|  0%| F|  |TAMS 0x0000000089a00000| PB 0x0000000089a00000| Untracked 
| 111|0x0000000089b00000, 0x0000000089b00000, 0x0000000089c00000|  0%| F|  |TAMS 0x0000000089b00000| PB 0x0000000089b00000| Untracked 
| 112|0x0000000089c00000, 0x0000000089c00000, 0x0000000089d00000|  0%| F|  |TAMS 0x0000000089c00000| PB 0x0000000089c00000| Untracked 
| 113|0x0000000089d00000, 0x0000000089d00000, 0x0000000089e00000|  0%| F|  |TAMS 0x0000000089d00000| PB 0x0000000089d00000| Untracked 
| 114|0x0000000089e00000, 0x0000000089e00000, 0x0000000089f00000|  0%| F|  |TAMS 0x0000000089e00000| PB 0x0000000089e00000| Untracked 
| 115|0x0000000089f00000, 0x0000000089f00000, 0x000000008a000000|  0%| F|  |TAMS 0x0000000089f00000| PB 0x0000000089f00000| Untracked 
| 116|0x000000008a000000, 0x000000008a000000, 0x000000008a100000|  0%| F|  |TAMS 0x000000008a000000| PB 0x000000008a000000| Untracked 
| 117|0x000000008a100000, 0x000000008a100000, 0x000000008a200000|  0%| F|  |TAMS 0x000000008a100000| PB 0x000000008a100000| Untracked 
| 118|0x000000008a200000, 0x000000008a200000, 0x000000008a300000|  0%| F|  |TAMS 0x000000008a200000| PB 0x000000008a200000| Untracked 
| 119|0x000000008a300000, 0x000000008a300000, 0x000000008a400000|  0%| F|  |TAMS 0x000000008a300000| PB 0x000000008a300000| Untracked 
| 120|0x000000008a400000, 0x000000008a400000, 0x000000008a500000|  0%| F|  |TAMS 0x000000008a400000| PB 0x000000008a400000| Untracked 
| 121|0x000000008a500000, 0x000000008a500000, 0x000000008a600000|  0%| F|  |TAMS 0x000000008a500000| PB 0x000000008a500000| Untracked 
| 122|0x000000008a600000, 0x000000008a600000, 0x000000008a700000|  0%| F|  |TAMS 0x000000008a600000| PB 0x000000008a600000| Untracked 
| 123|0x000000008a700000, 0x000000008a700000, 0x000000008a800000|  0%| F|  |TAMS 0x000000008a700000| PB 0x000000008a700000| Untracked 
| 124|0x000000008a800000, 0x000000008a900000, 0x000000008a900000|100%| E|CS|TAMS 0x000000008a800000| PB 0x000000008a800000| Complete 
| 125|0x000000008a900000, 0x000000008aa00000, 0x000000008aa00000|100%| E|CS|TAMS 0x000000008a900000| PB 0x000000008a900000| Complete 
| 126|0x000000008aa00000, 0x000000008aad2c30, 0x000000008ab00000| 82%| S|CS|TAMS 0x000000008aa00000| PB 0x000000008aa00000| Complete 
| 127|0x000000008ab00000, 0x000000008ab00000, 0x000000008ac00000|  0%| F|  |TAMS 0x000000008ab00000| PB 0x000000008ab00000| Untracked 
| 128|0x000000008ac00000, 0x000000008ac00000, 0x000000008ad00000|  0%| F|  |TAMS 0x000000008ac00000| PB 0x000000008ac00000| Untracked 
| 129|0x000000008ad00000, 0x000000008ad00000, 0x000000008ae00000|  0%| F|  |TAMS 0x000000008ad00000| PB 0x000000008ad00000| Untracked 
| 130|0x000000008ae00000, 0x000000008ae00000, 0x000000008af00000|  0%| F|  |TAMS 0x000000008ae00000| PB 0x000000008ae00000| Untracked 
| 131|0x000000008af00000, 0x000000008af00000, 0x000000008b000000|  0%| F|  |TAMS 0x000000008af00000| PB 0x000000008af00000| Untracked 
| 132|0x000000008b000000, 0x000000008b000000, 0x000000008b100000|  0%| F|  |TAMS 0x000000008b000000| PB 0x000000008b000000| Untracked 
| 133|0x000000008b100000, 0x000000008b100000, 0x000000008b200000|  0%| F|  |TAMS 0x000000008b100000| PB 0x000000008b100000| Untracked 
| 134|0x000000008b200000, 0x000000008b200000, 0x000000008b300000|  0%| F|  |TAMS 0x000000008b200000| PB 0x000000008b200000| Untracked 
| 135|0x000000008b300000, 0x000000008b300000, 0x000000008b400000|  0%| F|  |TAMS 0x000000008b300000| PB 0x000000008b300000| Untracked 
| 136|0x000000008b400000, 0x000000008b400000, 0x000000008b500000|  0%| F|  |TAMS 0x000000008b400000| PB 0x000000008b400000| Untracked 
| 137|0x000000008b500000, 0x000000008b500000, 0x000000008b600000|  0%| F|  |TAMS 0x000000008b500000| PB 0x000000008b500000| Untracked 
| 138|0x000000008b600000, 0x000000008b600000, 0x000000008b700000|  0%| F|  |TAMS 0x000000008b600000| PB 0x000000008b600000| Untracked 
| 139|0x000000008b700000, 0x000000008b700000, 0x000000008b800000|  0%| F|  |TAMS 0x000000008b700000| PB 0x000000008b700000| Untracked 
| 140|0x000000008b800000, 0x000000008b800000, 0x000000008b900000|  0%| F|  |TAMS 0x000000008b800000| PB 0x000000008b800000| Untracked 
| 141|0x000000008b900000, 0x000000008b900000, 0x000000008ba00000|  0%| F|  |TAMS 0x000000008b900000| PB 0x000000008b900000| Untracked 
| 142|0x000000008ba00000, 0x000000008ba00000, 0x000000008bb00000|  0%| F|  |TAMS 0x000000008ba00000| PB 0x000000008ba00000| Untracked 
| 143|0x000000008bb00000, 0x000000008bb00000, 0x000000008bc00000|  0%| F|  |TAMS 0x000000008bb00000| PB 0x000000008bb00000| Untracked 
| 144|0x000000008bc00000, 0x000000008bc00000, 0x000000008bd00000|  0%| F|  |TAMS 0x000000008bc00000| PB 0x000000008bc00000| Untracked 
| 145|0x000000008bd00000, 0x000000008bd00000, 0x000000008be00000|  0%| F|  |TAMS 0x000000008bd00000| PB 0x000000008bd00000| Untracked 
| 146|0x000000008be00000, 0x000000008be00000, 0x000000008bf00000|  0%| F|  |TAMS 0x000000008be00000| PB 0x000000008be00000| Untracked 
| 147|0x000000008bf00000, 0x000000008bf00000, 0x000000008c000000|  0%| F|  |TAMS 0x000000008bf00000| PB 0x000000008bf00000| Untracked 
| 148|0x000000008c000000, 0x000000008c000000, 0x000000008c100000|  0%| F|  |TAMS 0x000000008c000000| PB 0x000000008c000000| Untracked 
| 149|0x000000008c100000, 0x000000008c100000, 0x000000008c200000|  0%| F|  |TAMS 0x000000008c100000| PB 0x000000008c100000| Untracked 
| 150|0x000000008c200000, 0x000000008c200000, 0x000000008c300000|  0%| F|  |TAMS 0x000000008c200000| PB 0x000000008c200000| Untracked 
| 151|0x000000008c300000, 0x000000008c300000, 0x000000008c400000|  0%| F|  |TAMS 0x000000008c300000| PB 0x000000008c300000| Untracked 
| 152|0x000000008c400000, 0x000000008c431870, 0x000000008c500000| 19%| E|  |TAMS 0x000000008c400000| PB 0x000000008c400000| Complete 
| 153|0x000000008c500000, 0x000000008c600000, 0x000000008c600000|100%| E|CS|TAMS 0x000000008c500000| PB 0x000000008c500000| Complete 
| 154|0x000000008c600000, 0x000000008c700000, 0x000000008c700000|100%| E|  |TAMS 0x000000008c600000| PB 0x000000008c600000| Complete 
| 155|0x000000008c700000, 0x000000008c800000, 0x000000008c800000|100%| E|CS|TAMS 0x000000008c700000| PB 0x000000008c700000| Complete 
| 156|0x000000008c800000, 0x000000008c900000, 0x000000008c900000|100%| E|CS|TAMS 0x000000008c800000| PB 0x000000008c800000| Complete 

Card table byte_map: [0x000001b2174f0000,0x000001b2178e0000] _byte_map_base: 0x000001b2170da000

Marking Bits: (CMBitMap*) 0x000001b200092580
 Bits: [0x000001b217cd0000, 0x000001b219c20000)

Polling page: 0x000001b27f800000

Metaspace:

Usage:
  Non-class:     20.15 MB used.
      Class:      3.31 MB used.
       Both:     23.46 MB used.

Virtual space:
  Non-class space:       64.00 MB reserved,      20.31 MB ( 32%) committed,  1 nodes.
      Class space:        1.00 GB reserved,       3.44 MB ( <1%) committed,  1 nodes.
             Both:        1.06 GB reserved,      23.75 MB (  2%) committed. 

Chunk freelists:
   Non-Class:  2.91 MB
       Class:  576.00 KB
        Both:  3.47 MB

MaxMetaspaceSize: unlimited
CompressedClassSpaceSize: 1.00 GB
Initial GC threshold: 21.00 MB
Current GC threshold: 35.12 MB
CDS: on
MetaspaceReclaimPolicy: balanced
 - commit_granule_bytes: 65536.
 - commit_granule_words: 8192.
 - virtual_space_node_default_size: 8388608.
 - enlarge_chunks_in_place: 1.
 - new_chunks_are_fully_committed: 0.
 - uncommit_free_chunks: 1.
 - use_allocation_guard: 0.


Internal statistics:

num_allocs_failed_limit: 3.
num_arena_births: 344.
num_arena_deaths: 0.
num_vsnodes_births: 2.
num_vsnodes_deaths: 0.
num_space_committed: 380.
num_space_uncommitted: 0.
num_chunks_returned_to_freelist: 3.
num_chunks_taken_from_freelist: 1004.
num_chunk_merges: 0.
num_chunk_splits: 704.
num_chunks_enlarged: 537.
num_inconsistent_stats: 0.

CodeHeap 'non-profiled nmethods': size=120000Kb used=1318Kb max_used=1318Kb free=118681Kb
 bounds [0x000001b20fbd0000, 0x000001b20fe40000, 0x000001b217100000]
CodeHeap 'profiled nmethods': size=120000Kb used=6699Kb max_used=6699Kb free=113300Kb
 bounds [0x000001b208100000, 0x000001b208790000, 0x000001b20f630000]
CodeHeap 'non-nmethods': size=5760Kb used=1987Kb max_used=2008Kb free=3772Kb
 bounds [0x000001b20f630000, 0x000001b20f8a0000, 0x000001b20fbd0000]
 total_blobs=4365 nmethods=3451 adapters=824
 compilation: enabled
              stopped_count=0, restarted_count=0
 full_count=0

Compilation events (20 events):
Event: 8.869 Thread 0x000001b21c0dff30 nmethod 3418 0x000001b20fd14e90 code [0x000001b20fd15020, 0x000001b20fd15af0]
Event: 8.870 Thread 0x000001b21c0dff30 3407       4       sun.security.util.math.intpoly.IntegerPolynomialP256::carryReduce (454 bytes)
Event: 8.872 Thread 0x000001b21c0dff30 nmethod 3407 0x000001b20fd15d10 code [0x000001b20fd15e80, 0x000001b20fd16158]
Event: 8.872 Thread 0x000001b21c0dff30 3429       4       sun.security.util.math.intpoly.IntegerPolynomial$MutableElement::setProduct (58 bytes)
Event: 8.873 Thread 0x000001b21c0e9b10 3443       3       sun.security.util.math.intpoly.IntegerPolynomial$ImmutableElement::<init> (7 bytes)
Event: 8.873 Thread 0x000001b21c0e9b10 nmethod 3443 0x000001b208788510 code [0x000001b2087886a0, 0x000001b2087887d8]
Event: 8.875 Thread 0x000001b2649b6d60 nmethod 3428 0x000001b20fd16290 code [0x000001b20fd16400, 0x000001b20fd166f0]
Event: 8.875 Thread 0x000001b2649b6d60 3433       4       sun.security.util.math.intpoly.IntegerPolynomial$MutableElement::setSquare (52 bytes)
Event: 8.876 Thread 0x000001b2649b6d60 nmethod 3433 0x000001b20fd16890 code [0x000001b20fd16a20, 0x000001b20fd16b48]
Event: 8.876 Thread 0x000001b2649b6d60 3437       4       sun.security.util.math.intpoly.IntegerPolynomial$MutableElement::setSquare (5 bytes)
Event: 8.877 Thread 0x000001b2649b6d60 nmethod 3437 0x000001b20fd16c90 code [0x000001b20fd16e20, 0x000001b20fd16f48]
Event: 8.877 Thread 0x000001b2649b6d60 3435       4       sun.security.util.math.intpoly.IntegerPolynomialP256::square (613 bytes)
Event: 8.877 Thread 0x000001b21c0e9b10 3444       3       sun.security.util.ArrayUtil::swap (15 bytes)
Event: 8.878 Thread 0x000001b21c0e9b10 nmethod 3444 0x000001b208788890 code [0x000001b208788a20, 0x000001b208788b68]
Event: 8.880 Thread 0x000001b21c0dff30 nmethod 3429 0x000001b20fd17090 code [0x000001b20fd17240, 0x000001b20fd17678]
Event: 8.880 Thread 0x000001b21c0dff30 3441       4       sun.security.ec.point.ProjectivePoint$Mutable::conditionalSet (53 bytes)
Event: 8.885 Thread 0x000001b21c0e9b10 3446       3       sun.security.util.math.intpoly.IntegerPolynomial::get0 (10 bytes)
Event: 8.885 Thread 0x000001b21c0e9b10 nmethod 3446 0x000001b208788c90 code [0x000001b208788e20, 0x000001b208789028]
Event: 8.885 Thread 0x000001b21c0e9b10 3447       3       sun.security.util.math.intpoly.IntegerPolynomial::get0 (5 bytes)
Event: 8.886 Thread 0x000001b21c0e9b10 nmethod 3447 0x000001b208789110 code [0x000001b2087892c0, 0x000001b2087895a8]

GC Heap History (8 events):
Event: 0.432 GC heap before
{Heap before GC invocations=0 (full 0):
 garbage-first heap   total 129024K, used 12288K [0x0000000082c00000, 0x0000000100000000)
  region size 1024K, 13 young (13312K), 0 survivors (0K)
 Metaspace       used 1633K, committed 1728K, reserved 1114112K
  class space    used 164K, committed 192K, reserved 1048576K
}
Event: 0.436 GC heap after
{Heap after GC invocations=1 (full 0):
 garbage-first heap   total 129024K, used 2144K [0x0000000082c00000, 0x0000000100000000)
  region size 1024K, 2 young (2048K), 2 survivors (2048K)
 Metaspace       used 1633K, committed 1728K, reserved 1114112K
  class space    used 164K, committed 192K, reserved 1048576K
}
Event: 1.336 GC heap before
{Heap before GC invocations=1 (full 0):
 garbage-first heap   total 129024K, used 19552K [0x0000000082c00000, 0x0000000100000000)
  region size 1024K, 20 young (20480K), 2 survivors (2048K)
 Metaspace       used 7050K, committed 7296K, reserved 1114112K
  class space    used 857K, committed 960K, reserved 1048576K
}
Event: 1.341 GC heap after
{Heap after GC invocations=2 (full 0):
 garbage-first heap   total 129024K, used 5013K [0x0000000082c00000, 0x0000000100000000)
  region size 1024K, 3 young (3072K), 3 survivors (3072K)
 Metaspace       used 7050K, committed 7296K, reserved 1114112K
  class space    used 857K, committed 960K, reserved 1048576K
}
Event: 3.972 GC heap before
{Heap before GC invocations=2 (full 0):
 garbage-first heap   total 129024K, used 40853K [0x0000000082c00000, 0x0000000100000000)
  region size 1024K, 30 young (30720K), 3 survivors (3072K)
 Metaspace       used 13992K, committed 14272K, reserved 1114112K
  class space    used 2042K, committed 2176K, reserved 1048576K
}
Event: 3.978 GC heap after
{Heap after GC invocations=3 (full 0):
 garbage-first heap   total 129024K, used 17257K [0x0000000082c00000, 0x0000000100000000)
  region size 1024K, 6 young (6144K), 6 survivors (6144K)
 Metaspace       used 13992K, committed 14272K, reserved 1114112K
  class space    used 2042K, committed 2176K, reserved 1048576K
}
Event: 8.471 GC heap before
{Heap before GC invocations=3 (full 0):
 garbage-first heap   total 129024K, used 117609K [0x0000000082c00000, 0x0000000100000000)
  region size 1024K, 35 young (35840K), 6 survivors (6144K)
 Metaspace       used 21229K, committed 21504K, reserved 1114112K
  class space    used 3058K, committed 3200K, reserved 1048576K
}
Event: 8.488 GC heap after
{Heap after GC invocations=4 (full 0):
 garbage-first heap   total 130048K, used 93786K [0x0000000082c00000, 0x0000000100000000)
  region size 1024K, 8 young (8192K), 8 survivors (8192K)
 Metaspace       used 21229K, committed 21504K, reserved 1114112K
  class space    used 3058K, committed 3200K, reserved 1048576K
}

Dll operation events (20 events):
Event: 0.705 Loaded shared library C:\Users\Aarya\.openjfx\cache\16+8\amd64\api-ms-win-crt-private-l1-1-0.dll
Event: 0.710 Loaded shared library C:\Users\Aarya\.openjfx\cache\16+8\amd64\api-ms-win-crt-process-l1-1-0.dll
Event: 0.715 Loaded shared library C:\Users\Aarya\.openjfx\cache\16+8\amd64\api-ms-win-crt-runtime-l1-1-0.dll
Event: 0.720 Loaded shared library C:\Users\Aarya\.openjfx\cache\16+8\amd64\api-ms-win-crt-stdio-l1-1-0.dll
Event: 0.725 Loaded shared library C:\Users\Aarya\.openjfx\cache\16+8\amd64\api-ms-win-crt-string-l1-1-0.dll
Event: 0.730 Loaded shared library C:\Users\Aarya\.openjfx\cache\16+8\amd64\api-ms-win-crt-time-l1-1-0.dll
Event: 0.735 Loaded shared library C:\Users\Aarya\.openjfx\cache\16+8\amd64\api-ms-win-crt-utility-l1-1-0.dll
Event: 0.758 Loaded shared library C:\Users\Aarya\.openjfx\cache\16+8\amd64\ucrtbase.dll
Event: 0.764 Loaded shared library C:\Users\Aarya\.openjfx\cache\16+8\amd64\vcruntime140.dll
Event: 0.770 Loaded shared library C:\Users\Aarya\.openjfx\cache\16+8\amd64\vcruntime140_1.dll
Event: 0.785 Loaded shared library C:\Users\Aarya\.openjfx\cache\16+8\amd64\msvcp140.dll
Event: 0.792 Loaded shared library C:\Users\Aarya\.openjfx\cache\16+8\amd64\msvcp140_1.dll
Event: 0.801 Loaded shared library C:\Users\Aarya\.openjfx\cache\16+8\amd64\msvcp140_2.dll
Event: 0.877 Loaded shared library C:\Users\Aarya\.openjfx\cache\16+8\amd64\prism_d3d.dll
Event: 0.929 Loaded shared library C:\Users\Aarya\.openjfx\cache\16+8\amd64\glass.dll
Event: 1.041 Loaded shared library C:\Users\Aarya\.jdks\openjdk-20.0.2\bin\jimage.dll
Event: 1.297 Loaded shared library C:\Users\Aarya\.openjfx\cache\16+8\amd64\javafx_font.dll
Event: 1.632 Loaded shared library C:\Users\Aarya\.openjfx\cache\16+8\amd64\javafx_iio.dll
Event: 7.676 Loaded shared library C:\Users\Aarya\.jdks\openjdk-20.0.2\bin\verify.dll
Event: 8.024 Loaded shared library C:\Users\Aarya\.jdks\openjdk-20.0.2\bin\sunmscapi.dll

Deoptimization events (20 events):
Event: 8.447 Thread 0x000001b261edfc40 DEOPT PACKING pc=0x000001b20fc30384 sp=0x000000016bbfbb10
Event: 8.447 Thread 0x000001b261edfc40 DEOPT UNPACKING pc=0x000001b20f699d22 sp=0x000000016bbfba80 mode 2
Event: 8.511 Thread 0x000001b2645ed5c0 DEOPT PACKING pc=0x000001b2087081ae sp=0x000000016d2fd510
Event: 8.511 Thread 0x000001b2645ed5c0 DEOPT UNPACKING pc=0x000001b20f69a4c2 sp=0x000000016d2fc990 mode 0
Event: 8.513 Thread 0x000001b2645ed5c0 DEOPT PACKING pc=0x000001b2087081ae sp=0x000000016d2fd510
Event: 8.513 Thread 0x000001b2645ed5c0 DEOPT UNPACKING pc=0x000001b20f69a4c2 sp=0x000000016d2fc990 mode 0
Event: 8.515 Thread 0x000001b2645ed5c0 DEOPT PACKING pc=0x000001b2087081ae sp=0x000000016d2fd510
Event: 8.515 Thread 0x000001b2645ed5c0 DEOPT UNPACKING pc=0x000001b20f69a4c2 sp=0x000000016d2fc990 mode 0
Event: 8.532 Thread 0x000001b2645ed5c0 Uncommon trap: trap_request=0xffffffcc fr.pc=0x000001b20fd07524 relative=0x0000000000000384
Event: 8.532 Thread 0x000001b2645ed5c0 Uncommon trap: reason=intrinsic_or_type_checked_inlining action=make_not_entrant pc=0x000001b20fd07524 method=java.util.Arrays.copyOf([Ljava/lang/Object;ILjava/lang/Class;)[Ljava/lang/Object; @ 35 c2
Event: 8.532 Thread 0x000001b2645ed5c0 DEOPT PACKING pc=0x000001b20fd07524 sp=0x000000016d2fd700
Event: 8.532 Thread 0x000001b2645ed5c0 DEOPT UNPACKING pc=0x000001b20f699d22 sp=0x000000016d2fd690 mode 2
Event: 8.555 Thread 0x000001b2645ed5c0 Uncommon trap: trap_request=0xffffff45 fr.pc=0x000001b20fc118c0 relative=0x00000000000000c0
Event: 8.555 Thread 0x000001b2645ed5c0 Uncommon trap: reason=unstable_if action=reinterpret pc=0x000001b20fc118c0 method=jdk.internal.misc.Unsafe.convEndian(ZI)I @ 4 c2
Event: 8.555 Thread 0x000001b2645ed5c0 DEOPT PACKING pc=0x000001b20fc118c0 sp=0x000000016d2fd390
Event: 8.555 Thread 0x000001b2645ed5c0 DEOPT UNPACKING pc=0x000001b20f699d22 sp=0x000000016d2fd228 mode 2
Event: 8.614 Thread 0x000001b2645ed5c0 Uncommon trap: trap_request=0xffffff45 fr.pc=0x000001b20fcad464 relative=0x00000000000003a4
Event: 8.614 Thread 0x000001b2645ed5c0 Uncommon trap: reason=unstable_if action=reinterpret pc=0x000001b20fcad464 method=java.util.regex.Pattern$BmpCharPropertyGreedy.match(Ljava/util/regex/Matcher;ILjava/lang/CharSequence;)Z @ 73 c2
Event: 8.614 Thread 0x000001b2645ed5c0 DEOPT PACKING pc=0x000001b20fcad464 sp=0x000000016d2fe300
Event: 8.614 Thread 0x000001b2645ed5c0 DEOPT UNPACKING pc=0x000001b20f699d22 sp=0x000000016d2fe2a0 mode 2

Classes loaded (20 events):
Event: 8.820 Loading class sun/security/pkcs/PKCS8Key
Event: 8.820 Loading class sun/security/pkcs/PKCS8Key done
Event: 8.820 Loading class sun/security/ssl/XDHKeyExchange$1
Event: 8.821 Loading class sun/security/ssl/XDHKeyExchange$1 done
Event: 8.821 Loading class sun/security/ssl/KeyShareExtension$KeyShareEntry
Event: 8.821 Loading class sun/security/ssl/KeyShareExtension$KeyShareEntry done
Event: 8.821 Loading class sun/security/ssl/ECDHKeyExchange$ECDHEPossession
Event: 8.821 Loading class sun/security/ssl/ECDHKeyExchange$ECDHEPossession done
Event: 8.822 Loading class sun/security/util/math/intpoly/IntegerPolynomialP384
Event: 8.822 Loading class sun/security/util/math/intpoly/IntegerPolynomialP384 done
Event: 8.822 Loading class sun/security/util/math/intpoly/IntegerPolynomialP521
Event: 8.823 Loading class sun/security/util/math/intpoly/IntegerPolynomialP521 done
Event: 8.823 Loading class sun/security/util/math/intpoly/P384OrderField
Event: 8.823 Loading class sun/security/util/math/intpoly/P384OrderField done
Event: 8.823 Loading class sun/security/util/math/intpoly/P521OrderField
Event: 8.823 Loading class sun/security/util/math/intpoly/P521OrderField done
Event: 8.826 Loading class sun/security/util/ArrayUtil
Event: 8.826 Loading class sun/security/util/ArrayUtil done
Event: 8.828 Loading class sun/security/util/math/IntegerModuloP$MultiplicativeInverser$Secp256R1
Event: 8.828 Loading class sun/security/util/math/IntegerModuloP$MultiplicativeInverser$Secp256R1 done

Classes unloaded (0 events):
No events

Classes redefined (0 events):
No events

Internal exceptions (20 events):
Event: 2.161 Thread 0x000001b261fcedd0 Exception <a 'java/lang/NoSuchMethodError'{0x0000000089064e90}: 'long java.lang.invoke.DirectMethodHandle$Holder.invokeStaticInit(java.lang.Object, java.lang.Object, java.lang.Object)'> (0x0000000089064e90) 
thrown [s\open\src\hotspot\share\interpreter\linkResolver.cpp, line 773]
Event: 2.165 Thread 0x000001b261fcedd0 Exception <a 'java/lang/NoSuchMethodError'{0x00000000890a6270}: 'java.lang.Object java.lang.invoke.DirectMethodHandle$Holder.newInvokeSpecial(java.lang.Object, java.lang.Object, long)'> (0x00000000890a6270) 
thrown [s\open\src\hotspot\share\interpreter\linkResolver.cpp, line 773]
Event: 2.166 Thread 0x000001b261fcedd0 Exception <a 'java/lang/NoSuchMethodError'{0x00000000890a9b68}: 'java.lang.Object java.lang.invoke.Invokers$Holder.linkToTargetMethod(java.lang.Object, long, java.lang.Object)'> (0x00000000890a9b68) 
thrown [s\open\src\hotspot\share\interpreter\linkResolver.cpp, line 773]
Event: 7.725 Thread 0x000001b261fcedd0 Exception <a 'java/lang/ClassNotFoundException'{0x0000000089e956b8}: javax/smartcardio/CardPermission> (0x0000000089e956b8) 
thrown [s\open\src\hotspot\share\classfile\systemDictionary.cpp, line 305]
Event: 7.729 Thread 0x000001b261fcedd0 Exception <a 'java/io/FileNotFoundException'{0x0000000089ea3a88}> (0x0000000089ea3a88) 
thrown [s\open\src\hotspot\share\prims\jni.cpp, line 519]
Event: 7.734 Thread 0x000001b261fcedd0 Exception <a 'sun/nio/fs/WindowsException'{0x0000000089ea8960}> (0x0000000089ea8960) 
thrown [s\open\src\hotspot\share\prims\jni.cpp, line 519]
Event: 7.735 Thread 0x000001b261fcedd0 Exception <a 'sun/nio/fs/WindowsException'{0x0000000089eb0eb8}> (0x0000000089eb0eb8) 
thrown [s\open\src\hotspot\share\prims\jni.cpp, line 519]
Event: 7.736 Thread 0x000001b261fcedd0 Exception <a 'sun/nio/fs/WindowsException'{0x0000000089eb1bf0}> (0x0000000089eb1bf0) 
thrown [s\open\src\hotspot\share\prims\jni.cpp, line 519]
Event: 7.738 Thread 0x000001b261fcedd0 Exception <a 'sun/nio/fs/WindowsException'{0x0000000089ebbcc8}> (0x0000000089ebbcc8) 
thrown [s\open\src\hotspot\share\prims\jni.cpp, line 519]
Event: 7.828 Thread 0x000001b261fcedd0 Exception <a 'java/lang/NoSuchMethodError'{0x0000000089bd6fa0}: 'java.lang.Object java.lang.invoke.DirectMethodHandle$Holder.invokeStatic(java.lang.Object, java.lang.Object, java.lang.Object, java.lang.Object, int, java.lang.Object, java.lang.Object)'> (0x0000000089bd6fa0) 
thrown [s\open\src\hotspot\share\interpreter\linkResolver.cpp, line 773]
Event: 7.829 Thread 0x000001b261fcedd0 Exception <a 'java/lang/NoSuchMethodError'{0x0000000089bdf740}: 'java.lang.Object java.lang.invoke.DirectMethodHandle$Holder.newInvokeSpecial(java.lang.Object, java.lang.Object, java.lang.Object, java.lang.Object, int, java.lang.Object)'> (0x0000000089bdf740) 
thrown [s\open\src\hotspot\share\interpreter\linkResolver.cpp, line 773]
Event: 7.829 Thread 0x000001b261fcedd0 Exception <a 'java/lang/NoSuchMethodError'{0x0000000089be3788}: 'java.lang.Object java.lang.invoke.DirectMethodHandle$Holder.invokeSpecial(java.lang.Object, java.lang.Object, java.lang.Object, java.lang.Object, java.lang.Object, int, java.lang.Object)'> (0x0000000089be3788) 
thrown [s\open\src\hotspot\share\interpreter\linkResolver.cpp, line 773]
Event: 7.840 Thread 0x000001b261fcedd0 Exception <a 'java/lang/NoSuchMethodError'{0x0000000089901178}: 'void java.lang.invoke.DirectMethodHandle$Holder.invokeSpecial(java.lang.Object, java.lang.Object, int)'> (0x0000000089901178) 
thrown [s\open\src\hotspot\share\interpreter\linkResolver.cpp, line 773]
Event: 7.852 Thread 0x000001b261fcedd0 Exception <a 'java/lang/NoSuchMethodError'{0x000000008996f080}: 'double java.lang.invoke.DirectMethodHandle$Holder.invokeVirtual(java.lang.Object, java.lang.Object)'> (0x000000008996f080) 
thrown [s\open\src\hotspot\share\interpreter\linkResolver.cpp, line 773]
Event: 7.884 Thread 0x000001b261fcedd0 Exception <a 'java/lang/NoSuchMethodError'{0x000000008988a5e0}: 'void java.lang.invoke.DirectMethodHandle$Holder.invokeStatic(java.lang.Object, java.lang.Object, java.lang.Object, int)'> (0x000000008988a5e0) 
thrown [s\open\src\hotspot\share\interpreter\linkResolver.cpp, line 773]
Event: 7.983 Thread 0x000001b2645ed5c0 Exception <a 'sun/nio/fs/WindowsException'{0x0000000089404c30}> (0x0000000089404c30) 
thrown [s\open\src\hotspot\share\prims\jni.cpp, line 519]
Event: 8.245 Thread 0x000001b2645ed5c0 Exception <a 'sun/nio/fs/WindowsException'{0x000000008910db28}> (0x000000008910db28) 
thrown [s\open\src\hotspot\share\prims\jni.cpp, line 519]
Event: 8.548 Thread 0x000001b2645ed5c0 Exception <a 'java/lang/NoSuchMethodError'{0x000000008c7ca158}: 'java.lang.Object java.lang.invoke.DirectMethodHandle$Holder.invokeStaticInit(java.lang.Object, int, int, int, int)'> (0x000000008c7ca158) 
thrown [s\open\src\hotspot\share\interpreter\linkResolver.cpp, line 773]
Event: 8.605 Thread 0x000001b2645ed5c0 Exception <a 'java/lang/NoSuchMethodError'{0x000000008c61d560}: 'java.lang.Object java.lang.invoke.DirectMethodHandle$Holder.invokeStaticInit(java.lang.Object, java.lang.Object, int, int, int, int)'> (0x000000008c61d560) 
thrown [s\open\src\hotspot\share\interpreter\linkResolver.cpp, line 773]
Event: 8.689 Thread 0x000001b2645ed5c0 Exception <a 'sun/nio/fs/WindowsException'{0x000000008c68c228}> (0x000000008c68c228) 
thrown [s\open\src\hotspot\share\prims\jni.cpp, line 519]

VM Operations (20 events):
Event: 8.031 Executing VM operation: HandshakeAllThreads
Event: 8.033 Executing VM operation: HandshakeAllThreads done
Event: 8.117 Executing VM operation: HandshakeAllThreads
Event: 8.118 Executing VM operation: HandshakeAllThreads done
Event: 8.199 Executing VM operation: ICBufferFull
Event: 8.201 Executing VM operation: ICBufferFull done
Event: 8.350 Executing VM operation: HandshakeAllThreads
Event: 8.350 Executing VM operation: HandshakeAllThreads done
Event: 8.427 Executing VM operation: HandshakeAllThreads
Event: 8.427 Executing VM operation: HandshakeAllThreads done
Event: 8.471 Executing VM operation: CollectForMetadataAllocation
Event: 8.488 Executing VM operation: CollectForMetadataAllocation done
Event: 8.502 Executing VM operation: G1PauseRemark
Event: 8.507 Executing VM operation: G1PauseRemark done
Event: 8.510 Executing VM operation: G1PauseCleanup
Event: 8.510 Executing VM operation: G1PauseCleanup done
Event: 8.756 Executing VM operation: HandshakeAllThreads
Event: 8.756 Executing VM operation: HandshakeAllThreads done
Event: 8.763 Executing VM operation: HandshakeAllThreads
Event: 8.763 Executing VM operation: HandshakeAllThreads done

Events (20 events):
Event: 0.064 Thread 0x000001b21c0dff30 Thread added: 0x000001b21c0dff30
Event: 0.065 Thread 0x000001b21c0e9b10 Thread added: 0x000001b21c0e9b10
Event: 0.115 Thread 0x000001b26145ae50 Thread added: 0x000001b26145ae50
Event: 0.181 Thread 0x000001b261542860 Thread added: 0x000001b261542860
Event: 0.386 Thread 0x000001b261c836b0 Thread added: 0x000001b261c836b0
Event: 0.386 Thread 0x000001b261cc56b0 Thread added: 0x000001b261cc56b0
Event: 0.703 Thread 0x000001b261542860 Thread exited: 0x000001b261542860
Event: 0.861 Thread 0x000001b261edfc40 Thread added: 0x000001b261edfc40
Event: 0.932 Thread 0x000001b261f72020 Thread added: 0x000001b261f72020
Event: 0.938 Thread 0x000001b261fcedd0 Thread added: 0x000001b261fcedd0
Event: 1.058 Thread 0x000001b264404b60 Thread added: 0x000001b264404b60
Event: 1.123 Thread 0x000001b26451d050 Thread added: 0x000001b26451d050
Event: 1.167 Thread 0x000001b26453d350 Thread added: 0x000001b26453d350
Event: 1.336 Thread 0x000001b2645ebb30 Thread added: 0x000001b2645ebb30
Event: 1.947 Thread 0x000001b264404b60 Thread exited: 0x000001b264404b60
Event: 2.321 Thread 0x000001b2645ee5b0 Thread added: 0x000001b2645ee5b0
Event: 7.587 Thread 0x000001b2649b6d60 Thread added: 0x000001b2649b6d60
Event: 7.970 Thread 0x000001b2645ed5c0 Thread added: 0x000001b2645ed5c0
Event: 7.971 Thread 0x000001b2645eb090 Thread added: 0x000001b2645eb090
Event: 7.980 Thread 0x000001b2645eb090 Thread exited: 0x000001b2645eb090


Dynamic libraries:
0x00007ff7f9ac0000 - 0x00007ff7f9ace000 	C:\Users\Aarya\.jdks\openjdk-20.0.2\bin\java.exe
0x00007ff91f560000 - 0x00007ff91f769000 	C:\WINDOWS\SYSTEM32\ntdll.dll
0x00007ff91d5e0000 - 0x00007ff91d69d000 	C:\WINDOWS\System32\KERNEL32.DLL
0x00007ff91cab0000 - 0x00007ff91ce34000 	C:\WINDOWS\System32\KERNELBASE.dll
0x00007ff91d290000 - 0x00007ff91d3a1000 	C:\WINDOWS\System32\ucrtbase.dll
0x00007ff907d10000 - 0x00007ff907d27000 	C:\Users\Aarya\.jdks\openjdk-20.0.2\bin\jli.dll
0x00007ff907c30000 - 0x00007ff907c4b000 	C:\Users\Aarya\.jdks\openjdk-20.0.2\bin\VCRUNTIME140.dll
0x00007ff91e9f0000 - 0x00007ff91eb9d000 	C:\WINDOWS\System32\USER32.dll
0x00007ff9037f0000 - 0x00007ff903a95000 	C:\WINDOWS\WinSxS\amd64_microsoft.windows.common-controls_6595b64144ccf1df_6.0.22000.120_none_9d947278b86cc467\COMCTL32.dll
0x00007ff91f470000 - 0x00007ff91f513000 	C:\WINDOWS\System32\msvcrt.dll
0x00007ff91eee0000 - 0x00007ff91ef0a000 	C:\WINDOWS\System32\GDI32.dll
0x00007ff91cec0000 - 0x00007ff91cee6000 	C:\WINDOWS\System32\win32u.dll
0x00007ff91cf90000 - 0x00007ff91d0ae000 	C:\WINDOWS\System32\gdi32full.dll
0x00007ff91cef0000 - 0x00007ff91cf8d000 	C:\WINDOWS\System32\msvcp_win.dll
0x00007ff91ec60000 - 0x00007ff91ec91000 	C:\WINDOWS\System32\IMM32.DLL
0x00007ff9088f0000 - 0x00007ff9088fc000 	C:\Users\Aarya\.jdks\openjdk-20.0.2\bin\vcruntime140_1.dll
0x00007ff8e6750000 - 0x00007ff8e67de000 	C:\Users\Aarya\.jdks\openjdk-20.0.2\bin\msvcp140.dll
0x00007ff8ab480000 - 0x00007ff8ac118000 	C:\Users\Aarya\.jdks\openjdk-20.0.2\bin\server\jvm.dll
0x00007ff91ef10000 - 0x00007ff91efbe000 	C:\WINDOWS\System32\ADVAPI32.dll
0x00007ff91ebc0000 - 0x00007ff91ec5e000 	C:\WINDOWS\System32\sechost.dll
0x00007ff91f340000 - 0x00007ff91f461000 	C:\WINDOWS\System32\RPCRT4.dll
0x00007ff9158b0000 - 0x00007ff9158e3000 	C:\WINDOWS\SYSTEM32\WINMM.dll
0x00007ff915d20000 - 0x00007ff915d2a000 	C:\WINDOWS\SYSTEM32\VERSION.dll
0x00007ff913e70000 - 0x00007ff913e79000 	C:\WINDOWS\SYSTEM32\WSOCK32.dll
0x00007ff91dc00000 - 0x00007ff91dc6f000 	C:\WINDOWS\System32\WS2_32.dll
0x00007ff91ba20000 - 0x00007ff91ba38000 	C:\WINDOWS\SYSTEM32\kernel.appcore.dll
0x00007ff907de0000 - 0x00007ff907dea000 	C:\Users\Aarya\.jdks\openjdk-20.0.2\bin\jimage.dll
0x00007ff91a3a0000 - 0x00007ff91a5c1000 	C:\WINDOWS\SYSTEM32\DBGHELP.DLL
0x00007ff8ff040000 - 0x00007ff8ff071000 	C:\WINDOWS\SYSTEM32\dbgcore.DLL
0x00007ff91ce40000 - 0x00007ff91cebf000 	C:\WINDOWS\System32\bcryptPrimitives.dll
0x00007ff918ea0000 - 0x00007ff918eae000 	C:\Users\Aarya\.jdks\openjdk-20.0.2\bin\instrument.dll
0x00007ff905170000 - 0x00007ff905196000 	C:\Users\Aarya\.jdks\openjdk-20.0.2\bin\java.dll
0x00007ff8d2c10000 - 0x00007ff8d2ce7000 	C:\Users\Aarya\.jdks\openjdk-20.0.2\bin\jsvml.dll
0x00007ff91e220000 - 0x00007ff91e9e5000 	C:\WINDOWS\System32\SHELL32.dll
0x00007ff91aa80000 - 0x00007ff91b2e2000 	C:\WINDOWS\SYSTEM32\windows.storage.dll
0x00007ff91efc0000 - 0x00007ff91f336000 	C:\WINDOWS\System32\combase.dll
0x00007ff91a910000 - 0x00007ff91aa77000 	C:\WINDOWS\SYSTEM32\wintypes.dll
0x00007ff91dd40000 - 0x00007ff91de2a000 	C:\WINDOWS\System32\SHCORE.dll
0x00007ff91dc70000 - 0x00007ff91dccd000 	C:\WINDOWS\System32\shlwapi.dll
0x00007ff91c920000 - 0x00007ff91c945000 	C:\WINDOWS\SYSTEM32\profapi.dll
0x00007ff907550000 - 0x00007ff907563000 	C:\Users\Aarya\.jdks\openjdk-20.0.2\bin\net.dll
0x00007ff9164c0000 - 0x00007ff9165d4000 	C:\WINDOWS\SYSTEM32\WINHTTP.dll
0x00007ff91bfc0000 - 0x00007ff91c027000 	C:\WINDOWS\system32\mswsock.dll
0x00007ff9050e0000 - 0x00007ff9050f6000 	C:\Users\Aarya\.jdks\openjdk-20.0.2\bin\nio.dll
0x00007ff8ff170000 - 0x00007ff8ff188000 	C:\Users\Aarya\.jdks\openjdk-20.0.2\bin\zip.dll
0x00007ff916060000 - 0x00007ff91607a000 	C:\Users\Aarya\AppData\Local\JetBrains\IntelliJ IDEA 2023.2.4\bin\breakgen64.dll
0x000001b21c270000 - 0x000001b21c273000 	C:\Users\Aarya\.openjfx\cache\16+8\amd64\api-ms-win-core-console-l1-1-0.dll
0x000001b21c280000 - 0x000001b21c283000 	C:\Users\Aarya\.openjfx\cache\16+8\amd64\api-ms-win-core-console-l1-2-0.dll
0x000001b21c290000 - 0x000001b21c293000 	C:\Users\Aarya\.openjfx\cache\16+8\amd64\api-ms-win-core-datetime-l1-1-0.dll
0x000001b21c2a0000 - 0x000001b21c2a3000 	C:\Users\Aarya\.openjfx\cache\16+8\amd64\api-ms-win-core-debug-l1-1-0.dll
0x000001b21c2b0000 - 0x000001b21c2b3000 	C:\Users\Aarya\.openjfx\cache\16+8\amd64\api-ms-win-core-errorhandling-l1-1-0.dll
0x000001b21c2c0000 - 0x000001b21c2c4000 	C:\Users\Aarya\.openjfx\cache\16+8\amd64\api-ms-win-core-file-l1-1-0.dll
0x000001b21c2d0000 - 0x000001b21c2d3000 	C:\Users\Aarya\.openjfx\cache\16+8\amd64\api-ms-win-core-file-l1-2-0.dll
0x000001b21c2e0000 - 0x000001b21c2e3000 	C:\Users\Aarya\.openjfx\cache\16+8\amd64\api-ms-win-core-file-l2-1-0.dll
0x000001b21c2f0000 - 0x000001b21c2f3000 	C:\Users\Aarya\.openjfx\cache\16+8\amd64\api-ms-win-core-handle-l1-1-0.dll
0x000001b21c300000 - 0x000001b21c303000 	C:\Users\Aarya\.openjfx\cache\16+8\amd64\api-ms-win-core-heap-l1-1-0.dll
0x000001b21c310000 - 0x000001b21c313000 	C:\Users\Aarya\.openjfx\cache\16+8\amd64\api-ms-win-core-interlocked-l1-1-0.dll
0x000001b21c320000 - 0x000001b21c323000 	C:\Users\Aarya\.openjfx\cache\16+8\amd64\api-ms-win-core-libraryloader-l1-1-0.dll
0x000001b21c330000 - 0x000001b21c333000 	C:\Users\Aarya\.openjfx\cache\16+8\amd64\api-ms-win-core-localization-l1-2-0.dll
0x000001b21c340000 - 0x000001b21c343000 	C:\Users\Aarya\.openjfx\cache\16+8\amd64\api-ms-win-core-memory-l1-1-0.dll
0x000001b21c350000 - 0x000001b21c353000 	C:\Users\Aarya\.openjfx\cache\16+8\amd64\api-ms-win-core-namedpipe-l1-1-0.dll
0x000001b21c360000 - 0x000001b21c363000 	C:\Users\Aarya\.openjfx\cache\16+8\amd64\api-ms-win-core-processenvironment-l1-1-0.dll
0x000001b21c370000 - 0x000001b21c373000 	C:\Users\Aarya\.openjfx\cache\16+8\amd64\api-ms-win-core-processthreads-l1-1-0.dll
0x000001b21c380000 - 0x000001b21c383000 	C:\Users\Aarya\.openjfx\cache\16+8\amd64\api-ms-win-core-processthreads-l1-1-1.dll
0x000001b21c390000 - 0x000001b21c393000 	C:\Users\Aarya\.openjfx\cache\16+8\amd64\api-ms-win-core-profile-l1-1-0.dll
0x000001b21c3a0000 - 0x000001b21c3a3000 	C:\Users\Aarya\.openjfx\cache\16+8\amd64\api-ms-win-core-rtlsupport-l1-1-0.dll
0x000001b21c3b0000 - 0x000001b21c3b3000 	C:\Users\Aarya\.openjfx\cache\16+8\amd64\api-ms-win-core-string-l1-1-0.dll
0x000001b21c3c0000 - 0x000001b21c3c3000 	C:\Users\Aarya\.openjfx\cache\16+8\amd64\api-ms-win-core-synch-l1-1-0.dll
0x000001b21c3d0000 - 0x000001b21c3d3000 	C:\Users\Aarya\.openjfx\cache\16+8\amd64\api-ms-win-core-synch-l1-2-0.dll
0x000001b21c3e0000 - 0x000001b21c3e3000 	C:\Users\Aarya\.openjfx\cache\16+8\amd64\api-ms-win-core-sysinfo-l1-1-0.dll
0x000001b21c3f0000 - 0x000001b21c3f3000 	C:\Users\Aarya\.openjfx\cache\16+8\amd64\api-ms-win-core-timezone-l1-1-0.dll
0x000001b262000000 - 0x000001b262003000 	C:\Users\Aarya\.openjfx\cache\16+8\amd64\api-ms-win-core-util-l1-1-0.dll
0x000001b262010000 - 0x000001b262013000 	C:\Users\Aarya\.openjfx\cache\16+8\amd64\api-ms-win-crt-conio-l1-1-0.dll
0x000001b262020000 - 0x000001b262024000 	C:\Users\Aarya\.openjfx\cache\16+8\amd64\api-ms-win-crt-convert-l1-1-0.dll
0x000001b262030000 - 0x000001b262033000 	C:\Users\Aarya\.openjfx\cache\16+8\amd64\api-ms-win-crt-environment-l1-1-0.dll
0x000001b262040000 - 0x000001b262043000 	C:\Users\Aarya\.openjfx\cache\16+8\amd64\api-ms-win-crt-filesystem-l1-1-0.dll
0x000001b262050000 - 0x000001b262053000 	C:\Users\Aarya\.openjfx\cache\16+8\amd64\api-ms-win-crt-heap-l1-1-0.dll
0x000001b262060000 - 0x000001b262063000 	C:\Users\Aarya\.openjfx\cache\16+8\amd64\api-ms-win-crt-locale-l1-1-0.dll
0x000001b262070000 - 0x000001b262075000 	C:\Users\Aarya\.openjfx\cache\16+8\amd64\api-ms-win-crt-math-l1-1-0.dll
0x000001b262080000 - 0x000001b262085000 	C:\Users\Aarya\.openjfx\cache\16+8\amd64\api-ms-win-crt-multibyte-l1-1-0.dll
0x000001b262090000 - 0x000001b2620a0000 	C:\Users\Aarya\.openjfx\cache\16+8\amd64\api-ms-win-crt-private-l1-1-0.dll
0x000001b2620a0000 - 0x000001b2620a3000 	C:\Users\Aarya\.openjfx\cache\16+8\amd64\api-ms-win-crt-process-l1-1-0.dll
0x000001b2620b0000 - 0x000001b2620b4000 	C:\Users\Aarya\.openjfx\cache\16+8\amd64\api-ms-win-crt-runtime-l1-1-0.dll
0x000001b2620c0000 - 0x000001b2620c4000 	C:\Users\Aarya\.openjfx\cache\16+8\amd64\api-ms-win-crt-stdio-l1-1-0.dll
0x000001b2620d0000 - 0x000001b2620d4000 	C:\Users\Aarya\.openjfx\cache\16+8\amd64\api-ms-win-crt-string-l1-1-0.dll
0x000001b2620e0000 - 0x000001b2620e3000 	C:\Users\Aarya\.openjfx\cache\16+8\amd64\api-ms-win-crt-time-l1-1-0.dll
0x000001b2620f0000 - 0x000001b2620f3000 	C:\Users\Aarya\.openjfx\cache\16+8\amd64\api-ms-win-crt-utility-l1-1-0.dll
0x00007ff8d6c40000 - 0x00007ff8d6d3c000 	C:\Users\Aarya\.openjfx\cache\16+8\amd64\ucrtbase.dll
0x00007ff914040000 - 0x00007ff91405b000 	C:\Users\Aarya\.openjfx\cache\16+8\amd64\vcruntime140.dll
0x00007ff918e80000 - 0x00007ff918e8c000 	C:\Users\Aarya\.openjfx\cache\16+8\amd64\vcruntime140_1.dll
0x00007ff8ed820000 - 0x00007ff8ed8ae000 	C:\Users\Aarya\.openjfx\cache\16+8\amd64\msvcp140.dll
0x00007ff916050000 - 0x00007ff916059000 	C:\Users\Aarya\.openjfx\cache\16+8\amd64\msvcp140_1.dll
0x00007ff907a30000 - 0x00007ff907a60000 	C:\Users\Aarya\.openjfx\cache\16+8\amd64\msvcp140_2.dll
0x00007ff9077e0000 - 0x00007ff90780f000 	C:\Users\Aarya\.openjfx\cache\16+8\amd64\prism_d3d.dll
0x00007ff8c0210000 - 0x00007ff8c03b6000 	C:\WINDOWS\system32\d3d9.dll
0x00007ff919f60000 - 0x00007ff919f8f000 	C:\WINDOWS\SYSTEM32\dwmapi.dll
0x00007ff919d00000 - 0x00007ff919d38000 	C:\WINDOWS\SYSTEM32\dxcore.dll
0x00007ff919c20000 - 0x00007ff919ccc000 	C:\WINDOWS\system32\uxtheme.dll
0x00007ff8b0700000 - 0x00007ff8b08af000 	C:\WINDOWS\System32\DriverStore\FileRepository\iigd_dch.inf_amd64_4baea396c1a08a8e\igdumdim64.dll
0x00007ff91d440000 - 0x00007ff91d5da000 	C:\WINDOWS\System32\ole32.dll
0x00007ff84c710000 - 0x00007ff850fb3000 	C:\WINDOWS\System32\DriverStore\FileRepository\iigd_dch.inf_amd64_4baea396c1a08a8e\igd9dxva64.dll
0x00007ff91db20000 - 0x00007ff91dbf6000 	C:\WINDOWS\System32\OLEAUT32.dll
0x00007ff91d6a0000 - 0x00007ff91db12000 	C:\WINDOWS\System32\SETUPAPI.dll
0x00007ff91c6f0000 - 0x00007ff91c73c000 	C:\WINDOWS\SYSTEM32\cfgmgr32.dll
0x00007ff912040000 - 0x00007ff912449000 	C:\WINDOWS\System32\DriverStore\FileRepository\iigd_dch.inf_amd64_4baea396c1a08a8e\igdgmm64.dll
0x00007ff9180a0000 - 0x00007ff9180e4000 	C:\WINDOWS\SYSTEM32\directxdatabasehelper.dll
0x00007ff91ba40000 - 0x00007ff91ba74000 	C:\WINDOWS\SYSTEM32\ntmarta.dll
0x00007ff8edd50000 - 0x00007ff8edd92000 	C:\Users\Aarya\.openjfx\cache\16+8\amd64\glass.dll
0x00007ff91e0a0000 - 0x00007ff91e18c000 	C:\WINDOWS\System32\COMDLG32.dll
0x00007ff91df80000 - 0x00007ff91e09d000 	C:\WINDOWS\System32\MSCTF.dll
0x00007ff8e59c0000 - 0x00007ff8e59e7000 	C:\WINDOWS\System32\DriverStore\FileRepository\iigd_dch.inf_amd64_4baea396c1a08a8e\igdinfo64.dll
0x00007ff90e8a0000 - 0x00007ff912034000 	C:\WINDOWS\System32\DriverStore\FileRepository\iigd_dch.inf_amd64_4baea396c1a08a8e\igc64.dll
0x00007ff9077c0000 - 0x00007ff9077d4000 	C:\Users\Aarya\.openjfx\cache\16+8\amd64\javafx_font.dll
0x00007ff8e6280000 - 0x00007ff8e64df000 	C:\WINDOWS\SYSTEM32\dwrite.dll
0x00007ff8fbff0000 - 0x00007ff8fc01d000 	C:\Users\Aarya\.openjfx\cache\16+8\amd64\javafx_iio.dll
0x00007ff91dec0000 - 0x00007ff91df6f000 	C:\WINDOWS\System32\clbcatq.dll
0x00007ff916130000 - 0x00007ff9162de000 	C:\WINDOWS\SYSTEM32\WindowsCodecs.dll
0x00007ff903140000 - 0x00007ff90319d000 	C:\WINDOWS\system32\dataexchange.dll
0x00007ff9154b0000 - 0x00007ff915715000 	C:\WINDOWS\system32\twinapi.appcore.dll
0x00007ff8e91f0000 - 0x00007ff8e9222000 	C:\Program Files\Common Files\Microsoft Shared\Ink\rtscom.dll
0x00007ff913d10000 - 0x00007ff913e3c000 	C:\WINDOWS\SYSTEM32\textinputframework.dll
0x00007ff919790000 - 0x00007ff9198c1000 	C:\WINDOWS\SYSTEM32\CoreMessaging.dll
0x00007ff917710000 - 0x00007ff917a7d000 	C:\WINDOWS\SYSTEM32\CoreUIComponents.dll
0x00007ff91c210000 - 0x00007ff91c21c000 	C:\WINDOWS\SYSTEM32\CRYPTBASE.DLL
0x00007ff918670000 - 0x00007ff918c28000 	C:\WINDOWS\SYSTEM32\d2d1.dll
0x00007ff916f00000 - 0x00007ff917180000 	C:\WINDOWS\SYSTEM32\d3d11.dll
0x00007ff919d40000 - 0x00007ff919e33000 	C:\WINDOWS\SYSTEM32\dxgi.dll
0x00007ff916760000 - 0x00007ff916e62000 	C:\WINDOWS\SYSTEM32\D3D10Warp.dll

dbghelp: loaded successfully - version: 4.0.5 - missing functions: none
symbol engine: initialized successfully - sym options: 0x614 - pdb path: .;C:\Users\Aarya\.jdks\openjdk-20.0.2\bin;C:\WINDOWS\SYSTEM32;C:\WINDOWS\WinSxS\amd64_microsoft.windows.common-controls_6595b64144ccf1df_6.0.22000.120_none_9d947278b86cc467;C:\Users\Aarya\.jdks\openjdk-20.0.2\bin\server;C:\Users\Aarya\AppData\Local\JetBrains\IntelliJ IDEA 2023.2.4\bin;C:\Users\Aarya\.openjfx\cache\16+8\amd64;C:\WINDOWS\System32\DriverStore\FileRepository\iigd_dch.inf_amd64_4baea396c1a08a8e;C:\Program Files\Common Files\Microsoft Shared\Ink

VM Arguments:
jvm_args: -javaagent:C:\Users\Aarya\AppData\Local\JetBrains\IntelliJ IDEA 2023.2.4\lib\idea_rt.jar=64639:C:\Users\Aarya\AppData\Local\JetBrains\IntelliJ IDEA 2023.2.4\bin -Dfile.encoding=UTF-8 -Dsun.stdout.encoding=UTF-8 -Dsun.stderr.encoding=UTF-8 --module-path=C:\Users\Aarya\.m2\repository\ch\qos\logback\logback-classic\1.2.6\logback-classic-1.2.6.jar;C:\Users\Aarya\.m2\repository\org\openjfx\javafx-controls\20.0.1\javafx-controls-20.0.1-win.jar;C:\Users\Aarya\.m2\repository\ch\qos\logback\logback-core\1.2.6\logback-core-1.2.6.jar;C:\Users\Aarya\.m2\repository\io\fair-acc\dataset\11.3.0\dataset-11.3.0.jar;C:\Users\Aarya\.m2\repository\org\openjfx\javafx-base\16\javafx-base-16-win.jar;C:\Users\Aarya\Documents\CODING_FX\FinanceFlowApp\target\classes;C:\Users\Aarya\.m2\repository\com\mysql\mysql-connector-j\8.0.33\mysql-connector-j-8.0.33.jar;C:\Users\Aarya\.m2\repository\org\jetbrains\annotations\24.0.1\annotations-24.0.1.jar;C:\Users\Aarya\.m2\repository\org\json\json\20210307\json-20210307.jar;C:\Users\Aarya\.m2\repository\org\slf4j\slf4j-api\1.7.32\slf4j-api-1.7.32.jar;C:\Users\Aarya\.m2\repository\org\openjfx\javafx-graphics\20.0.1\javafx-graphics-20.0.1-win.jar;C:\Users\Aarya\.m2\repository\com\fasterxml\jackson\core\jackson-databind\2.9.9.3\jackson-databind-2.9.9.3.jar;C:\Users\Aarya\.m2\repository\com\fasterxml\jackson\core\jackson-core\2.9.9\jackson-core-2.9.9.jar;C:\Users\Aarya\.m2\repository\org\openjfx\javafx-fxml\20.0.1\javafx-fxml-20.0.1-win.jar;C:\Users\Aarya\.m2\repository\io\fair-acc\chartfx\11.3.0\chartfx-11.3.0.jar -Djdk.module.main=com.company.financeflowapp 
java_command: com.company.financeflowapp/com.company.financeflowapp.main.Main
java_class_path (initial): C:\Users\Aarya\.m2\repository\org\openjfx\javafx-controls\20.0.1\javafx-controls-20.0.1.jar;C:\Users\Aarya\.m2\repository\org\openjfx\javafx-graphics\20.0.1\javafx-graphics-20.0.1.jar;C:\Users\Aarya\.m2\repository\com\google\code\gson\gson\2.10.1\gson-2.10.1.jar;C:\Users\Aarya\.m2\repository\org\openjfx\javafx-base\16\javafx-base-16.jar;C:\Users\Aarya\.m2\repository\org\kordamp\ikonli\ikonli-javafx\12.3.1\ikonli-javafx-12.3.1.jar;C:\Users\Aarya\.m2\repository\org\kordamp\ikonli\ikonli-core\12.3.1\ikonli-core-12.3.1.jar;C:\Users\Aarya\.m2\repository\org\kordamp\ikonli\ikonli-fontawesome-pack\12.3.1\ikonli-fontawesome-pack-12.3.1.jar;C:\Users\Aarya\.m2\repository\org\kordamp\ikonli\ikonli-fontawesome5-pack\12.3.1\ikonli-fontawesome5-pack-12.3.1.jar;C:\Users\Aarya\.m2\repository\io\fair-acc\bench\11.3.0\bench-11.3.0.jar;C:\Users\Aarya\.m2\repository\io\fair-acc\math\11.3.0\math-11.3.0.jar;C:\Users\Aarya\.m2\repository\com\github\wendykierp\JTransforms\3.1\JTransforms-3.1.jar;C:\Users\Aarya\.m2\repository\pl\edu\icm\JLargeArrays\1.5\JLargeArrays-1.5.jar;C:\Users\Aarya\.m2\repository\org\apache\commons\commons-math3\3.6.1\commons-math3-3.6.1.jar;C:\Users\Aarya\.m2\repository\org\controlsfx\controlsfx\11.1.2\controlsfx-11.1.2.jar;C:\Users\Aarya\.m2\repository\ar\com\hjg\pngj\2.1.0\pngj-2.1.0.jar;C:\Users\Aarya\.m2\repository\org\hdrhistogram\HdrHistogram\2.1.12\HdrHistogram-2.1.12.jar;C:\Users\Aarya\.m2\repository\org\apache\commons\commons-lang3\3.13.0\commons-lang3-3.13.0.jar;C:\Users\Aarya\.m2\repository\org\openjfx\javafx-fxml\20.0.1\javafx-fxml-20.0.1.jar;C:\Users\Aarya\.m2\repository\com\google\protobuf\protobuf-java\3.21.9\protobuf-java-3.21.9.jar;C:\Users\Aarya\.m2\repository\backport-util-concurrent\backport-util-concurrent\3.1\backport-util-concurrent-3.1.jar;C:\Users\Aarya\.m2\repository\com\fasterxml\jackson\core\jackson-annotations\2.9.0\jackson-annotations-2.9.0.jar
Launcher Type: SUN_STANDARD

[Global flags]
     intx CICompilerCount                          = 3                                         {product} {ergonomic}
     uint ConcGCThreads                            = 1                                         {product} {ergonomic}
     uint G1ConcRefinementThreads                  = 4                                         {product} {ergonomic}
   size_t G1HeapRegionSize                         = 1048576                                   {product} {ergonomic}
    uintx GCDrainStackTargetSize                   = 64                                        {product} {ergonomic}
   size_t InitialHeapSize                          = 132120576                                 {product} {ergonomic}
   size_t MarkStackSize                            = 4194304                                   {product} {ergonomic}
   size_t MaxHeapSize                              = 2101346304                                {product} {ergonomic}
   size_t MaxNewSize                               = 1260388352                                {product} {ergonomic}
   size_t MinHeapDeltaBytes                        = 1048576                                   {product} {ergonomic}
   size_t MinHeapSize                              = 8388608                                   {product} {ergonomic}
    uintx NonNMethodCodeHeapSize                   = 5832780                                {pd product} {ergonomic}
    uintx NonProfiledCodeHeapSize                  = 122912730                              {pd product} {ergonomic}
    uintx ProfiledCodeHeapSize                     = 122912730                              {pd product} {ergonomic}
    uintx ReservedCodeCacheSize                    = 251658240                              {pd product} {ergonomic}
     bool SegmentedCodeCache                       = true                                      {product} {ergonomic}
   size_t SoftMaxHeapSize                          = 2101346304                             {manageable} {ergonomic}
     bool UseCompressedClassPointers               = true                           {product lp64_product} {ergonomic}
     bool UseCompressedOops                        = true                           {product lp64_product} {ergonomic}
     bool UseG1GC                                  = true                                      {product} {ergonomic}
     bool UseLargePagesIndividualAllocation        = false                                  {pd product} {ergonomic}

Logging:
Log output configuration:
 #0: stdout all=warning uptime,level,tags foldmultilines=false
 #1: stderr all=off uptime,level,tags foldmultilines=false

Environment Variables:
PATH=C:\WINDOWS\system32;C:\WINDOWS;C:\WINDOWS\System32\Wbem;C:\WINDOWS\System32\WindowsPowerShell\v1.0\;C:\WINDOWS\System32\OpenSSH\;C:\Program Files (x86)\HP\IdrsOCR_15.2.10.1114\;C:\Program Files\Git\cmd;C:\Program Files\Microsoft SQL Server\Client SDK\ODBC\170\Tools\Binn\;C:\Program Files (x86)\Microsoft SQL Server\150\Tools\Binn\;C:\Program Files\Microsoft SQL Server\150\Tools\Binn\;C:\Program Files\Microsoft SQL Server\150\DTS\Binn\;C:\Users\Aarya\AppData\Local\Microsoft\WindowsApps;;C:\Users\Aarya\AppData\Local\Programs\Microsoft VS Code\bin
USERNAME=Aarya
OS=Windows_NT
PROCESSOR_IDENTIFIER=Intel64 Family 6 Model 142 Stepping 12, GenuineIntel
TMP=C:\Users\Aarya\AppData\Local\Temp
TEMP=C:\Users\Aarya\AppData\Local\Temp




---------------  S Y S T E M  ---------------

OS:
 Windows 11 , 64 bit Build 22000 (10.0.22000.2538)
OS uptime: 5 days 8:59 hours
Hyper-V role detected

CPU: total 4 (initial active 4) (2 cores per cpu, 2 threads per core) family 6 model 142 stepping 12 microcode 0xec, cx8, cmov, fxsr, ht, mmx, 3dnowpref, sse, sse2, sse3, ssse3, sse4.1, sse4.2, popcnt, lzcnt, tsc, tscinvbit, avx, avx2, aes, erms, clmul, bmi1, bmi2, adx, fma, vzeroupper, clflush, clflushopt, hv, rdtscp, f16c

Memory: 4k page, system-wide physical 8015M (474M free)
TotalPageFile size 17176M (AvailPageFile size 1M)
current process WorkingSet (physical memory assigned to process): 538M, peak: 538M
current process commit charge ("private bytes"): 592M, peak: 592M

vm_info: OpenJDK 64-Bit Server VM (20.0.2+9-78) for windows-amd64 JRE (20.0.2+9-78), built on 2023-06-14T10:08:48Z by "mach5one" with MS VC++ 17.1 (VS2022)

END.
