#
# There is insufficient memory for the Java Runtime Environment to continue.
# Native memory allocation (mmap) failed to map 65536 bytes for Failed to commit metaspace.
# Possible reasons:
#   The system is out of physical RAM or swap space
#   The process is running with CompressedOops enabled, and the Java Heap may be blocking the growth of the native heap
# Possible solutions:
#   Reduce memory load on the system
#   Increase physical memory or swap space
#   Check if swap backing store is full
#   Decrease Java heap size (-Xmx/-Xms)
#   Decrease number of Java threads
#   Decrease Java thread stack sizes (-Xss)
#   Set larger code cache with -XX:ReservedCodeCacheSize=
#   JVM is running with Unscaled Compressed Oops mode in which the Java heap is
#     placed in the first 4GB address space. The Java Heap base address is the
#     maximum limit for the native heap growth. Please use -XX:HeapBaseMinAddress
#     to set the Java Heap base and to place the Java Heap above 4GB virtual address.
# This output file may be truncated or incomplete.
#
#  Out of Memory Error (virtualSpaceNode.cpp:110), pid=27772, tid=28560
#
# JRE version: OpenJDK Runtime Environment (20.0.2+9) (build 20.0.2+9-78)
# Java VM: OpenJDK 64-Bit Server VM (20.0.2+9-78, mixed mode, sharing, tiered, compressed oops, compressed class ptrs, g1 gc, windows-amd64)
# No core dump will be written. Minidumps are not enabled by default on client versions of Windows
#

---------------  S U M M A R Y ------------

Command Line: -javaagent:C:\Users\Aarya\AppData\Local\JetBrains\IntelliJ IDEA 2023.2.4\lib\idea_rt.jar=60179:C:\Users\Aarya\AppData\Local\JetBrains\IntelliJ IDEA 2023.2.4\bin -Dfile.encoding=UTF-8 -Dsun.stdout.encoding=UTF-8 -Dsun.stderr.encoding=UTF-8 --module-path=C:\Users\Aarya\.m2\repository\com\fasterxml\jackson\core\jackson-databind\2.9.9.3\jackson-databind-2.9.9.3.jar;C:\Users\Aarya\.m2\repository\ch\qos\logback\logback-core\1.2.6\logback-core-1.2.6.jar;C:\Users\Aarya\.m2\repository\com\fasterxml\jackson\core\jackson-core\2.9.9\jackson-core-2.9.9.jar;C:\Users\Aarya\.m2\repository\org\openjfx\javafx-fxml\20.0.1\javafx-fxml-20.0.1-win.jar;C:\Users\Aarya\.m2\repository\io\fair-acc\chartfx\11.3.0\chartfx-11.3.0.jar;C:\Users\Aarya\Documents\CODING_FX\FinanceFlowApp\target\classes;C:\Users\Aarya\.m2\repository\org\openjfx\javafx-controls\20.0.1\javafx-controls-20.0.1-win.jar;C:\Users\Aarya\.m2\repository\org\jetbrains\annotations\24.0.1\annotations-24.0.1.jar;C:\Users\Aarya\.m2\repository\org\openjfx\javafx-graphics\20.0.1\javafx-graphics-20.0.1-win.jar;C:\Users\Aarya\.m2\repository\com\mysql\mysql-connector-j\8.0.33\mysql-connector-j-8.0.33.jar;C:\Users\Aarya\.m2\repository\io\fair-acc\dataset\11.3.0\dataset-11.3.0.jar;C:\Users\Aarya\.m2\repository\org\openjfx\javafx-base\16\javafx-base-16-win.jar;C:\Users\Aarya\.m2\repository\org\json\json\20210307\json-20210307.jar;C:\Users\Aarya\.m2\repository\org\slf4j\slf4j-api\1.7.32\slf4j-api-1.7.32.jar;C:\Users\Aarya\.m2\repository\ch\qos\logback\logback-classic\1.2.6\logback-classic-1.2.6.jar -Djdk.module.main=com.company.financeflowapp com.company.financeflowapp/com.company.financeflowapp.main.Main

Host: Intel(R) Core(TM) i3-10110U CPU @ 2.10GHz, 4 cores, 7G,  Windows 11 , 64 bit Build 22000 (10.0.22000.2538)
Time: Wed Mar 27 14:46:10 2024 GMT Standard Time elapsed time: 7.685722 seconds (0d 0h 0m 7s)

---------------  T H R E A D  ---------------

Current thread (0x000002cfa2a0a910):  JavaThread "JavaFX Application Thread" [_thread_in_vm, id=28560, stack(0x000000edf8b00000,0x000000edf8c00000)]

Stack: [0x000000edf8b00000,0x000000edf8c00000]
Native frames: (J=compiled Java code, j=interpreted, Vv=VM code, C=native code)
V  [jvm.dll+0x6bc25a]
V  [jvm.dll+0x84971a]
V  [jvm.dll+0x84b315]
V  [jvm.dll+0x84ba13]
V  [jvm.dll+0x280e4f]
V  [jvm.dll+0x84565b]
V  [jvm.dll+0x660616]
V  [jvm.dll+0x66067a]
V  [jvm.dll+0x662f53]
V  [jvm.dll+0x662e1e]
V  [jvm.dll+0x66102e]
V  [jvm.dll+0x67248a]
V  [jvm.dll+0x66b9b2]
V  [jvm.dll+0x247551]
V  [jvm.dll+0x2476c5]
V  [jvm.dll+0x3d9edc]
V  [jvm.dll+0x3d9ccd]
C  0x000002cf501310fa

Java frames: (J=compiled Java code, j=interpreted, Vv=VM code)
j  sun.security.provider.PolicyParser.match(Ljava/lang/String;)Ljava/lang/String;+0 java.base@20.0.2
j  sun.security.provider.PolicyParser.parsePermissionEntry()Lsun/security/provider/PolicyParser$PermissionEntry;+43 java.base@20.0.2
j  sun.security.provider.PolicyParser.parseGrantEntry()Lsun/security/provider/PolicyParser$GrantEntry;+630 java.base@20.0.2
j  sun.security.provider.PolicyParser.read(Ljava/io/Reader;)V+215 java.base@20.0.2
j  sun.security.provider.PolicyFile.initDefaultPolicy(Lsun/security/provider/PolicyFile$PolicyInfo;)V+81 java.base@20.0.2
j  sun.security.provider.PolicyFile$2.run()Ljava/lang/Void;+8 java.base@20.0.2
j  sun.security.provider.PolicyFile$2.run()Ljava/lang/Object;+1 java.base@20.0.2
J 1365 c1 java.security.AccessController.doPrivileged(Ljava/security/PrivilegedAction;)Ljava/lang/Object; java.base@20.0.2 (9 bytes) @ 0x000002cf48e22bb4 [0x000002cf48e22a40+0x0000000000000174]
j  sun.security.provider.PolicyFile.initPolicyFile(Lsun/security/provider/PolicyFile$PolicyInfo;Ljava/net/URL;)V+9 java.base@20.0.2
j  sun.security.provider.PolicyFile.init(Ljava/net/URL;)V+50 java.base@20.0.2
j  sun.security.provider.PolicyFile.<init>()V+24 java.base@20.0.2
j  java.security.Policy.loadPolicyProvider()Ljava/security/Policy;+38 java.base@20.0.2
j  java.security.Policy.getPolicyNoCheck()Ljava/security/Policy;+34 java.base@20.0.2
j  java.security.ProtectionDomain.implies(Ljava/security/Permission;)Z+16 java.base@20.0.2
j  java.security.ProtectionDomain.impliesWithAltFilePerm(Ljava/security/Permission;)Z+23 java.base@20.0.2
j  java.security.AccessControlContext.checkPermission(Ljava/security/Permission;)V+323 java.base@20.0.2
j  java.security.AccessController.checkPermission(Ljava/security/Permission;)V+161 java.base@20.0.2
j  ch.qos.logback.core.util.Loader$1.run()Ljava/lang/Boolean;+9 logback.core@1.2.6
j  ch.qos.logback.core.util.Loader$1.run()Ljava/lang/Object;+1 logback.core@1.2.6
J 1365 c1 java.security.AccessController.doPrivileged(Ljava/security/PrivilegedAction;)Ljava/lang/Object; java.base@20.0.2 (9 bytes) @ 0x000002cf48e22bb4 [0x000002cf48e22a40+0x0000000000000174]
j  ch.qos.logback.core.util.Loader.<clinit>()V+34 logback.core@1.2.6
v  ~StubRoutines::call_stub 0x000002cf5011100d
j  ch.qos.logback.classic.util.ContextInitializer.findURLOfDefaultConfigurationFile(Z)Ljava/net/URL;+1 logback.classic@1.2.6
j  ch.qos.logback.classic.util.ContextInitializer.autoConfig()V+9 logback.classic@1.2.6
j  org.slf4j.impl.StaticLoggerBinder.init()V+11 logback.classic@1.2.6
j  org.slf4j.impl.StaticLoggerBinder.<clinit>()V+28 logback.classic@1.2.6
v  ~StubRoutines::call_stub 0x000002cf5011100d
j  org.slf4j.LoggerFactory.bind()V+16 org.slf4j@1.7.32
j  org.slf4j.LoggerFactory.performInitialization()V+0 org.slf4j@1.7.32
j  org.slf4j.LoggerFactory.getILoggerFactory()Lorg/slf4j/ILoggerFactory;+22 org.slf4j@1.7.32
j  org.slf4j.LoggerFactory.getLogger(Ljava/lang/String;)Lorg/slf4j/Logger;+0 org.slf4j@1.7.32
j  org.slf4j.LoggerFactory.getLogger(Ljava/lang/Class;)Lorg/slf4j/Logger;+4 org.slf4j@1.7.32
j  io.fair_acc.chartfx.ui.css.CssPropertyFactory.<clinit>()V+2 io.fair_acc.chartfx@11.3.0
v  ~StubRoutines::call_stub 0x000002cf5011100d
j  io.fair_acc.chartfx.axes.spi.AbstractAxisParameter.<clinit>()V+21 io.fair_acc.chartfx@11.3.0
v  ~StubRoutines::call_stub 0x000002cf5011100d
j  com.company.financeflowapp.trading.ChartFXCandleStickManager.initializeChart()V+8 com.company.financeflowapp
j  com.company.financeflowapp.trading.ChartFXCandleStickManager$$Lambda$467+0x000002cf5e219508.run()V+4 com.company.financeflowapp
j  com.sun.javafx.application.PlatformImpl.lambda$runLater$10(Ljava/lang/Runnable;)Ljava/lang/Void;+1 javafx.graphics@20.0.1
j  com.sun.javafx.application.PlatformImpl$$Lambda$115+0x000002cf5e086c08.run()Ljava/lang/Object;+4 javafx.graphics@20.0.1
J 1885 c1 java.security.AccessController.doPrivileged(Ljava/security/PrivilegedAction;Ljava/security/AccessControlContext;)Ljava/lang/Object; java.base@20.0.2 (17 bytes) @ 0x000002cf48f168c4 [0x000002cf48f166e0+0x00000000000001e4]
j  com.sun.javafx.application.PlatformImpl.lambda$runLater$11(Ljava/lang/Runnable;Ljava/security/AccessControlContext;)V+7 javafx.graphics@20.0.1
j  com.sun.javafx.application.PlatformImpl$$Lambda$113+0x000002cf5e083450.run()V+8 javafx.graphics@20.0.1
j  com.sun.glass.ui.InvokeLaterDispatcher$Future.run()V+4 javafx.graphics@20.0.1
v  ~StubRoutines::call_stub 0x000002cf5011100d
j  com.sun.glass.ui.win.WinApplication._runLoop(Ljava/lang/Runnable;)V+0 javafx.graphics@20.0.1
j  com.sun.glass.ui.win.WinApplication.lambda$runLoop$3(ILjava/lang/Runnable;)V+8 javafx.graphics@20.0.1
j  com.sun.glass.ui.win.WinApplication$$Lambda$103+0x000002cf5e0326a8.run()V+12 javafx.graphics@20.0.1
j  java.lang.Thread.runWith(Ljava/lang/Object;Ljava/lang/Runnable;)V+5 java.base@20.0.2
j  java.lang.Thread.run()V+19 java.base@20.0.2
v  ~StubRoutines::call_stub 0x000002cf5011100d

Compiled method (c1)    7726 1365       3       java.security.AccessController::doPrivileged (9 bytes)
 total in heap  [0x000002cf48e22890,0x000002cf48e22eb0] = 1568
 relocation     [0x000002cf48e229d8,0x000002cf48e22a40] = 104
 main code      [0x000002cf48e22a40,0x000002cf48e22d18] = 728
 stub code      [0x000002cf48e22d18,0x000002cf48e22d70] = 88
 metadata       [0x000002cf48e22d70,0x000002cf48e22d88] = 24
 scopes data    [0x000002cf48e22d88,0x000002cf48e22e08] = 128
 scopes pcs     [0x000002cf48e22e08,0x000002cf48e22e98] = 144
 dependencies   [0x000002cf48e22e98,0x000002cf48e22ea0] = 8
 nul chk table  [0x000002cf48e22ea0,0x000002cf48e22eb0] = 16

[Constant Pool (empty)]

[MachCode]
[Verified Entry Point]
  # {method} {0x000002cf5d4722e0} 'doPrivileged' '(Ljava/security/PrivilegedAction;)Ljava/lang/Object;' in 'java/security/AccessController'
  # parm0:    rdx:rdx   = 'java/security/PrivilegedAction'
  #           [sp+0x70]  (sp of caller)
  0x000002cf48e22a40: 8984 2400 | 80ff ff55 | 4883 ec60 | 4181 7f20 | 0200 0000 

  0x000002cf48e22a54: ;   {runtime_call StubRoutines (2)}
  0x000002cf48e22a54: 7405 e825 

  0x000002cf48e22a58: ;   {metadata(method data for {method} {0x000002cf5d4722e0} 'doPrivileged' '(Ljava/security/PrivilegedAction;)Ljava/lang/Object;' in 'java/security/AccessController')}
  0x000002cf48e22a58: 7233 0748 | bec8 0d0c | 9ecf 0200 | 008b becc | 0000 0083 | c702 89be | cc00 0000 | 81e7 fe07 
  0x000002cf48e22a78: 0000 83ff | 000f 84cd | 0100 0048 | 8954 2440 

  0x000002cf48e22a88: ;   {metadata(method data for {method} {0x000002cf5d4722e0} 'doPrivileged' '(Ljava/security/PrivilegedAction;)Ljava/lang/Object;' in 'java/security/AccessController')}
  0x000002cf48e22a88: 48be c80d | 0c9e cf02 | 0000 4883 | 8610 0100 | 0001 0f1f 

  0x000002cf48e22a9c: ;   {static_call}
  0x000002cf48e22a9c: 4400 00e8 

  0x000002cf48e22aa0: ; ImmutableOopMap {[64]=Oop }
                      ;*invokestatic getCallerClass {reexecute=0 rethrow=0 return_oop=0}
                      ; - java.security.AccessController::doPrivileged@2 (line 319)
  0x000002cf48e22aa0: 9cdf 8d07 

  0x000002cf48e22aa4: ;   {metadata(method data for {method} {0x000002cf5d4722e0} 'doPrivileged' '(Ljava/security/PrivilegedAction;)Ljava/lang/Object;' in 'java/security/AccessController')}
  0x000002cf48e22aa4: 48ba c80d | 0c9e cf02 | 0000 4883 | 8220 0100 

  0x000002cf48e22ab4: ;   {metadata(method data for {method} {0x000002cf5d4726c8} 'executePrivileged' '(Ljava/security/PrivilegedAction;Ljava/security/AccessControlContext;Ljava/lang/Class;)Ljava/lang/Object;' in 'java/security/AccessController')}
  0x000002cf48e22ab4: 0001 48ba | 380f 0c9e | cf02 0000 | 8bb2 cc00 | 0000 83c6 | 0289 b2cc | 0000 0081 | e6fe ff1f 
  0x000002cf48e22ad4: 0083 fe00 | 0f84 9301 

  0x000002cf48e22adc: ;   {metadata(method data for {method} {0x000002cf5d4726c8} 'executePrivileged' '(Ljava/security/PrivilegedAction;Ljava/security/AccessControlContext;Ljava/lang/Class;)Ljava/lang/Object;' in 'java/security/AccessController')}
  0x000002cf48e22adc: 0000 48ba | 380f 0c9e | cf02 0000 | ff82 1001 

  0x000002cf48e22aec: ;   {metadata(method data for {method} {0x000002cf5d4726c8} 'executePrivileged' '(Ljava/security/PrivilegedAction;Ljava/security/AccessControlContext;Ljava/lang/Class;)Ljava/lang/Object;' in 'java/security/AccessController')}
  0x000002cf48e22aec: 0000 48ba | 380f 0c9e | cf02 0000 | ff82 4001 | 0000 4889 | 4424 4848 | 8b54 2440 

  0x000002cf48e22b08: ; implicit exception: dispatches to 0x000002cf48e22c92
  0x000002cf48e22b08: 483b 0248 

  0x000002cf48e22b0c: ;   {metadata(method data for {method} {0x000002cf5d4726c8} 'executePrivileged' '(Ljava/security/PrivilegedAction;Ljava/security/AccessControlContext;Ljava/lang/Class;)Ljava/lang/Object;' in 'java/security/AccessController')}
  0x000002cf48e22b0c: 8bf2 48bf | 380f 0c9e | cf02 0000 | 8b76 0849 | ba00 0000 | 5dcf 0200 | 0049 03f2 | 483b b7b0 
  0x000002cf48e22b2c: 0100 0075 | 0d48 8387 | b801 0000 | 01e9 6000 | 0000 483b | b7c0 0100 | 0075 0d48 | 8387 c801 
  0x000002cf48e22b4c: 0000 01e9 | 4a00 0000 | 4883 bfb0 | 0100 0000 | 7517 4889 | b7b0 0100 | 0048 c787 | b801 0000 
  0x000002cf48e22b6c: 0100 0000 | e929 0000 | 0048 83bf | c001 0000 | 0075 1748 | 89b7 c001 | 0000 48c7 | 87c8 0100 
  0x000002cf48e22b8c: 0001 0000 | 00e9 0800 | 0000 4883 | 87a0 0100 | 0001 0f1f | 8000 0000 | 0048 b870 | d6ab a7cf 
  0x000002cf48e22bac: ;   {virtual_call}
  0x000002cf48e22bac: 0200 00e8 

  0x000002cf48e22bb0: ; ImmutableOopMap {[72]=Oop }
                      ;*invokeinterface run {reexecute=0 rethrow=0 return_oop=0}
                      ; - java.security.AccessController::executePrivileged@29 (line 778)
                      ; - java.security.AccessController::doPrivileged@5 (line 319)
  0x000002cf48e22bb0: dcc3 4107 

  0x000002cf48e22bb4: ;   {metadata(method data for {method} {0x000002cf5d4726c8} 'executePrivileged' '(Ljava/security/PrivilegedAction;Ljava/security/AccessControlContext;Ljava/lang/Class;)Ljava/lang/Object;' in 'java/security/AccessController')}
  0x000002cf48e22bb4: 48be 380f | 0c9e cf02 | 0000 ff86 | d801 0000 | 488b 7424 

  0x000002cf48e22bc8: ;   {metadata(method data for {method} {0x000002cf5d4726c8} 'executePrivileged' '(Ljava/security/PrivilegedAction;Ljava/security/AccessControlContext;Ljava/lang/Class;)Ljava/lang/Object;' in 'java/security/AccessController')}
  0x000002cf48e22bc8: 4848 bf38 | 0f0c 9ecf | 0200 0048 | 8387 3802 

  0x000002cf48e22bd8: ;   {metadata(method data for {method} {0x000002cf5d03d7e0} 'reachabilityFence' '(Ljava/lang/Object;)V' in 'java/lang/ref/Reference')}
  0x000002cf48e22bd8: 0000 0148 | bf88 0f0b | 9ecf 0200 | 008b 9fcc | 0000 0083 | c302 899f | cc00 0000 | 81e3 feff 
  0x000002cf48e22bf8: 1f00 83fb | 000f 8494 

  0x000002cf48e22c00: ;   {metadata(method data for {method} {0x000002cf5d4726c8} 'executePrivileged' '(Ljava/security/PrivilegedAction;Ljava/security/AccessControlContext;Ljava/lang/Class;)Ljava/lang/Object;' in 'java/security/AccessController')}
  0x000002cf48e22c00: 0000 0048 | be38 0f0c | 9ecf 0200 | 0048 8386 | 4802 0000 

  0x000002cf48e22c14: ;   {metadata(method data for {method} {0x000002cf5d03d7e0} 'reachabilityFence' '(Ljava/lang/Object;)V' in 'java/lang/ref/Reference')}
  0x000002cf48e22c14: 0148 be88 | 0f0b 9ecf | 0200 008b | becc 0000 | 0083 c702 | 89be cc00 | 0000 81e7 | feff 1f00 
  0x000002cf48e22c34: 83ff 000f | 847b 0000 | 0048 83c4 

  0x000002cf48e22c40: ;   {poll_return}
  0x000002cf48e22c40: 605d 493b | a778 0300 | 000f 878a | 0000 00c3 

  0x000002cf48e22c50: ;   {metadata({method} {0x000002cf5d4722e0} 'doPrivileged' '(Ljava/security/PrivilegedAction;)Ljava/lang/Object;' in 'java/security/AccessController')}
  0x000002cf48e22c50: 49ba d822 | 475d cf02 | 0000 4c89 | 5424 0848 | c704 24ff 

  0x000002cf48e22c64: ;   {runtime_call counter_overflow Runtime1 stub}
  0x000002cf48e22c64: ffff ffe8 

  0x000002cf48e22c68: ; ImmutableOopMap {rdx=Oop }
                      ;*synchronization entry
                      ; - java.security.AccessController::doPrivileged@-1 (line 319)
  0x000002cf48e22c68: 949e 4107 | e912 feff 

  0x000002cf48e22c70: ;   {metadata({method} {0x000002cf5d4726c8} 'executePrivileged' '(Ljava/security/PrivilegedAction;Ljava/security/AccessControlContext;Ljava/lang/Class;)Ljava/lang/Object;' in 'java/security/AccessController')}
  0x000002cf48e22c70: ff49 bac0 | 2647 5dcf | 0200 004c | 8954 2408 | 48c7 0424 | ffff ffff 

  0x000002cf48e22c88: ;   {runtime_call counter_overflow Runtime1 stub}
  0x000002cf48e22c88: e873 9e41 

  0x000002cf48e22c8c: ; ImmutableOopMap {rax=Oop [64]=Oop }
                      ;*synchronization entry
                      ; - java.security.AccessController::executePrivileged@-1 (line 773)
                      ; - java.security.AccessController::doPrivileged@5 (line 319)
  0x000002cf48e22c8c: 07e9 4cfe 

  0x000002cf48e22c90: ;   {runtime_call throw_null_pointer_exception Runtime1 stub}
  0x000002cf48e22c90: ffff e869 

  0x000002cf48e22c94: ; ImmutableOopMap {rdx=Oop [72]=Oop }
                      ;*invokeinterface run {reexecute=0 rethrow=0 return_oop=0}
                      ; - java.security.AccessController::executePrivileged@29 (line 778)
                      ; - java.security.AccessController::doPrivileged@5 (line 319)
                      ;   {metadata({method} {0x000002cf5d03d7e0} 'reachabilityFence' '(Ljava/lang/Object;)V' in 'java/lang/ref/Reference')}
  0x000002cf48e22c94: 4d41 0749 | bad8 d703 | 5dcf 0200 | 004c 8954 | 2408 48c7 | 0424 ffff 

  0x000002cf48e22cac: ;   {runtime_call counter_overflow Runtime1 stub}
  0x000002cf48e22cac: ffff e84d 

  0x000002cf48e22cb0: ; ImmutableOopMap {rax=Oop rsi=Oop }
                      ;*synchronization entry
                      ; - java.lang.ref.Reference::reachabilityFence@-1 (line 628)
                      ; - java.security.AccessController::executePrivileged@56 (line 783)
                      ; - java.security.AccessController::doPrivileged@5 (line 319)
  0x000002cf48e22cb0: 9e41 07e9 | 4bff ffff 

  0x000002cf48e22cb8: ;   {metadata({method} {0x000002cf5d03d7e0} 'reachabilityFence' '(Ljava/lang/Object;)V' in 'java/lang/ref/Reference')}
  0x000002cf48e22cb8: 49ba d8d7 | 035d cf02 | 0000 4c89 | 5424 0848 | c704 24ff 

  0x000002cf48e22ccc: ;   {runtime_call counter_overflow Runtime1 stub}
  0x000002cf48e22ccc: ffff ffe8 

  0x000002cf48e22cd0: ; ImmutableOopMap {rax=Oop }
                      ;*synchronization entry
                      ; - java.lang.ref.Reference::reachabilityFence@-1 (line 628)
                      ; - java.security.AccessController::executePrivileged@60 (line 784)
                      ; - java.security.AccessController::doPrivileged@5 (line 319)
  0x000002cf48e22cd0: 2c9e 4107 | e964 ffff 

  0x000002cf48e22cd8: ;   {internal_word}
  0x000002cf48e22cd8: ff49 ba42 | 2ce2 48cf | 0200 004d | 8997 9003 

  0x000002cf48e22ce8: ;   {runtime_call SafepointBlob}
  0x000002cf48e22ce8: 0000 e991 | 8035 0749 | 8b87 2804 | 0000 49c7 | 8728 0400 | 0000 0000 | 0049 c787 | 3004 0000 
  0x000002cf48e22d08: 0000 0000 | 4883 c460 

  0x000002cf48e22d10: ;   {runtime_call unwind_exception Runtime1 stub}
  0x000002cf48e22d10: 5de9 ea3d | 4107 f4f4 
[Stub Code]
  0x000002cf48e22d18: ;   {no_reloc}
  0x000002cf48e22d18: 0f1f 4400 

  0x000002cf48e22d1c: ;   {static_stub}
  0x000002cf48e22d1c: 0048 bb00 | 0000 0000 

  0x000002cf48e22d24: ;   {runtime_call}
  0x000002cf48e22d24: 0000 00e9 | fbff ffff 
[Exception Handler]
  0x000002cf48e22d2c: ;   {runtime_call handle_exception_from_callee Runtime1 stub}
  0x000002cf48e22d2c: e8cf 6a41 

  0x000002cf48e22d30: ;   {external_word}
  0x000002cf48e22d30: 0748 b9a0 | 338f abf8 | 7f00 0048 

  0x000002cf48e22d3c: ;   {runtime_call}
  0x000002cf48e22d3c: 83e4 f048 | b860 1d5b | abf8 7f00 | 00ff d0f4 
[Deopt Handler Code]
  0x000002cf48e22d4c: ;   {section_word}
  0x000002cf48e22d4c: 49ba 4c2d | e248 cf02 | 0000 4152 

  0x000002cf48e22d58: ;   {runtime_call DeoptimizationBlob}
  0x000002cf48e22d58: e9c3 7235 

  0x000002cf48e22d5c: ;   {static_stub}
  0x000002cf48e22d5c: 0748 bb00 | 0000 0000 

  0x000002cf48e22d64: ;   {runtime_call}
  0x000002cf48e22d64: 0000 00e9 | fbff ffff | f4f4 f4f4 
[/MachCode]


Compiled method (c1)    7739 1885       3       java.security.AccessController::doPrivileged (17 bytes)
 total in heap  [0x000002cf48f16510,0x000002cf48f16c30] = 1824
 relocation     [0x000002cf48f16658,0x000002cf48f166e0] = 136
 main code      [0x000002cf48f166e0,0x000002cf48f16a28] = 840
 stub code      [0x000002cf48f16a28,0x000002cf48f16aa0] = 120
 metadata       [0x000002cf48f16aa0,0x000002cf48f16ab8] = 24
 scopes data    [0x000002cf48f16ab8,0x000002cf48f16b68] = 176
 scopes pcs     [0x000002cf48f16b68,0x000002cf48f16c18] = 176
 dependencies   [0x000002cf48f16c18,0x000002cf48f16c20] = 8
 nul chk table  [0x000002cf48f16c20,0x000002cf48f16c30] = 16

[Constant Pool (empty)]

[MachCode]
[Verified Entry Point]
  # {method} {0x000002cf5d472440} 'doPrivileged' '(Ljava/security/PrivilegedAction;Ljava/security/AccessControlContext;)Ljava/lang/Object;' in 'java/security/AccessController'
  # parm0:    rdx:rdx   = 'java/security/PrivilegedAction'
  # parm1:    r8:r8     = 'java/security/AccessControlContext'
  #           [sp+0x80]  (sp of caller)
  0x000002cf48f166e0: 8984 2400 | 80ff ff55 | 4883 ec70 | 4181 7f20 | 0200 0000 

  0x000002cf48f166f4: ;   {runtime_call StubRoutines (2)}
  0x000002cf48f166f4: 7405 e885 

  0x000002cf48f166f8: ;   {metadata(method data for {method} {0x000002cf5d472440} 'doPrivileged' '(Ljava/security/PrivilegedAction;Ljava/security/AccessControlContext;)Ljava/lang/Object;' in 'java/security/AccessController')}
  0x000002cf48f166f8: 3524 0748 | bee8 3538 | 9ecf 0200 | 008b becc | 0000 0083 | c702 89be | cc00 0000 | 81e7 fe07 
  0x000002cf48f16718: 0000 83ff | 000f 843d | 0200 004c | 8944 2440 | 4889 5424 

  0x000002cf48f1672c: ;   {metadata(method data for {method} {0x000002cf5d472440} 'doPrivileged' '(Ljava/security/PrivilegedAction;Ljava/security/AccessControlContext;)Ljava/lang/Object;' in 'java/security/AccessController')}
  0x000002cf48f1672c: 4848 bee8 | 3538 9ecf | 0200 0048 | 8386 1001 

  0x000002cf48f1673c: ;   {static_call}
  0x000002cf48f1673c: 0000 01e8 

  0x000002cf48f16740: ; ImmutableOopMap {[64]=Oop [72]=Oop }
                      ;*invokestatic getCallerClass {reexecute=0 rethrow=0 return_oop=0}
                      ; - java.security.AccessController::doPrivileged@0 (line 398)
  0x000002cf48f16740: fca2 7e07 

  0x000002cf48f16744: ;   {metadata(method data for {method} {0x000002cf5d472440} 'doPrivileged' '(Ljava/security/PrivilegedAction;Ljava/security/AccessControlContext;)Ljava/lang/Object;' in 'java/security/AccessController')}
  0x000002cf48f16744: 48ba e835 | 389e cf02 | 0000 4883 | 8220 0100 | 0001 488b | 5424 404c | 8bc0 4889 | 4424 500f 
  0x000002cf48f16764: ;   {static_call}
  0x000002cf48f16764: 1f40 00e8 

  0x000002cf48f16768: ; ImmutableOopMap {[72]=Oop [80]=Oop }
                      ;*invokestatic checkContext {reexecute=0 rethrow=0 return_oop=0}
                      ; - java.security.AccessController::doPrivileged@6 (line 399)
  0x000002cf48f16768: 34c5 ffff | 4889 4424 

  0x000002cf48f16770: ;   {metadata(method data for {method} {0x000002cf5d472440} 'doPrivileged' '(Ljava/security/PrivilegedAction;Ljava/security/AccessControlContext;)Ljava/lang/Object;' in 'java/security/AccessController')}
  0x000002cf48f16770: 5848 bae8 | 3538 9ecf | 0200 0048 | 8382 3001 

  0x000002cf48f16780: ;   {metadata(method data for {method} {0x000002cf5d4726c8} 'executePrivileged' '(Ljava/security/PrivilegedAction;Ljava/security/AccessControlContext;Ljava/lang/Class;)Ljava/lang/Object;' in 'java/security/AccessController')}
  0x000002cf48f16780: 0000 0148 | ba38 0f0c | 9ecf 0200 | 008b b2cc | 0000 0083 | c602 89b2 | cc00 0000 | 81e6 feff 
  0x000002cf48f167a0: 1f00 83fe | 000f 84d6 | 0100 0048 

  0x000002cf48f167ac: ;   {metadata(method data for {method} {0x000002cf5d4726c8} 'executePrivileged' '(Ljava/security/PrivilegedAction;Ljava/security/AccessControlContext;Ljava/lang/Class;)Ljava/lang/Object;' in 'java/security/AccessController')}
  0x000002cf48f167ac: 83f8 0048 | ba38 0f0c | 9ecf 0200 | 0048 be10 | 0100 0000 | 0000 000f | 840a 0000 | 0048 be20 
  0x000002cf48f167cc: 0100 0000 | 0000 0048 | 8b3c 3248 | 8d7f 0148 | 893c 320f | 841f 0000 

  0x000002cf48f167e4: ;   {metadata(method data for {method} {0x000002cf5d4726c8} 'executePrivileged' '(Ljava/security/PrivilegedAction;Ljava/security/AccessControlContext;Ljava/lang/Class;)Ljava/lang/Object;' in 'java/security/AccessController')}
  0x000002cf48f167e4: 0048 ba38 | 0f0c 9ecf | 0200 0048 | 8382 3001 | 0000 0148 | 8bd0 0f1f 

  0x000002cf48f167fc: ;   {static_call}
  0x000002cf48f167fc: 4400 00e8 

  0x000002cf48f16800: ; ImmutableOopMap {[72]=Oop [80]=Oop [88]=Oop }
                      ;*invokestatic ensureMaterializedForStackWalk {reexecute=0 rethrow=0 return_oop=0}
                      ; - java.security.AccessController::executePrivileged@5 (line 774)
                      ; - java.security.AccessController::doPrivileged@13 (line 400)
  0x000002cf48f16800: bcb9 8407 

  0x000002cf48f16804: ;   {metadata(method data for {method} {0x000002cf5d4726c8} 'executePrivileged' '(Ljava/security/PrivilegedAction;Ljava/security/AccessControlContext;Ljava/lang/Class;)Ljava/lang/Object;' in 'java/security/AccessController')}
  0x000002cf48f16804: 48ba 380f | 0c9e cf02 | 0000 ff82 | 4001 0000 | 488b 5424 | 4848 3b02 

  0x000002cf48f1681c: ;   {metadata(method data for {method} {0x000002cf5d4726c8} 'executePrivileged' '(Ljava/security/PrivilegedAction;Ljava/security/AccessControlContext;Ljava/lang/Class;)Ljava/lang/Object;' in 'java/security/AccessController')}
  0x000002cf48f1681c: 488b f248 | bf38 0f0c | 9ecf 0200 | 008b 7608 | 49ba 0000 | 005d cf02 | 0000 4903 | f248 3bb7 
  0x000002cf48f1683c: b001 0000 | 750d 4883 | 87b8 0100 | 0001 e960 | 0000 0048 | 3bb7 c001 | 0000 750d | 4883 87c8 
  0x000002cf48f1685c: 0100 0001 | e94a 0000 | 0048 83bf | b001 0000 | 0075 1748 | 89b7 b001 | 0000 48c7 | 87b8 0100 
  0x000002cf48f1687c: 0001 0000 | 00e9 2900 | 0000 4883 | bfc0 0100 | 0000 7517 | 4889 b7c0 | 0100 0048 | c787 c801 
  0x000002cf48f1689c: 0000 0100 | 0000 e908 | 0000 0048 | 8387 a001 | 0000 0166 | 0f1f 4400 | 0048 b8c0 | 7ead a7cf 
  0x000002cf48f168bc: ;   {virtual_call}
  0x000002cf48f168bc: 0200 00e8 

  0x000002cf48f168c0: ; ImmutableOopMap {[80]=Oop [88]=Oop }
                      ;*invokeinterface run {reexecute=0 rethrow=0 return_oop=0}
                      ; - java.security.AccessController::executePrivileged@29 (line 778)
                      ; - java.security.AccessController::doPrivileged@13 (line 400)
  0x000002cf48f168c0: cc86 3207 

  0x000002cf48f168c4: ;   {metadata(method data for {method} {0x000002cf5d4726c8} 'executePrivileged' '(Ljava/security/PrivilegedAction;Ljava/security/AccessControlContext;Ljava/lang/Class;)Ljava/lang/Object;' in 'java/security/AccessController')}
  0x000002cf48f168c4: 48be 380f | 0c9e cf02 | 0000 ff86 | d801 0000 | 488b 7424 

  0x000002cf48f168d8: ;   {metadata(method data for {method} {0x000002cf5d4726c8} 'executePrivileged' '(Ljava/security/PrivilegedAction;Ljava/security/AccessControlContext;Ljava/lang/Class;)Ljava/lang/Object;' in 'java/security/AccessController')}
  0x000002cf48f168d8: 5048 bf38 | 0f0c 9ecf | 0200 0048 | 8387 3802 

  0x000002cf48f168e8: ;   {metadata(method data for {method} {0x000002cf5d03d7e0} 'reachabilityFence' '(Ljava/lang/Object;)V' in 'java/lang/ref/Reference')}
  0x000002cf48f168e8: 0000 0148 | bf88 0f0b | 9ecf 0200 | 008b 9fcc | 0000 0083 | c302 899f | cc00 0000 | 81e3 feff 
  0x000002cf48f16908: 1f00 83fb | 000f 8494 

  0x000002cf48f16910: ;   {metadata(method data for {method} {0x000002cf5d4726c8} 'executePrivileged' '(Ljava/security/PrivilegedAction;Ljava/security/AccessControlContext;Ljava/lang/Class;)Ljava/lang/Object;' in 'java/security/AccessController')}
  0x000002cf48f16910: 0000 0048 | be38 0f0c | 9ecf 0200 | 0048 8386 | 4802 0000 

  0x000002cf48f16924: ;   {metadata(method data for {method} {0x000002cf5d03d7e0} 'reachabilityFence' '(Ljava/lang/Object;)V' in 'java/lang/ref/Reference')}
  0x000002cf48f16924: 0148 be88 | 0f0b 9ecf | 0200 008b | becc 0000 | 0083 c702 | 89be cc00 | 0000 81e7 | feff 1f00 
  0x000002cf48f16944: 83ff 000f | 847b 0000 | 0048 83c4 

  0x000002cf48f16950: ;   {poll_return}
  0x000002cf48f16950: 705d 493b | a778 0300 | 000f 878a | 0000 00c3 

  0x000002cf48f16960: ;   {metadata({method} {0x000002cf5d472440} 'doPrivileged' '(Ljava/security/PrivilegedAction;Ljava/security/AccessControlContext;)Ljava/lang/Object;' in 'java/security/AccessController')}
  0x000002cf48f16960: 49ba 3824 | 475d cf02 | 0000 4c89 | 5424 0848 | c704 24ff 

  0x000002cf48f16974: ;   {runtime_call counter_overflow Runtime1 stub}
  0x000002cf48f16974: ffff ffe8 

  0x000002cf48f16978: ; ImmutableOopMap {rdx=Oop r8=Oop }
                      ;*synchronization entry
                      ; - java.security.AccessController::doPrivileged@-1 (line 398)
  0x000002cf48f16978: 8461 3207 | e9a2 fdff 

  0x000002cf48f16980: ;   {metadata({method} {0x000002cf5d4726c8} 'executePrivileged' '(Ljava/security/PrivilegedAction;Ljava/security/AccessControlContext;Ljava/lang/Class;)Ljava/lang/Object;' in 'java/security/AccessController')}
  0x000002cf48f16980: ff49 bac0 | 2647 5dcf | 0200 004c | 8954 2408 | 48c7 0424 | ffff ffff 

  0x000002cf48f16998: ;   {runtime_call counter_overflow Runtime1 stub}
  0x000002cf48f16998: e863 6132 

  0x000002cf48f1699c: ; ImmutableOopMap {rax=Oop [72]=Oop [80]=Oop [88]=Oop }
                      ;*synchronization entry
                      ; - java.security.AccessController::executePrivileged@-1 (line 773)
                      ; - java.security.AccessController::doPrivileged@13 (line 400)
  0x000002cf48f1699c: 07e9 09fe 

  0x000002cf48f169a0: ;   {runtime_call throw_null_pointer_exception Runtime1 stub}
  0x000002cf48f169a0: ffff e859 

  0x000002cf48f169a4: ; ImmutableOopMap {rdx=Oop [80]=Oop [88]=Oop }
                      ;*invokeinterface run {reexecute=0 rethrow=0 return_oop=0}
                      ; - java.security.AccessController::executePrivileged@29 (line 778)
                      ; - java.security.AccessController::doPrivileged@13 (line 400)
                      ;   {metadata({method} {0x000002cf5d03d7e0} 'reachabilityFence' '(Ljava/lang/Object;)V' in 'java/lang/ref/Reference')}
  0x000002cf48f169a4: 1032 0749 | bad8 d703 | 5dcf 0200 | 004c 8954 | 2408 48c7 | 0424 ffff 

  0x000002cf48f169bc: ;   {runtime_call counter_overflow Runtime1 stub}
  0x000002cf48f169bc: ffff e83d 

  0x000002cf48f169c0: ; ImmutableOopMap {rax=Oop rsi=Oop }
                      ;*synchronization entry
                      ; - java.lang.ref.Reference::reachabilityFence@-1 (line 628)
                      ; - java.security.AccessController::executePrivileged@56 (line 783)
                      ; - java.security.AccessController::doPrivileged@13 (line 400)
  0x000002cf48f169c0: 6132 07e9 | 4bff ffff 

  0x000002cf48f169c8: ;   {metadata({method} {0x000002cf5d03d7e0} 'reachabilityFence' '(Ljava/lang/Object;)V' in 'java/lang/ref/Reference')}
  0x000002cf48f169c8: 49ba d8d7 | 035d cf02 | 0000 4c89 | 5424 0848 | c704 24ff 

  0x000002cf48f169dc: ;   {runtime_call counter_overflow Runtime1 stub}
  0x000002cf48f169dc: ffff ffe8 

  0x000002cf48f169e0: ; ImmutableOopMap {rax=Oop }
                      ;*synchronization entry
                      ; - java.lang.ref.Reference::reachabilityFence@-1 (line 628)
                      ; - java.security.AccessController::executePrivileged@60 (line 784)
                      ; - java.security.AccessController::doPrivileged@13 (line 400)
  0x000002cf48f169e0: 1c61 3207 | e964 ffff 

  0x000002cf48f169e8: ;   {internal_word}
  0x000002cf48f169e8: ff49 ba52 | 69f1 48cf | 0200 004d | 8997 9003 

  0x000002cf48f169f8: ;   {runtime_call SafepointBlob}
  0x000002cf48f169f8: 0000 e981 | 4326 0749 | 8b87 2804 | 0000 49c7 | 8728 0400 | 0000 0000 | 0049 c787 | 3004 0000 
  0x000002cf48f16a18: 0000 0000 | 4883 c470 

  0x000002cf48f16a20: ;   {runtime_call unwind_exception Runtime1 stub}
  0x000002cf48f16a20: 5de9 da00 | 3207 f4f4 
[Stub Code]
  0x000002cf48f16a28: ;   {no_reloc}
  0x000002cf48f16a28: 0f1f 4400 

  0x000002cf48f16a2c: ;   {static_stub}
  0x000002cf48f16a2c: 0048 bb00 | 0000 0000 

  0x000002cf48f16a34: ;   {runtime_call}
  0x000002cf48f16a34: 0000 00e9 | fbff ffff 
[Exception Handler]
  0x000002cf48f16a3c: ;   {runtime_call handle_exception_from_callee Runtime1 stub}
  0x000002cf48f16a3c: e8bf 2d32 

  0x000002cf48f16a40: ;   {external_word}
  0x000002cf48f16a40: 0748 b9a0 | 338f abf8 | 7f00 0048 

  0x000002cf48f16a4c: ;   {runtime_call}
  0x000002cf48f16a4c: 83e4 f048 | b860 1d5b | abf8 7f00 | 00ff d0f4 
[Deopt Handler Code]
  0x000002cf48f16a5c: ;   {section_word}
  0x000002cf48f16a5c: 49ba 5c6a | f148 cf02 | 0000 4152 

  0x000002cf48f16a68: ;   {runtime_call DeoptimizationBlob}
  0x000002cf48f16a68: e9b3 3526 

  0x000002cf48f16a6c: ;   {static_stub}
  0x000002cf48f16a6c: 0748 bb00 | 0000 0000 

  0x000002cf48f16a74: ;   {runtime_call}
  0x000002cf48f16a74: 0000 00e9 | fbff ffff 

  0x000002cf48f16a7c: ;   {static_stub}
  0x000002cf48f16a7c: 48bb 0000 | 0000 0000 

  0x000002cf48f16a84: ;   {runtime_call}
  0x000002cf48f16a84: 0000 e9fb 

  0x000002cf48f16a88: ;   {static_stub}
  0x000002cf48f16a88: ffff ff48 | bb00 0000 | 0000 0000 

  0x000002cf48f16a94: ;   {runtime_call}
  0x000002cf48f16a94: 00e9 fbff | ffff f4f4 | f4f4 f4f4 
[/MachCode]


---------------  P R O C E S S  ---------------

Threads class SMR info:
_java_thread_list=0x000002cfa7ad7f80, length=19, elements={
0x000002cf40b16f40, 0x000002cf5cbe8050, 0x000002cf5cbeae00, 0x000002cf5cbebba0,
0x000002cf5cbed4f0, 0x000002cf5cbede30, 0x000002cf5cbee770, 0x000002cf5cbef3e0,
0x000002cf5cbf6010, 0x000002cfa2095da0, 0x000002cfa2541ec0, 0x000002cfa270cbd0,
0x000002cfa26b45f0, 0x000002cfa29e84b0, 0x000002cfa2a0a910, 0x000002cfa2bd7e30,
0x000002cfa73d8090, 0x000002cfa2bea410, 0x000002cfa2be7990
}

Java Threads: ( => current thread )
  0x000002cf40b16f40 JavaThread "main" [_thread_blocked, id=7400, stack(0x000000edf7200000,0x000000edf7300000)]
  0x000002cf5cbe8050 JavaThread "Reference Handler" daemon [_thread_blocked, id=24116, stack(0x000000edf7900000,0x000000edf7a00000)]
  0x000002cf5cbeae00 JavaThread "Finalizer" daemon [_thread_blocked, id=12460, stack(0x000000edf7a00000,0x000000edf7b00000)]
  0x000002cf5cbebba0 JavaThread "Signal Dispatcher" daemon [_thread_blocked, id=23852, stack(0x000000edf7b00000,0x000000edf7c00000)]
  0x000002cf5cbed4f0 JavaThread "Attach Listener" daemon [_thread_blocked, id=17280, stack(0x000000edf7c00000,0x000000edf7d00000)]
  0x000002cf5cbede30 JavaThread "Service Thread" daemon [_thread_blocked, id=24824, stack(0x000000edf7d00000,0x000000edf7e00000)]
  0x000002cf5cbee770 JavaThread "Monitor Deflation Thread" daemon [_thread_blocked, id=8740, stack(0x000000edf7e00000,0x000000edf7f00000)]
  0x000002cf5cbef3e0 JavaThread "C2 CompilerThread0" daemon [_thread_blocked, id=5380, stack(0x000000edf7f00000,0x000000edf8000000)]
  0x000002cf5cbf6010 JavaThread "C1 CompilerThread0" daemon [_thread_in_vm, id=24932, stack(0x000000edf8000000,0x000000edf8100000)]
  0x000002cfa2095da0 JavaThread "Common-Cleaner" daemon [_thread_blocked, id=14728, stack(0x000000edf8100000,0x000000edf8200000)]
  0x000002cfa2541ec0 JavaThread "Monitor Ctrl-Break" daemon [_thread_in_native, id=25964, stack(0x000000edf8300000,0x000000edf8400000)]
  0x000002cfa270cbd0 JavaThread "Notification Thread" daemon [_thread_blocked, id=23868, stack(0x000000edf8400000,0x000000edf8500000)]
  0x000002cfa26b45f0 JavaThread "QuantumRenderer-0" daemon [_thread_blocked, id=17084, stack(0x000000edf8200000,0x000000edf8300000)]
  0x000002cfa29e84b0 JavaThread "InvokeLaterDispatcher" daemon [_thread_blocked, id=28248, stack(0x000000edf8a00000,0x000000edf8b00000)]
=>0x000002cfa2a0a910 JavaThread "JavaFX Application Thread" [_thread_in_vm, id=28560, stack(0x000000edf8b00000,0x000000edf8c00000)]
  0x000002cfa2bd7e30 JavaThread "Thread-1" daemon [_thread_in_native, id=24896, stack(0x000000edf8f00000,0x000000edf9000000)]
  0x000002cfa73d8090 JavaThread "JavaFX-Launcher" [_thread_blocked, id=21076, stack(0x000000edf9000000,0x000000edf9100000)]
  0x000002cfa2bea410 JavaThread "Prism Font Disposer" daemon [_thread_blocked, id=11728, stack(0x000000edf9100000,0x000000edf9200000)]
  0x000002cfa2be7990 JavaThread "Cleaner-0" daemon [_thread_blocked, id=22932, stack(0x000000edf9600000,0x000000edf9700000)]

Other Threads:
  0x000002cf5cbc95e0 VMThread "VM Thread" [stack: 0x000000edf7800000,0x000000edf7900000] [id=28312]
  0x000002cfa237d620 WatcherThread "VM Periodic Task Thread" [stack: 0x000000edf8500000,0x000000edf8600000] [id=29484]
  0x000002cf40b71d00 WorkerThread "GC Thread#0" [stack: 0x000000edf7300000,0x000000edf7400000] [id=27204]
  0x000002cfa22cc3c0 WorkerThread "GC Thread#1" [stack: 0x000000edf8600000,0x000000edf8700000] [id=13752]
  0x000002cfa263e730 WorkerThread "GC Thread#2" [stack: 0x000000edf8700000,0x000000edf8800000] [id=16048]
  0x000002cfa2664060 WorkerThread "GC Thread#3" [stack: 0x000000edf8800000,0x000000edf8900000] [id=25532]
  0x000002cf40b825a0 ConcurrentGCThread "G1 Main Marker" [stack: 0x000000edf7400000,0x000000edf7500000] [id=15424]
  0x000002cf40b83170 WorkerThread "G1 Conc#0" [stack: 0x000000edf7500000,0x000000edf7600000] [id=10064]
  0x000002cf40bde9e0 ConcurrentGCThread "G1 Refine#0" [stack: 0x000000edf7600000,0x000000edf7700000] [id=25840]
  0x000002cf5ca8b7a0 ConcurrentGCThread "G1 Service" [stack: 0x000000edf7700000,0x000000edf7800000] [id=18624]

Threads with active compile tasks:
C1 CompilerThread0     7759 2353       3       sun.security.provider.PolicyParser::match (775 bytes)

VM state: not at safepoint (normal execution)

VM Mutex/Monitor currently owned by a thread:  ([mutex/lock_event])
[0x000002cf40b10170] Metaspace_lock - owner thread: 0x000002cfa2a0a910

Heap address: 0x0000000082c00000, size: 2004 MB, Compressed Oops mode: 32-bit

CDS archive(s) mapped at: [0x000002cf5d000000-0x000002cf5dc60000-0x000002cf5dc60000), size 12976128, SharedBaseAddress: 0x000002cf5d000000, ArchiveRelocationMode: 1.
Compressed class space mapped at: 0x000002cf5e000000-0x000002cf9e000000, reserved size: 1073741824
Narrow klass base: 0x000002cf5d000000, Narrow klass shift: 0, Narrow klass range: 0x100000000

GC Precious Log:
 CardTable entry size: 512
 Card Set container configuration: InlinePtr #cards 5 size 8 Array Of Cards #cards 12 size 40 Howl #buckets 4 coarsen threshold 1843 Howl Bitmap #cards 512 size 80 coarsen threshold 460 Card regions per heap region 1 cards per card region 2048
 CPUs: 4 total, 4 available
 Memory: 8015M
 Large Page Support: Disabled
 NUMA Support: Disabled
 Compressed Oops: Enabled (32-bit)
 Heap Region Size: 1M
 Heap Min Capacity: 8M
 Heap Initial Capacity: 126M
 Heap Max Capacity: 2004M
 Pre-touch: Disabled
 Parallel Workers: 4
 Concurrent Workers: 1
 Concurrent Refinement Workers: 4
 Periodic GC: Disabled

Heap:
 garbage-first heap   total 129024K, used 94013K [0x0000000082c00000, 0x0000000100000000)
  region size 1024K, 12 young (12288K), 6 survivors (6144K)
 Metaspace       used 15232K, committed 15424K, reserved 1114112K
  class space    used 2218K, committed 2304K, reserved 1048576K

Heap Regions: E=young(eden), S=young(survivor), O=old, HS=humongous(starts), HC=humongous(continues), CS=collection set, F=free, OA=open archive, CA=closed archive, TAMS=top-at-mark-start, PB=parsable bottom
|   0|0x0000000082c00000, 0x0000000082d00000, 0x0000000082d00000|100%| O|  |TAMS 0x0000000082c00000| PB 0x0000000082c00000| Untracked 
|   1|0x0000000082d00000, 0x0000000082e00000, 0x0000000082e00000|100%| O|  |TAMS 0x0000000082d00000| PB 0x0000000082d00000| Untracked 
|   2|0x0000000082e00000, 0x0000000082e0da00, 0x0000000082f00000|  5%| O|  |TAMS 0x0000000082e00000| PB 0x0000000082e00000| Untracked 
|   3|0x0000000082f00000, 0x0000000083000000, 0x0000000083000000|100%|HS|  |TAMS 0x0000000082f00000| PB 0x0000000082f00000| Complete 
|   4|0x0000000083000000, 0x0000000083100000, 0x0000000083100000|100%|HS|  |TAMS 0x0000000083000000| PB 0x0000000083000000| Complete 
|   5|0x0000000083100000, 0x0000000083200000, 0x0000000083200000|100%|HC|  |TAMS 0x0000000083100000| PB 0x0000000083100000| Complete 
|   6|0x0000000083200000, 0x0000000083300000, 0x0000000083300000|100%|HC|  |TAMS 0x0000000083200000| PB 0x0000000083200000| Complete 
|   7|0x0000000083300000, 0x0000000083400000, 0x0000000083400000|100%|HC|  |TAMS 0x0000000083300000| PB 0x0000000083300000| Complete 
|   8|0x0000000083400000, 0x0000000083500000, 0x0000000083500000|100%|HC|  |TAMS 0x0000000083400000| PB 0x0000000083400000| Complete 
|   9|0x0000000083500000, 0x0000000083600000, 0x0000000083600000|100%|HC|  |TAMS 0x0000000083500000| PB 0x0000000083500000| Complete 
|  10|0x0000000083600000, 0x0000000083600000, 0x0000000083700000|  0%| F|  |TAMS 0x0000000083600000| PB 0x0000000083600000| Untracked 
|  11|0x0000000083700000, 0x0000000083800000, 0x0000000083800000|100%|HS|  |TAMS 0x0000000083700000| PB 0x0000000083700000| Complete 
|  12|0x0000000083800000, 0x0000000083900000, 0x0000000083900000|100%|HC|  |TAMS 0x0000000083800000| PB 0x0000000083800000| Complete 
|  13|0x0000000083900000, 0x0000000083a00000, 0x0000000083a00000|100%|HS|  |TAMS 0x0000000083900000| PB 0x0000000083900000| Complete 
|  14|0x0000000083a00000, 0x0000000083b00000, 0x0000000083b00000|100%|HC|  |TAMS 0x0000000083a00000| PB 0x0000000083a00000| Complete 
|  15|0x0000000083b00000, 0x0000000083c00000, 0x0000000083c00000|100%|HC|  |TAMS 0x0000000083b00000| PB 0x0000000083b00000| Complete 
|  16|0x0000000083c00000, 0x0000000083d00000, 0x0000000083d00000|100%|HC|  |TAMS 0x0000000083c00000| PB 0x0000000083c00000| Complete 
|  17|0x0000000083d00000, 0x0000000083e00000, 0x0000000083e00000|100%|HC|  |TAMS 0x0000000083d00000| PB 0x0000000083d00000| Complete 
|  18|0x0000000083e00000, 0x0000000083f00000, 0x0000000083f00000|100%|HC|  |TAMS 0x0000000083e00000| PB 0x0000000083e00000| Complete 
|  19|0x0000000083f00000, 0x0000000084000000, 0x0000000084000000|100%|HC|  |TAMS 0x0000000083f00000| PB 0x0000000083f00000| Complete 
|  20|0x0000000084000000, 0x0000000084100000, 0x0000000084100000|100%|HC|  |TAMS 0x0000000084000000| PB 0x0000000084000000| Complete 
|  21|0x0000000084100000, 0x0000000084200000, 0x0000000084200000|100%|HC|  |TAMS 0x0000000084100000| PB 0x0000000084100000| Complete 
|  22|0x0000000084200000, 0x0000000084300000, 0x0000000084300000|100%|HC|  |TAMS 0x0000000084200000| PB 0x0000000084200000| Complete 
|  23|0x0000000084300000, 0x0000000084400000, 0x0000000084400000|100%|HC|  |TAMS 0x0000000084300000| PB 0x0000000084300000| Complete 
|  24|0x0000000084400000, 0x0000000084500000, 0x0000000084500000|100%|HC|  |TAMS 0x0000000084400000| PB 0x0000000084400000| Complete 
|  25|0x0000000084500000, 0x0000000084600000, 0x0000000084600000|100%|HC|  |TAMS 0x0000000084500000| PB 0x0000000084500000| Complete 
|  26|0x0000000084600000, 0x0000000084700000, 0x0000000084700000|100%|HC|  |TAMS 0x0000000084600000| PB 0x0000000084600000| Complete 
|  27|0x0000000084700000, 0x0000000084800000, 0x0000000084800000|100%|HC|  |TAMS 0x0000000084700000| PB 0x0000000084700000| Complete 
|  28|0x0000000084800000, 0x0000000084900000, 0x0000000084900000|100%|HC|  |TAMS 0x0000000084800000| PB 0x0000000084800000| Complete 
|  29|0x0000000084900000, 0x0000000084a00000, 0x0000000084a00000|100%|HC|  |TAMS 0x0000000084900000| PB 0x0000000084900000| Complete 
|  30|0x0000000084a00000, 0x0000000084b00000, 0x0000000084b00000|100%|HC|  |TAMS 0x0000000084a00000| PB 0x0000000084a00000| Complete 
|  31|0x0000000084b00000, 0x0000000084c00000, 0x0000000084c00000|100%|HC|  |TAMS 0x0000000084b00000| PB 0x0000000084b00000| Complete 
|  32|0x0000000084c00000, 0x0000000084d00000, 0x0000000084d00000|100%|HC|  |TAMS 0x0000000084c00000| PB 0x0000000084c00000| Complete 
|  33|0x0000000084d00000, 0x0000000084e00000, 0x0000000084e00000|100%|HC|  |TAMS 0x0000000084d00000| PB 0x0000000084d00000| Complete 
|  34|0x0000000084e00000, 0x0000000084f00000, 0x0000000084f00000|100%|HC|  |TAMS 0x0000000084e00000| PB 0x0000000084e00000| Complete 
|  35|0x0000000084f00000, 0x0000000085000000, 0x0000000085000000|100%|HC|  |TAMS 0x0000000084f00000| PB 0x0000000084f00000| Complete 
|  36|0x0000000085000000, 0x0000000085100000, 0x0000000085100000|100%|HC|  |TAMS 0x0000000085000000| PB 0x0000000085000000| Complete 
|  37|0x0000000085100000, 0x0000000085200000, 0x0000000085200000|100%|HC|  |TAMS 0x0000000085100000| PB 0x0000000085100000| Complete 
|  38|0x0000000085200000, 0x0000000085300000, 0x0000000085300000|100%|HC|  |TAMS 0x0000000085200000| PB 0x0000000085200000| Complete 
|  39|0x0000000085300000, 0x0000000085400000, 0x0000000085400000|100%|HC|  |TAMS 0x0000000085300000| PB 0x0000000085300000| Complete 
|  40|0x0000000085400000, 0x0000000085500000, 0x0000000085500000|100%|HC|  |TAMS 0x0000000085400000| PB 0x0000000085400000| Complete 
|  41|0x0000000085500000, 0x0000000085600000, 0x0000000085600000|100%|HC|  |TAMS 0x0000000085500000| PB 0x0000000085500000| Complete 
|  42|0x0000000085600000, 0x0000000085700000, 0x0000000085700000|100%|HC|  |TAMS 0x0000000085600000| PB 0x0000000085600000| Complete 
|  43|0x0000000085700000, 0x0000000085800000, 0x0000000085800000|100%|HC|  |TAMS 0x0000000085700000| PB 0x0000000085700000| Complete 
|  44|0x0000000085800000, 0x0000000085900000, 0x0000000085900000|100%|HC|  |TAMS 0x0000000085800000| PB 0x0000000085800000| Complete 
|  45|0x0000000085900000, 0x0000000085a00000, 0x0000000085a00000|100%|HC|  |TAMS 0x0000000085900000| PB 0x0000000085900000| Complete 
|  46|0x0000000085a00000, 0x0000000085b00000, 0x0000000085b00000|100%|HC|  |TAMS 0x0000000085a00000| PB 0x0000000085a00000| Complete 
|  47|0x0000000085b00000, 0x0000000085c00000, 0x0000000085c00000|100%|HC|  |TAMS 0x0000000085b00000| PB 0x0000000085b00000| Complete 
|  48|0x0000000085c00000, 0x0000000085d00000, 0x0000000085d00000|100%|HC|  |TAMS 0x0000000085c00000| PB 0x0000000085c00000| Complete 
|  49|0x0000000085d00000, 0x0000000085e00000, 0x0000000085e00000|100%|HC|  |TAMS 0x0000000085d00000| PB 0x0000000085d00000| Complete 
|  50|0x0000000085e00000, 0x0000000085f00000, 0x0000000085f00000|100%|HC|  |TAMS 0x0000000085e00000| PB 0x0000000085e00000| Complete 
|  51|0x0000000085f00000, 0x0000000086000000, 0x0000000086000000|100%|HC|  |TAMS 0x0000000085f00000| PB 0x0000000085f00000| Complete 
|  52|0x0000000086000000, 0x0000000086100000, 0x0000000086100000|100%|HC|  |TAMS 0x0000000086000000| PB 0x0000000086000000| Complete 
|  53|0x0000000086100000, 0x0000000086200000, 0x0000000086200000|100%|HC|  |TAMS 0x0000000086100000| PB 0x0000000086100000| Complete 
|  54|0x0000000086200000, 0x0000000086300000, 0x0000000086300000|100%|HC|  |TAMS 0x0000000086200000| PB 0x0000000086200000| Complete 
|  55|0x0000000086300000, 0x0000000086400000, 0x0000000086400000|100%|HC|  |TAMS 0x0000000086300000| PB 0x0000000086300000| Complete 
|  56|0x0000000086400000, 0x0000000086500000, 0x0000000086500000|100%|HC|  |TAMS 0x0000000086400000| PB 0x0000000086400000| Complete 
|  57|0x0000000086500000, 0x0000000086600000, 0x0000000086600000|100%|HC|  |TAMS 0x0000000086500000| PB 0x0000000086500000| Complete 
|  58|0x0000000086600000, 0x0000000086700000, 0x0000000086700000|100%|HC|  |TAMS 0x0000000086600000| PB 0x0000000086600000| Complete 
|  59|0x0000000086700000, 0x0000000086800000, 0x0000000086800000|100%|HC|  |TAMS 0x0000000086700000| PB 0x0000000086700000| Complete 
|  60|0x0000000086800000, 0x0000000086900000, 0x0000000086900000|100%|HC|  |TAMS 0x0000000086800000| PB 0x0000000086800000| Complete 
|  61|0x0000000086900000, 0x0000000086a00000, 0x0000000086a00000|100%|HC|  |TAMS 0x0000000086900000| PB 0x0000000086900000| Complete 
|  62|0x0000000086a00000, 0x0000000086b00000, 0x0000000086b00000|100%|HC|  |TAMS 0x0000000086a00000| PB 0x0000000086a00000| Complete 
|  63|0x0000000086b00000, 0x0000000086c00000, 0x0000000086c00000|100%|HC|  |TAMS 0x0000000086b00000| PB 0x0000000086b00000| Complete 
|  64|0x0000000086c00000, 0x0000000086d00000, 0x0000000086d00000|100%|HC|  |TAMS 0x0000000086c00000| PB 0x0000000086c00000| Complete 
|  65|0x0000000086d00000, 0x0000000086e00000, 0x0000000086e00000|100%|HC|  |TAMS 0x0000000086d00000| PB 0x0000000086d00000| Complete 
|  66|0x0000000086e00000, 0x0000000086f00000, 0x0000000086f00000|100%|HC|  |TAMS 0x0000000086e00000| PB 0x0000000086e00000| Complete 
|  67|0x0000000086f00000, 0x0000000087000000, 0x0000000087000000|100%|HC|  |TAMS 0x0000000086f00000| PB 0x0000000086f00000| Complete 
|  68|0x0000000087000000, 0x0000000087100000, 0x0000000087100000|100%|HC|  |TAMS 0x0000000087000000| PB 0x0000000087000000| Complete 
|  69|0x0000000087100000, 0x0000000087200000, 0x0000000087200000|100%|HC|  |TAMS 0x0000000087100000| PB 0x0000000087100000| Complete 
|  70|0x0000000087200000, 0x0000000087300000, 0x0000000087300000|100%|HC|  |TAMS 0x0000000087200000| PB 0x0000000087200000| Complete 
|  71|0x0000000087300000, 0x0000000087400000, 0x0000000087400000|100%|HC|  |TAMS 0x0000000087300000| PB 0x0000000087300000| Complete 
|  72|0x0000000087400000, 0x0000000087500000, 0x0000000087500000|100%|HC|  |TAMS 0x0000000087400000| PB 0x0000000087400000| Complete 
|  73|0x0000000087500000, 0x0000000087600000, 0x0000000087600000|100%|HC|  |TAMS 0x0000000087500000| PB 0x0000000087500000| Complete 
|  74|0x0000000087600000, 0x0000000087700000, 0x0000000087700000|100%|HC|  |TAMS 0x0000000087600000| PB 0x0000000087600000| Complete 
|  75|0x0000000087700000, 0x0000000087800000, 0x0000000087800000|100%|HC|  |TAMS 0x0000000087700000| PB 0x0000000087700000| Complete 
|  76|0x0000000087800000, 0x0000000087900000, 0x0000000087900000|100%|HC|  |TAMS 0x0000000087800000| PB 0x0000000087800000| Complete 
|  77|0x0000000087900000, 0x0000000087a00000, 0x0000000087a00000|100%|HC|  |TAMS 0x0000000087900000| PB 0x0000000087900000| Complete 
|  78|0x0000000087a00000, 0x0000000087b00000, 0x0000000087b00000|100%|HC|  |TAMS 0x0000000087a00000| PB 0x0000000087a00000| Complete 
|  79|0x0000000087b00000, 0x0000000087c00000, 0x0000000087c00000|100%|HC|  |TAMS 0x0000000087b00000| PB 0x0000000087b00000| Complete 
|  80|0x0000000087c00000, 0x0000000087d00000, 0x0000000087d00000|100%|HC|  |TAMS 0x0000000087c00000| PB 0x0000000087c00000| Complete 
|  81|0x0000000087d00000, 0x0000000087e00000, 0x0000000087e00000|100%|HC|  |TAMS 0x0000000087d00000| PB 0x0000000087d00000| Complete 
|  82|0x0000000087e00000, 0x0000000087f00000, 0x0000000087f00000|100%|HC|  |TAMS 0x0000000087e00000| PB 0x0000000087e00000| Complete 
|  83|0x0000000087f00000, 0x0000000087f00000, 0x0000000088000000|  0%| F|  |TAMS 0x0000000087f00000| PB 0x0000000087f00000| Untracked 
|  84|0x0000000088000000, 0x0000000088000000, 0x0000000088100000|  0%| F|  |TAMS 0x0000000088000000| PB 0x0000000088000000| Untracked 
|  85|0x0000000088100000, 0x0000000088100000, 0x0000000088200000|  0%| F|  |TAMS 0x0000000088100000| PB 0x0000000088100000| Untracked 
|  86|0x0000000088200000, 0x0000000088200000, 0x0000000088300000|  0%| F|  |TAMS 0x0000000088200000| PB 0x0000000088200000| Untracked 
|  87|0x0000000088300000, 0x0000000088300000, 0x0000000088400000|  0%| F|  |TAMS 0x0000000088300000| PB 0x0000000088300000| Untracked 
|  88|0x0000000088400000, 0x0000000088400000, 0x0000000088500000|  0%| F|  |TAMS 0x0000000088400000| PB 0x0000000088400000| Untracked 
|  89|0x0000000088500000, 0x00000000885c1c00, 0x0000000088600000| 75%| S|CS|TAMS 0x0000000088500000| PB 0x0000000088500000| Complete 
|  90|0x0000000088600000, 0x0000000088700000, 0x0000000088700000|100%| S|CS|TAMS 0x0000000088600000| PB 0x0000000088600000| Complete 
|  91|0x0000000088700000, 0x0000000088800000, 0x0000000088800000|100%| S|CS|TAMS 0x0000000088700000| PB 0x0000000088700000| Complete 
|  92|0x0000000088800000, 0x0000000088900000, 0x0000000088900000|100%| S|CS|TAMS 0x0000000088800000| PB 0x0000000088800000| Complete 
|  93|0x0000000088900000, 0x0000000088a00000, 0x0000000088a00000|100%| S|CS|TAMS 0x0000000088900000| PB 0x0000000088900000| Complete 
|  94|0x0000000088a00000, 0x0000000088b00000, 0x0000000088b00000|100%| S|CS|TAMS 0x0000000088a00000| PB 0x0000000088a00000| Complete 
|  95|0x0000000088b00000, 0x0000000088b00000, 0x0000000088c00000|  0%| F|  |TAMS 0x0000000088b00000| PB 0x0000000088b00000| Untracked 
|  96|0x0000000088c00000, 0x0000000088c00000, 0x0000000088d00000|  0%| F|  |TAMS 0x0000000088c00000| PB 0x0000000088c00000| Untracked 
|  97|0x0000000088d00000, 0x0000000088d00000, 0x0000000088e00000|  0%| F|  |TAMS 0x0000000088d00000| PB 0x0000000088d00000| Untracked 
|  98|0x0000000088e00000, 0x0000000088e00000, 0x0000000088f00000|  0%| F|  |TAMS 0x0000000088e00000| PB 0x0000000088e00000| Untracked 
|  99|0x0000000088f00000, 0x0000000088f00000, 0x0000000089000000|  0%| F|  |TAMS 0x0000000088f00000| PB 0x0000000088f00000| Untracked 
| 100|0x0000000089000000, 0x0000000089000000, 0x0000000089100000|  0%| F|  |TAMS 0x0000000089000000| PB 0x0000000089000000| Untracked 
| 101|0x0000000089100000, 0x0000000089100000, 0x0000000089200000|  0%| F|  |TAMS 0x0000000089100000| PB 0x0000000089100000| Untracked 
| 102|0x0000000089200000, 0x0000000089200000, 0x0000000089300000|  0%| F|  |TAMS 0x0000000089200000| PB 0x0000000089200000| Untracked 
| 103|0x0000000089300000, 0x0000000089300000, 0x0000000089400000|  0%| F|  |TAMS 0x0000000089300000| PB 0x0000000089300000| Untracked 
| 104|0x0000000089400000, 0x0000000089400000, 0x0000000089500000|  0%| F|  |TAMS 0x0000000089400000| PB 0x0000000089400000| Untracked 
| 105|0x0000000089500000, 0x0000000089500000, 0x0000000089600000|  0%| F|  |TAMS 0x0000000089500000| PB 0x0000000089500000| Untracked 
| 106|0x0000000089600000, 0x0000000089600000, 0x0000000089700000|  0%| F|  |TAMS 0x0000000089600000| PB 0x0000000089600000| Untracked 
| 107|0x0000000089700000, 0x0000000089700000, 0x0000000089800000|  0%| F|  |TAMS 0x0000000089700000| PB 0x0000000089700000| Untracked 
| 108|0x0000000089800000, 0x0000000089800000, 0x0000000089900000|  0%| F|  |TAMS 0x0000000089800000| PB 0x0000000089800000| Untracked 
| 109|0x0000000089900000, 0x0000000089900000, 0x0000000089a00000|  0%| F|  |TAMS 0x0000000089900000| PB 0x0000000089900000| Untracked 
| 110|0x0000000089a00000, 0x0000000089a00000, 0x0000000089b00000|  0%| F|  |TAMS 0x0000000089a00000| PB 0x0000000089a00000| Untracked 
| 111|0x0000000089b00000, 0x0000000089b00000, 0x0000000089c00000|  0%| F|  |TAMS 0x0000000089b00000| PB 0x0000000089b00000| Untracked 
| 112|0x0000000089c00000, 0x0000000089c00000, 0x0000000089d00000|  0%| F|  |TAMS 0x0000000089c00000| PB 0x0000000089c00000| Untracked 
| 113|0x0000000089d00000, 0x0000000089d00000, 0x0000000089e00000|  0%| F|  |TAMS 0x0000000089d00000| PB 0x0000000089d00000| Untracked 
| 114|0x0000000089e00000, 0x0000000089e00000, 0x0000000089f00000|  0%| F|  |TAMS 0x0000000089e00000| PB 0x0000000089e00000| Untracked 
| 115|0x0000000089f00000, 0x0000000089f00000, 0x000000008a000000|  0%| F|  |TAMS 0x0000000089f00000| PB 0x0000000089f00000| Untracked 
| 116|0x000000008a000000, 0x000000008a000000, 0x000000008a100000|  0%| F|  |TAMS 0x000000008a000000| PB 0x000000008a000000| Untracked 
| 117|0x000000008a100000, 0x000000008a100000, 0x000000008a200000|  0%| F|  |TAMS 0x000000008a100000| PB 0x000000008a100000| Untracked 
| 118|0x000000008a200000, 0x000000008a200000, 0x000000008a300000|  0%| F|  |TAMS 0x000000008a200000| PB 0x000000008a200000| Untracked 
| 119|0x000000008a300000, 0x000000008a300000, 0x000000008a400000|  0%| F|  |TAMS 0x000000008a300000| PB 0x000000008a300000| Untracked 
| 120|0x000000008a400000, 0x000000008a471a80, 0x000000008a500000| 44%| E|  |TAMS 0x000000008a400000| PB 0x000000008a400000| Complete 
| 121|0x000000008a500000, 0x000000008a600000, 0x000000008a600000|100%| E|CS|TAMS 0x000000008a500000| PB 0x000000008a500000| Complete 
| 122|0x000000008a600000, 0x000000008a700000, 0x000000008a700000|100%| E|CS|TAMS 0x000000008a600000| PB 0x000000008a600000| Complete 
| 123|0x000000008a700000, 0x000000008a800000, 0x000000008a800000|100%| E|CS|TAMS 0x000000008a700000| PB 0x000000008a700000| Complete 
| 124|0x000000008a800000, 0x000000008a900000, 0x000000008a900000|100%| E|CS|TAMS 0x000000008a800000| PB 0x000000008a800000| Complete 
| 125|0x000000008a900000, 0x000000008aa00000, 0x000000008aa00000|100%| E|CS|TAMS 0x000000008a900000| PB 0x000000008a900000| Complete 

Card table byte_map: [0x000002cf57fd0000,0x000002cf583c0000] _byte_map_base: 0x000002cf57bba000

Marking Bits: (CMBitMap*) 0x000002cf40b72240
 Bits: [0x000002cf587b0000, 0x000002cf5a700000)

Polling page: 0x000002cf402e0000

Metaspace:

Usage:
  Non-class:     12.71 MB used.
      Class:      2.17 MB used.
       Both:     14.88 MB used.

Virtual space:
  Non-class space:       64.00 MB reserved,      12.81 MB ( 20%) committed,  1 nodes.
      Class space:        1.00 GB reserved,       2.25 MB ( <1%) committed,  1 nodes.
             Both:        1.06 GB reserved,      15.06 MB (  1%) committed. 

Chunk freelists:
   Non-Class:  2.94 MB
       Class:  1.56 MB
        Both:  4.50 MB

MaxMetaspaceSize: unlimited
CompressedClassSpaceSize: 1.00 GB
Initial GC threshold: 21.00 MB
Current GC threshold: 21.00 MB
CDS: on
MetaspaceReclaimPolicy: balanced
 - commit_granule_bytes: 65536.
 - commit_granule_words: 8192.
 - virtual_space_node_default_size: 8388608.
 - enlarge_chunks_in_place: 1.
 - new_chunks_are_fully_committed: 0.
 - uncommit_free_chunks: 1.
 - use_allocation_guard: 0.


Internal statistics:

num_allocs_failed_limit: 0.
num_arena_births: 262.
num_arena_deaths: 0.
num_vsnodes_births: 2.
num_vsnodes_deaths: 0.
num_space_committed: 241.
num_space_uncommitted: 0.
num_chunks_returned_to_freelist: 0.
num_chunks_taken_from_freelist: 745.
num_chunk_merges: 0.
num_chunk_splits: 525.
num_chunks_enlarged: 403.
num_inconsistent_stats: 0.

CodeHeap 'non-profiled nmethods': size=120000Kb used=873Kb max_used=873Kb free=119127Kb
 bounds [0x000002cf506b0000, 0x000002cf50920000, 0x000002cf57be0000]
CodeHeap 'profiled nmethods': size=120000Kb used=3959Kb max_used=3959Kb free=116040Kb
 bounds [0x000002cf48be0000, 0x000002cf48fc0000, 0x000002cf50110000]
CodeHeap 'non-nmethods': size=5760Kb used=1857Kb max_used=1874Kb free=3902Kb
 bounds [0x000002cf50110000, 0x000002cf50380000, 0x000002cf506b0000]
 total_blobs=3173 nmethods=2353 adapters=730
 compilation: enabled
              stopped_count=0, restarted_count=0
 full_count=0

Compilation events (20 events):
Event: 7.677 Thread 0x000002cf5cbf6010 2341       1       sun.nio.fs.WindowsPathParser$Result::type (5 bytes)
Event: 7.677 Thread 0x000002cf5cbf6010 nmethod 2341 0x000002cf50787510 code [0x000002cf50787680, 0x000002cf50787748]
Event: 7.677 Thread 0x000002cf5cbf6010 2342       1       sun.nio.fs.WindowsPathParser$Result::root (5 bytes)
Event: 7.677 Thread 0x000002cf5cbf6010 nmethod 2342 0x000002cf50787810 code [0x000002cf50787980, 0x000002cf50787a48]
Event: 7.677 Thread 0x000002cf5cbf6010 2343       1       sun.nio.fs.WindowsPathParser$Result::path (5 bytes)
Event: 7.677 Thread 0x000002cf5cbf6010 nmethod 2343 0x000002cf50787b10 code [0x000002cf50787c80, 0x000002cf50787d48]
Event: 7.679 Thread 0x000002cf5cbf6010 2344       3       java.io.BufferedReader::ensureOpen (18 bytes)
Event: 7.679 Thread 0x000002cf5cbf6010 nmethod 2344 0x000002cf48fb7090 code [0x000002cf48fb7220, 0x000002cf48fb7430]
Event: 7.679 Thread 0x000002cf5cbf6010 2345       3       java.io.StreamTokenizer::read (38 bytes)
Event: 7.679 Thread 0x000002cf5cbf6010 nmethod 2345 0x000002cf48fb7510 code [0x000002cf48fb76e0, 0x000002cf48fb7ae0]
Event: 7.679 Thread 0x000002cf5cbf6010 2346   !   3       java.io.BufferedReader::read (59 bytes)
Event: 7.680 Thread 0x000002cf5cbf6010 nmethod 2346 0x000002cf48fb7c10 code [0x000002cf48fb7e80, 0x000002cf48fb8c88]
Event: 7.680 Thread 0x000002cf5cbf6010 2347       3       java.io.BufferedReader::implRead (88 bytes)
Event: 7.680 Thread 0x000002cf5cbf6010 nmethod 2347 0x000002cf48fb9190 code [0x000002cf48fb9360, 0x000002cf48fb9808]
Event: 7.680 Thread 0x000002cf5cbf6010 2348       3       java.lang.String::equalsIgnoreCase (45 bytes)
Event: 7.681 Thread 0x000002cf5cbf6010 nmethod 2348 0x000002cf48fb9a10 code [0x000002cf48fb9be0, 0x000002cf48fba138]
Event: 7.681 Thread 0x000002cf5cbf6010 2349       3       java.io.StreamTokenizer::nextToken (1266 bytes)
Event: 7.681 Thread 0x000002cf5cbef3e0 2350       4       java.util.concurrent.locks.ReentrantLock$Sync::tryRelease (51 bytes)
Event: 7.682 Thread 0x000002cf5cbef3e0 nmethod 2350 0x000002cf50787e10 code [0x000002cf50787f80, 0x000002cf507880a8]
Event: 7.682 Thread 0x000002cf5cbef3e0 2351       4       java.util.concurrent.locks.ReentrantLock$NonfairSync::initialTryLock (58 bytes)

GC Heap History (6 events):
Event: 0.744 GC heap before
{Heap before GC invocations=0 (full 0):
 garbage-first heap   total 129024K, used 12288K [0x0000000082c00000, 0x0000000100000000)
  region size 1024K, 13 young (13312K), 0 survivors (0K)
 Metaspace       used 1641K, committed 1728K, reserved 1114112K
  class space    used 164K, committed 192K, reserved 1048576K
}
Event: 0.748 GC heap after
{Heap after GC invocations=1 (full 0):
 garbage-first heap   total 129024K, used 2163K [0x0000000082c00000, 0x0000000100000000)
  region size 1024K, 2 young (2048K), 2 survivors (2048K)
 Metaspace       used 1641K, committed 1728K, reserved 1114112K
  class space    used 164K, committed 192K, reserved 1048576K
}
Event: 2.092 GC heap before
{Heap before GC invocations=1 (full 0):
 garbage-first heap   total 129024K, used 18547K [0x0000000082c00000, 0x0000000100000000)
  region size 1024K, 19 young (19456K), 2 survivors (2048K)
 Metaspace       used 6817K, committed 6976K, reserved 1114112K
  class space    used 834K, committed 896K, reserved 1048576K
}
Event: 2.096 GC heap after
{Heap after GC invocations=2 (full 0):
 garbage-first heap   total 129024K, used 4150K [0x0000000082c00000, 0x0000000100000000)
  region size 1024K, 2 young (2048K), 2 survivors (2048K)
 Metaspace       used 6817K, committed 6976K, reserved 1114112K
  class space    used 834K, committed 896K, reserved 1048576K
}
Event: 5.897 GC heap before
{Heap before GC invocations=2 (full 0):
 garbage-first heap   total 129024K, used 42038K [0x0000000082c00000, 0x0000000100000000)
  region size 1024K, 31 young (31744K), 2 survivors (2048K)
 Metaspace       used 14005K, committed 14272K, reserved 1114112K
  class space    used 2054K, committed 2176K, reserved 1048576K
}
Event: 5.904 GC heap after
{Heap after GC invocations=3 (full 0):
 garbage-first heap   total 129024K, used 17213K [0x0000000082c00000, 0x0000000100000000)
  region size 1024K, 6 young (6144K), 6 survivors (6144K)
 Metaspace       used 14005K, committed 14272K, reserved 1114112K
  class space    used 2054K, committed 2176K, reserved 1048576K
}

Dll operation events (20 events):
Event: 1.199 Loaded shared library C:\Users\Aarya\.openjfx\cache\16+8\amd64\api-ms-win-crt-multibyte-l1-1-0.dll
Event: 1.206 Loaded shared library C:\Users\Aarya\.openjfx\cache\16+8\amd64\api-ms-win-crt-private-l1-1-0.dll
Event: 1.213 Loaded shared library C:\Users\Aarya\.openjfx\cache\16+8\amd64\api-ms-win-crt-process-l1-1-0.dll
Event: 1.217 Loaded shared library C:\Users\Aarya\.openjfx\cache\16+8\amd64\api-ms-win-crt-runtime-l1-1-0.dll
Event: 1.233 Loaded shared library C:\Users\Aarya\.openjfx\cache\16+8\amd64\api-ms-win-crt-stdio-l1-1-0.dll
Event: 1.238 Loaded shared library C:\Users\Aarya\.openjfx\cache\16+8\amd64\api-ms-win-crt-string-l1-1-0.dll
Event: 1.244 Loaded shared library C:\Users\Aarya\.openjfx\cache\16+8\amd64\api-ms-win-crt-time-l1-1-0.dll
Event: 1.252 Loaded shared library C:\Users\Aarya\.openjfx\cache\16+8\amd64\api-ms-win-crt-utility-l1-1-0.dll
Event: 1.285 Loaded shared library C:\Users\Aarya\.openjfx\cache\16+8\amd64\ucrtbase.dll
Event: 1.291 Loaded shared library C:\Users\Aarya\.openjfx\cache\16+8\amd64\vcruntime140.dll
Event: 1.296 Loaded shared library C:\Users\Aarya\.openjfx\cache\16+8\amd64\vcruntime140_1.dll
Event: 1.319 Loaded shared library C:\Users\Aarya\.openjfx\cache\16+8\amd64\msvcp140.dll
Event: 1.328 Loaded shared library C:\Users\Aarya\.openjfx\cache\16+8\amd64\msvcp140_1.dll
Event: 1.337 Loaded shared library C:\Users\Aarya\.openjfx\cache\16+8\amd64\msvcp140_2.dll
Event: 1.423 Loaded shared library C:\Users\Aarya\.openjfx\cache\16+8\amd64\prism_d3d.dll
Event: 1.546 Loaded shared library C:\Users\Aarya\.openjfx\cache\16+8\amd64\glass.dll
Event: 1.886 Loaded shared library C:\Users\Aarya\.jdks\openjdk-20.0.2\bin\jimage.dll
Event: 2.039 Loaded shared library C:\Users\Aarya\.openjfx\cache\16+8\amd64\javafx_font.dll
Event: 2.412 Loaded shared library C:\Users\Aarya\.openjfx\cache\16+8\amd64\javafx_iio.dll
Event: 7.656 Loaded shared library C:\Users\Aarya\.jdks\openjdk-20.0.2\bin\verify.dll

Deoptimization events (20 events):
Event: 2.907 Thread 0x000002cfa2a0a910 Uncommon trap: trap_request=0xffffff45 fr.pc=0x000002cf50741570 relative=0x0000000000000070
Event: 2.907 Thread 0x000002cfa2a0a910 Uncommon trap: reason=unstable_if action=reinterpret pc=0x000002cf50741570 method=java.util.Objects.equals(Ljava/lang/Object;Ljava/lang/Object;)Z @ 6 c2
Event: 2.907 Thread 0x000002cfa2a0a910 DEOPT PACKING pc=0x000002cf50741570 sp=0x000000edf8bfd270
Event: 2.908 Thread 0x000002cfa2a0a910 DEOPT UNPACKING pc=0x000002cf50179d22 sp=0x000000edf8bfd210 mode 2
Event: 3.274 Thread 0x000002cf5cbed4f0 Uncommon trap: trap_request=0xffffff45 fr.pc=0x000002cf5072c708 relative=0x0000000000000c88
Event: 3.274 Thread 0x000002cf5cbed4f0 Uncommon trap: reason=unstable_if action=reinterpret pc=0x000002cf5072c708 method=java.util.concurrent.ConcurrentHashMap.putVal(Ljava/lang/Object;Ljava/lang/Object;Z)Ljava/lang/Object; @ 148 c2
Event: 3.274 Thread 0x000002cf5cbed4f0 DEOPT PACKING pc=0x000002cf5072c708 sp=0x000000edf7cfe580
Event: 3.274 Thread 0x000002cf5cbed4f0 DEOPT UNPACKING pc=0x000002cf50179d22 sp=0x000000edf7cfe4f0 mode 2
Event: 3.280 Thread 0x000002cf5cbed4f0 Uncommon trap: trap_request=0xffffff45 fr.pc=0x000002cf506d8e38 relative=0x0000000000000218
Event: 3.280 Thread 0x000002cf5cbed4f0 Uncommon trap: reason=unstable_if action=reinterpret pc=0x000002cf506d8e38 method=java.lang.StringLatin1.lastIndexOf([BI[BII)I @ 86 c2
Event: 3.280 Thread 0x000002cf5cbed4f0 DEOPT PACKING pc=0x000002cf506d8e38 sp=0x000000edf7cfe6d0
Event: 3.280 Thread 0x000002cf5cbed4f0 DEOPT UNPACKING pc=0x000002cf50179d22 sp=0x000000edf7cfe518 mode 2
Event: 3.300 Thread 0x000002cf5cbed4f0 Uncommon trap: trap_request=0xffffffde fr.pc=0x000002cf5070dd04 relative=0x0000000000000784
Event: 3.300 Thread 0x000002cf5cbed4f0 Uncommon trap: reason=class_check action=maybe_recompile pc=0x000002cf5070dd04 method=java.util.HashSet.add(Ljava/lang/Object;)Z @ 8 c2
Event: 3.300 Thread 0x000002cf5cbed4f0 DEOPT PACKING pc=0x000002cf5070dd04 sp=0x000000edf7cfe1b0
Event: 3.300 Thread 0x000002cf5cbed4f0 DEOPT UNPACKING pc=0x000002cf50179d22 sp=0x000000edf7cfe180 mode 2
Event: 7.659 Thread 0x000002cfa2a0a910 Uncommon trap: trap_request=0xffffffde fr.pc=0x000002cf5070dd04 relative=0x0000000000000784
Event: 7.659 Thread 0x000002cfa2a0a910 Uncommon trap: reason=class_check action=maybe_recompile pc=0x000002cf5070dd04 method=java.util.HashSet.add(Ljava/lang/Object;)Z @ 8 c2
Event: 7.659 Thread 0x000002cfa2a0a910 DEOPT PACKING pc=0x000002cf5070dd04 sp=0x000000edf8bfd070
Event: 7.659 Thread 0x000002cfa2a0a910 DEOPT UNPACKING pc=0x000002cf50179d22 sp=0x000000edf8bfd050 mode 2

Classes loaded (20 events):
Event: 7.676 Loading class sun/security/provider/PolicyFile$1
Event: 7.676 Loading class sun/security/provider/PolicyFile$1 done
Event: 7.676 Loading class sun/security/provider/PolicyFile$PolicyInfo
Event: 7.676 Loading class sun/security/provider/PolicyFile$PolicyInfo done
Event: 7.676 Loading class jdk/internal/access/JavaSecurityAccess$ProtectionDomainCache
Event: 7.676 Loading class jdk/internal/access/JavaSecurityAccess$ProtectionDomainCache done
Event: 7.676 Loading class java/security/ProtectionDomain$JavaSecurityAccessImpl$1
Event: 7.676 Loading class java/security/ProtectionDomain$JavaSecurityAccessImpl$1 done
Event: 7.676 Loading class sun/security/provider/PolicyFile$2
Event: 7.677 Loading class sun/security/provider/PolicyFile$2 done
Event: 7.677 Loading class sun/security/provider/PolicyParser
Event: 7.677 Loading class sun/security/provider/PolicyParser done
Event: 7.678 Loading class java/io/StreamTokenizer
Event: 7.678 Loading class java/io/StreamTokenizer done
Event: 7.679 Loading class sun/security/provider/PolicyParser$GrantEntry
Event: 7.679 Loading class sun/security/provider/PolicyParser$GrantEntry done
Event: 7.679 Loading class sun/security/provider/PolicyParser$PermissionEntry
Event: 7.680 Loading class sun/security/provider/PolicyParser$PermissionEntry done
Event: 7.680 Loading class sun/security/util/PropertyExpander
Event: 7.680 Loading class sun/security/util/PropertyExpander done

Classes unloaded (0 events):
No events

Classes redefined (0 events):
No events

Internal exceptions (20 events):
Event: 2.371 Thread 0x000002cfa2a0a910 Implicit null exception at 0x000002cf5071ffa0 to 0x000002cf50720200
Event: 2.589 Thread 0x000002cfa2a0a910 Implicit null exception at 0x000002cf50723d92 to 0x000002cf507243e4
Event: 2.643 Thread 0x000002cfa2a0a910 Exception <a 'java/lang/IncompatibleClassChangeError'{0x0000000089cd41d8}: Found class java.lang.Object, but interface was expected> (0x0000000089cd41d8) 
thrown [s\open\src\hotspot\share\interpreter\linkResolver.cpp, line 840]
Event: 2.702 Thread 0x000002cfa2a0a910 Exception <a 'java/lang/ClassNotFoundException'{0x0000000089abdcc0}: com/sun/javafx/scene/control/skin/resources/controls> (0x0000000089abdcc0) 
thrown [s\open\src\hotspot\share\prims\jni.cpp, line 538]
Event: 2.703 Thread 0x000002cfa2a0a910 Exception <a 'java/lang/ClassNotFoundException'{0x0000000089acba98}: com/sun/javafx/scene/control/skin/resources/controls_en> (0x0000000089acba98) 
thrown [s\open\src\hotspot\share\prims\jni.cpp, line 538]
Event: 2.703 Thread 0x000002cfa2a0a910 Exception <a 'java/lang/ClassNotFoundException'{0x0000000089accb98}: com/sun/javafx/scene/control/skin/resources/controls_en_GB> (0x0000000089accb98) 
thrown [s\open\src\hotspot\share\prims\jni.cpp, line 538]
Event: 2.895 Thread 0x000002cfa2a0a910 Exception <a 'java/lang/NoSuchMethodError'{0x00000000893febc0}: 'int java.lang.invoke.DirectMethodHandle$Holder.invokeSpecial(java.lang.Object, java.lang.Object, int)'> (0x00000000893febc0) 
thrown [s\open\src\hotspot\share\interpreter\linkResolver.cpp, line 773]
Event: 2.896 Thread 0x000002cfa2a0a910 Exception <a 'java/lang/NoSuchMethodError'{0x00000000892066e8}: 'int java.lang.invoke.DirectMethodHandle$Holder.invokeSpecial(java.lang.Object, java.lang.Object, java.lang.Object, int)'> (0x00000000892066e8) 
thrown [s\open\src\hotspot\share\interpreter\linkResolver.cpp, line 773]
Event: 2.898 Thread 0x000002cfa2a0a910 Exception <a 'java/lang/NoSuchMethodError'{0x0000000089218830}: 'java.lang.Object java.lang.invoke.DirectMethodHandle$Holder.invokeStatic(java.lang.Object, java.lang.Object, java.lang.Object, java.lang.Object, int)'> (0x0000000089218830) 
thrown [s\open\src\hotspot\share\interpreter\linkResolver.cpp, line 773]
Event: 2.900 Thread 0x000002cfa2a0a910 Exception <a 'java/lang/NoSuchMethodError'{0x0000000089220e78}: 'int java.lang.invoke.DirectMethodHandle$Holder.invokeSpecial(java.lang.Object, java.lang.Object, java.lang.Object)'> (0x0000000089220e78) 
thrown [s\open\src\hotspot\share\interpreter\linkResolver.cpp, line 773]
Event: 2.920 Thread 0x000002cfa2a0a910 Exception <a 'java/lang/NoSuchMethodError'{0x000000008926f150}: 'java.lang.Object java.lang.invoke.DirectMethodHandle$Holder.newInvokeSpecial(java.lang.Object, java.lang.Object, int)'> (0x000000008926f150) 
thrown [s\open\src\hotspot\share\interpreter\linkResolver.cpp, line 773]
Event: 2.995 Thread 0x000002cfa26b45f0 Exception <a 'java/lang/NoSuchMethodError'{0x0000000089113d80}: 'int java.lang.invoke.DirectMethodHandle$Holder.invokeStaticInit(java.lang.Object, java.lang.Object)'> (0x0000000089113d80) 
thrown [s\open\src\hotspot\share\interpreter\linkResolver.cpp, line 773]
Event: 3.009 Thread 0x000002cfa2a0a910 Exception <a 'java/lang/NoSuchMethodError'{0x000000008913e248}: 'long java.lang.invoke.DirectMethodHandle$Holder.invokeStatic(java.lang.Object, java.lang.Object, java.lang.Object)'> (0x000000008913e248) 
thrown [s\open\src\hotspot\share\interpreter\linkResolver.cpp, line 773]
Event: 3.009 Thread 0x000002cfa2a0a910 Exception <a 'java/lang/NoSuchMethodError'{0x0000000089141618}: 'long java.lang.invoke.DirectMethodHandle$Holder.invokeStaticInit(java.lang.Object, java.lang.Object, java.lang.Object)'> (0x0000000089141618) 
thrown [s\open\src\hotspot\share\interpreter\linkResolver.cpp, line 773]
Event: 3.014 Thread 0x000002cfa2a0a910 Exception <a 'java/lang/NoSuchMethodError'{0x00000000891695d8}: 'java.lang.Object java.lang.invoke.DirectMethodHandle$Holder.newInvokeSpecial(java.lang.Object, java.lang.Object, long)'> (0x00000000891695d8) 
thrown [s\open\src\hotspot\share\interpreter\linkResolver.cpp, line 773]
Event: 3.014 Thread 0x000002cfa2a0a910 Exception <a 'java/lang/NoSuchMethodError'{0x000000008916ced0}: 'java.lang.Object java.lang.invoke.Invokers$Holder.linkToTargetMethod(java.lang.Object, long, java.lang.Object)'> (0x000000008916ced0) 
thrown [s\open\src\hotspot\share\interpreter\linkResolver.cpp, line 773]
Event: 3.287 Thread 0x000002cf5cbed4f0 Exception <a 'sun/nio/fs/WindowsException'{0x0000000088da2138}> (0x0000000088da2138) 
thrown [s\open\src\hotspot\share\prims\jni.cpp, line 519]
Event: 4.876 Thread 0x000002cfa2a0a910 Exception <a 'java/lang/NoSuchMethodError'{0x0000000088c94790}: 'java.lang.Object java.lang.invoke.DirectMethodHandle$Holder.newInvokeSpecial(java.lang.Object, java.lang.Object, int, int, int, int, int, java.lang.Object)'> (0x0000000088c94790) 
thrown [s\open\src\hotspot\share\interpreter\linkResolver.cpp, line 773]
Event: 4.879 Thread 0x000002cfa2a0a910 Exception <a 'java/lang/NoSuchMethodError'{0x0000000088ca6f28}: 'java.lang.Object java.lang.invoke.DirectMethodHandle$Holder.newInvokeSpecial(java.lang.Object, java.lang.Object, java.lang.Object, int, int, int, int, int)'> (0x0000000088ca6f28) 
thrown [s\open\src\hotspot\share\interpreter\linkResolver.cpp, line 773]
Event: 4.880 Thread 0x000002cfa2a0a910 Exception <a 'java/lang/NoSuchMethodError'{0x0000000088cae268}: 'java.lang.Object java.lang.invoke.Invokers$Holder.linkToTargetMethod(java.lang.Object, java.lang.Object, int, int, int, int, int, java.lang.Object)'> (0x0000000088cae268) 
thrown [s\open\src\hotspot\share\interpreter\linkResolver.cpp, line 773]

VM Operations (20 events):
Event: 0.690 Executing VM operation: HandshakeAllThreads
Event: 0.690 Executing VM operation: HandshakeAllThreads done
Event: 0.744 Executing VM operation: G1CollectForAllocation
Event: 0.748 Executing VM operation: G1CollectForAllocation done
Event: 1.518 Executing VM operation: HandshakeAllThreads
Event: 1.518 Executing VM operation: HandshakeAllThreads done
Event: 2.092 Executing VM operation: G1CollectForAllocation
Event: 2.096 Executing VM operation: G1CollectForAllocation done
Event: 2.147 Executing VM operation: HandshakeAllThreads
Event: 2.147 Executing VM operation: HandshakeAllThreads done
Event: 2.835 Executing VM operation: ICBufferFull
Event: 2.835 Executing VM operation: ICBufferFull done
Event: 4.835 Executing VM operation: Cleanup
Event: 4.835 Executing VM operation: Cleanup done
Event: 5.836 Executing VM operation: Cleanup
Event: 5.836 Executing VM operation: Cleanup done
Event: 5.897 Executing VM operation: G1TryInitiateConcMark
Event: 5.904 Executing VM operation: G1TryInitiateConcMark done
Event: 6.904 Executing VM operation: Cleanup
Event: 6.904 Executing VM operation: Cleanup done

Events (20 events):
Event: 0.091 Thread 0x000002cf5cbede30 Thread added: 0x000002cf5cbede30
Event: 0.091 Thread 0x000002cf5cbee770 Thread added: 0x000002cf5cbee770
Event: 0.091 Thread 0x000002cf5cbef3e0 Thread added: 0x000002cf5cbef3e0
Event: 0.094 Thread 0x000002cf5cbf6010 Thread added: 0x000002cf5cbf6010
Event: 0.167 Thread 0x000002cfa2095da0 Thread added: 0x000002cfa2095da0
Event: 0.279 Thread 0x000002cfa21652b0 Thread added: 0x000002cfa21652b0
Event: 0.682 Thread 0x000002cfa2541ec0 Thread added: 0x000002cfa2541ec0
Event: 0.682 Thread 0x000002cfa270cbd0 Thread added: 0x000002cfa270cbd0
Event: 1.072 Thread 0x000002cfa21652b0 Thread exited: 0x000002cfa21652b0
Event: 1.402 Thread 0x000002cfa26b45f0 Thread added: 0x000002cfa26b45f0
Event: 1.554 Thread 0x000002cfa29e84b0 Thread added: 0x000002cfa29e84b0
Event: 1.568 Thread 0x000002cfa2a0a910 Thread added: 0x000002cfa2a0a910
Event: 1.831 Thread 0x000002cfa2bd7e30 Thread added: 0x000002cfa2bd7e30
Event: 1.896 Thread 0x000002cfa73d8090 Thread added: 0x000002cfa73d8090
Event: 2.083 Thread 0x000002cfa2bea410 Thread added: 0x000002cfa2bea410
Event: 2.165 Thread 0x000002cfa759d110 Thread added: 0x000002cfa759d110
Event: 2.600 Thread 0x000002cfa759d110 Thread exited: 0x000002cfa759d110
Event: 3.195 Thread 0x000002cfa2be7990 Thread added: 0x000002cfa2be7990
Event: 3.258 Thread 0x000002cfa78bf110 Thread added: 0x000002cfa78bf110
Event: 3.477 Thread 0x000002cfa78bf110 Thread exited: 0x000002cfa78bf110


Dynamic libraries:
0x00007ff6854a0000 - 0x00007ff6854ae000 	C:\Users\Aarya\.jdks\openjdk-20.0.2\bin\java.exe
0x00007ff91f560000 - 0x00007ff91f769000 	C:\WINDOWS\SYSTEM32\ntdll.dll
0x00007ff91d5e0000 - 0x00007ff91d69d000 	C:\WINDOWS\System32\KERNEL32.DLL
0x00007ff91cab0000 - 0x00007ff91ce34000 	C:\WINDOWS\System32\KERNELBASE.dll
0x00007ff91d290000 - 0x00007ff91d3a1000 	C:\WINDOWS\System32\ucrtbase.dll
0x00007ff906f60000 - 0x00007ff906f77000 	C:\Users\Aarya\.jdks\openjdk-20.0.2\bin\jli.dll
0x00007ff91e9f0000 - 0x00007ff91eb9d000 	C:\WINDOWS\System32\USER32.dll
0x00007ff91cec0000 - 0x00007ff91cee6000 	C:\WINDOWS\System32\win32u.dll
0x00007ff91eee0000 - 0x00007ff91ef0a000 	C:\WINDOWS\System32\GDI32.dll
0x00007ff91cf90000 - 0x00007ff91d0ae000 	C:\WINDOWS\System32\gdi32full.dll
0x00007ff91cef0000 - 0x00007ff91cf8d000 	C:\WINDOWS\System32\msvcp_win.dll
0x00007ff9075c0000 - 0x00007ff9075db000 	C:\Users\Aarya\.jdks\openjdk-20.0.2\bin\VCRUNTIME140.dll
0x00007ff9037f0000 - 0x00007ff903a95000 	C:\WINDOWS\WinSxS\amd64_microsoft.windows.common-controls_6595b64144ccf1df_6.0.22000.120_none_9d947278b86cc467\COMCTL32.dll
0x00007ff91f470000 - 0x00007ff91f513000 	C:\WINDOWS\System32\msvcrt.dll
0x00007ff91ec60000 - 0x00007ff91ec91000 	C:\WINDOWS\System32\IMM32.DLL
0x00007ff916060000 - 0x00007ff91606c000 	C:\Users\Aarya\.jdks\openjdk-20.0.2\bin\vcruntime140_1.dll
0x00007ff8da150000 - 0x00007ff8da1de000 	C:\Users\Aarya\.jdks\openjdk-20.0.2\bin\msvcp140.dll
0x00007ff8aafa0000 - 0x00007ff8abc38000 	C:\Users\Aarya\.jdks\openjdk-20.0.2\bin\server\jvm.dll
0x00007ff91ef10000 - 0x00007ff91efbe000 	C:\WINDOWS\System32\ADVAPI32.dll
0x00007ff91ebc0000 - 0x00007ff91ec5e000 	C:\WINDOWS\System32\sechost.dll
0x00007ff91f340000 - 0x00007ff91f461000 	C:\WINDOWS\System32\RPCRT4.dll
0x00007ff8eba40000 - 0x00007ff8eba49000 	C:\WINDOWS\SYSTEM32\WSOCK32.dll
0x00007ff91dc00000 - 0x00007ff91dc6f000 	C:\WINDOWS\System32\WS2_32.dll
0x00007ff9158b0000 - 0x00007ff9158e3000 	C:\WINDOWS\SYSTEM32\WINMM.dll
0x00007ff915d20000 - 0x00007ff915d2a000 	C:\WINDOWS\SYSTEM32\VERSION.dll
0x00007ff91ba20000 - 0x00007ff91ba38000 	C:\WINDOWS\SYSTEM32\kernel.appcore.dll
0x00007ff90e7e0000 - 0x00007ff90e7ea000 	C:\Users\Aarya\.jdks\openjdk-20.0.2\bin\jimage.dll
0x00007ff91a3a0000 - 0x00007ff91a5c1000 	C:\WINDOWS\SYSTEM32\DBGHELP.DLL
0x00007ff8ff040000 - 0x00007ff8ff071000 	C:\WINDOWS\SYSTEM32\dbgcore.DLL
0x00007ff91ce40000 - 0x00007ff91cebf000 	C:\WINDOWS\System32\bcryptPrimitives.dll
0x00007ff918dd0000 - 0x00007ff918dde000 	C:\Users\Aarya\.jdks\openjdk-20.0.2\bin\instrument.dll
0x00007ff902ff0000 - 0x00007ff903016000 	C:\Users\Aarya\.jdks\openjdk-20.0.2\bin\java.dll
0x00007ff8d59f0000 - 0x00007ff8d5ac7000 	C:\Users\Aarya\.jdks\openjdk-20.0.2\bin\jsvml.dll
0x00007ff91e220000 - 0x00007ff91e9e5000 	C:\WINDOWS\System32\SHELL32.dll
0x00007ff91aa80000 - 0x00007ff91b2e2000 	C:\WINDOWS\SYSTEM32\windows.storage.dll
0x00007ff91efc0000 - 0x00007ff91f336000 	C:\WINDOWS\System32\combase.dll
0x00007ff91a910000 - 0x00007ff91aa77000 	C:\WINDOWS\SYSTEM32\wintypes.dll
0x00007ff91dd40000 - 0x00007ff91de2a000 	C:\WINDOWS\System32\SHCORE.dll
0x00007ff91dc70000 - 0x00007ff91dccd000 	C:\WINDOWS\System32\shlwapi.dll
0x00007ff91c920000 - 0x00007ff91c945000 	C:\WINDOWS\SYSTEM32\profapi.dll
0x00007ff8ff870000 - 0x00007ff8ff883000 	C:\Users\Aarya\.jdks\openjdk-20.0.2\bin\net.dll
0x00007ff9164c0000 - 0x00007ff9165d4000 	C:\WINDOWS\SYSTEM32\WINHTTP.dll
0x00007ff91bfc0000 - 0x00007ff91c027000 	C:\WINDOWS\system32\mswsock.dll
0x00007ff8ff850000 - 0x00007ff8ff866000 	C:\Users\Aarya\.jdks\openjdk-20.0.2\bin\nio.dll
0x00007ff8fbaf0000 - 0x00007ff8fbb08000 	C:\Users\Aarya\.jdks\openjdk-20.0.2\bin\zip.dll
0x00007ff913ce0000 - 0x00007ff913cfa000 	C:\Users\Aarya\AppData\Local\JetBrains\IntelliJ IDEA 2023.2.4\bin\breakgen64.dll
0x000002cf40ab0000 - 0x000002cf40ab3000 	C:\Users\Aarya\.openjfx\cache\16+8\amd64\api-ms-win-core-console-l1-1-0.dll
0x000002cf40ac0000 - 0x000002cf40ac3000 	C:\Users\Aarya\.openjfx\cache\16+8\amd64\api-ms-win-core-console-l1-2-0.dll
0x000002cf40ad0000 - 0x000002cf40ad3000 	C:\Users\Aarya\.openjfx\cache\16+8\amd64\api-ms-win-core-datetime-l1-1-0.dll
0x000002cf5cd30000 - 0x000002cf5cd33000 	C:\Users\Aarya\.openjfx\cache\16+8\amd64\api-ms-win-core-debug-l1-1-0.dll
0x000002cf5cd40000 - 0x000002cf5cd43000 	C:\Users\Aarya\.openjfx\cache\16+8\amd64\api-ms-win-core-errorhandling-l1-1-0.dll
0x000002cf5cd50000 - 0x000002cf5cd54000 	C:\Users\Aarya\.openjfx\cache\16+8\amd64\api-ms-win-core-file-l1-1-0.dll
0x000002cf5cd60000 - 0x000002cf5cd63000 	C:\Users\Aarya\.openjfx\cache\16+8\amd64\api-ms-win-core-file-l1-2-0.dll
0x000002cf5cd70000 - 0x000002cf5cd73000 	C:\Users\Aarya\.openjfx\cache\16+8\amd64\api-ms-win-core-file-l2-1-0.dll
0x000002cf5cd80000 - 0x000002cf5cd83000 	C:\Users\Aarya\.openjfx\cache\16+8\amd64\api-ms-win-core-handle-l1-1-0.dll
0x000002cf5cd90000 - 0x000002cf5cd93000 	C:\Users\Aarya\.openjfx\cache\16+8\amd64\api-ms-win-core-heap-l1-1-0.dll
0x000002cf5cda0000 - 0x000002cf5cda3000 	C:\Users\Aarya\.openjfx\cache\16+8\amd64\api-ms-win-core-interlocked-l1-1-0.dll
0x000002cf5cdb0000 - 0x000002cf5cdb3000 	C:\Users\Aarya\.openjfx\cache\16+8\amd64\api-ms-win-core-libraryloader-l1-1-0.dll
0x000002cf5cdc0000 - 0x000002cf5cdc3000 	C:\Users\Aarya\.openjfx\cache\16+8\amd64\api-ms-win-core-localization-l1-2-0.dll
0x000002cf5cdd0000 - 0x000002cf5cdd3000 	C:\Users\Aarya\.openjfx\cache\16+8\amd64\api-ms-win-core-memory-l1-1-0.dll
0x000002cf5cde0000 - 0x000002cf5cde3000 	C:\Users\Aarya\.openjfx\cache\16+8\amd64\api-ms-win-core-namedpipe-l1-1-0.dll
0x000002cf5cdf0000 - 0x000002cf5cdf3000 	C:\Users\Aarya\.openjfx\cache\16+8\amd64\api-ms-win-core-processenvironment-l1-1-0.dll
0x000002cf5ce00000 - 0x000002cf5ce03000 	C:\Users\Aarya\.openjfx\cache\16+8\amd64\api-ms-win-core-processthreads-l1-1-0.dll
0x000002cf5ce10000 - 0x000002cf5ce13000 	C:\Users\Aarya\.openjfx\cache\16+8\amd64\api-ms-win-core-processthreads-l1-1-1.dll
0x000002cf5ce20000 - 0x000002cf5ce23000 	C:\Users\Aarya\.openjfx\cache\16+8\amd64\api-ms-win-core-profile-l1-1-0.dll
0x000002cf5ce30000 - 0x000002cf5ce33000 	C:\Users\Aarya\.openjfx\cache\16+8\amd64\api-ms-win-core-rtlsupport-l1-1-0.dll
0x000002cf5ce40000 - 0x000002cf5ce43000 	C:\Users\Aarya\.openjfx\cache\16+8\amd64\api-ms-win-core-string-l1-1-0.dll
0x000002cf5ce50000 - 0x000002cf5ce53000 	C:\Users\Aarya\.openjfx\cache\16+8\amd64\api-ms-win-core-synch-l1-1-0.dll
0x000002cf5ce60000 - 0x000002cf5ce63000 	C:\Users\Aarya\.openjfx\cache\16+8\amd64\api-ms-win-core-synch-l1-2-0.dll
0x000002cf5ce70000 - 0x000002cf5ce73000 	C:\Users\Aarya\.openjfx\cache\16+8\amd64\api-ms-win-core-sysinfo-l1-1-0.dll
0x000002cf5ce80000 - 0x000002cf5ce83000 	C:\Users\Aarya\.openjfx\cache\16+8\amd64\api-ms-win-core-timezone-l1-1-0.dll
0x000002cf5ce90000 - 0x000002cf5ce93000 	C:\Users\Aarya\.openjfx\cache\16+8\amd64\api-ms-win-core-util-l1-1-0.dll
0x000002cf5cea0000 - 0x000002cf5cea3000 	C:\Users\Aarya\.openjfx\cache\16+8\amd64\api-ms-win-crt-conio-l1-1-0.dll
0x000002cf5ceb0000 - 0x000002cf5ceb4000 	C:\Users\Aarya\.openjfx\cache\16+8\amd64\api-ms-win-crt-convert-l1-1-0.dll
0x000002cf5cec0000 - 0x000002cf5cec3000 	C:\Users\Aarya\.openjfx\cache\16+8\amd64\api-ms-win-crt-environment-l1-1-0.dll
0x000002cf5ced0000 - 0x000002cf5ced3000 	C:\Users\Aarya\.openjfx\cache\16+8\amd64\api-ms-win-crt-filesystem-l1-1-0.dll
0x000002cf5cee0000 - 0x000002cf5cee3000 	C:\Users\Aarya\.openjfx\cache\16+8\amd64\api-ms-win-crt-heap-l1-1-0.dll
0x000002cf5cef0000 - 0x000002cf5cef3000 	C:\Users\Aarya\.openjfx\cache\16+8\amd64\api-ms-win-crt-locale-l1-1-0.dll
0x000002cf5cf00000 - 0x000002cf5cf05000 	C:\Users\Aarya\.openjfx\cache\16+8\amd64\api-ms-win-crt-math-l1-1-0.dll
0x000002cf5cf10000 - 0x000002cf5cf15000 	C:\Users\Aarya\.openjfx\cache\16+8\amd64\api-ms-win-crt-multibyte-l1-1-0.dll
0x000002cf5cf20000 - 0x000002cf5cf30000 	C:\Users\Aarya\.openjfx\cache\16+8\amd64\api-ms-win-crt-private-l1-1-0.dll
0x000002cf5cf30000 - 0x000002cf5cf33000 	C:\Users\Aarya\.openjfx\cache\16+8\amd64\api-ms-win-crt-process-l1-1-0.dll
0x000002cf5cf40000 - 0x000002cf5cf44000 	C:\Users\Aarya\.openjfx\cache\16+8\amd64\api-ms-win-crt-runtime-l1-1-0.dll
0x000002cf5cf50000 - 0x000002cf5cf54000 	C:\Users\Aarya\.openjfx\cache\16+8\amd64\api-ms-win-crt-stdio-l1-1-0.dll
0x000002cf5cf60000 - 0x000002cf5cf64000 	C:\Users\Aarya\.openjfx\cache\16+8\amd64\api-ms-win-crt-string-l1-1-0.dll
0x000002cf5cf70000 - 0x000002cf5cf73000 	C:\Users\Aarya\.openjfx\cache\16+8\amd64\api-ms-win-crt-time-l1-1-0.dll
0x000002cf5cf80000 - 0x000002cf5cf83000 	C:\Users\Aarya\.openjfx\cache\16+8\amd64\api-ms-win-crt-utility-l1-1-0.dll
0x00007ff8e2370000 - 0x00007ff8e246c000 	C:\Users\Aarya\.openjfx\cache\16+8\amd64\ucrtbase.dll
0x00007ff9138b0000 - 0x00007ff9138cb000 	C:\Users\Aarya\.openjfx\cache\16+8\amd64\vcruntime140.dll
0x00007ff916370000 - 0x00007ff91637c000 	C:\Users\Aarya\.openjfx\cache\16+8\amd64\vcruntime140_1.dll
0x00007ff8e5770000 - 0x00007ff8e57fe000 	C:\Users\Aarya\.openjfx\cache\16+8\amd64\msvcp140.dll
0x00007ff916100000 - 0x00007ff916109000 	C:\Users\Aarya\.openjfx\cache\16+8\amd64\msvcp140_1.dll
0x00007ff913840000 - 0x00007ff913870000 	C:\Users\Aarya\.openjfx\cache\16+8\amd64\msvcp140_2.dll
0x00007ff908980000 - 0x00007ff9089af000 	C:\Users\Aarya\.openjfx\cache\16+8\amd64\prism_d3d.dll
0x00007ff8c9d70000 - 0x00007ff8c9f16000 	C:\WINDOWS\system32\d3d9.dll
0x00007ff919f60000 - 0x00007ff919f8f000 	C:\WINDOWS\SYSTEM32\dwmapi.dll
0x00007ff919d00000 - 0x00007ff919d38000 	C:\WINDOWS\SYSTEM32\dxcore.dll
0x00007ff919c20000 - 0x00007ff919ccc000 	C:\WINDOWS\system32\uxtheme.dll
0x00007ff8c6610000 - 0x00007ff8c67bf000 	C:\WINDOWS\System32\DriverStore\FileRepository\iigd_dch.inf_amd64_4baea396c1a08a8e\igdumdim64.dll
0x00007ff91d440000 - 0x00007ff91d5da000 	C:\WINDOWS\System32\ole32.dll
0x00007ff858b00000 - 0x00007ff85d3a3000 	C:\WINDOWS\System32\DriverStore\FileRepository\iigd_dch.inf_amd64_4baea396c1a08a8e\igd9dxva64.dll
0x00007ff91db20000 - 0x00007ff91dbf6000 	C:\WINDOWS\System32\OLEAUT32.dll
0x00007ff91d6a0000 - 0x00007ff91db12000 	C:\WINDOWS\System32\SETUPAPI.dll
0x00007ff91c6f0000 - 0x00007ff91c73c000 	C:\WINDOWS\SYSTEM32\cfgmgr32.dll
0x00007ff912040000 - 0x00007ff912449000 	C:\WINDOWS\System32\DriverStore\FileRepository\iigd_dch.inf_amd64_4baea396c1a08a8e\igdgmm64.dll
0x00007ff9180a0000 - 0x00007ff9180e4000 	C:\WINDOWS\SYSTEM32\directxdatabasehelper.dll
0x00007ff91ba40000 - 0x00007ff91ba74000 	C:\WINDOWS\SYSTEM32\ntmarta.dll
0x00007ff906760000 - 0x00007ff9067a2000 	C:\Users\Aarya\.openjfx\cache\16+8\amd64\glass.dll
0x00007ff91e0a0000 - 0x00007ff91e18c000 	C:\WINDOWS\System32\COMDLG32.dll
0x00007ff91df80000 - 0x00007ff91e09d000 	C:\WINDOWS\System32\MSCTF.dll
0x00007ff8b4cd0000 - 0x00007ff8b4cf7000 	C:\WINDOWS\System32\DriverStore\FileRepository\iigd_dch.inf_amd64_4baea396c1a08a8e\igdinfo64.dll
0x00007ff90e8a0000 - 0x00007ff912034000 	C:\WINDOWS\System32\DriverStore\FileRepository\iigd_dch.inf_amd64_4baea396c1a08a8e\igc64.dll
0x00007ff913820000 - 0x00007ff913834000 	C:\Users\Aarya\.openjfx\cache\16+8\amd64\javafx_font.dll
0x00007ff8e7f60000 - 0x00007ff8e81bf000 	C:\WINDOWS\SYSTEM32\dwrite.dll
0x00007ff9087e0000 - 0x00007ff90880d000 	C:\Users\Aarya\.openjfx\cache\16+8\amd64\javafx_iio.dll
0x00007ff91dec0000 - 0x00007ff91df6f000 	C:\WINDOWS\System32\clbcatq.dll
0x00007ff916130000 - 0x00007ff9162de000 	C:\WINDOWS\SYSTEM32\WindowsCodecs.dll
0x00007ff8e9ca0000 - 0x00007ff8e9cfd000 	C:\WINDOWS\system32\dataexchange.dll
0x00007ff9154b0000 - 0x00007ff915715000 	C:\WINDOWS\system32\twinapi.appcore.dll
0x00007ff8e8860000 - 0x00007ff8e8892000 	C:\Program Files\Common Files\Microsoft Shared\Ink\rtscom.dll
0x00007ff9139a0000 - 0x00007ff913acc000 	C:\WINDOWS\SYSTEM32\textinputframework.dll
0x00007ff918670000 - 0x00007ff918c28000 	C:\WINDOWS\SYSTEM32\d2d1.dll
0x00007ff916f00000 - 0x00007ff917180000 	C:\WINDOWS\SYSTEM32\d3d11.dll
0x00007ff919d40000 - 0x00007ff919e33000 	C:\WINDOWS\SYSTEM32\dxgi.dll
0x00007ff916760000 - 0x00007ff916e62000 	C:\WINDOWS\SYSTEM32\D3D10Warp.dll
0x00007ff919790000 - 0x00007ff9198c1000 	C:\WINDOWS\SYSTEM32\CoreMessaging.dll
0x00007ff917710000 - 0x00007ff917a7d000 	C:\WINDOWS\SYSTEM32\CoreUIComponents.dll
0x00007ff91c210000 - 0x00007ff91c21c000 	C:\WINDOWS\SYSTEM32\CRYPTBASE.DLL

dbghelp: loaded successfully - version: 4.0.5 - missing functions: none
symbol engine: initialized successfully - sym options: 0x614 - pdb path: .;C:\Users\Aarya\.jdks\openjdk-20.0.2\bin;C:\WINDOWS\SYSTEM32;C:\WINDOWS\WinSxS\amd64_microsoft.windows.common-controls_6595b64144ccf1df_6.0.22000.120_none_9d947278b86cc467;C:\Users\Aarya\.jdks\openjdk-20.0.2\bin\server;C:\Users\Aarya\AppData\Local\JetBrains\IntelliJ IDEA 2023.2.4\bin;C:\Users\Aarya\.openjfx\cache\16+8\amd64;C:\WINDOWS\System32\DriverStore\FileRepository\iigd_dch.inf_amd64_4baea396c1a08a8e;C:\Program Files\Common Files\Microsoft Shared\Ink

VM Arguments:
jvm_args: -javaagent:C:\Users\Aarya\AppData\Local\JetBrains\IntelliJ IDEA 2023.2.4\lib\idea_rt.jar=60179:C:\Users\Aarya\AppData\Local\JetBrains\IntelliJ IDEA 2023.2.4\bin -Dfile.encoding=UTF-8 -Dsun.stdout.encoding=UTF-8 -Dsun.stderr.encoding=UTF-8 --module-path=C:\Users\Aarya\.m2\repository\com\fasterxml\jackson\core\jackson-databind\2.9.9.3\jackson-databind-2.9.9.3.jar;C:\Users\Aarya\.m2\repository\ch\qos\logback\logback-core\1.2.6\logback-core-1.2.6.jar;C:\Users\Aarya\.m2\repository\com\fasterxml\jackson\core\jackson-core\2.9.9\jackson-core-2.9.9.jar;C:\Users\Aarya\.m2\repository\org\openjfx\javafx-fxml\20.0.1\javafx-fxml-20.0.1-win.jar;C:\Users\Aarya\.m2\repository\io\fair-acc\chartfx\11.3.0\chartfx-11.3.0.jar;C:\Users\Aarya\Documents\CODING_FX\FinanceFlowApp\target\classes;C:\Users\Aarya\.m2\repository\org\openjfx\javafx-controls\20.0.1\javafx-controls-20.0.1-win.jar;C:\Users\Aarya\.m2\repository\org\jetbrains\annotations\24.0.1\annotations-24.0.1.jar;C:\Users\Aarya\.m2\repository\org\openjfx\javafx-graphics\20.0.1\javafx-graphics-20.0.1-win.jar;C:\Users\Aarya\.m2\repository\com\mysql\mysql-connector-j\8.0.33\mysql-connector-j-8.0.33.jar;C:\Users\Aarya\.m2\repository\io\fair-acc\dataset\11.3.0\dataset-11.3.0.jar;C:\Users\Aarya\.m2\repository\org\openjfx\javafx-base\16\javafx-base-16-win.jar;C:\Users\Aarya\.m2\repository\org\json\json\20210307\json-20210307.jar;C:\Users\Aarya\.m2\repository\org\slf4j\slf4j-api\1.7.32\slf4j-api-1.7.32.jar;C:\Users\Aarya\.m2\repository\ch\qos\logback\logback-classic\1.2.6\logback-classic-1.2.6.jar -Djdk.module.main=com.company.financeflowapp 
java_command: com.company.financeflowapp/com.company.financeflowapp.main.Main
java_class_path (initial): C:\Users\Aarya\.m2\repository\org\openjfx\javafx-controls\20.0.1\javafx-controls-20.0.1.jar;C:\Users\Aarya\.m2\repository\org\openjfx\javafx-graphics\20.0.1\javafx-graphics-20.0.1.jar;C:\Users\Aarya\.m2\repository\com\google\code\gson\gson\2.10.1\gson-2.10.1.jar;C:\Users\Aarya\.m2\repository\org\openjfx\javafx-base\16\javafx-base-16.jar;C:\Users\Aarya\.m2\repository\org\kordamp\ikonli\ikonli-javafx\12.3.1\ikonli-javafx-12.3.1.jar;C:\Users\Aarya\.m2\repository\org\kordamp\ikonli\ikonli-core\12.3.1\ikonli-core-12.3.1.jar;C:\Users\Aarya\.m2\repository\org\kordamp\ikonli\ikonli-fontawesome-pack\12.3.1\ikonli-fontawesome-pack-12.3.1.jar;C:\Users\Aarya\.m2\repository\org\kordamp\ikonli\ikonli-fontawesome5-pack\12.3.1\ikonli-fontawesome5-pack-12.3.1.jar;C:\Users\Aarya\.m2\repository\io\fair-acc\bench\11.3.0\bench-11.3.0.jar;C:\Users\Aarya\.m2\repository\io\fair-acc\math\11.3.0\math-11.3.0.jar;C:\Users\Aarya\.m2\repository\com\github\wendykierp\JTransforms\3.1\JTransforms-3.1.jar;C:\Users\Aarya\.m2\repository\pl\edu\icm\JLargeArrays\1.5\JLargeArrays-1.5.jar;C:\Users\Aarya\.m2\repository\org\apache\commons\commons-math3\3.6.1\commons-math3-3.6.1.jar;C:\Users\Aarya\.m2\repository\org\controlsfx\controlsfx\11.1.2\controlsfx-11.1.2.jar;C:\Users\Aarya\.m2\repository\ar\com\hjg\pngj\2.1.0\pngj-2.1.0.jar;C:\Users\Aarya\.m2\repository\org\hdrhistogram\HdrHistogram\2.1.12\HdrHistogram-2.1.12.jar;C:\Users\Aarya\.m2\repository\org\apache\commons\commons-lang3\3.13.0\commons-lang3-3.13.0.jar;C:\Users\Aarya\.m2\repository\org\openjfx\javafx-fxml\20.0.1\javafx-fxml-20.0.1.jar;C:\Users\Aarya\.m2\repository\com\google\protobuf\protobuf-java\3.21.9\protobuf-java-3.21.9.jar;C:\Users\Aarya\.m2\repository\backport-util-concurrent\backport-util-concurrent\3.1\backport-util-concurrent-3.1.jar;C:\Users\Aarya\.m2\repository\com\fasterxml\jackson\core\jackson-annotations\2.9.0\jackson-annotations-2.9.0.jar
Launcher Type: SUN_STANDARD

[Global flags]
     intx CICompilerCount                          = 3                                         {product} {ergonomic}
     uint ConcGCThreads                            = 1                                         {product} {ergonomic}
     uint G1ConcRefinementThreads                  = 4                                         {product} {ergonomic}
   size_t G1HeapRegionSize                         = 1048576                                   {product} {ergonomic}
    uintx GCDrainStackTargetSize                   = 64                                        {product} {ergonomic}
   size_t InitialHeapSize                          = 132120576                                 {product} {ergonomic}
   size_t MarkStackSize                            = 4194304                                   {product} {ergonomic}
   size_t MaxHeapSize                              = 2101346304                                {product} {ergonomic}
   size_t MaxNewSize                               = 1260388352                                {product} {ergonomic}
   size_t MinHeapDeltaBytes                        = 1048576                                   {product} {ergonomic}
   size_t MinHeapSize                              = 8388608                                   {product} {ergonomic}
    uintx NonNMethodCodeHeapSize                   = 5832780                                {pd product} {ergonomic}
    uintx NonProfiledCodeHeapSize                  = 122912730                              {pd product} {ergonomic}
    uintx ProfiledCodeHeapSize                     = 122912730                              {pd product} {ergonomic}
    uintx ReservedCodeCacheSize                    = 251658240                              {pd product} {ergonomic}
     bool SegmentedCodeCache                       = true                                      {product} {ergonomic}
   size_t SoftMaxHeapSize                          = 2101346304                             {manageable} {ergonomic}
     bool UseCompressedClassPointers               = true                           {product lp64_product} {ergonomic}
     bool UseCompressedOops                        = true                           {product lp64_product} {ergonomic}
     bool UseG1GC                                  = true                                      {product} {ergonomic}
     bool UseLargePagesIndividualAllocation        = false                                  {pd product} {ergonomic}

Logging:
Log output configuration:
 #0: stdout all=warning uptime,level,tags foldmultilines=false
 #1: stderr all=off uptime,level,tags foldmultilines=false

Environment Variables:
PATH=C:\WINDOWS\system32;C:\WINDOWS;C:\WINDOWS\System32\Wbem;C:\WINDOWS\System32\WindowsPowerShell\v1.0\;C:\WINDOWS\System32\OpenSSH\;C:\Program Files (x86)\HP\IdrsOCR_15.2.10.1114\;C:\Program Files\Git\cmd;C:\Program Files\Microsoft SQL Server\Client SDK\ODBC\170\Tools\Binn\;C:\Program Files (x86)\Microsoft SQL Server\150\Tools\Binn\;C:\Program Files\Microsoft SQL Server\150\Tools\Binn\;C:\Program Files\Microsoft SQL Server\150\DTS\Binn\;C:\Users\Aarya\AppData\Local\Microsoft\WindowsApps;;C:\Users\Aarya\AppData\Local\Programs\Microsoft VS Code\bin
USERNAME=Aarya
OS=Windows_NT
PROCESSOR_IDENTIFIER=Intel64 Family 6 Model 142 Stepping 12, GenuineIntel
TMP=C:\Users\Aarya\AppData\Local\Temp
TEMP=C:\Users\Aarya\AppData\Local\Temp




---------------  S Y S T E M  ---------------

OS:
 Windows 11 , 64 bit Build 22000 (10.0.22000.2538)
OS uptime: 5 days 0:28 hours
Hyper-V role detected

CPU: total 4 (initial active 4) (2 cores per cpu, 2 threads per core) family 6 model 142 stepping 12 microcode 0xec, cx8, cmov, fxsr, ht, mmx, 3dnowpref, sse, sse2, sse3, ssse3, sse4.1, sse4.2, popcnt, lzcnt, tsc, tscinvbit, avx, avx2, aes, erms, clmul, bmi1, bmi2, adx, fma, vzeroupper, clflush, clflushopt, hv, rdtscp, f16c

Memory: 4k page, system-wide physical 8015M (502M free)
TotalPageFile size 15910M (AvailPageFile size 1M)
current process WorkingSet (physical memory assigned to process): 458M, peak: 458M
current process commit charge ("private bytes"): 495M, peak: 502M

vm_info: OpenJDK 64-Bit Server VM (20.0.2+9-78) for windows-amd64 JRE (20.0.2+9-78), built on 2023-06-14T10:08:48Z by "mach5one" with MS VC++ 17.1 (VS2022)

END.
